{"C:\\Projects\\learning\\nodejs\\Task Management System\\frontend\\microfrontends\\notification-app\\src\\Notifications.jsx": {"path":"C:\\Projects\\learning\\nodejs\\Task Management System\\frontend\\microfrontends\\notification-app\\src\\Notifications.jsx","statementMap":{"0":{"start":{"line":7,"column":22},"end":{"line":83,"column":1}},"1":{"start":{"line":25,"column":6},"end":{"line":25,"column":33}},"2":{"start":{"line":27,"column":2},"end":{"line":36,"column":3}},"3":{"start":{"line":28,"column":4},"end":{"line":35,"column":6}},"4":{"start":{"line":38,"column":2},"end":{"line":82,"column":4}}},"fnMap":{"0":{"name":"(anonymous_0)","decl":{"start":{"line":7,"column":22},"end":{"line":7,"column":23}},"loc":{"start":{"line":7,"column":28},"end":{"line":83,"column":1}},"line":7}},"branchMap":{"0":{"loc":{"start":{"line":27,"column":2},"end":{"line":36,"column":3}},"type":"if","locations":[{"start":{"line":27,"column":2},"end":{"line":36,"column":3}},{"start":{},"end":{}}],"line":27}},"s":{"0":0,"1":0,"2":0,"3":0,"4":0},"f":{"0":0},"b":{"0":[0,0]}}
,"C:\\Projects\\learning\\nodejs\\Task Management System\\frontend\\microfrontends\\notification-app\\src\\components\\ErrorBoundary.jsx": {"path":"C:\\Projects\\learning\\nodejs\\Task Management System\\frontend\\microfrontends\\notification-app\\src\\components\\ErrorBoundary.jsx","statementMap":{"0":{"start":{"line":5,"column":4},"end":{"line":5,"column":17}},"1":{"start":{"line":6,"column":4},"end":{"line":6,"column":50}},"2":{"start":{"line":10,"column":4},"end":{"line":10,"column":37}},"3":{"start":{"line":14,"column":4},"end":{"line":14,"column":52}},"4":{"start":{"line":15,"column":4},"end":{"line":15,"column":44}},"5":{"start":{"line":17,"column":4},"end":{"line":19,"column":5}},"6":{"start":{"line":18,"column":6},"end":{"line":18,"column":74}},"7":{"start":{"line":23,"column":4},"end":{"line":36,"column":5}},"8":{"start":{"line":24,"column":6},"end":{"line":35,"column":8}},"9":{"start":{"line":30,"column":27},"end":{"line":30,"column":74}},"10":{"start":{"line":38,"column":4},"end":{"line":38,"column":31}}},"fnMap":{"0":{"name":"(anonymous_0)","decl":{"start":{"line":4,"column":2},"end":{"line":4,"column":3}},"loc":{"start":{"line":4,"column":21},"end":{"line":7,"column":3}},"line":4},"1":{"name":"(anonymous_1)","decl":{"start":{"line":9,"column":2},"end":{"line":9,"column":3}},"loc":{"start":{"line":9,"column":41},"end":{"line":11,"column":3}},"line":9},"2":{"name":"(anonymous_2)","decl":{"start":{"line":13,"column":2},"end":{"line":13,"column":3}},"loc":{"start":{"line":13,"column":38},"end":{"line":20,"column":3}},"line":13},"3":{"name":"(anonymous_3)","decl":{"start":{"line":22,"column":2},"end":{"line":22,"column":3}},"loc":{"start":{"line":22,"column":11},"end":{"line":39,"column":3}},"line":22},"4":{"name":"(anonymous_4)","decl":{"start":{"line":30,"column":21},"end":{"line":30,"column":22}},"loc":{"start":{"line":30,"column":27},"end":{"line":30,"column":74}},"line":30}},"branchMap":{"0":{"loc":{"start":{"line":17,"column":4},"end":{"line":19,"column":5}},"type":"if","locations":[{"start":{"line":17,"column":4},"end":{"line":19,"column":5}},{"start":{},"end":{}}],"line":17},"1":{"loc":{"start":{"line":23,"column":4},"end":{"line":36,"column":5}},"type":"if","locations":[{"start":{"line":23,"column":4},"end":{"line":36,"column":5}},{"start":{},"end":{}}],"line":23}},"s":{"0":28,"1":27,"2":27,"3":13,"4":13,"5":13,"6":3,"7":60,"8":27,"9":2,"10":33},"f":{"0":28,"1":27,"2":13,"3":60,"4":2},"b":{"0":[3,10],"1":[27,33]},"_coverageSchema":"1a1c01bbd47fc00a2c39e90264f33305004495a9","hash":"c88c6211adfb6fa0469424a48d1a12a8994f0698"}
,"C:\\Projects\\learning\\nodejs\\Task Management System\\frontend\\microfrontends\\notification-app\\src\\components\\NotificationItem.jsx": {"path":"C:\\Projects\\learning\\nodejs\\Task Management System\\frontend\\microfrontends\\notification-app\\src\\components\\NotificationItem.jsx","statementMap":{"0":{"start":{"line":5,"column":20},"end":{"line":13,"column":1}},"1":{"start":{"line":8,"column":2},"end":{"line":12,"column":4}},"2":{"start":{"line":15,"column":25},"end":{"line":137,"column":2}},"3":{"start":{"line":17,"column":2},"end":{"line":25,"column":3}},"4":{"start":{"line":18,"column":4},"end":{"line":24,"column":6}},"5":{"start":{"line":27,"column":22},"end":{"line":35,"column":3}},"6":{"start":{"line":28,"column":4},"end":{"line":34,"column":5}},"7":{"start":{"line":29,"column":22},"end":{"line":29,"column":64}},"8":{"start":{"line":30,"column":20},"end":{"line":30,"column":67}},"9":{"start":{"line":31,"column":22},"end":{"line":31,"column":72}},"10":{"start":{"line":32,"column":19},"end":{"line":32,"column":57}},"11":{"start":{"line":33,"column":15},"end":{"line":33,"column":51}},"12":{"start":{"line":37,"column":23},"end":{"line":45,"column":3}},"13":{"start":{"line":38,"column":4},"end":{"line":44,"column":5}},"14":{"start":{"line":39,"column":22},"end":{"line":39,"column":42}},"15":{"start":{"line":40,"column":20},"end":{"line":40,"column":39}},"16":{"start":{"line":41,"column":22},"end":{"line":41,"column":52}},"17":{"start":{"line":42,"column":19},"end":{"line":42,"column":36}},"18":{"start":{"line":43,"column":15},"end":{"line":43,"column":37}},"19":{"start":{"line":47,"column":2},"end":{"line":136,"column":4}},"20":{"start":{"line":109,"column":27},"end":{"line":109,"column":47}},"21":{"start":{"line":118,"column":29},"end":{"line":118,"column":59}},"22":{"start":{"line":127,"column":27},"end":{"line":127,"column":53}},"23":{"start":{"line":139,"column":0},"end":{"line":139,"column":50}}},"fnMap":{"0":{"name":"(anonymous_0)","decl":{"start":{"line":5,"column":20},"end":{"line":5,"column":21}},"loc":{"start":{"line":5,"column":85},"end":{"line":13,"column":1}},"line":5},"1":{"name":"(anonymous_1)","decl":{"start":{"line":15,"column":36},"end":{"line":15,"column":37}},"loc":{"start":{"line":15,"column":90},"end":{"line":137,"column":1}},"line":15},"2":{"name":"(anonymous_2)","decl":{"start":{"line":27,"column":22},"end":{"line":27,"column":23}},"loc":{"start":{"line":27,"column":32},"end":{"line":35,"column":3}},"line":27},"3":{"name":"(anonymous_3)","decl":{"start":{"line":37,"column":23},"end":{"line":37,"column":24}},"loc":{"start":{"line":37,"column":33},"end":{"line":45,"column":3}},"line":37},"4":{"name":"(anonymous_4)","decl":{"start":{"line":109,"column":21},"end":{"line":109,"column":22}},"loc":{"start":{"line":109,"column":27},"end":{"line":109,"column":47}},"line":109},"5":{"name":"(anonymous_5)","decl":{"start":{"line":118,"column":23},"end":{"line":118,"column":24}},"loc":{"start":{"line":118,"column":29},"end":{"line":118,"column":59}},"line":118},"6":{"name":"(anonymous_6)","decl":{"start":{"line":127,"column":21},"end":{"line":127,"column":22}},"loc":{"start":{"line":127,"column":27},"end":{"line":127,"column":53}},"line":127}},"branchMap":{"0":{"loc":{"start":{"line":5,"column":42},"end":{"line":5,"column":58}},"type":"default-arg","locations":[{"start":{"line":5,"column":53},"end":{"line":5,"column":58}}],"line":5},"1":{"loc":{"start":{"line":5,"column":60},"end":{"line":5,"column":78}},"type":"default-arg","locations":[{"start":{"line":5,"column":71},"end":{"line":5,"column":78}}],"line":5},"2":{"loc":{"start":{"line":17,"column":2},"end":{"line":25,"column":3}},"type":"if","locations":[{"start":{"line":17,"column":2},"end":{"line":25,"column":3}},{"start":{},"end":{}}],"line":17},"3":{"loc":{"start":{"line":28,"column":4},"end":{"line":34,"column":5}},"type":"switch","locations":[{"start":{"line":29,"column":6},"end":{"line":29,"column":64}},{"start":{"line":30,"column":6},"end":{"line":30,"column":67}},{"start":{"line":31,"column":6},"end":{"line":31,"column":72}},{"start":{"line":32,"column":6},"end":{"line":32,"column":57}},{"start":{"line":33,"column":6},"end":{"line":33,"column":51}}],"line":28},"4":{"loc":{"start":{"line":38,"column":4},"end":{"line":44,"column":5}},"type":"switch","locations":[{"start":{"line":39,"column":6},"end":{"line":39,"column":42}},{"start":{"line":40,"column":6},"end":{"line":40,"column":39}},{"start":{"line":41,"column":6},"end":{"line":41,"column":52}},{"start":{"line":42,"column":6},"end":{"line":42,"column":36}},{"start":{"line":43,"column":6},"end":{"line":43,"column":37}}],"line":38},"5":{"loc":{"start":{"line":54,"column":23},"end":{"line":54,"column":68}},"type":"binary-expr","locations":[{"start":{"line":54,"column":23},"end":{"line":54,"column":41}},{"start":{"line":54,"column":45},"end":{"line":54,"column":68}}],"line":54},"6":{"loc":{"start":{"line":59,"column":17},"end":{"line":59,"column":62}},"type":"binary-expr","locations":[{"start":{"line":59,"column":17},"end":{"line":59,"column":35}},{"start":{"line":59,"column":39},"end":{"line":59,"column":62}}],"line":59},"7":{"loc":{"start":{"line":63,"column":23},"end":{"line":63,"column":50}},"type":"binary-expr","locations":[{"start":{"line":63,"column":23},"end":{"line":63,"column":40}},{"start":{"line":63,"column":44},"end":{"line":63,"column":50}}],"line":63},"8":{"loc":{"start":{"line":68,"column":17},"end":{"line":68,"column":44}},"type":"binary-expr","locations":[{"start":{"line":68,"column":17},"end":{"line":68,"column":34}},{"start":{"line":68,"column":38},"end":{"line":68,"column":44}}],"line":68},"9":{"loc":{"start":{"line":76,"column":19},"end":{"line":76,"column":55}},"type":"binary-expr","locations":[{"start":{"line":76,"column":19},"end":{"line":76,"column":39}},{"start":{"line":76,"column":43},"end":{"line":76,"column":55}}],"line":76},"10":{"loc":{"start":{"line":81,"column":13},"end":{"line":81,"column":49}},"type":"binary-expr","locations":[{"start":{"line":81,"column":13},"end":{"line":81,"column":33}},{"start":{"line":81,"column":37},"end":{"line":81,"column":49}}],"line":81},"11":{"loc":{"start":{"line":87,"column":10},"end":{"line":87,"column":85}},"type":"binary-expr","locations":[{"start":{"line":87,"column":10},"end":{"line":87,"column":72}},{"start":{"line":87,"column":76},"end":{"line":87,"column":85}}],"line":87},"12":{"loc":{"start":{"line":89,"column":11},"end":{"line":89,"column":102}},"type":"binary-expr","locations":[{"start":{"line":89,"column":11},"end":{"line":89,"column":71}},{"start":{"line":89,"column":75},"end":{"line":89,"column":92}},{"start":{"line":89,"column":96},"end":{"line":89,"column":102}}],"line":89},"13":{"loc":{"start":{"line":94,"column":10},"end":{"line":94,"column":69}},"type":"cond-expr","locations":[{"start":{"line":94,"column":32},"end":{"line":94,"column":44}},{"start":{"line":94,"column":47},"end":{"line":94,"column":69}}],"line":94},"14":{"loc":{"start":{"line":96,"column":11},"end":{"line":96,"column":50}},"type":"cond-expr","locations":[{"start":{"line":96,"column":33},"end":{"line":96,"column":39}},{"start":{"line":96,"column":42},"end":{"line":96,"column":50}}],"line":96},"15":{"loc":{"start":{"line":101,"column":40},"end":{"line":101,"column":130}},"type":"cond-expr","locations":[{"start":{"line":101,"column":65},"end":{"line":101,"column":118}},{"start":{"line":101,"column":121},"end":{"line":101,"column":130}}],"line":101},"16":{"loc":{"start":{"line":102,"column":39},"end":{"line":102,"column":122}},"type":"cond-expr","locations":[{"start":{"line":102,"column":64},"end":{"line":102,"column":117}},{"start":{"line":102,"column":120},"end":{"line":102,"column":122}}],"line":102},"17":{"loc":{"start":{"line":115,"column":11},"end":{"line":124,"column":11}},"type":"binary-expr","locations":[{"start":{"line":115,"column":11},"end":{"line":115,"column":31}},{"start":{"line":116,"column":12},"end":{"line":123,"column":21}}],"line":115}},"s":{"0":0,"1":0,"2":0,"3":0,"4":0,"5":0,"6":0,"7":0,"8":0,"9":0,"10":0,"11":0,"12":0,"13":0,"14":0,"15":0,"16":0,"17":0,"18":0,"19":0,"20":0,"21":0,"22":0,"23":0},"f":{"0":0,"1":0,"2":0,"3":0,"4":0,"5":0,"6":0},"b":{"0":[0],"1":[0],"2":[0,0],"3":[0,0,0,0,0],"4":[0,0,0,0,0],"5":[0,0],"6":[0,0],"7":[0,0],"8":[0,0],"9":[0,0],"10":[0,0],"11":[0,0],"12":[0,0,0],"13":[0,0],"14":[0,0],"15":[0,0],"16":[0,0],"17":[0,0]}}
,"C:\\Projects\\learning\\nodejs\\Task Management System\\frontend\\microfrontends\\notification-app\\src\\components\\NotificationModal.jsx": {"path":"C:\\Projects\\learning\\nodejs\\Task Management System\\frontend\\microfrontends\\notification-app\\src\\components\\NotificationModal.jsx","statementMap":{"0":{"start":{"line":3,"column":26},"end":{"line":111,"column":2}},"1":{"start":{"line":11,"column":2},"end":{"line":11,"column":25}},"2":{"start":{"line":11,"column":13},"end":{"line":11,"column":25}},"3":{"start":{"line":13,"column":2},"end":{"line":110,"column":4}},"4":{"start":{"line":113,"column":0},"end":{"line":113,"column":52}}},"fnMap":{"0":{"name":"(anonymous_0)","decl":{"start":{"line":3,"column":37},"end":{"line":3,"column":38}},"loc":{"start":{"line":10,"column":6},"end":{"line":111,"column":1}},"line":10}},"branchMap":{"0":{"loc":{"start":{"line":11,"column":2},"end":{"line":11,"column":25}},"type":"if","locations":[{"start":{"line":11,"column":2},"end":{"line":11,"column":25}},{"start":{},"end":{}}],"line":11},"1":{"loc":{"start":{"line":20,"column":15},"end":{"line":20,"column":76}},"type":"cond-expr","locations":[{"start":{"line":20,"column":32},"end":{"line":20,"column":54}},{"start":{"line":20,"column":57},"end":{"line":20,"column":76}}],"line":20},"2":{"loc":{"start":{"line":103,"column":17},"end":{"line":103,"column":79}},"type":"cond-expr","locations":[{"start":{"line":103,"column":34},"end":{"line":103,"column":55}},{"start":{"line":103,"column":58},"end":{"line":103,"column":79}}],"line":103}},"s":{"0":1,"1":25,"2":1,"3":24,"4":1},"f":{"0":25},"b":{"0":[1,24],"1":[22,2],"2":[22,2]},"_coverageSchema":"1a1c01bbd47fc00a2c39e90264f33305004495a9","hash":"04e9497ec8cf7a09ff02a104226107313c376059"}
,"C:\\Projects\\learning\\nodejs\\Task Management System\\frontend\\microfrontends\\notification-app\\src\\components\\NotificationTable.jsx": {"path":"C:\\Projects\\learning\\nodejs\\Task Management System\\frontend\\microfrontends\\notification-app\\src\\components\\NotificationTable.jsx","statementMap":{"0":{"start":{"line":4,"column":26},"end":{"line":41,"column":2}},"1":{"start":{"line":5,"column":2},"end":{"line":12,"column":3}},"2":{"start":{"line":6,"column":4},"end":{"line":11,"column":6}},"3":{"start":{"line":14,"column":2},"end":{"line":40,"column":4}},"4":{"start":{"line":29,"column":12},"end":{"line":35,"column":14}},"5":{"start":{"line":43,"column":0},"end":{"line":43,"column":52}}},"fnMap":{"0":{"name":"(anonymous_0)","decl":{"start":{"line":4,"column":37},"end":{"line":4,"column":38}},"loc":{"start":{"line":4,"column":92},"end":{"line":41,"column":1}},"line":4},"1":{"name":"(anonymous_1)","decl":{"start":{"line":28,"column":29},"end":{"line":28,"column":30}},"loc":{"start":{"line":29,"column":12},"end":{"line":35,"column":14}},"line":29}},"branchMap":{"0":{"loc":{"start":{"line":5,"column":2},"end":{"line":12,"column":3}},"type":"if","locations":[{"start":{"line":5,"column":2},"end":{"line":12,"column":3}},{"start":{},"end":{}}],"line":5},"1":{"loc":{"start":{"line":30,"column":19},"end":{"line":30,"column":44}},"type":"binary-expr","locations":[{"start":{"line":30,"column":19},"end":{"line":30,"column":35}},{"start":{"line":30,"column":39},"end":{"line":30,"column":44}}],"line":30}},"s":{"0":1,"1":15,"2":2,"3":13,"4":118,"5":1},"f":{"0":15,"1":118},"b":{"0":[2,13],"1":[118,2]},"_coverageSchema":"1a1c01bbd47fc00a2c39e90264f33305004495a9","hash":"3a9c243e09610d1d81c9653f60b2e59981793041"}
,"C:\\Projects\\learning\\nodejs\\Task Management System\\frontend\\microfrontends\\notification-app\\src\\config\\notificationAppConfig.js": {"path":"C:\\Projects\\learning\\nodejs\\Task Management System\\frontend\\microfrontends\\notification-app\\src\\config\\notificationAppConfig.js","statementMap":{"0":{"start":{"line":7,"column":54},"end":{"line":7,"column":96}},"1":{"start":{"line":13,"column":32},"end":{"line":98,"column":1}},"2":{"start":{"line":104,"column":34},"end":{"line":127,"column":1}},"3":{"start":{"line":133,"column":0},"end":{"line":141,"column":2}}},"fnMap":{},"branchMap":{},"s":{"0":0,"1":0,"2":0,"3":0},"f":{},"b":{}}
,"C:\\Projects\\learning\\nodejs\\Task Management System\\frontend\\microfrontends\\notification-app\\src\\hooks\\useNotificationManagement.js": {"path":"C:\\Projects\\learning\\nodejs\\Task Management System\\frontend\\microfrontends\\notification-app\\src\\hooks\\useNotificationManagement.js","statementMap":{"0":{"start":{"line":5,"column":41},"end":{"line":263,"column":1}},"1":{"start":{"line":6,"column":44},"end":{"line":6,"column":56}},"2":{"start":{"line":7,"column":32},"end":{"line":7,"column":46}},"3":{"start":{"line":8,"column":36},"end":{"line":8,"column":55}},"4":{"start":{"line":9,"column":36},"end":{"line":9,"column":51}},"5":{"start":{"line":10,"column":56},"end":{"line":10,"column":70}},"6":{"start":{"line":11,"column":36},"end":{"line":11,"column":51}},"7":{"start":{"line":12,"column":34},"end":{"line":17,"column":4}},"8":{"start":{"line":19,"column":56},"end":{"line":19,"column":65}},"9":{"start":{"line":21,"column":29},"end":{"line":64,"column":49}},"10":{"start":{"line":22,"column":4},"end":{"line":63,"column":5}},"11":{"start":{"line":23,"column":6},"end":{"line":23,"column":23}},"12":{"start":{"line":24,"column":6},"end":{"line":24,"column":30}},"13":{"start":{"line":26,"column":6},"end":{"line":33,"column":7}},"14":{"start":{"line":27,"column":8},"end":{"line":27,"column":30}},"15":{"start":{"line":28,"column":8},"end":{"line":28,"column":26}},"16":{"start":{"line":29,"column":8},"end":{"line":31,"column":9}},"17":{"start":{"line":30,"column":10},"end":{"line":30,"column":66}},"18":{"start":{"line":32,"column":8},"end":{"line":32,"column":15}},"19":{"start":{"line":35,"column":23},"end":{"line":35,"column":96}},"20":{"start":{"line":38,"column":19},"end":{"line":38,"column":32}},"21":{"start":{"line":39,"column":32},"end":{"line":39,"column":64}},"22":{"start":{"line":40,"column":34},"end":{"line":40,"column":91}},"23":{"start":{"line":42,"column":6},"end":{"line":51,"column":9}},"24":{"start":{"line":43,"column":23},"end":{"line":49,"column":10}},"25":{"start":{"line":44,"column":36},"end":{"line":44,"column":97}},"26":{"start":{"line":44,"column":64},"end":{"line":44,"column":96}},"27":{"start":{"line":45,"column":10},"end":{"line":47,"column":11}},"28":{"start":{"line":46,"column":12},"end":{"line":46,"column":79}},"29":{"start":{"line":48,"column":10},"end":{"line":48,"column":36}},"30":{"start":{"line":50,"column":8},"end":{"line":50,"column":22}},"31":{"start":{"line":53,"column":6},"end":{"line":53,"column":32}},"32":{"start":{"line":55,"column":6},"end":{"line":55,"column":60}},"33":{"start":{"line":56,"column":6},"end":{"line":56,"column":28}},"34":{"start":{"line":57,"column":6},"end":{"line":57,"column":27}},"35":{"start":{"line":58,"column":6},"end":{"line":60,"column":7}},"36":{"start":{"line":59,"column":8},"end":{"line":59,"column":88}},"37":{"start":{"line":62,"column":6},"end":{"line":62,"column":24}},"38":{"start":{"line":66,"column":2},"end":{"line":68,"column":27}},"39":{"start":{"line":67,"column":4},"end":{"line":67,"column":25}},"40":{"start":{"line":70,"column":32},"end":{"line":80,"column":8}},"41":{"start":{"line":71,"column":4},"end":{"line":71,"column":24}},"42":{"start":{"line":72,"column":4},"end":{"line":72,"column":33}},"43":{"start":{"line":73,"column":4},"end":{"line":78,"column":7}},"44":{"start":{"line":79,"column":4},"end":{"line":79,"column":23}},"45":{"start":{"line":82,"column":33},"end":{"line":92,"column":8}},"46":{"start":{"line":83,"column":4},"end":{"line":83,"column":25}},"47":{"start":{"line":84,"column":4},"end":{"line":84,"column":41}},"48":{"start":{"line":85,"column":4},"end":{"line":90,"column":7}},"49":{"start":{"line":91,"column":4},"end":{"line":91,"column":23}},"50":{"start":{"line":94,"column":35},"end":{"line":130,"column":41}},"51":{"start":{"line":95,"column":4},"end":{"line":97,"column":5}},"52":{"start":{"line":96,"column":6},"end":{"line":96,"column":13}},"53":{"start":{"line":99,"column":4},"end":{"line":129,"column":5}},"54":{"start":{"line":100,"column":20},"end":{"line":100,"column":51}},"55":{"start":{"line":101,"column":6},"end":{"line":107,"column":7}},"56":{"start":{"line":102,"column":8},"end":{"line":102,"column":100}},"57":{"start":{"line":102,"column":62},"end":{"line":102,"column":97}},"58":{"start":{"line":103,"column":8},"end":{"line":105,"column":9}},"59":{"start":{"line":104,"column":10},"end":{"line":104,"column":79}},"60":{"start":{"line":106,"column":8},"end":{"line":106,"column":15}},"61":{"start":{"line":109,"column":23},"end":{"line":114,"column":8}},"62":{"start":{"line":116,"column":6},"end":{"line":126,"column":7}},"63":{"start":{"line":117,"column":8},"end":{"line":119,"column":9}},"64":{"start":{"line":118,"column":10},"end":{"line":118,"column":67}},"65":{"start":{"line":120,"column":8},"end":{"line":120,"column":29}},"66":{"start":{"line":122,"column":8},"end":{"line":122,"column":55}},"67":{"start":{"line":123,"column":8},"end":{"line":125,"column":9}},"68":{"start":{"line":124,"column":10},"end":{"line":124,"column":60}},"69":{"start":{"line":128,"column":6},"end":{"line":128,"column":59}},"70":{"start":{"line":132,"column":23},"end":{"line":172,"column":63}},"71":{"start":{"line":133,"column":4},"end":{"line":133,"column":23}},"72":{"start":{"line":135,"column":4},"end":{"line":171,"column":5}},"73":{"start":{"line":136,"column":20},"end":{"line":136,"column":51}},"74":{"start":{"line":138,"column":6},"end":{"line":161,"column":7}},"75":{"start":{"line":139,"column":8},"end":{"line":158,"column":9}},"76":{"start":{"line":140,"column":34},"end":{"line":144,"column":11}},"77":{"start":{"line":145,"column":10},"end":{"line":145,"column":64}},"78":{"start":{"line":146,"column":10},"end":{"line":148,"column":11}},"79":{"start":{"line":147,"column":12},"end":{"line":147,"column":81}},"80":{"start":{"line":150,"column":10},"end":{"line":154,"column":13}},"81":{"start":{"line":151,"column":12},"end":{"line":153,"column":28}},"82":{"start":{"line":155,"column":10},"end":{"line":157,"column":11}},"83":{"start":{"line":156,"column":12},"end":{"line":156,"column":81}},"84":{"start":{"line":159,"column":8},"end":{"line":159,"column":28}},"85":{"start":{"line":160,"column":8},"end":{"line":160,"column":15}},"86":{"start":{"line":163,"column":6},"end":{"line":167,"column":7}},"87":{"start":{"line":164,"column":8},"end":{"line":164,"column":179}},"88":{"start":{"line":166,"column":8},"end":{"line":166,"column":169}},"89":{"start":{"line":168,"column":6},"end":{"line":168,"column":26}},"90":{"start":{"line":170,"column":6},"end":{"line":170,"column":57}},"91":{"start":{"line":174,"column":28},"end":{"line":180,"column":8}},"92":{"start":{"line":175,"column":43},"end":{"line":175,"column":51}},"93":{"start":{"line":176,"column":4},"end":{"line":179,"column":8}},"94":{"start":{"line":176,"column":25},"end":{"line":179,"column":5}},"95":{"start":{"line":182,"column":27},"end":{"line":184,"column":8}},"96":{"start":{"line":183,"column":4},"end":{"line":183,"column":24}},"97":{"start":{"line":186,"column":21},"end":{"line":225,"column":69}},"98":{"start":{"line":187,"column":4},"end":{"line":224,"column":5}},"99":{"start":{"line":188,"column":6},"end":{"line":196,"column":9}},"100":{"start":{"line":189,"column":24},"end":{"line":194,"column":10}},"101":{"start":{"line":190,"column":10},"end":{"line":192,"column":11}},"102":{"start":{"line":191,"column":12},"end":{"line":191,"column":53}},"103":{"start":{"line":193,"column":10},"end":{"line":193,"column":30}},"104":{"start":{"line":195,"column":8},"end":{"line":195,"column":23}},"105":{"start":{"line":198,"column":6},"end":{"line":200,"column":7}},"106":{"start":{"line":199,"column":8},"end":{"line":199,"column":15}},"107":{"start":{"line":202,"column":23},"end":{"line":204,"column":8}},"108":{"start":{"line":207,"column":21},"end":{"line":207,"column":34}},"109":{"start":{"line":208,"column":6},"end":{"line":213,"column":7}},"110":{"start":{"line":209,"column":8},"end":{"line":211,"column":9}},"111":{"start":{"line":210,"column":10},"end":{"line":210,"column":61}},"112":{"start":{"line":212,"column":8},"end":{"line":212,"column":29}},"113":{"start":{"line":215,"column":6},"end":{"line":215,"column":66}},"114":{"start":{"line":217,"column":6},"end":{"line":223,"column":8}},"115":{"start":{"line":218,"column":8},"end":{"line":222,"column":9}},"116":{"start":{"line":219,"column":10},"end":{"line":221,"column":26}},"117":{"start":{"line":228,"column":28},"end":{"line":240,"column":21}},"118":{"start":{"line":229,"column":4},"end":{"line":239,"column":6}},"119":{"start":{"line":231,"column":51},"end":{"line":231,"column":71}},"120":{"start":{"line":232,"column":49},"end":{"line":232,"column":68}},"121":{"start":{"line":234,"column":40},"end":{"line":234,"column":57}},"122":{"start":{"line":235,"column":43},"end":{"line":235,"column":63}},"123":{"start":{"line":236,"column":43},"end":{"line":236,"column":63}},"124":{"start":{"line":237,"column":41},"end":{"line":237,"column":59}},"125":{"start":{"line":242,"column":2},"end":{"line":262,"column":4}}},"fnMap":{"0":{"name":"(anonymous_0)","decl":{"start":{"line":5,"column":41},"end":{"line":5,"column":42}},"loc":{"start":{"line":5,"column":47},"end":{"line":263,"column":1}},"line":5},"1":{"name":"(anonymous_1)","decl":{"start":{"line":21,"column":41},"end":{"line":21,"column":42}},"loc":{"start":{"line":21,"column":53},"end":{"line":64,"column":3}},"line":21},"2":{"name":"(anonymous_2)","decl":{"start":{"line":42,"column":23},"end":{"line":42,"column":24}},"loc":{"start":{"line":42,"column":44},"end":{"line":51,"column":7}},"line":42},"3":{"name":"(anonymous_3)","decl":{"start":{"line":43,"column":47},"end":{"line":43,"column":48}},"loc":{"start":{"line":43,"column":69},"end":{"line":49,"column":9}},"line":43},"4":{"name":"(anonymous_4)","decl":{"start":{"line":44,"column":59},"end":{"line":44,"column":60}},"loc":{"start":{"line":44,"column":64},"end":{"line":44,"column":96}},"line":44},"5":{"name":"(anonymous_5)","decl":{"start":{"line":66,"column":12},"end":{"line":66,"column":13}},"loc":{"start":{"line":66,"column":18},"end":{"line":68,"column":3}},"line":66},"6":{"name":"(anonymous_6)","decl":{"start":{"line":70,"column":44},"end":{"line":70,"column":45}},"loc":{"start":{"line":70,"column":50},"end":{"line":80,"column":3}},"line":70},"7":{"name":"(anonymous_7)","decl":{"start":{"line":82,"column":45},"end":{"line":82,"column":46}},"loc":{"start":{"line":82,"column":63},"end":{"line":92,"column":3}},"line":82},"8":{"name":"(anonymous_8)","decl":{"start":{"line":94,"column":47},"end":{"line":94,"column":48}},"loc":{"start":{"line":94,"column":73},"end":{"line":130,"column":3}},"line":94},"9":{"name":"(anonymous_9)","decl":{"start":{"line":102,"column":46},"end":{"line":102,"column":47}},"loc":{"start":{"line":102,"column":62},"end":{"line":102,"column":97}},"line":102},"10":{"name":"(anonymous_10)","decl":{"start":{"line":132,"column":35},"end":{"line":132,"column":36}},"loc":{"start":{"line":132,"column":48},"end":{"line":172,"column":3}},"line":132},"11":{"name":"(anonymous_11)","decl":{"start":{"line":150,"column":45},"end":{"line":150,"column":46}},"loc":{"start":{"line":151,"column":12},"end":{"line":153,"column":28}},"line":151},"12":{"name":"(anonymous_12)","decl":{"start":{"line":174,"column":40},"end":{"line":174,"column":41}},"loc":{"start":{"line":174,"column":47},"end":{"line":180,"column":3}},"line":174},"13":{"name":"(anonymous_13)","decl":{"start":{"line":176,"column":16},"end":{"line":176,"column":17}},"loc":{"start":{"line":176,"column":25},"end":{"line":179,"column":5}},"line":176},"14":{"name":"(anonymous_14)","decl":{"start":{"line":182,"column":39},"end":{"line":182,"column":40}},"loc":{"start":{"line":182,"column":45},"end":{"line":184,"column":3}},"line":182},"15":{"name":"(anonymous_15)","decl":{"start":{"line":186,"column":33},"end":{"line":186,"column":34}},"loc":{"start":{"line":186,"column":59},"end":{"line":225,"column":3}},"line":186},"16":{"name":"(anonymous_16)","decl":{"start":{"line":188,"column":23},"end":{"line":188,"column":24}},"loc":{"start":{"line":188,"column":44},"end":{"line":196,"column":7}},"line":188},"17":{"name":"(anonymous_17)","decl":{"start":{"line":189,"column":46},"end":{"line":189,"column":47}},"loc":{"start":{"line":189,"column":62},"end":{"line":194,"column":9}},"line":189},"18":{"name":"(anonymous_18)","decl":{"start":{"line":217,"column":23},"end":{"line":217,"column":24}},"loc":{"start":{"line":218,"column":8},"end":{"line":222,"column":9}},"line":218},"19":{"name":"(anonymous_19)","decl":{"start":{"line":218,"column":30},"end":{"line":218,"column":31}},"loc":{"start":{"line":219,"column":10},"end":{"line":221,"column":26}},"line":219},"20":{"name":"(anonymous_20)","decl":{"start":{"line":228,"column":36},"end":{"line":228,"column":37}},"loc":{"start":{"line":228,"column":42},"end":{"line":240,"column":3}},"line":228},"21":{"name":"(anonymous_21)","decl":{"start":{"line":231,"column":35},"end":{"line":231,"column":36}},"loc":{"start":{"line":231,"column":51},"end":{"line":231,"column":71}},"line":231},"22":{"name":"(anonymous_22)","decl":{"start":{"line":232,"column":33},"end":{"line":232,"column":34}},"loc":{"start":{"line":232,"column":49},"end":{"line":232,"column":68}},"line":232},"23":{"name":"(anonymous_23)","decl":{"start":{"line":234,"column":35},"end":{"line":234,"column":36}},"loc":{"start":{"line":234,"column":40},"end":{"line":234,"column":57}},"line":234},"24":{"name":"(anonymous_24)","decl":{"start":{"line":235,"column":38},"end":{"line":235,"column":39}},"loc":{"start":{"line":235,"column":43},"end":{"line":235,"column":63}},"line":235},"25":{"name":"(anonymous_25)","decl":{"start":{"line":236,"column":38},"end":{"line":236,"column":39}},"loc":{"start":{"line":236,"column":43},"end":{"line":236,"column":63}},"line":236},"26":{"name":"(anonymous_26)","decl":{"start":{"line":237,"column":36},"end":{"line":237,"column":37}},"loc":{"start":{"line":237,"column":41},"end":{"line":237,"column":59}},"line":237}},"branchMap":{"0":{"loc":{"start":{"line":26,"column":6},"end":{"line":33,"column":7}},"type":"if","locations":[{"start":{"line":26,"column":6},"end":{"line":33,"column":7}},{"start":{},"end":{}}],"line":26},"1":{"loc":{"start":{"line":29,"column":8},"end":{"line":31,"column":9}},"type":"if","locations":[{"start":{"line":29,"column":8},"end":{"line":31,"column":9}},{"start":{},"end":{}}],"line":29},"2":{"loc":{"start":{"line":39,"column":32},"end":{"line":39,"column":64}},"type":"binary-expr","locations":[{"start":{"line":39,"column":32},"end":{"line":39,"column":50}},{"start":{"line":39,"column":54},"end":{"line":39,"column":58}},{"start":{"line":39,"column":62},"end":{"line":39,"column":64}}],"line":39},"3":{"loc":{"start":{"line":40,"column":34},"end":{"line":40,"column":91}},"type":"cond-expr","locations":[{"start":{"line":40,"column":69},"end":{"line":40,"column":86}},{"start":{"line":40,"column":89},"end":{"line":40,"column":91}}],"line":40},"4":{"loc":{"start":{"line":45,"column":10},"end":{"line":47,"column":11}},"type":"if","locations":[{"start":{"line":45,"column":10},"end":{"line":47,"column":11}},{"start":{},"end":{}}],"line":45},"5":{"loc":{"start":{"line":45,"column":14},"end":{"line":45,"column":89}},"type":"binary-expr","locations":[{"start":{"line":45,"column":14},"end":{"line":45,"column":31}},{"start":{"line":45,"column":35},"end":{"line":45,"column":89}}],"line":45},"6":{"loc":{"start":{"line":58,"column":6},"end":{"line":60,"column":7}},"type":"if","locations":[{"start":{"line":58,"column":6},"end":{"line":60,"column":7}},{"start":{},"end":{}}],"line":58},"7":{"loc":{"start":{"line":86,"column":13},"end":{"line":86,"column":37}},"type":"binary-expr","locations":[{"start":{"line":86,"column":13},"end":{"line":86,"column":31}},{"start":{"line":86,"column":35},"end":{"line":86,"column":37}}],"line":86},"8":{"loc":{"start":{"line":87,"column":15},"end":{"line":87,"column":41}},"type":"binary-expr","locations":[{"start":{"line":87,"column":15},"end":{"line":87,"column":35}},{"start":{"line":87,"column":39},"end":{"line":87,"column":41}}],"line":87},"9":{"loc":{"start":{"line":88,"column":12},"end":{"line":88,"column":39}},"type":"binary-expr","locations":[{"start":{"line":88,"column":12},"end":{"line":88,"column":29}},{"start":{"line":88,"column":33},"end":{"line":88,"column":39}}],"line":88},"10":{"loc":{"start":{"line":89,"column":14},"end":{"line":89,"column":42}},"type":"binary-expr","locations":[{"start":{"line":89,"column":14},"end":{"line":89,"column":33}},{"start":{"line":89,"column":37},"end":{"line":89,"column":42}}],"line":89},"11":{"loc":{"start":{"line":95,"column":4},"end":{"line":97,"column":5}},"type":"if","locations":[{"start":{"line":95,"column":4},"end":{"line":97,"column":5}},{"start":{},"end":{}}],"line":95},"12":{"loc":{"start":{"line":101,"column":6},"end":{"line":107,"column":7}},"type":"if","locations":[{"start":{"line":101,"column":6},"end":{"line":107,"column":7}},{"start":{},"end":{}}],"line":101},"13":{"loc":{"start":{"line":103,"column":8},"end":{"line":105,"column":9}},"type":"if","locations":[{"start":{"line":103,"column":8},"end":{"line":105,"column":9}},{"start":{},"end":{}}],"line":103},"14":{"loc":{"start":{"line":116,"column":6},"end":{"line":126,"column":7}},"type":"if","locations":[{"start":{"line":116,"column":6},"end":{"line":126,"column":7}},{"start":{"line":121,"column":13},"end":{"line":126,"column":7}}],"line":116},"15":{"loc":{"start":{"line":117,"column":8},"end":{"line":119,"column":9}},"type":"if","locations":[{"start":{"line":117,"column":8},"end":{"line":119,"column":9}},{"start":{},"end":{}}],"line":117},"16":{"loc":{"start":{"line":123,"column":8},"end":{"line":125,"column":9}},"type":"if","locations":[{"start":{"line":123,"column":8},"end":{"line":125,"column":9}},{"start":{},"end":{}}],"line":123},"17":{"loc":{"start":{"line":138,"column":6},"end":{"line":161,"column":7}},"type":"if","locations":[{"start":{"line":138,"column":6},"end":{"line":161,"column":7}},{"start":{},"end":{}}],"line":138},"18":{"loc":{"start":{"line":139,"column":8},"end":{"line":158,"column":9}},"type":"if","locations":[{"start":{"line":139,"column":8},"end":{"line":158,"column":9}},{"start":{"line":149,"column":15},"end":{"line":158,"column":9}}],"line":139},"19":{"loc":{"start":{"line":146,"column":10},"end":{"line":148,"column":11}},"type":"if","locations":[{"start":{"line":146,"column":10},"end":{"line":148,"column":11}},{"start":{},"end":{}}],"line":146},"20":{"loc":{"start":{"line":151,"column":12},"end":{"line":153,"column":28}},"type":"cond-expr","locations":[{"start":{"line":152,"column":16},"end":{"line":152,"column":48}},{"start":{"line":153,"column":16},"end":{"line":153,"column":28}}],"line":151},"21":{"loc":{"start":{"line":155,"column":10},"end":{"line":157,"column":11}},"type":"if","locations":[{"start":{"line":155,"column":10},"end":{"line":157,"column":11}},{"start":{},"end":{}}],"line":155},"22":{"loc":{"start":{"line":163,"column":6},"end":{"line":167,"column":7}},"type":"if","locations":[{"start":{"line":163,"column":6},"end":{"line":167,"column":7}},{"start":{"line":165,"column":13},"end":{"line":167,"column":7}}],"line":163},"23":{"loc":{"start":{"line":178,"column":14},"end":{"line":178,"column":51}},"type":"cond-expr","locations":[{"start":{"line":178,"column":36},"end":{"line":178,"column":43}},{"start":{"line":178,"column":46},"end":{"line":178,"column":51}}],"line":178},"24":{"loc":{"start":{"line":190,"column":10},"end":{"line":192,"column":11}},"type":"if","locations":[{"start":{"line":190,"column":10},"end":{"line":192,"column":11}},{"start":{},"end":{}}],"line":190},"25":{"loc":{"start":{"line":198,"column":6},"end":{"line":200,"column":7}},"type":"if","locations":[{"start":{"line":198,"column":6},"end":{"line":200,"column":7}},{"start":{},"end":{}}],"line":198},"26":{"loc":{"start":{"line":208,"column":6},"end":{"line":213,"column":7}},"type":"if","locations":[{"start":{"line":208,"column":6},"end":{"line":213,"column":7}},{"start":{},"end":{}}],"line":208},"27":{"loc":{"start":{"line":208,"column":10},"end":{"line":208,"column":68}},"type":"binary-expr","locations":[{"start":{"line":208,"column":10},"end":{"line":208,"column":29}},{"start":{"line":208,"column":33},"end":{"line":208,"column":68}}],"line":208},"28":{"loc":{"start":{"line":209,"column":8},"end":{"line":211,"column":9}},"type":"if","locations":[{"start":{"line":209,"column":8},"end":{"line":211,"column":9}},{"start":{},"end":{}}],"line":209},"29":{"loc":{"start":{"line":219,"column":10},"end":{"line":221,"column":26}},"type":"cond-expr","locations":[{"start":{"line":220,"column":14},"end":{"line":220,"column":48}},{"start":{"line":221,"column":14},"end":{"line":221,"column":26}}],"line":219}},"s":{"0":0,"1":0,"2":0,"3":0,"4":0,"5":0,"6":0,"7":0,"8":0,"9":0,"10":0,"11":0,"12":0,"13":0,"14":0,"15":0,"16":0,"17":0,"18":0,"19":0,"20":0,"21":0,"22":0,"23":0,"24":0,"25":0,"26":0,"27":0,"28":0,"29":0,"30":0,"31":0,"32":0,"33":0,"34":0,"35":0,"36":0,"37":0,"38":0,"39":0,"40":0,"41":0,"42":0,"43":0,"44":0,"45":0,"46":0,"47":0,"48":0,"49":0,"50":0,"51":0,"52":0,"53":0,"54":0,"55":0,"56":0,"57":0,"58":0,"59":0,"60":0,"61":0,"62":0,"63":0,"64":0,"65":0,"66":0,"67":0,"68":0,"69":0,"70":0,"71":0,"72":0,"73":0,"74":0,"75":0,"76":0,"77":0,"78":0,"79":0,"80":0,"81":0,"82":0,"83":0,"84":0,"85":0,"86":0,"87":0,"88":0,"89":0,"90":0,"91":0,"92":0,"93":0,"94":0,"95":0,"96":0,"97":0,"98":0,"99":0,"100":0,"101":0,"102":0,"103":0,"104":0,"105":0,"106":0,"107":0,"108":0,"109":0,"110":0,"111":0,"112":0,"113":0,"114":0,"115":0,"116":0,"117":0,"118":0,"119":0,"120":0,"121":0,"122":0,"123":0,"124":0,"125":0},"f":{"0":0,"1":0,"2":0,"3":0,"4":0,"5":0,"6":0,"7":0,"8":0,"9":0,"10":0,"11":0,"12":0,"13":0,"14":0,"15":0,"16":0,"17":0,"18":0,"19":0,"20":0,"21":0,"22":0,"23":0,"24":0,"25":0,"26":0},"b":{"0":[0,0],"1":[0,0],"2":[0,0,0],"3":[0,0],"4":[0,0],"5":[0,0],"6":[0,0],"7":[0,0],"8":[0,0],"9":[0,0],"10":[0,0],"11":[0,0],"12":[0,0],"13":[0,0],"14":[0,0],"15":[0,0],"16":[0,0],"17":[0,0],"18":[0,0],"19":[0,0],"20":[0,0],"21":[0,0],"22":[0,0],"23":[0,0],"24":[0,0],"25":[0,0],"26":[0,0],"27":[0,0],"28":[0,0],"29":[0,0]}}
,"C:\\Projects\\learning\\nodejs\\Task Management System\\frontend\\microfrontends\\task-app\\src\\TaskManagement.jsx": {"path":"C:\\Projects\\learning\\nodejs\\Task Management System\\frontend\\microfrontends\\task-app\\src\\TaskManagement.jsx","statementMap":{"0":{"start":{"line":11,"column":22},"end":{"line":26,"column":1}},"1":{"start":{"line":12,"column":2},"end":{"line":25,"column":8}},"2":{"start":{"line":15,"column":8},"end":{"line":15,"column":60}},"3":{"start":{"line":19,"column":6},"end":{"line":23,"column":12}},"4":{"start":{"line":21,"column":10},"end":{"line":21,"column":58}},"5":{"start":{"line":28,"column":23},"end":{"line":156,"column":1}},"6":{"start":{"line":62,"column":6},"end":{"line":62,"column":25}},"7":{"start":{"line":64,"column":2},"end":{"line":78,"column":3}},"8":{"start":{"line":65,"column":4},"end":{"line":77,"column":6}},"9":{"start":{"line":80,"column":2},"end":{"line":155,"column":4}}},"fnMap":{"0":{"name":"(anonymous_0)","decl":{"start":{"line":11,"column":22},"end":{"line":11,"column":23}},"loc":{"start":{"line":12,"column":2},"end":{"line":25,"column":8}},"line":12},"1":{"name":"(anonymous_1)","decl":{"start":{"line":14,"column":43},"end":{"line":14,"column":44}},"loc":{"start":{"line":15,"column":8},"end":{"line":15,"column":60}},"line":15},"2":{"name":"(anonymous_2)","decl":{"start":{"line":18,"column":38},"end":{"line":18,"column":39}},"loc":{"start":{"line":19,"column":6},"end":{"line":23,"column":12}},"line":19},"3":{"name":"(anonymous_3)","decl":{"start":{"line":20,"column":45},"end":{"line":20,"column":46}},"loc":{"start":{"line":21,"column":10},"end":{"line":21,"column":58}},"line":21},"4":{"name":"(anonymous_4)","decl":{"start":{"line":28,"column":23},"end":{"line":28,"column":24}},"loc":{"start":{"line":28,"column":29},"end":{"line":156,"column":1}},"line":28}},"branchMap":{"0":{"loc":{"start":{"line":11,"column":25},"end":{"line":11,"column":33}},"type":"default-arg","locations":[{"start":{"line":11,"column":32},"end":{"line":11,"column":33}}],"line":11},"1":{"loc":{"start":{"line":11,"column":35},"end":{"line":11,"column":46}},"type":"default-arg","locations":[{"start":{"line":11,"column":45},"end":{"line":11,"column":46}}],"line":11},"2":{"loc":{"start":{"line":64,"column":2},"end":{"line":78,"column":3}},"type":"if","locations":[{"start":{"line":64,"column":2},"end":{"line":78,"column":3}},{"start":{},"end":{}}],"line":64},"3":{"loc":{"start":{"line":99,"column":50},"end":{"line":99,"column":77}},"type":"cond-expr","locations":[{"start":{"line":99,"column":63},"end":{"line":99,"column":72}},{"start":{"line":99,"column":75},"end":{"line":99,"column":77}}],"line":99},"4":{"loc":{"start":{"line":100,"column":13},"end":{"line":100,"column":53}},"type":"cond-expr","locations":[{"start":{"line":100,"column":26},"end":{"line":100,"column":41}},{"start":{"line":100,"column":44},"end":{"line":100,"column":53}}],"line":100},"5":{"loc":{"start":{"line":110,"column":20},"end":{"line":110,"column":46}},"type":"binary-expr","locations":[{"start":{"line":110,"column":20},"end":{"line":110,"column":41}},{"start":{"line":110,"column":45},"end":{"line":110,"column":46}}],"line":110},"6":{"loc":{"start":{"line":118,"column":20},"end":{"line":118,"column":57}},"type":"binary-expr","locations":[{"start":{"line":118,"column":20},"end":{"line":118,"column":41}},{"start":{"line":118,"column":45},"end":{"line":118,"column":57}}],"line":118},"7":{"loc":{"start":{"line":119,"column":13},"end":{"line":123,"column":13}},"type":"binary-expr","locations":[{"start":{"line":119,"column":13},"end":{"line":119,"column":38}},{"start":{"line":120,"column":14},"end":{"line":122,"column":21}}],"line":119}},"s":{"0":0,"1":0,"2":0,"3":0,"4":0,"5":0,"6":0,"7":0,"8":0,"9":0},"f":{"0":0,"1":0,"2":0,"3":0,"4":0},"b":{"0":[0],"1":[0],"2":[0,0],"3":[0,0],"4":[0,0],"5":[0,0],"6":[0,0],"7":[0,0]}}
,"C:\\Projects\\learning\\nodejs\\Task Management System\\frontend\\microfrontends\\task-app\\src\\TaskManagementRedux.jsx": {"path":"C:\\Projects\\learning\\nodejs\\Task Management System\\frontend\\microfrontends\\task-app\\src\\TaskManagementRedux.jsx","statementMap":{"0":{"start":{"line":9,"column":22},"end":{"line":24,"column":1}},"1":{"start":{"line":10,"column":2},"end":{"line":23,"column":8}},"2":{"start":{"line":13,"column":8},"end":{"line":13,"column":60}},"3":{"start":{"line":17,"column":6},"end":{"line":21,"column":12}},"4":{"start":{"line":19,"column":10},"end":{"line":19,"column":58}},"5":{"start":{"line":26,"column":28},"end":{"line":286,"column":1}},"6":{"start":{"line":32,"column":2},"end":{"line":69,"column":3}},"7":{"start":{"line":33,"column":23},"end":{"line":33,"column":61}},"8":{"start":{"line":34,"column":4},"end":{"line":34,"column":35}},"9":{"start":{"line":35,"column":4},"end":{"line":35,"column":33}},"10":{"start":{"line":36,"column":4},"end":{"line":36,"column":29}},"11":{"start":{"line":39,"column":4},"end":{"line":39,"column":23}},"12":{"start":{"line":40,"column":4},"end":{"line":40,"column":21}},"13":{"start":{"line":41,"column":4},"end":{"line":41,"column":17}},"14":{"start":{"line":43,"column":4},"end":{"line":43,"column":54}},"15":{"start":{"line":45,"column":4},"end":{"line":45,"column":85}},"16":{"start":{"line":47,"column":40},"end":{"line":47,"column":58}},"17":{"start":{"line":48,"column":44},"end":{"line":48,"column":65}},"18":{"start":{"line":49,"column":40},"end":{"line":49,"column":60}},"19":{"start":{"line":51,"column":4},"end":{"line":65,"column":6}},"20":{"start":{"line":58,"column":25},"end":{"line":58,"column":63}},"21":{"start":{"line":58,"column":47},"end":{"line":58,"column":62}},"22":{"start":{"line":59,"column":35},"end":{"line":61,"column":7}},"23":{"start":{"line":60,"column":8},"end":{"line":60,"column":73}},"24":{"start":{"line":60,"column":25},"end":{"line":60,"column":72}},"25":{"start":{"line":62,"column":30},"end":{"line":64,"column":7}},"26":{"start":{"line":63,"column":8},"end":{"line":63,"column":47}},"27":{"start":{"line":63,"column":28},"end":{"line":63,"column":46}},"28":{"start":{"line":67,"column":4},"end":{"line":67,"column":68}},"29":{"start":{"line":68,"column":4},"end":{"line":68,"column":47}},"30":{"start":{"line":72,"column":36},"end":{"line":72,"column":57}},"31":{"start":{"line":73,"column":40},"end":{"line":73,"column":60}},"32":{"start":{"line":74,"column":38},"end":{"line":74,"column":56}},"33":{"start":{"line":75,"column":42},"end":{"line":75,"column":63}},"34":{"start":{"line":76,"column":46},"end":{"line":76,"column":67}},"35":{"start":{"line":79,"column":2},"end":{"line":126,"column":9}},"36":{"start":{"line":80,"column":4},"end":{"line":82,"column":5}},"37":{"start":{"line":81,"column":6},"end":{"line":81,"column":29}},"38":{"start":{"line":85,"column":4},"end":{"line":125,"column":13}},"39":{"start":{"line":86,"column":24},"end":{"line":117,"column":7}},"40":{"start":{"line":119,"column":6},"end":{"line":121,"column":7}},"41":{"start":{"line":120,"column":8},"end":{"line":120,"column":34}},"42":{"start":{"line":122,"column":6},"end":{"line":124,"column":7}},"43":{"start":{"line":123,"column":8},"end":{"line":123,"column":32}},"44":{"start":{"line":129,"column":24},"end":{"line":138,"column":10}},"45":{"start":{"line":130,"column":26},"end":{"line":132,"column":72}},"46":{"start":{"line":134,"column":26},"end":{"line":134,"column":80}},"47":{"start":{"line":135,"column":28},"end":{"line":135,"column":88}},"48":{"start":{"line":137,"column":4},"end":{"line":137,"column":61}},"49":{"start":{"line":140,"column":24},"end":{"line":143,"column":3}},"50":{"start":{"line":141,"column":4},"end":{"line":141,"column":25}},"51":{"start":{"line":142,"column":4},"end":{"line":142,"column":23}},"52":{"start":{"line":145,"column":25},"end":{"line":148,"column":3}},"53":{"start":{"line":146,"column":4},"end":{"line":146,"column":25}},"54":{"start":{"line":147,"column":4},"end":{"line":147,"column":23}},"55":{"start":{"line":150,"column":25},"end":{"line":164,"column":3}},"56":{"start":{"line":151,"column":4},"end":{"line":161,"column":5}},"57":{"start":{"line":153,"column":6},"end":{"line":155,"column":7}},"58":{"start":{"line":154,"column":8},"end":{"line":154,"column":62}},"59":{"start":{"line":158,"column":6},"end":{"line":160,"column":7}},"60":{"start":{"line":159,"column":8},"end":{"line":159,"column":55}},"61":{"start":{"line":162,"column":4},"end":{"line":162,"column":24}},"62":{"start":{"line":163,"column":4},"end":{"line":163,"column":25}},"63":{"start":{"line":166,"column":27},"end":{"line":172,"column":3}},"64":{"start":{"line":167,"column":4},"end":{"line":171,"column":5}},"65":{"start":{"line":168,"column":6},"end":{"line":170,"column":7}},"66":{"start":{"line":169,"column":8},"end":{"line":169,"column":33}},"67":{"start":{"line":174,"column":23},"end":{"line":176,"column":3}},"68":{"start":{"line":175,"column":4},"end":{"line":175,"column":24}},"69":{"start":{"line":178,"column":29},"end":{"line":180,"column":3}},"70":{"start":{"line":179,"column":4},"end":{"line":179,"column":28}},"71":{"start":{"line":182,"column":31},"end":{"line":184,"column":3}},"72":{"start":{"line":183,"column":4},"end":{"line":183,"column":32}},"73":{"start":{"line":186,"column":2},"end":{"line":194,"column":3}},"74":{"start":{"line":187,"column":4},"end":{"line":193,"column":6}},"75":{"start":{"line":196,"column":2},"end":{"line":205,"column":3}},"76":{"start":{"line":197,"column":4},"end":{"line":204,"column":6}},"77":{"start":{"line":207,"column":2},"end":{"line":285,"column":4}},"78":{"start":{"line":232,"column":33},"end":{"line":232,"column":67}},"79":{"start":{"line":244,"column":33},"end":{"line":244,"column":69}},"80":{"start":{"line":279,"column":12},"end":{"line":279,"column":32}},"81":{"start":{"line":280,"column":12},"end":{"line":280,"column":33}}},"fnMap":{"0":{"name":"(anonymous_0)","decl":{"start":{"line":9,"column":22},"end":{"line":9,"column":23}},"loc":{"start":{"line":10,"column":2},"end":{"line":23,"column":8}},"line":10},"1":{"name":"(anonymous_1)","decl":{"start":{"line":12,"column":43},"end":{"line":12,"column":44}},"loc":{"start":{"line":13,"column":8},"end":{"line":13,"column":60}},"line":13},"2":{"name":"(anonymous_2)","decl":{"start":{"line":16,"column":38},"end":{"line":16,"column":39}},"loc":{"start":{"line":17,"column":6},"end":{"line":21,"column":12}},"line":17},"3":{"name":"(anonymous_3)","decl":{"start":{"line":18,"column":45},"end":{"line":18,"column":46}},"loc":{"start":{"line":19,"column":10},"end":{"line":19,"column":58}},"line":19},"4":{"name":"(anonymous_4)","decl":{"start":{"line":26,"column":28},"end":{"line":26,"column":29}},"loc":{"start":{"line":26,"column":34},"end":{"line":286,"column":1}},"line":26},"5":{"name":"(anonymous_5)","decl":{"start":{"line":58,"column":15},"end":{"line":58,"column":16}},"loc":{"start":{"line":58,"column":25},"end":{"line":58,"column":63}},"line":58},"6":{"name":"(anonymous_6)","decl":{"start":{"line":58,"column":39},"end":{"line":58,"column":40}},"loc":{"start":{"line":58,"column":47},"end":{"line":58,"column":62}},"line":58},"7":{"name":"(anonymous_7)","decl":{"start":{"line":59,"column":18},"end":{"line":59,"column":19}},"loc":{"start":{"line":59,"column":35},"end":{"line":61,"column":7}},"line":59},"8":{"name":"(anonymous_8)","decl":{"start":{"line":59,"column":49},"end":{"line":59,"column":50}},"loc":{"start":{"line":60,"column":8},"end":{"line":60,"column":73}},"line":60},"9":{"name":"(anonymous_9)","decl":{"start":{"line":60,"column":17},"end":{"line":60,"column":18}},"loc":{"start":{"line":60,"column":25},"end":{"line":60,"column":72}},"line":60},"10":{"name":"(anonymous_10)","decl":{"start":{"line":62,"column":18},"end":{"line":62,"column":19}},"loc":{"start":{"line":62,"column":30},"end":{"line":64,"column":7}},"line":62},"11":{"name":"(anonymous_11)","decl":{"start":{"line":62,"column":44},"end":{"line":62,"column":45}},"loc":{"start":{"line":63,"column":8},"end":{"line":63,"column":47}},"line":63},"12":{"name":"(anonymous_12)","decl":{"start":{"line":63,"column":20},"end":{"line":63,"column":21}},"loc":{"start":{"line":63,"column":28},"end":{"line":63,"column":46}},"line":63},"13":{"name":"(anonymous_13)","decl":{"start":{"line":79,"column":12},"end":{"line":79,"column":13}},"loc":{"start":{"line":79,"column":18},"end":{"line":126,"column":3}},"line":79},"14":{"name":"(anonymous_14)","decl":{"start":{"line":85,"column":15},"end":{"line":85,"column":16}},"loc":{"start":{"line":85,"column":21},"end":{"line":125,"column":5}},"line":85},"15":{"name":"(anonymous_15)","decl":{"start":{"line":129,"column":44},"end":{"line":129,"column":45}},"loc":{"start":{"line":129,"column":52},"end":{"line":138,"column":3}},"line":129},"16":{"name":"(anonymous_16)","decl":{"start":{"line":140,"column":24},"end":{"line":140,"column":25}},"loc":{"start":{"line":140,"column":30},"end":{"line":143,"column":3}},"line":140},"17":{"name":"(anonymous_17)","decl":{"start":{"line":145,"column":25},"end":{"line":145,"column":26}},"loc":{"start":{"line":145,"column":35},"end":{"line":148,"column":3}},"line":145},"18":{"name":"(anonymous_18)","decl":{"start":{"line":150,"column":25},"end":{"line":150,"column":26}},"loc":{"start":{"line":150,"column":39},"end":{"line":164,"column":3}},"line":150},"19":{"name":"(anonymous_19)","decl":{"start":{"line":166,"column":27},"end":{"line":166,"column":28}},"loc":{"start":{"line":166,"column":39},"end":{"line":172,"column":3}},"line":166},"20":{"name":"(anonymous_20)","decl":{"start":{"line":174,"column":23},"end":{"line":174,"column":24}},"loc":{"start":{"line":174,"column":33},"end":{"line":176,"column":3}},"line":174},"21":{"name":"(anonymous_21)","decl":{"start":{"line":178,"column":29},"end":{"line":178,"column":30}},"loc":{"start":{"line":178,"column":41},"end":{"line":180,"column":3}},"line":178},"22":{"name":"(anonymous_22)","decl":{"start":{"line":182,"column":31},"end":{"line":182,"column":32}},"loc":{"start":{"line":182,"column":45},"end":{"line":184,"column":3}},"line":182},"23":{"name":"(anonymous_23)","decl":{"start":{"line":232,"column":26},"end":{"line":232,"column":27}},"loc":{"start":{"line":232,"column":33},"end":{"line":232,"column":67}},"line":232},"24":{"name":"(anonymous_24)","decl":{"start":{"line":244,"column":26},"end":{"line":244,"column":27}},"loc":{"start":{"line":244,"column":33},"end":{"line":244,"column":69}},"line":244},"25":{"name":"(anonymous_25)","decl":{"start":{"line":278,"column":19},"end":{"line":278,"column":20}},"loc":{"start":{"line":278,"column":25},"end":{"line":281,"column":11}},"line":278}},"branchMap":{"0":{"loc":{"start":{"line":9,"column":25},"end":{"line":9,"column":33}},"type":"default-arg","locations":[{"start":{"line":9,"column":32},"end":{"line":9,"column":33}}],"line":9},"1":{"loc":{"start":{"line":9,"column":35},"end":{"line":9,"column":46}},"type":"default-arg","locations":[{"start":{"line":9,"column":45},"end":{"line":9,"column":46}}],"line":9},"2":{"loc":{"start":{"line":60,"column":25},"end":{"line":60,"column":72}},"type":"cond-expr","locations":[{"start":{"line":60,"column":54},"end":{"line":60,"column":65}},{"start":{"line":60,"column":68},"end":{"line":60,"column":72}}],"line":60},"3":{"loc":{"start":{"line":80,"column":4},"end":{"line":82,"column":5}},"type":"if","locations":[{"start":{"line":80,"column":4},"end":{"line":82,"column":5}},{"start":{},"end":{}}],"line":80},"4":{"loc":{"start":{"line":119,"column":6},"end":{"line":121,"column":7}},"type":"if","locations":[{"start":{"line":119,"column":6},"end":{"line":121,"column":7}},{"start":{},"end":{}}],"line":119},"5":{"loc":{"start":{"line":122,"column":6},"end":{"line":124,"column":7}},"type":"if","locations":[{"start":{"line":122,"column":6},"end":{"line":124,"column":7}},{"start":{},"end":{}}],"line":122},"6":{"loc":{"start":{"line":129,"column":24},"end":{"line":138,"column":10}},"type":"binary-expr","locations":[{"start":{"line":129,"column":24},"end":{"line":138,"column":4}},{"start":{"line":138,"column":8},"end":{"line":138,"column":10}}],"line":129},"7":{"loc":{"start":{"line":130,"column":26},"end":{"line":132,"column":72}},"type":"binary-expr","locations":[{"start":{"line":130,"column":26},"end":{"line":130,"column":37}},{"start":{"line":131,"column":6},"end":{"line":131,"column":65}},{"start":{"line":132,"column":6},"end":{"line":132,"column":72}}],"line":130},"8":{"loc":{"start":{"line":134,"column":26},"end":{"line":134,"column":80}},"type":"binary-expr","locations":[{"start":{"line":134,"column":26},"end":{"line":134,"column":48}},{"start":{"line":134,"column":52},"end":{"line":134,"column":80}}],"line":134},"9":{"loc":{"start":{"line":135,"column":28},"end":{"line":135,"column":88}},"type":"binary-expr","locations":[{"start":{"line":135,"column":28},"end":{"line":135,"column":52}},{"start":{"line":135,"column":56},"end":{"line":135,"column":88}}],"line":135},"10":{"loc":{"start":{"line":137,"column":11},"end":{"line":137,"column":60}},"type":"binary-expr","locations":[{"start":{"line":137,"column":11},"end":{"line":137,"column":24}},{"start":{"line":137,"column":28},"end":{"line":137,"column":41}},{"start":{"line":137,"column":45},"end":{"line":137,"column":60}}],"line":137},"11":{"loc":{"start":{"line":151,"column":4},"end":{"line":161,"column":5}},"type":"if","locations":[{"start":{"line":151,"column":4},"end":{"line":161,"column":5}},{"start":{"line":156,"column":11},"end":{"line":161,"column":5}}],"line":151},"12":{"loc":{"start":{"line":153,"column":6},"end":{"line":155,"column":7}},"type":"if","locations":[{"start":{"line":153,"column":6},"end":{"line":155,"column":7}},{"start":{},"end":{}}],"line":153},"13":{"loc":{"start":{"line":158,"column":6},"end":{"line":160,"column":7}},"type":"if","locations":[{"start":{"line":158,"column":6},"end":{"line":160,"column":7}},{"start":{},"end":{}}],"line":158},"14":{"loc":{"start":{"line":167,"column":4},"end":{"line":171,"column":5}},"type":"if","locations":[{"start":{"line":167,"column":4},"end":{"line":171,"column":5}},{"start":{},"end":{}}],"line":167},"15":{"loc":{"start":{"line":168,"column":6},"end":{"line":170,"column":7}},"type":"if","locations":[{"start":{"line":168,"column":6},"end":{"line":170,"column":7}},{"start":{},"end":{}}],"line":168},"16":{"loc":{"start":{"line":186,"column":2},"end":{"line":194,"column":3}},"type":"if","locations":[{"start":{"line":186,"column":2},"end":{"line":194,"column":3}},{"start":{},"end":{}}],"line":186},"17":{"loc":{"start":{"line":196,"column":2},"end":{"line":205,"column":3}},"type":"if","locations":[{"start":{"line":196,"column":2},"end":{"line":205,"column":3}},{"start":{},"end":{}}],"line":196},"18":{"loc":{"start":{"line":212,"column":33},"end":{"line":212,"column":77}},"type":"cond-expr","locations":[{"start":{"line":212,"column":47},"end":{"line":212,"column":72}},{"start":{"line":212,"column":75},"end":{"line":212,"column":77}}],"line":212},"19":{"loc":{"start":{"line":254,"column":11},"end":{"line":270,"column":11}},"type":"cond-expr","locations":[{"start":{"line":255,"column":12},"end":{"line":263,"column":18}},{"start":{"line":265,"column":12},"end":{"line":269,"column":14}}],"line":254},"20":{"loc":{"start":{"line":258,"column":17},"end":{"line":260,"column":59}},"type":"cond-expr","locations":[{"start":{"line":259,"column":20},"end":{"line":259,"column":58}},{"start":{"line":260,"column":20},"end":{"line":260,"column":59}}],"line":258},"21":{"loc":{"start":{"line":258,"column":17},"end":{"line":258,"column":81}},"type":"binary-expr","locations":[{"start":{"line":258,"column":17},"end":{"line":258,"column":27}},{"start":{"line":258,"column":31},"end":{"line":258,"column":53}},{"start":{"line":258,"column":57},"end":{"line":258,"column":81}}],"line":258},"22":{"loc":{"start":{"line":274,"column":7},"end":{"line":283,"column":7}},"type":"binary-expr","locations":[{"start":{"line":274,"column":7},"end":{"line":274,"column":16}},{"start":{"line":275,"column":8},"end":{"line":282,"column":10}}],"line":274}},"s":{"0":0,"1":0,"2":0,"3":0,"4":0,"5":0,"6":0,"7":0,"8":0,"9":0,"10":0,"11":0,"12":0,"13":0,"14":0,"15":0,"16":0,"17":0,"18":0,"19":0,"20":0,"21":0,"22":0,"23":0,"24":0,"25":0,"26":0,"27":0,"28":0,"29":0,"30":0,"31":0,"32":0,"33":0,"34":0,"35":0,"36":0,"37":0,"38":0,"39":0,"40":0,"41":0,"42":0,"43":0,"44":0,"45":0,"46":0,"47":0,"48":0,"49":0,"50":0,"51":0,"52":0,"53":0,"54":0,"55":0,"56":0,"57":0,"58":0,"59":0,"60":0,"61":0,"62":0,"63":0,"64":0,"65":0,"66":0,"67":0,"68":0,"69":0,"70":0,"71":0,"72":0,"73":0,"74":0,"75":0,"76":0,"77":0,"78":0,"79":0,"80":0,"81":0},"f":{"0":0,"1":0,"2":0,"3":0,"4":0,"5":0,"6":0,"7":0,"8":0,"9":0,"10":0,"11":0,"12":0,"13":0,"14":0,"15":0,"16":0,"17":0,"18":0,"19":0,"20":0,"21":0,"22":0,"23":0,"24":0,"25":0},"b":{"0":[0],"1":[0],"2":[0,0],"3":[0,0],"4":[0,0],"5":[0,0],"6":[0,0],"7":[0,0,0],"8":[0,0],"9":[0,0],"10":[0,0,0],"11":[0,0],"12":[0,0],"13":[0,0],"14":[0,0],"15":[0,0],"16":[0,0],"17":[0,0],"18":[0,0],"19":[0,0],"20":[0,0],"21":[0,0,0],"22":[0,0]}}
,"C:\\Projects\\learning\\nodejs\\Task Management System\\frontend\\microfrontends\\task-app\\src\\test-utils.js": {"path":"C:\\Projects\\learning\\nodejs\\Task Management System\\frontend\\microfrontends\\task-app\\src\\test-utils.js","statementMap":{"0":{"start":{"line":13,"column":31},"end":{"line":22,"column":1}},"1":{"start":{"line":14,"column":2},"end":{"line":21,"column":5}},"2":{"start":{"line":25,"column":24},"end":{"line":33,"column":1}},"3":{"start":{"line":26,"column":2},"end":{"line":32,"column":4}},"4":{"start":{"line":35,"column":21},"end":{"line":41,"column":1}},"5":{"start":{"line":36,"column":38},"end":{"line":36,"column":45}},"6":{"start":{"line":37,"column":2},"end":{"line":40,"column":5}},"7":{"start":{"line":38,"column":24},"end":{"line":38,"column":68}},"8":{"start":{"line":44,"column":30},"end":{"line":56,"column":2}},"9":{"start":{"line":44,"column":51},"end":{"line":56,"column":1}},"10":{"start":{"line":58,"column":30},"end":{"line":66,"column":2}},"11":{"start":{"line":58,"column":51},"end":{"line":66,"column":1}},"12":{"start":{"line":68,"column":31},"end":{"line":75,"column":1}},"13":{"start":{"line":69,"column":2},"end":{"line":74,"column":4}},"14":{"start":{"line":70,"column":4},"end":{"line":73,"column":6}},"15":{"start":{"line":78,"column":31},"end":{"line":83,"column":2}},"16":{"start":{"line":78,"column":56},"end":{"line":83,"column":1}},"17":{"start":{"line":81,"column":14},"end":{"line":81,"column":35}},"18":{"start":{"line":82,"column":14},"end":{"line":82,"column":51}},"19":{"start":{"line":86,"column":25},"end":{"line":88,"column":1}},"20":{"start":{"line":87,"column":2},"end":{"line":87,"column":55}},"21":{"start":{"line":91,"column":30},"end":{"line":93,"column":1}},"22":{"start":{"line":92,"column":2},"end":{"line":92,"column":52}},"23":{"start":{"line":96,"column":38},"end":{"line":98,"column":1}},"24":{"start":{"line":97,"column":2},"end":{"line":97,"column":56}},"25":{"start":{"line":97,"column":32},"end":{"line":97,"column":54}},"26":{"start":{"line":101,"column":43},"end":{"line":103,"column":1}},"27":{"start":{"line":102,"column":2},"end":{"line":102,"column":38}},"28":{"start":{"line":105,"column":39},"end":{"line":107,"column":1}},"29":{"start":{"line":106,"column":2},"end":{"line":106,"column":42}},"30":{"start":{"line":109,"column":40},"end":{"line":111,"column":1}},"31":{"start":{"line":110,"column":2},"end":{"line":110,"column":41}}},"fnMap":{"0":{"name":"(anonymous_0)","decl":{"start":{"line":13,"column":31},"end":{"line":13,"column":32}},"loc":{"start":{"line":13,"column":56},"end":{"line":22,"column":1}},"line":13},"1":{"name":"(anonymous_1)","decl":{"start":{"line":25,"column":24},"end":{"line":25,"column":25}},"loc":{"start":{"line":25,"column":69},"end":{"line":33,"column":1}},"line":25},"2":{"name":"(anonymous_2)","decl":{"start":{"line":35,"column":21},"end":{"line":35,"column":22}},"loc":{"start":{"line":35,"column":43},"end":{"line":41,"column":1}},"line":35},"3":{"name":"(anonymous_3)","decl":{"start":{"line":38,"column":13},"end":{"line":38,"column":14}},"loc":{"start":{"line":38,"column":24},"end":{"line":38,"column":68}},"line":38},"4":{"name":"(anonymous_4)","decl":{"start":{"line":44,"column":30},"end":{"line":44,"column":31}},"loc":{"start":{"line":44,"column":51},"end":{"line":56,"column":1}},"line":44},"5":{"name":"(anonymous_5)","decl":{"start":{"line":58,"column":30},"end":{"line":58,"column":31}},"loc":{"start":{"line":58,"column":51},"end":{"line":66,"column":1}},"line":58},"6":{"name":"(anonymous_6)","decl":{"start":{"line":68,"column":31},"end":{"line":68,"column":32}},"loc":{"start":{"line":68,"column":46},"end":{"line":75,"column":1}},"line":68},"7":{"name":"(anonymous_7)","decl":{"start":{"line":69,"column":39},"end":{"line":69,"column":40}},"loc":{"start":{"line":70,"column":4},"end":{"line":73,"column":6}},"line":70},"8":{"name":"(anonymous_8)","decl":{"start":{"line":78,"column":31},"end":{"line":78,"column":32}},"loc":{"start":{"line":78,"column":56},"end":{"line":83,"column":1}},"line":78},"9":{"name":"(anonymous_9)","decl":{"start":{"line":81,"column":8},"end":{"line":81,"column":9}},"loc":{"start":{"line":81,"column":14},"end":{"line":81,"column":35}},"line":81},"10":{"name":"(anonymous_10)","decl":{"start":{"line":82,"column":8},"end":{"line":82,"column":9}},"loc":{"start":{"line":82,"column":14},"end":{"line":82,"column":51}},"line":82},"11":{"name":"(anonymous_11)","decl":{"start":{"line":86,"column":25},"end":{"line":86,"column":26}},"loc":{"start":{"line":86,"column":39},"end":{"line":88,"column":1}},"line":86},"12":{"name":"(anonymous_12)","decl":{"start":{"line":91,"column":30},"end":{"line":91,"column":31}},"loc":{"start":{"line":91,"column":41},"end":{"line":93,"column":1}},"line":91},"13":{"name":"(anonymous_13)","decl":{"start":{"line":96,"column":38},"end":{"line":96,"column":39}},"loc":{"start":{"line":96,"column":44},"end":{"line":98,"column":1}},"line":96},"14":{"name":"(anonymous_14)","decl":{"start":{"line":97,"column":21},"end":{"line":97,"column":22}},"loc":{"start":{"line":97,"column":32},"end":{"line":97,"column":54}},"line":97},"15":{"name":"(anonymous_15)","decl":{"start":{"line":101,"column":43},"end":{"line":101,"column":44}},"loc":{"start":{"line":101,"column":56},"end":{"line":103,"column":1}},"line":101},"16":{"name":"(anonymous_16)","decl":{"start":{"line":105,"column":39},"end":{"line":105,"column":40}},"loc":{"start":{"line":105,"column":58},"end":{"line":107,"column":1}},"line":105},"17":{"name":"(anonymous_17)","decl":{"start":{"line":109,"column":40},"end":{"line":109,"column":41}},"loc":{"start":{"line":109,"column":64},"end":{"line":111,"column":1}},"line":109}},"branchMap":{"0":{"loc":{"start":{"line":13,"column":32},"end":{"line":13,"column":51}},"type":"default-arg","locations":[{"start":{"line":13,"column":49},"end":{"line":13,"column":51}}],"line":13},"1":{"loc":{"start":{"line":25,"column":37},"end":{"line":25,"column":62}},"type":"default-arg","locations":[{"start":{"line":25,"column":45},"end":{"line":25,"column":62}}],"line":25},"2":{"loc":{"start":{"line":35,"column":26},"end":{"line":35,"column":38}},"type":"default-arg","locations":[{"start":{"line":35,"column":36},"end":{"line":35,"column":38}}],"line":35},"3":{"loc":{"start":{"line":44,"column":31},"end":{"line":44,"column":45}},"type":"default-arg","locations":[{"start":{"line":44,"column":43},"end":{"line":44,"column":45}}],"line":44},"4":{"loc":{"start":{"line":58,"column":31},"end":{"line":58,"column":45}},"type":"default-arg","locations":[{"start":{"line":58,"column":43},"end":{"line":58,"column":45}}],"line":58},"5":{"loc":{"start":{"line":68,"column":32},"end":{"line":68,"column":41}},"type":"default-arg","locations":[{"start":{"line":68,"column":40},"end":{"line":68,"column":41}}],"line":68},"6":{"loc":{"start":{"line":78,"column":38},"end":{"line":78,"column":50}},"type":"default-arg","locations":[{"start":{"line":78,"column":47},"end":{"line":78,"column":50}}],"line":78},"7":{"loc":{"start":{"line":79,"column":6},"end":{"line":79,"column":35}},"type":"binary-expr","locations":[{"start":{"line":79,"column":6},"end":{"line":79,"column":19}},{"start":{"line":79,"column":23},"end":{"line":79,"column":35}}],"line":79}},"s":{"0":0,"1":0,"2":0,"3":0,"4":0,"5":0,"6":0,"7":0,"8":0,"9":0,"10":0,"11":0,"12":0,"13":0,"14":0,"15":0,"16":0,"17":0,"18":0,"19":0,"20":0,"21":0,"22":0,"23":0,"24":0,"25":0,"26":0,"27":0,"28":0,"29":0,"30":0,"31":0},"f":{"0":0,"1":0,"2":0,"3":0,"4":0,"5":0,"6":0,"7":0,"8":0,"9":0,"10":0,"11":0,"12":0,"13":0,"14":0,"15":0,"16":0,"17":0},"b":{"0":[0],"1":[0],"2":[0],"3":[0],"4":[0],"5":[0],"6":[0],"7":[0,0]}}
,"C:\\Projects\\learning\\nodejs\\Task Management System\\frontend\\microfrontends\\task-app\\src\\components\\ErrorBoundary.jsx": {"path":"C:\\Projects\\learning\\nodejs\\Task Management System\\frontend\\microfrontends\\task-app\\src\\components\\ErrorBoundary.jsx","statementMap":{"0":{"start":{"line":5,"column":4},"end":{"line":5,"column":17}},"1":{"start":{"line":6,"column":4},"end":{"line":6,"column":50}},"2":{"start":{"line":10,"column":4},"end":{"line":10,"column":37}},"3":{"start":{"line":14,"column":4},"end":{"line":14,"column":44}},"4":{"start":{"line":15,"column":4},"end":{"line":15,"column":44}},"5":{"start":{"line":17,"column":4},"end":{"line":19,"column":5}},"6":{"start":{"line":18,"column":6},"end":{"line":18,"column":66}},"7":{"start":{"line":23,"column":4},"end":{"line":36,"column":5}},"8":{"start":{"line":24,"column":6},"end":{"line":35,"column":8}},"9":{"start":{"line":30,"column":27},"end":{"line":30,"column":74}},"10":{"start":{"line":38,"column":4},"end":{"line":38,"column":31}}},"fnMap":{"0":{"name":"(anonymous_0)","decl":{"start":{"line":4,"column":2},"end":{"line":4,"column":3}},"loc":{"start":{"line":4,"column":21},"end":{"line":7,"column":3}},"line":4},"1":{"name":"(anonymous_1)","decl":{"start":{"line":9,"column":2},"end":{"line":9,"column":3}},"loc":{"start":{"line":9,"column":41},"end":{"line":11,"column":3}},"line":9},"2":{"name":"(anonymous_2)","decl":{"start":{"line":13,"column":2},"end":{"line":13,"column":3}},"loc":{"start":{"line":13,"column":38},"end":{"line":20,"column":3}},"line":13},"3":{"name":"(anonymous_3)","decl":{"start":{"line":22,"column":2},"end":{"line":22,"column":3}},"loc":{"start":{"line":22,"column":11},"end":{"line":39,"column":3}},"line":22},"4":{"name":"(anonymous_4)","decl":{"start":{"line":30,"column":21},"end":{"line":30,"column":22}},"loc":{"start":{"line":30,"column":27},"end":{"line":30,"column":74}},"line":30}},"branchMap":{"0":{"loc":{"start":{"line":17,"column":4},"end":{"line":19,"column":5}},"type":"if","locations":[{"start":{"line":17,"column":4},"end":{"line":19,"column":5}},{"start":{},"end":{}}],"line":17},"1":{"loc":{"start":{"line":23,"column":4},"end":{"line":36,"column":5}},"type":"if","locations":[{"start":{"line":23,"column":4},"end":{"line":36,"column":5}},{"start":{},"end":{}}],"line":23}},"s":{"0":28,"1":27,"2":26,"3":12,"4":12,"5":12,"6":11,"7":57,"8":28,"9":1,"10":29},"f":{"0":28,"1":26,"2":12,"3":57,"4":1},"b":{"0":[11,1],"1":[28,29]},"_coverageSchema":"1a1c01bbd47fc00a2c39e90264f33305004495a9","hash":"d2a26051face48d4fc6ea92e7773fac3f5bf9538"}
,"C:\\Projects\\learning\\nodejs\\Task Management System\\frontend\\microfrontends\\task-app\\src\\components\\Pagination.jsx": {"path":"C:\\Projects\\learning\\nodejs\\Task Management System\\frontend\\microfrontends\\task-app\\src\\components\\Pagination.jsx","statementMap":{"0":{"start":{"line":4,"column":19},"end":{"line":132,"column":1}},"1":{"start":{"line":15,"column":25},"end":{"line":49,"column":3}},"2":{"start":{"line":16,"column":18},"end":{"line":16,"column":20}},"3":{"start":{"line":17,"column":28},"end":{"line":17,"column":29}},"4":{"start":{"line":19,"column":4},"end":{"line":46,"column":5}},"5":{"start":{"line":21,"column":6},"end":{"line":23,"column":7}},"6":{"start":{"line":21,"column":19},"end":{"line":21,"column":20}},"7":{"start":{"line":22,"column":8},"end":{"line":22,"column":22}},"8":{"start":{"line":26,"column":20},"end":{"line":26,"column":48}},"9":{"start":{"line":27,"column":18},"end":{"line":27,"column":55}},"10":{"start":{"line":29,"column":6},"end":{"line":34,"column":7}},"11":{"start":{"line":30,"column":8},"end":{"line":30,"column":22}},"12":{"start":{"line":31,"column":8},"end":{"line":33,"column":9}},"13":{"start":{"line":32,"column":10},"end":{"line":32,"column":28}},"14":{"start":{"line":36,"column":6},"end":{"line":38,"column":7}},"15":{"start":{"line":36,"column":19},"end":{"line":36,"column":24}},"16":{"start":{"line":37,"column":8},"end":{"line":37,"column":22}},"17":{"start":{"line":40,"column":6},"end":{"line":45,"column":7}},"18":{"start":{"line":41,"column":8},"end":{"line":43,"column":9}},"19":{"start":{"line":42,"column":10},"end":{"line":42,"column":28}},"20":{"start":{"line":44,"column":8},"end":{"line":44,"column":31}},"21":{"start":{"line":48,"column":4},"end":{"line":48,"column":17}},"22":{"start":{"line":51,"column":22},"end":{"line":51,"column":38}},"23":{"start":{"line":52,"column":20},"end":{"line":52,"column":52}},"24":{"start":{"line":53,"column":18},"end":{"line":53,"column":62}},"25":{"start":{"line":55,"column":2},"end":{"line":63,"column":3}},"26":{"start":{"line":56,"column":4},"end":{"line":62,"column":6}},"27":{"start":{"line":65,"column":2},"end":{"line":131,"column":4}},"28":{"start":{"line":77,"column":29},"end":{"line":77,"column":71}},"29":{"start":{"line":93,"column":29},"end":{"line":93,"column":58}},"30":{"start":{"line":102,"column":12},"end":{"line":115,"column":17}},"31":{"start":{"line":108,"column":33},"end":{"line":108,"column":51}},"32":{"start":{"line":121,"column":29},"end":{"line":121,"column":58}}},"fnMap":{"0":{"name":"(anonymous_0)","decl":{"start":{"line":4,"column":19},"end":{"line":4,"column":20}},"loc":{"start":{"line":13,"column":6},"end":{"line":132,"column":1}},"line":13},"1":{"name":"(anonymous_1)","decl":{"start":{"line":15,"column":25},"end":{"line":15,"column":26}},"loc":{"start":{"line":15,"column":31},"end":{"line":49,"column":3}},"line":15},"2":{"name":"(anonymous_2)","decl":{"start":{"line":77,"column":22},"end":{"line":77,"column":23}},"loc":{"start":{"line":77,"column":29},"end":{"line":77,"column":71}},"line":77},"3":{"name":"(anonymous_3)","decl":{"start":{"line":93,"column":23},"end":{"line":93,"column":24}},"loc":{"start":{"line":93,"column":29},"end":{"line":93,"column":58}},"line":93},"4":{"name":"(anonymous_4)","decl":{"start":{"line":101,"column":27},"end":{"line":101,"column":28}},"loc":{"start":{"line":102,"column":12},"end":{"line":115,"column":17}},"line":102},"5":{"name":"(anonymous_5)","decl":{"start":{"line":108,"column":27},"end":{"line":108,"column":28}},"loc":{"start":{"line":108,"column":33},"end":{"line":108,"column":51}},"line":108},"6":{"name":"(anonymous_6)","decl":{"start":{"line":121,"column":23},"end":{"line":121,"column":24}},"loc":{"start":{"line":121,"column":29},"end":{"line":121,"column":58}},"line":121}},"branchMap":{"0":{"loc":{"start":{"line":19,"column":4},"end":{"line":46,"column":5}},"type":"if","locations":[{"start":{"line":19,"column":4},"end":{"line":46,"column":5}},{"start":{"line":24,"column":11},"end":{"line":46,"column":5}}],"line":19},"1":{"loc":{"start":{"line":29,"column":6},"end":{"line":34,"column":7}},"type":"if","locations":[{"start":{"line":29,"column":6},"end":{"line":34,"column":7}},{"start":{},"end":{}}],"line":29},"2":{"loc":{"start":{"line":31,"column":8},"end":{"line":33,"column":9}},"type":"if","locations":[{"start":{"line":31,"column":8},"end":{"line":33,"column":9}},{"start":{},"end":{}}],"line":31},"3":{"loc":{"start":{"line":40,"column":6},"end":{"line":45,"column":7}},"type":"if","locations":[{"start":{"line":40,"column":6},"end":{"line":45,"column":7}},{"start":{},"end":{}}],"line":40},"4":{"loc":{"start":{"line":41,"column":8},"end":{"line":43,"column":9}},"type":"if","locations":[{"start":{"line":41,"column":8},"end":{"line":43,"column":9}},{"start":{},"end":{}}],"line":41},"5":{"loc":{"start":{"line":55,"column":2},"end":{"line":63,"column":3}},"type":"if","locations":[{"start":{"line":55,"column":2},"end":{"line":63,"column":3}},{"start":{},"end":{}}],"line":55},"6":{"loc":{"start":{"line":90,"column":38},"end":{"line":90,"column":64}},"type":"cond-expr","locations":[{"start":{"line":90,"column":49},"end":{"line":90,"column":59}},{"start":{"line":90,"column":62},"end":{"line":90,"column":64}}],"line":90},"7":{"loc":{"start":{"line":102,"column":52},"end":{"line":102,"column":88}},"type":"cond-expr","locations":[{"start":{"line":102,"column":75},"end":{"line":102,"column":83}},{"start":{"line":102,"column":86},"end":{"line":102,"column":88}}],"line":102},"8":{"loc":{"start":{"line":102,"column":92},"end":{"line":102,"column":124}},"type":"cond-expr","locations":[{"start":{"line":102,"column":109},"end":{"line":102,"column":119}},{"start":{"line":102,"column":122},"end":{"line":102,"column":124}}],"line":102},"9":{"loc":{"start":{"line":103,"column":15},"end":{"line":114,"column":15}},"type":"cond-expr","locations":[{"start":{"line":104,"column":16},"end":{"line":104,"column":54}},{"start":{"line":106,"column":16},"end":{"line":113,"column":25}}],"line":103},"10":{"loc":{"start":{"line":110,"column":32},"end":{"line":110,"column":73}},"type":"cond-expr","locations":[{"start":{"line":110,"column":55},"end":{"line":110,"column":61}},{"start":{"line":110,"column":64},"end":{"line":110,"column":73}}],"line":110},"11":{"loc":{"start":{"line":118,"column":38},"end":{"line":118,"column":64}},"type":"cond-expr","locations":[{"start":{"line":118,"column":49},"end":{"line":118,"column":59}},{"start":{"line":118,"column":62},"end":{"line":118,"column":64}}],"line":118}},"s":{"0":1,"1":27,"2":27,"3":27,"4":27,"5":19,"6":19,"7":81,"8":8,"9":8,"10":8,"11":5,"12":5,"13":5,"14":8,"15":8,"16":31,"17":8,"18":6,"19":6,"20":6,"21":27,"22":27,"23":27,"24":27,"25":27,"26":3,"27":24,"28":3,"29":1,"30":133,"31":2,"32":1},"f":{"0":27,"1":27,"2":3,"3":1,"4":133,"5":2,"6":1},"b":{"0":[19,8],"1":[5,3],"2":[5,0],"3":[6,2],"4":[6,0],"5":[3,24],"6":[22,2],"7":[22,111],"8":[11,122],"9":[11,122],"10":[22,100],"11":[2,22]},"_coverageSchema":"1a1c01bbd47fc00a2c39e90264f33305004495a9","hash":"5124df0668440c400109f2de9be888ff4ed31c44"}
,"C:\\Projects\\learning\\nodejs\\Task Management System\\frontend\\microfrontends\\task-app\\src\\components\\TaskItem.jsx": {"path":"C:\\Projects\\learning\\nodejs\\Task Management System\\frontend\\microfrontends\\task-app\\src\\components\\TaskItem.jsx","statementMap":{"0":{"start":{"line":6,"column":20},"end":{"line":14,"column":1}},"1":{"start":{"line":9,"column":2},"end":{"line":13,"column":4}},"2":{"start":{"line":16,"column":17},"end":{"line":173,"column":2}},"3":{"start":{"line":18,"column":2},"end":{"line":51,"column":3}},"4":{"start":{"line":19,"column":4},"end":{"line":50,"column":6}},"5":{"start":{"line":53,"column":2},"end":{"line":172,"column":4}},"6":{"start":{"line":132,"column":33},"end":{"line":132,"column":103}},"7":{"start":{"line":133,"column":26},"end":{"line":133,"column":48}},"8":{"start":{"line":134,"column":36},"end":{"line":134,"column":87}},"9":{"start":{"line":135,"column":39},"end":{"line":135,"column":96}},"10":{"start":{"line":136,"column":14},"end":{"line":138,"column":16}},"11":{"start":{"line":155,"column":27},"end":{"line":155,"column":39}},"12":{"start":{"line":163,"column":27},"end":{"line":163,"column":45}},"13":{"start":{"line":175,"column":0},"end":{"line":175,"column":34}}},"fnMap":{"0":{"name":"(anonymous_0)","decl":{"start":{"line":6,"column":20},"end":{"line":6,"column":21}},"loc":{"start":{"line":6,"column":85},"end":{"line":14,"column":1}},"line":6},"1":{"name":"(anonymous_1)","decl":{"start":{"line":16,"column":28},"end":{"line":16,"column":29}},"loc":{"start":{"line":16,"column":60},"end":{"line":173,"column":1}},"line":16},"2":{"name":"(anonymous_2)","decl":{"start":{"line":131,"column":14},"end":{"line":131,"column":15}},"loc":{"start":{"line":131,"column":20},"end":{"line":139,"column":13}},"line":131},"3":{"name":"(anonymous_3)","decl":{"start":{"line":155,"column":21},"end":{"line":155,"column":22}},"loc":{"start":{"line":155,"column":27},"end":{"line":155,"column":39}},"line":155},"4":{"name":"(anonymous_4)","decl":{"start":{"line":163,"column":21},"end":{"line":163,"column":22}},"loc":{"start":{"line":163,"column":27},"end":{"line":163,"column":45}},"line":163}},"branchMap":{"0":{"loc":{"start":{"line":6,"column":42},"end":{"line":6,"column":58}},"type":"default-arg","locations":[{"start":{"line":6,"column":53},"end":{"line":6,"column":58}}],"line":6},"1":{"loc":{"start":{"line":6,"column":60},"end":{"line":6,"column":78}},"type":"default-arg","locations":[{"start":{"line":6,"column":71},"end":{"line":6,"column":78}}],"line":6},"2":{"loc":{"start":{"line":18,"column":2},"end":{"line":51,"column":3}},"type":"if","locations":[{"start":{"line":18,"column":2},"end":{"line":51,"column":3}},{"start":{},"end":{}}],"line":18},"3":{"loc":{"start":{"line":57,"column":19},"end":{"line":57,"column":48}},"type":"binary-expr","locations":[{"start":{"line":57,"column":19},"end":{"line":57,"column":29}},{"start":{"line":57,"column":33},"end":{"line":57,"column":48}}],"line":57},"4":{"loc":{"start":{"line":62,"column":13},"end":{"line":62,"column":42}},"type":"binary-expr","locations":[{"start":{"line":62,"column":13},"end":{"line":62,"column":23}},{"start":{"line":62,"column":27},"end":{"line":62,"column":42}}],"line":62},"5":{"loc":{"start":{"line":68,"column":19},"end":{"line":68,"column":55}},"type":"bin
[...]
4},"end":{"line":81,"column":50}},"35":{"start":{"line":83,"column":4},"end":{"line":88,"column":5}},"36":{"start":{"line":84,"column":6},"end":{"line":84,"column":59}},"37":{"start":{"line":85,"column":6},"end":{"line":85,"column":45}},"38":{"start":{"line":86,"column":6},"end":{"line":86,"column":24}},"39":{"start":{"line":87,"column":6},"end":{"line":87,"column":13}},"40":{"start":{"line":90,"column":4},"end":{"line":133,"column":5}},"41":{"start":{"line":91,"column":6},"end":{"line":91,"column":40}},"42":{"start":{"line":93,"column":28},"end":{"line":93,"column":54}},"43":{"start":{"line":94,"column":6},"end":{"line":94,"column":52}},"44":{"start":{"line":96,"column":23},"end":{"line":96,"column":71}},"45":{"start":{"line":97,"column":6},"end":{"line":97,"column":45}},"46":{"start":{"line":99,"column":24},"end":{"line":99,"column":37}},"47":{"start":{"line":101,"column":6},"end":{"line":103,"column":7}},"48":{"start":{"line":102,"column":8},"end":{"line":102,"column":48}},"49":{"start":{"line":105,"column":6},"end":{"line":105,"column":21}},"50":{"start":{"line":107,"column":6},"end":{"line":107,"column":41}},"51":{"start":{"line":108,"column":6},"end":{"line":108,"column":43}},"52":{"start":{"line":110,"column":25},"end":{"line":110,"column":39}},"53":{"start":{"line":112,"column":6},"end":{"line":124,"column":7}},"54":{"start":{"line":114,"column":8},"end":{"line":114,"column":90}},"55":{"start":{"line":115,"column":8},"end":{"line":115,"column":65}},"56":{"start":{"line":116,"column":13},"end":{"line":124,"column":7}},"57":{"start":{"line":118,"column":8},"end":{"line":118,"column":80}},"58":{"start":{"line":119,"column":8},"end":{"line":119,"column":55}},"59":{"start":{"line":122,"column":8},"end":{"line":122,"column":69}},"60":{"start":{"line":123,"column":8},"end":{"line":123,"column":49}},"61":{"start":{"line":126,"column":6},"end":{"line":126,"column":29}},"62":{"start":{"line":128,"column":6},"end":{"line":130,"column":7}},"63":{"start":{"line":129,"column":8},"end":{"line":129,"column":39}},"64":{"start":{"line":132,"column":6},"end":{"line":132,"column":24}},"65":{"start":{"line":135,"column":4},"end":{"line":135,"column":17}},"66":{"start":{"line":138,"column":2},"end":{"line":248,"column":4}},"67":{"start":{"line":166,"column":60},"end":{"line":166,"column":78}},"68":{"start":{"line":205,"column":35},"end":{"line":205,"column":65}},"69":{"start":{"line":221,"column":20},"end":{"line":221,"column":39}},"70":{"start":{"line":222,"column":20},"end":{"line":222,"column":36}}},"fnMap":{"0":{"name":"(anonymous_0)","decl":{"start":{"line":6,"column":26},"end":{"line":6,"column":27}},"loc":{"start":{"line":6,"column":40},"end":{"line":23,"column":1}},"line":6},"1":{"name":"(anonymous_1)","decl":{"start":{"line":25,"column":25},"end":{"line":25,"column":26}},"loc":{"start":{"line":25,"column":39},"end":{"line":42,"column":1}},"line":25},"2":{"name":"(anonymous_2)","decl":{"start":{"line":44,"column":18},"end":{"line":44,"column":19}},"loc":{"start":{"line":44,"column":35},"end":{"line":249,"column":1}},"line":44},"3":{"name":"(anonymous_3)","decl":{"start":{"line":54,"column":23},"end":{"line":54,"column":24}},"loc":{"start":{"line":54,"column":30},"end":{"line":67,"column":3}},"line":54},"4":{"name":"(anonymous_4)","decl":{"start":{"line":69,"column":23},"end":{"line":69,"column":24}},"loc":{"start":{"line":69,"column":36},"end":{"line":136,"column":3}},"line":69},"5":{"name":"(anonymous_5)","decl":{"start":{"line":166,"column":53},"end":{"line":166,"column":54}},"loc":{"start":{"line":166,"column":60},"end":{"line":166,"column":78}},"line":166},"6":{"name":"(anonymous_6)","decl":{"start":{"line":205,"column":29},"end":{"line":205,"column":30}},"loc":{"start":{"line":205,"column":35},"end":{"line":205,"column":65}},"line":205},"7":{"name":"(anonymous_7)","decl":{"start":{"line":220,"column":27},"end":{"line":220,"column":28}},"loc":{"start":{"line":220,"column":34},"end":{"line":223,"column":19}},"line":220}},"branchMap":{"0":{"loc":{"start":{"line":10,"column":2},"end":{"line":12,"column":3}},"type":"if","locations":[{"start":{"line":10,"column":2},"end":{"line":12,"column":3}},{"start":{},"end":{}}],"line":10},"1":{"loc":{"start":{"line":10,"column":6},"end":{"line":10,"column":54}},"type":"binary-expr","locations":[{"start":{"line":10,"column":6},"end":{"line":10,"column":21}},{"start":{"line":10,"column":25},"end":{"line":10,"column":54}}],"line":10},"2":{"loc":{"start":{"line":15,"column":2},"end":{"line":17,"column":3}},"type":"if","locations":[{"start":{"line":15,"column":2},"end":{"line":17,"column":3}},{"start":{},"end":{}}],"line":15},"3":{"loc":{"start":{"line":15,"column":6},"end":{"line":15,"column":58}},"type":"binary-expr","locations":[{"start":{"line":15,"column":6},"end":{"line":15,"column":24}},{"start":{"line":15,"column":28},"end":{"line":15,"column":58}}],"line":15},"4":{"loc":{"start":{"line":29,"column":4},"end":{"line":38,"column":5}},"type":"if","locations":[{"start":{"line":29,"column":4},"end":{"line":38,"column":5}},{"start":{"line":36,"column":11},"end":{"line":38,"column":5}}],"line":29},"5":{"loc":{"start":{"line":29,"column":8},"end":{"line":29,"column":76}},"type":"binary-expr","locations":[{"start":{"line":29,"column":8},"end":{"line":29,"column":33}},{"start":{"line":29,"column":37},"end":{"line":29,"column":76}}],"line":29},"6":{"loc":{"start":{"line":60,"column":4},"end":{"line":60,"column":28}},"type":"if","locations":[{"start":{"line":60,"column":4},"end":{"line":60,"column":28}},{"start":{},"end":{}}],"line":60},"7":{"loc":{"start":{"line":61,"column":4},"end":{"line":66,"column":5}},"type":"if","locations":[{"start":{"line":61,"column":4},"end":{"line":66,"column":5}},{"start":{},"end":{}}],"line":61},"8":{"loc":{"start":{"line":83,"column":4},"end":{"line":88,"column":5}},"type":"if","locations":[{"start":{"line":83,"column":4},"end":{"line":88,"column":5}},{"start":{},"end":{}}],"line":83},"9":{"loc":{"start":{"line":101,"column":6},"end":{"line":103,"column":7}},"type":"if","locations":[{"start":{"line":101,"column":6},"end":{"line":103,"column":7}},{"start":{},"end":{}}],"line":101},"10":{"loc":{"start":{"line":112,"column":6},"end":{"line":124,"column":7}},"type":"if","locations":[{"start":{"line":112,"column":6},"end":{"line":124,"column":7}},{"start":{"line":116,"column":13},"end":{"line":124,"column":7}}],"line":112},"11":{"loc":{"start":{"line":114,"column":23},"end":{"line":114,"column":89}},"type":"binary-expr","locations":[{"start":{"line":114,"column":23},"end":{"line":114,"column":47}},{"start":{"line":114,"column":51},"end":{"line":114,"column":89}}],"line":114},"12":{"loc":{"start":{"line":116,"column":13},"end":{"line":124,"column":7}},"type":"if","locations":[{"start":{"line":116,"column":13},"end":{"line":124,"column":7}},{"start":{"line":120,"column":13},"end":{"line":124,"column":7}}],"line":116},"13":{"loc":{"start":{"line":122,"column":23},"end":{"line":122,"column":68}},"type":"binary-expr","locations":[{"start":{"line":122,"column":23},"end":{"line":122,"column":34}},{"start":{"line":122,"column":38},"end":{"line":122,"column":68}}],"line":122},"14":{"loc":{"start":{"line":128,"column":6},"end":{"line":130,"column":7}},"type":"if","locations":[{"start":{"line":128,"column":6},"end":{"line":130,"column":7}},{"start":{},"end":{}}],"line":128},"15":{"loc":{"start":{"line":159,"column":15},"end":{"line":164,"column":15}},"type":"binary-expr","locations":[{"start":{"line":159,"column":15},"end":{"line":159,"column":20}},{"start":{"line":160,"column":16},"end":{"line":163,"column":22}}],"line":159},"16":{"loc":{"start":{"line":170,"column":47},"end":{"line":170,"column":89}},"type":"cond-expr","locations":[{"start":{"line":170,"column":72},"end":{"line":170,"column":84}},{"start":{"line":170,"column":87},"end":{"line":170,"column":89}}],"line":170},"17":{"loc":{"start":{"line":181,"column":19},"end":{"line":185,"column":19}},"type":"binary-expr","locations":[{"start":{"line":181,"column":19},"end":{"line":181,"column":41}},{"start":{"line":182,"column":20},"end":{"line":184,"column":26}}],"line":181},"18":{"loc":{"start":{"line":190,"column":26},"end":{"line":190,"column":60}},"type":"cond-expr","locations":[{"start":{"line":190,"column":41},"end":{"line":190,"column":47}},{"start":{"line":190,"column":50},"end":{"line":190,"column":60}}],"line":190},"19":{"loc":{"start":{"line":191,"column":47},"end":{"line":191,"column":92}},"type":"cond-expr","locations":[{"start":{"line":191,"column":75},"end":{"line":191,"column":87}},{"start":{"line":191,"column":90},"end":{"line":191,"column":92}}],"line":191},"20":{"loc":{"start":{"line":207,"column":41},"end":{"line":207,"column":81}},"type":"cond-expr","locations":[{"start":{"line":207,"column":56},"end":{"line":207,"column":70}},{"start":{"line":207,"column":73},"end":{"line":207,"column":81}}],"line":207},"21":{"loc":{"start":{"line":209,"column":19},"end":{"line":213,"column":19}},"type":"binary-expr","locations":[{"start":{"line":209,"column":19},"end":{"line":209,"column":44}},{"start":{"line":210,"column":20},"end":{"line":212,"column":26}}],"line":209},"22":{"loc":{"start":{"line":225,"column":19},"end":{"line":235,"column":19}},"type":"cond-expr","locations":[{"start":{"line":226,"column":20},"end":{"line":229,"column":23}},{"start":{"line":231,"column":20},"end":{"line":234,"column":23}}],"line":225}},"s":{"0":0,"1":0,"2":0,"3":0,"4":0,"5":0,"6":0,"7":0,"8":0,"9":0,"10":0,"11":0,"12":0,"13":0,"14":0,"15":0,"16":0,"17":0,"18":0,"19":0,"20":0,"21":0,"22":0,"23":0,"24":0,"25":0,"26":0,"27":0,"28":0,"29":0,"30":0,"31":0,"32":0,"33":0,"34":0,"35":0,"36":0,"37":0,"38":0,"39":0,"40":0,"41":0,"42":0,"43":0,"44":0,"45":0,"46":0,"47":0,"48":0,"49":0,"50":0,"51":0,"52":0,"53":0,"54":0,"55":0,"56":0,"57":0,"58":0,"59":0,"60":0,"61":0,"62":0,"63":0,"64":0,"65":0,"66":0,"67":0,"68":0,"69":0,"70":0},"f":{"0":0,"1":0,"2":0,"3":0,"4":0,"5":0,"6":0,"7":0},"b":{"0":[0,0],"1":[0,0],"2":[0,0],"3":[0,0],"4":[0,0],"5":[0,0],"6":[0,0],"7":[0,0],"8":[0,0],"9":[0,0],"10":[0,0],"11":[0,0],"12":[0,0],"13":[0,0],"14":[0,0],"15":[0,0],"16":[0,0],"17":[0,0],"18":[0,0],"19":[0,0],"20":[0,0],"21":[0,0],"22":[0,0]}}
,"C:\\Projects\\learning\\nodejs\\Task Management System\\frontend\\shell-app\\src\\components\\ReduxTest.jsx": {"path":"C:\\Projects\\learning\\nodejs\\Task Management System\\frontend\\shell-app\\src\\components\\ReduxTest.jsx","statementMap":{"0":{"start":{"line":3,"column":18},"end":{"line":95,"column":1}},"1":{"start":{"line":8,"column":2},"end":{"line":31,"column":3}},"2":{"start":{"line":9,"column":23},"end":{"line":9,"column":61}},"3":{"start":{"line":10,"column":4},"end":{"line":10,"column":33}},"4":{"start":{"line":11,"column":4},"end":{"line":11,"column":35}},"5":{"start":{"line":12,"column":4},"end":{"line":12,"column":29}},"6":{"start":{"line":15,"column":4},"end":{"line":15,"column":21}},"7":{"start":{"line":16,"column":4},"end":{"line":16,"column":23}},"8":{"start":{"line":17,"column":4},"end":{"line":17,"column":17}},"9":{"start":{"line":19,"column":4},"end":{"line":19,"column":53}},"10":{"start":{"line":20,"column":4},"end":{"line":20,"column":37}},"11":{"start":{"line":21,"column":4},"end":{"line":21,"column":39}},"12":{"start":{"line":22,"column":4},"end":{"line":22,"column":33}},"13":{"start":{"line":24,"column":4},"end":{"line":24,"column":62}},"14":{"start":{"line":25,"column":4},"end":{"line":30,"column":6}},"15":{"start":{"line":33,"column":2},"end":{"line":94,"column":4}},"16":{"start":{"line":66,"column":12},"end":{"line":66,"column":52}},"17":{"start":{"line":68,"column":12},"end":{"line":73,"column":13}},"18":{"start":{"line":69,"column":14},"end":{"line":72,"column":17}},"19":{"start":{"line":74,"column":12},"end":{"line":76,"column":13}},"20":{"start":{"line":75,"column":14},"end":{"line":75,"column":67}},"21":{"start":{"line":84,"column":12},"end":{"line":84,"column":48}},"22":{"start":{"line":85,"column":12},"end":{"line":85,"column":39}},"23":{"start":{"line":86,"column":12},"end":{"line":86,"column":41}},"24":{"start":{"line":87,"column":12},"end":{"line":87,"column":35}}},"fnMap":{"0":{"name":"(anonymous_0)","decl":{"start":{"line":3,"column":18},"end":{"line":3,"column":19}},"loc":{"start":{"line":3,"column":24},"end":{"line":95,"column":1}},"line":3},"1":{"name":"(anonymous_1)","decl":{"start":{"line":65,"column":19},"end":{"line":65,"column":20}},"loc":{"start":{"line":65,"column":25},"end":{"line":77,"column":11}},"line":65},"2":{"name":"(anonymous_2)","decl":{"start":{"line":83,"column":19},"end":{"line":83,"column":20}},"loc":{"start":{"line":83,"column":25},"end":{"line":88,"column":11}},"line":83}},"branchMap":{"0":{"loc":{"start":{"line":40,"column":23},"end":{"line":40,"column":80}},"type":"cond-expr","locations":[{"start":{"line":40,"column":35},"end":{"line":40,"column":62}},{"start":{"line":40,"column":65},"end":{"line":40,"column":80}}],"line":40},"1":{"loc":{"start":{"line":40,"column":35},"end":{"line":40,"column":62}},"type":"binary-expr","locations":[{"start":{"line":40,"column":35},"end":{"line":40,"column":49}},{"start":{"line":40,"column":53},"end":{"line":40,"column":62}}],"line":40},"2":{"loc":{"start":{"line":41,"column":32},"end":{"line":41,"column":67}},"type":"cond-expr","locations":[{"start":{"line":41,"column":55},"end":{"line":41,"column":60}},{"start":{"line":41,"column":63},"end":{"line":41,"column":67}}],"line":41},"3":{"loc":{"start":{"line":42,"column":26},"end":{"line":42,"column":55}},"type":"cond-expr","locations":[{"start":{"line":42,"column":43},"end":{"line":42,"column":48}},{"start":{"line":42,"column":51},"end":{"line":42,"column":55}}],"line":42},"4":{"loc":{"start":{"line":48,"column":30},"end":{"line":48,"column":66}},"type":"cond-expr","locations":[{"start":{"line":48,"column":44},"end":{"line":48,"column":62}},{"start":{"line":48,"column":65},"end":{"line":48,"column":66}}],"line":48},"5":{"loc":{"start":{"line":49,"column":26},"end":{"line":49,"column":56}},"type":"cond-expr","locations":[{"start":{"line":49,"column":44},"end":{"line":49,"column":49}},{"start":{"line":49,"column":52},"end":{"line":49,"column":56}}],"line":49},"6":{"loc":{"start":{"line":50,"column":24},"end":{"line":50,"column":45}},"type":"binary-expr","locations":[{"start":{"line":50,"column":24},"end":{"line":50,"column":35}},{"start":{"line":50,"column":39},"end":{"line":50,"column":45}}],"line":50},"7":{"loc":{"start":{"line":57,"column":31},"end":{"line":57,"column":60}},"type":"cond-expr","locations":[{"start":{"line":57,"column":48},"end":{"line":57,"column":53}},{"start":{"line":57,"column":56},"end":{"line":57,"column":60}}],"line":57},"8":{"loc":{"start":{"line":58,"column":33},"end":{"line":58,"column":65}},"type":"cond-expr","locations":[{"start":{"line":58,"column":53},"end":{"line":58,"column":58}},{"start":{"line":58,"column":61},"end":{"line":58,"column":65}}],"line":58},"9":{"loc":{"start":{"line":68,"column":12},"end":{"line":73,"column":13}},"type":"if","locations":[{"start":{"line":68,"column":12},"end":{"line":73,"column":13}},{"start":{},"end":{}}],"line":68},"10":{"loc":{"start":{"line":74,"column":12},"end":{"line":76,"column":13}},"type":"if","locations":[{"start":{"line":74,"column":12},"end":{"line":76,"column":13}},{"start":{},"end":{}}],"line":74},"11":{"loc":{"start":{"line":75,"column":26},"end":{"line":75,"column":65}},"type":"cond-expr","locations":[{"start":{"line":75,"column":49},"end":{"line":75,"column":55}},{"start":{"line":75,"column":58},"end":{"line":75,"column":65}}],"line":75}},"s":{"0":0,"1":0,"2":0,"3":0,"4":0,"5":0,"6":0,"7":0,"8":0,"9":0,"10":0,"11":0,"12":0,"13":0,"14":0,"15":0,"16":0,"17":0,"18":0,"19":0,"20":0,"21":0,"22":0,"23":0,"24":0},"f":{"0":0,"1":0,"2":0},"b":{"0":[0,0],"1":[0,0],"2":[0,0],"3":[0,0],"4":[0,0],"5":[0,0],"6":[0,0],"7":[0,0],"8":[0,0],"9":[0,0],"10":[0,0],"11":[0,0]}}
,"C:\\Projects\\learning\\nodejs\\Task Management System\\frontend\\shell-app\\src\\config\\shellConfig.js": {"path":"C:\\Projects\\learning\\nodejs\\Task Management System\\frontend\\shell-app\\src\\config\\shellConfig.js","statementMap":{"0":{"start":{"line":13,"column":21},"end":{"line":63,"column":1}},"1":{"start":{"line":69,"column":23},"end":{"line":82,"column":1}}},"fnMap":{},"branchMap":{},"s":{"0":0,"1":0},"f":{},"b":{}}
,"C:\\Projects\\learning\\nodejs\\Task Management System\\frontend\\shell-app\\src\\utils\\api.js": {"path":"C:\\Projects\\learning\\nodejs\\Task Management System\\frontend\\shell-app\\src\\utils\\api.js","statementMap":{"0":{"start":{"line":5,"column":29},"end":{"line":5,"column":49}},"1":{"start":{"line":8,"column":23},"end":{"line":11,"column":2}},"2":{"start":{"line":13,"column":23},"end":{"line":16,"column":2}},"3":{"start":{"line":18,"column":31},"end":{"line":21,"column":2}},"4":{"start":{"line":23,"column":23},"end":{"line":26,"column":2}},"5":{"start":{"line":29,"column":21},"end":{"line":59,"column":1}},"6":{"start":{"line":30,"column":2},"end":{"line":43,"column":5}},"7":{"start":{"line":31,"column":18},"end":{"line":31,"column":49}},"8":{"start":{"line":32,"column":4},"end":{"line":34,"column":5}},"9":{"start":{"line":33,"column":6},"end":{"line":33,"column":55}},"10":{"start":{"line":37,"column":22},"end":{"line":37,"column":80}},"11":{"start":{"line":38,"column":4},"end":{"line":40,"column":5}},"12":{"start":{"line":39,"column":6},"end":{"line":39,"column":49}},"13":{"start":{"line":42,"column":4},"end":{"line":42,"column":18}},"14":{"start":{"line":45,"column":2},"end":{"line":58,"column":4}},"15":{"start":{"line":46,"column":18},"end":{"line":46,"column":26}},"16":{"start":{"line":48,"column":6},"end":{"line":55,"column":7}},"17":{"start":{"line":50,"column":8},"end":{"line":54,"column":9}},"18":{"start":{"line":52,"column":10},"end":{"line":52,"column":45}},"19":{"start":{"line":53,"column":10},"end":{"line":53,"column":42}},"20":{"start":{"line":56,"column":6},"end":{"line":56,"column":35}},"21":{"start":{"line":62,"column":0},"end":{"line":62,"column":22}},"22":{"start":{"line":63,"column":0},"end":{"line":63,"column":22}},"23":{"start":{"line":64,"column":0},"end":{"line":64,"column":30}},"24":{"start":{"line":65,"column":0},"end":{"line":65,"column":22}}},"fnMap":{"0":{"name":"(anonymous_0)","decl":{"start":{"line":29,"column":21},"end":{"line":29,"column":22}},"loc":{"start":{"line":29,"column":38},"end":{"line":59,"column":1}},"line":29},"1":{"name":"(anonymous_1)","decl":{"start":{"line":30,"column":39},"end":{"line":30,"column":40}},"loc":{"start":{"line":30,"column":51},"end":{"line":43,"column":3}},"line":30},"2":{"name":"(anonymous_2)","decl":{"start":{"line":46,"column":4},"end":{"line":46,"column":5}},"loc":{"start":{"line":46,"column":18},"end":{"line":46,"column":26}},"line":46},"3":{"name":"(anonymous_3)","decl":{"start":{"line":47,"column":4},"end":{"line":47,"column":5}},"loc":{"start":{"line":47,"column":15},"end":{"line":57,"column":5}},"line":47}},"branchMap":{"0":{"loc":{"start":{"line":32,"column":4},"end":{"line":34,"column":5}},"type":"if","locations":[{"start":{"line":32,"column":4},"end":{"line":34,"column":5}},{"start":{},"end":{}}],"line":32},"1":{"loc":{"start":{"line":38,"column":4},"end":{"line":40,"column":5}},"type":"if","locations":[{"start":{"line":38,"column":4},"end":{"line":40,"column":5}},{"start":{},"end":{}}],"line":38},"2":{"loc":{"start":{"line":48,"column":6},"end":{"line":55,"column":7}},"type":"if","locations":[{"start":{"line":48,"column":6},"end":{"line":55,"column":7}},{"start":{},"end":{}}],"line":48},"3":{"loc":{"start":{"line":50,"column":8},"end":{"line":54,"column":9}},"type":"if","locations":[{"start":{"line":50,"column":8},"end":{"line":54,"column":9}},{"start":{},"end":{}}],"line":50}},"s":{"0":0,"1":0,"2":0,"3":0,"4":0,"5":0,"6":0,"7":0,"8":0,"9":0,"10":0,"11":0,"12":0,"13":0,"14":0,"15":0,"16":0,"17":0,"18":0,"19":0,"20":0,"21":0,"22":0,"23":0,"24":0},"f":{"0":0,"1":0,"2":0,"3":0},"b":{"0":[0,0],"1":[0,0],"2":[0,0],"3":[0,0]}}
}
