TN:
SF:src\App.jsx
FN:34,(anonymous_0)
FN:39,(anonymous_1)
FN:43,(anonymous_2)
FN:53,(anonymous_3)
FN:100,(anonymous_4)
FN:135,(anonymous_5)
FN:188,(anonymous_6)
FN:195,(anonymous_7)
FN:204,(anonymous_8)
FN:208,(anonymous_9)
FN:209,(anonymous_10)
FN:217,(anonymous_11)
FN:226,(anonymous_12)
FN:232,(anonymous_13)
FN:249,(anonymous_14)
FN:278,(anonymous_15)
FNF:16
FNH:0
FNDA:0,(anonymous_0)
FNDA:0,(anonymous_1)
FNDA:0,(anonymous_2)
FNDA:0,(anonymous_3)
FNDA:0,(anonymous_4)
FNDA:0,(anonymous_5)
FNDA:0,(anonymous_6)
FNDA:0,(anonymous_7)
FNDA:0,(anonymous_8)
FNDA:0,(anonymous_9)
FNDA:0,(anonymous_10)
FNDA:0,(anonymous_11)
FNDA:0,(anonymous_12)
FNDA:0,(anonymous_13)
FNDA:0,(anonymous_14)
FNDA:0,(anonymous_15)
DA:12,1
DA:13,1
DA:14,0
DA:15,0
DA:18,1
DA:25,1
DA:26,1
DA:27,0
DA:28,0
DA:31,1
DA:34,1
DA:35,0
DA:36,0
DA:39,0
DA:43,0
DA:44,0
DA:46,0
DA:51,0
DA:53,0
DA:55,0
DA:58,0
DA:60,0
DA:64,0
DA:66,0
DA:70,0
DA:72,0
DA:73,0
DA:74,0
DA:75,0
DA:76,0
DA:77,0
DA:78,0
DA:79,0
DA:81,0
DA:83,0
DA:84,0
DA:85,0
DA:86,0
DA:90,0
DA:91,0
DA:92,0
DA:93,0
DA:95,0
DA:96,0
DA:100,0
DA:104,0
DA:106,0
DA:109,0
DA:111,0
DA:112,0
DA:113,0
DA:114,0
DA:115,0
DA:116,0
DA:118,0
DA:123,0
DA:124,0
DA:127,0
DA:131,0
DA:132,0
DA:135,0
DA:136,0
DA:139,0
DA:140,0
DA:144,0
DA:145,0
DA:149,0
DA:151,0
DA:152,0
DA:153,0
DA:154,0
DA:155,0
DA:156,0
DA:157,0
DA:158,0
DA:160,0
DA:162,0
DA:163,0
DA:164,0
DA:165,0
DA:166,0
DA:167,0
DA:168,0
DA:169,0
DA:170,0
DA:171,0
DA:175,0
DA:176,0
DA:177,0
DA:178,0
DA:180,0
DA:181,0
DA:184,0
DA:188,0
DA:190,0
DA:191,0
DA:195,0
DA:197,0
DA:198,0
DA:204,0
DA:206,0
DA:207,0
DA:208,0
DA:209,0
DA:210,0
DA:213,0
DA:217,0
DA:219,0
DA:220,0
DA:221,0
DA:223,0
DA:226,0
DA:228,0
DA:229,0
DA:232,0
DA:234,0
DA:235,0
DA:238,0
DA:239,0
DA:249,0
DA:250,0
DA:278,0
DA:279,0
DA:281,0
DA:291,0
DA:292,0
DA:301,0
LF:127
LH:7
BRDA:44,0,0,0
BRDA:44,0,1,0
BRDA:44,1,0,0
BRDA:44,1,1,0
BRDA:58,2,0,0
BRDA:58,2,1,0
BRDA:58,3,0,0
BRDA:58,3,1,0
BRDA:58,3,2,0
BRDA:64,4,0,0
BRDA:64,4,1,0
BRDA:64,5,0,0
BRDA:64,5,1,0
BRDA:64,5,2,0
BRDA:72,6,0,0
BRDA:72,6,1,0
BRDA:73,7,0,0
BRDA:73,7,1,0
BRDA:75,8,0,0
BRDA:75,8,1,0
BRDA:77,9,0,0
BRDA:77,9,1,0
BRDA:77,10,0,0
BRDA:77,10,1,0
BRDA:78,11,0,0
BRDA:78,11,1,0
BRDA:83,12,0,0
BRDA:83,12,1,0
BRDA:83,13,0,0
BRDA:83,13,1,0
BRDA:85,14,0,0
BRDA:85,14,1,0
BRDA:85,15,0,0
BRDA:85,15,1,0
BRDA:91,16,0,0
BRDA:91,16,1,0
BRDA:104,17,0,0
BRDA:104,17,1,0
BRDA:104,18,0,0
BRDA:104,18,1,0
BRDA:104,18,2,0
BRDA:111,19,0,0
BRDA:111,19,1,0
BRDA:111,20,0,0
BRDA:111,20,1,0
BRDA:112,21,0,0
BRDA:112,21,1,0
BRDA:114,22,0,0
BRDA:114,22,1,0
BRDA:114,23,0,0
BRDA:114,23,1,0
BRDA:115,24,0,0
BRDA:115,24,1,0
BRDA:123,25,0,0
BRDA:123,25,1,0
BRDA:139,26,0,0
BRDA:139,26,1,0
BRDA:139,27,0,0
BRDA:139,27,1,0
BRDA:139,27,2,0
BRDA:144,28,0,0
BRDA:144,28,1,0
BRDA:144,29,0,0
BRDA:144,29,1,0
BRDA:144,29,2,0
BRDA:151,30,0,0
BRDA:151,30,1,0
BRDA:152,31,0,0
BRDA:152,31,1,0
BRDA:154,32,0,0
BRDA:154,32,1,0
BRDA:156,33,0,0
BRDA:156,33,1,0
BRDA:156,34,0,0
BRDA:156,34,1,0
BRDA:157,35,0,0
BRDA:157,35,1,0
BRDA:162,36,0,0
BRDA:162,36,1,0
BRDA:162,37,0,0
BRDA:162,37,1,0
BRDA:164,38,0,0
BRDA:164,38,1,0
BRDA:164,39,0,0
BRDA:164,39,1,0
BRDA:166,40,0,0
BRDA:166,40,1,0
BRDA:166,41,0,0
BRDA:166,41,1,0
BRDA:168,42,0,0
BRDA:168,42,1,0
BRDA:168,43,0,0
BRDA:168,43,1,0
BRDA:170,44,0,0
BRDA:170,44,1,0
BRDA:170,45,0,0
BRDA:170,45,1,0
BRDA:176,46,0,0
BRDA:176,46,1,0
BRDA:190,47,0,0
BRDA:190,47,1,0
BRDA:197,48,0,0
BRDA:197,48,1,0
BRDA:220,49,0,0
BRDA:220,49,1,0
BRDA:238,50,0,0
BRDA:238,50,1,0
BRDA:259,51,0,0
BRDA:259,51,1,0
BRDA:267,52,0,0
BRDA:267,52,1,0
BRDA:279,53,0,0
BRDA:279,53,1,0
BRDA:279,54,0,0
BRDA:279,54,1,0
BRDA:279,54,2,0
BRDA:285,55,0,0
BRDA:285,55,1,0
BRDA:291,56,0,0
BRDA:291,56,1,0
BRF:120
BRH:0
end_of_record
TN:
SF:src\components\AuthenticatedApp.jsx
FN:11,(anonymous_0)
FN:11,(anonymous_1)
FN:11,(anonymous_2)
FN:12,(anonymous_3)
FN:12,(anonymous_4)
FN:12,(anonymous_5)
FN:13,(anonymous_6)
FN:13,(anonymous_7)
FN:13,(anonymous_8)
FN:17,(anonymous_9)
FN:22,(anonymous_10)
FN:26,(anonymous_11)
FN:35,(anonymous_12)
FN:43,(anonymous_13)
FN:55,(anonymous_14)
FN:60,(anonymous_15)
FN:94,(anonymous_16)
FN:99,(anonymous_17)
FN:105,(anonymous_18)
FN:111,(anonymous_19)
FN:116,(anonymous_20)
FN:128,(anonymous_21)
FN:163,(anonymous_22)
FN:168,(anonymous_23)
FN:183,(anonymous_24)
FN:193,(anonymous_25)
FN:203,(anonymous_26)
FN:229,(anonymous_27)
FN:234,(anonymous_28)
FN:246,(anonymous_29)
FN:250,(anonymous_30)
FNF:31
FNH:0
FNDA:0,(anonymous_0)
FNDA:0,(anonymous_1)
FNDA:0,(anonymous_2)
FNDA:0,(anonymous_3)
FNDA:0,(anonymous_4)
FNDA:0,(anonymous_5)
FNDA:0,(anonymous_6)
FNDA:0,(anonymous_7)
FNDA:0,(anonymous_8)
FNDA:0,(anonymous_9)
FNDA:0,(anonymous_10)
FNDA:0,(anonymous_11)
FNDA:0,(anonymous_12)
FNDA:0,(anonymous_13)
FNDA:0,(anonymous_14)
FNDA:0,(anonymous_15)
FNDA:0,(anonymous_16)
FNDA:0,(anonymous_17)
FNDA:0,(anonymous_18)
FNDA:0,(anonymous_19)
FNDA:0,(anonymous_20)
FNDA:0,(anonymous_21)
FNDA:0,(anonymous_22)
FNDA:0,(anonymous_23)
FNDA:0,(anonymous_24)
FNDA:0,(anonymous_25)
FNDA:0,(anonymous_26)
FNDA:0,(anonymous_27)
FNDA:0,(anonymous_28)
FNDA:0,(anonymous_29)
FNDA:0,(anonymous_30)
DA:11,0
DA:12,0
DA:13,0
DA:18,0
DA:19,0
DA:23,0
DA:27,0
DA:28,0
DA:30,0
DA:31,0
DA:36,0
DA:37,0
DA:43,0
DA:51,0
DA:55,0
DA:56,0
DA:57,0
DA:60,0
DA:61,0
DA:64,0
DA:65,0
DA:69,0
DA:70,0
DA:71,0
DA:72,0
DA:77,0
DA:78,0
DA:79,0
DA:80,0
DA:85,0
DA:86,0
DA:87,0
DA:89,0
DA:92,0
DA:94,0
DA:95,0
DA:99,0
DA:100,0
DA:101,0
DA:105,0
DA:112,0
DA:113,0
DA:117,0
DA:118,0
DA:128,0
DA:129,0
DA:136,0
DA:164,0
DA:165,0
DA:169,0
DA:170,0
DA:183,0
DA:193,0
DA:203,0
DA:230,0
DA:231,0
DA:235,0
DA:236,0
DA:247,0
DA:251,0
DA:252,0
DA:254,0
LF:62
LH:0
BRDA:30,0,0,0
BRDA:30,0,1,0
BRDA:36,1,0,0
BRDA:36,1,1,0
BRDA:64,2,0,0
BRDA:64,2,1,0
BRDA:71,3,0,0
BRDA:71,3,1,0
BRDA:79,4,0,0
BRDA:79,4,1,0
BRDA:85,5,0,0
BRDA:85,5,1,0
BRDA:86,6,0,0
BRDA:86,6,1,0
BRDA:87,7,0,0
BRDA:87,7,1,0
BRDA:104,8,0,0
BRDA:104,8,1,0
BRDA:112,9,0,0
BRDA:112,9,1,0
BRDA:117,10,0,0
BRDA:117,10,1,0
BRDA:152,11,0,0
BRDA:152,11,1,0
BRDA:164,12,0,0
BRDA:164,12,1,0
BRDA:169,13,0,0
BRDA:169,13,1,0
BRDA:182,14,0,0
BRDA:182,14,1,0
BRDA:192,15,0,0
BRDA:192,15,1,0
BRDA:202,16,0,0
BRDA:202,16,1,0
BRDA:218,17,0,0
BRDA:218,17,1,0
BRDA:230,18,0,0
BRDA:230,18,1,0
BRDA:235,19,0,0
BRDA:235,19,1,0
BRDA:249,20,0,0
BRDA:249,20,1,0
BRDA:251,21,0,0
BRDA:251,21,1,0
BRF:44
BRH:0
end_of_record
TN:
SF:src\components\Dashboard.jsx
FN:33,(anonymous_0)
FN:58,(anonymous_1)
FN:62,(anonymous_2)
FN:74,(anonymous_3)
FN:78,(anonymous_4)
FN:82,(anonymous_5)
FN:96,(anonymous_6)
FN:97,(anonymous_7)
FN:98,(anonymous_8)
FN:99,(anonymous_9)
FN:105,(anonymous_10)
FN:106,(anonymous_11)
FN:107,(anonymous_12)
FN:108,(anonymous_13)
FN:114,(anonymous_14)
FN:120,(anonymous_15)
FN:125,(anonymous_16)
FN:143,(anonymous_17)
FN:163,(anonymous_18)
FN:183,(anonymous_19)
FN:214,(anonymous_20)
FN:233,(anonymous_21)
FN:292,(anonymous_22)
FN:295,(anonymous_23)
FN:346,(anonymous_24)
FN:528,(anonymous_25)
FN:529,(anonymous_26)
FN:600,(anonymous_27)
FNF:28
FNH:0
FNDA:0,(anonymous_0)
FNDA:0,(anonymous_1)
FNDA:0,(anonymous_2)
FNDA:0,(anonymous_3)
FNDA:0,(anonymous_4)
FNDA:0,(anonymous_5)
FNDA:0,(anonymous_6)
FNDA:0,(anonymous_7)
FNDA:0,(anonymous_8)
FNDA:0,(anonymous_9)
FNDA:0,(anonymous_10)
FNDA:0,(anonymous_11)
FNDA:0,(anonymous_12)
FNDA:0,(anonymous_13)
FNDA:0,(anonymous_14)
FNDA:0,(anonymous_15)
FNDA:0,(anonymous_16)
FNDA:0,(anonymous_17)
FNDA:0,(anonymous_18)
FNDA:0,(anonymous_19)
FNDA:0,(anonymous_20)
FNDA:0,(anonymous_21)
FNDA:0,(anonymous_22)
FNDA:0,(anonymous_23)
FNDA:0,(anonymous_24)
FNDA:0,(anonymous_25)
FNDA:0,(anonymous_26)
FNDA:0,(anonymous_27)
DA:21,0
DA:33,0
DA:34,0
DA:54,0
DA:55,0
DA:56,0
DA:58,0
DA:59,0
DA:62,0
DA:63,0
DA:64,0
DA:65,0
DA:67,0
DA:68,0
DA:69,0
DA:73,0
DA:75,0
DA:76,0
DA:79,0
DA:80,0
DA:83,0
DA:84,0
DA:88,0
DA:89,0
DA:90,0
DA:93,0
DA:94,0
DA:96,0
DA:97,0
DA:98,0
DA:100,0
DA:105,0
DA:106,0
DA:107,0
DA:108,0
DA:112,0
DA:114,0
DA:118,0
DA:120,0
DA:124,0
DA:125,0
DA:128,0
DA:136,0
DA:137,0
DA:139,0
DA:143,0
DA:144,0
DA:163,0
DA:183,0
DA:214,0
DA:233,0
DA:235,0
DA:236,0
DA:237,0
DA:238,0
DA:239,0
DA:240,0
DA:243,0
DA:264,0
DA:279,0
DA:293,0
DA:294,0
DA:295,0
DA:296,0
DA:297,0
DA:308,0
DA:334,0
DA:346,0
DA:347,0
DA:348,0
DA:365,0
DA:366,0
DA:375,0
DA:376,0
DA:386,0
DA:529,0
DA:530,0
DA:531,0
DA:535,0
DA:538,0
DA:540,0
DA:561,0
DA:563,0
DA:601,0
LF:84
LH:0
BRDA:67,0,0,0
BRDA:67,0,1,0
BRDA:88,1,0,0
BRDA:88,1,1,0
BRDA:88,1,2,0
BRDA:89,2,0,0
BRDA:89,2,1,0
BRDA:89,2,2,0
BRDA:90,3,0,0
BRDA:90,3,1,0
BRDA:90,3,2,0
BRDA:100,4,0,0
BRDA:100,4,1,0
BRDA:100,4,2,0
BRDA:100,4,3,0
BRDA:154,5,0,0
BRDA:154,5,1,0
BRDA:294,6,0,0
BRDA:294,6,1,0
BRDA:294,7,0,0
BRDA:294,7,1,0
BRDA:347,8,0,0
BRDA:347,8,1,0
BRDA:365,9,0,0
BRDA:365,9,1,0
BRDA:375,10,0,0
BRDA:375,10,1,0
BRDA:420,11,0,0
BRDA:420,11,1,0
BRDA:525,12,0,0
BRDA:525,12,1,0
BRDA:530,13,0,0
BRDA:530,13,1,0
BRDA:531,14,0,0
BRDA:531,14,1,0
BRDA:531,14,2,0
BRDA:538,15,0,0
BRDA:538,15,1,0
BRDA:567,16,0,0
BRDA:567,16,1,0
BRDA:571,17,0,0
BRDA:571,17,1,0
BRDA:580,18,0,0
BRDA:580,18,1,0
BRDA:586,19,0,0
BRDA:586,19,1,0
BRDA:594,20,0,0
BRDA:594,20,1,0
BRDA:601,21,0,0
BRDA:601,21,1,0
BRDA:605,22,0,0
BRDA:605,22,1,0
BRDA:607,23,0,0
BRDA:607,23,1,0
BRDA:607,24,0,0
BRDA:607,24,1,0
BRDA:617,25,0,0
BRDA:617,25,1,0
BRF:58
BRH:0
end_of_record
TN:
SF:src\components\ErrorTesting.jsx
FN:5,(anonymous_0)
FN:10,(anonymous_1)
FN:11,(anonymous_2)
FN:23,(anonymous_3)
FN:30,(anonymous_4)
FN:39,(anonymous_5)
FN:44,(anonymous_6)
FN:50,(anonymous_7)
FN:55,(anonymous_8)
FN:62,(anonymous_9)
FN:66,(anonymous_10)
FN:72,(anonymous_11)
FN:103,(anonymous_12)
FN:123,(anonymous_13)
FN:143,(anonymous_14)
FN:178,(anonymous_15)
FN:186,(anonymous_16)
FN:194,(anonymous_17)
FN:199,(anonymous_18)
FN:200,(anonymous_19)
FN:212,(anonymous_20)
FN:219,(anonymous_21)
FN:234,(anonymous_22)
FN:248,(anonymous_23)
FN:256,(anonymous_24)
FN:262,(anonymous_25)
FN:267,(anonymous_26)
FN:278,(anonymous_27)
FN:289,(anonymous_28)
FN:294,(anonymous_29)
FN:297,(anonymous_30)
FNF:31
FNH:0
FNDA:0,(anonymous_0)
FNDA:0,(anonymous_1)
FNDA:0,(anonymous_2)
FNDA:0,(anonymous_3)
FNDA:0,(anonymous_4)
FNDA:0,(anonymous_5)
FNDA:0,(anonymous_6)
FNDA:0,(anonymous_7)
FNDA:0,(anonymous_8)
FNDA:0,(anonymous_9)
FNDA:0,(anonymous_10)
FNDA:0,(anonymous_11)
FNDA:0,(anonymous_12)
FNDA:0,(anonymous_13)
FNDA:0,(anonymous_14)
FNDA:0,(anonymous_15)
FNDA:0,(anonymous_16)
FNDA:0,(anonymous_17)
FNDA:0,(anonymous_18)
FNDA:0,(anonymous_19)
FNDA:0,(anonymous_20)
FNDA:0,(anonymous_21)
FNDA:0,(anonymous_22)
FNDA:0,(anonymous_23)
FNDA:0,(anonymous_24)
FNDA:0,(anonymous_25)
FNDA:0,(anonymous_26)
FNDA:0,(anonymous_27)
FNDA:0,(anonymous_28)
FNDA:0,(anonymous_29)
FNDA:0,(anonymous_30)
DA:5,0
DA:6,0
DA:7,0
DA:10,0
DA:11,0
DA:12,0
DA:13,0
DA:14,0
DA:16,0
DA:17,0
DA:19,0
DA:23,0
DA:24,0
DA:25,0
DA:28,0
DA:30,0
DA:31,0
DA:32,0
DA:35,0
DA:39,0
DA:40,0
DA:44,0
DA:45,0
DA:46,0
DA:50,0
DA:51,0
DA:52,0
DA:55,0
DA:56,0
DA:57,0
DA:58,0
DA:62,0
DA:63,0
DA:64,0
DA:66,0
DA:67,0
DA:68,0
DA:72,0
DA:73,0
DA:76,0
DA:77,0
DA:85,0
DA:86,0
DA:88,0
DA:92,0
DA:93,0
DA:96,0
DA:97,0
DA:99,0
DA:103,0
DA:104,0
DA:105,0
DA:106,0
DA:109,0
DA:110,0
DA:111,0
DA:113,0
DA:114,0
DA:118,0
DA:119,0
DA:120,0
DA:123,0
DA:124,0
DA:125,0
DA:126,0
DA:129,0
DA:130,0
DA:131,0
DA:133,0
DA:134,0
DA:138,0
DA:139,0
DA:140,0
DA:143,0
DA:144,0
DA:145,0
DA:147,0
DA:149,0
DA:151,0
DA:152,0
DA:153,0
DA:154,0
DA:155,0
DA:157,0
DA:158,0
DA:163,0
DA:164,0
DA:166,0
DA:167,0
DA:168,0
DA:169,0
DA:170,0
DA:172,0
DA:173,0
DA:178,0
DA:179,0
DA:181,0
DA:182,0
DA:186,0
DA:187,0
DA:189,0
DA:190,0
DA:194,0
DA:195,0
DA:197,0
DA:199,0
DA:200,0
DA:201,0
DA:205,0
DA:206,0
DA:207,0
DA:212,0
DA:213,0
DA:216,0
DA:219,0
DA:220,0
DA:222,0
DA:224,0
DA:225,0
DA:227,0
DA:228,0
DA:229,0
DA:234,0
DA:235,0
DA:237,0
DA:239,0
DA:241,0
DA:242,0
DA:243,0
DA:248,0
DA:249,0
DA:252,0
DA:253,0
DA:256,0
DA:257,0
DA:262,0
DA:263,0
DA:264,0
DA:267,0
DA:268,0
DA:269,0
DA:273,0
DA:274,0
DA:275,0
DA:278,0
DA:279,0
DA:289,0
DA:290,0
DA:291,0
DA:294,0
DA:295,0
DA:296,0
DA:297,0
DA:300,0
DA:302,0
LF:155
LH:0
BRDA:16,0,0,0
BRDA:16,0,1,0
BRDA:109,1,0,0
BRDA:109,1,1,0
BRDA:129,2,0,0
BRDA:129,2,1,0
BRDA:153,3,0,0
BRDA:153,3,1,0
BRDA:168,4,0,0
BRDA:168,4,1,0
BRDA:181,5,0,0
BRDA:181,5,1,0
BRDA:189,6,0,0
BRDA:189,6,1,0
BRDA:206,7,0,0
BRDA:206,7,1,0
BRDA:228,8,0,0
BRDA:228,8,1,0
BRDA:242,9,0,0
BRDA:242,9,1,0
BRDA:333,10,0,0
BRDA:333,10,1,0
BRDA:334,11,0,0
BRDA:334,11,1,0
BRDA:339,12,0,0
BRDA:339,12,1,0
BRDA:340,13,0,0
BRDA:340,13,1,0
BRDA:345,14,0,0
BRDA:345,14,1,0
BRDA:346,15,0,0
BRDA:346,15,1,0
BRDA:358,16,0,0
BRDA:358,16,1,0
BRDA:359,17,0,0
BRDA:359,17,1,0
BRDA:364,18,0,0
BRDA:364,18,1,0
BRDA:365,19,0,0
BRDA:365,19,1,0
BRDA:370,20,0,0
BRDA:370,20,1,0
BRDA:371,21,0,0
BRDA:371,21,1,0
BRDA:575,22,0,0
BRDA:575,22,1,0
BRF:46
BRH:0
end_of_record
TN:
SF:src\components\FloatingMessageManager.jsx
FN:4,(anonymous_0)
FN:7,(anonymous_1)
FN:9,(anonymous_2)
FN:13,(anonymous_3)
FN:17,(anonymous_4)
FN:21,(anonymous_5)
FN:25,(anonymous_6)
FN:34,(anonymous_7)
FN:38,(anonymous_8)
FN:41,(anonymous_9)
FN:42,(anonymous_10)
FN:42,(anonymous_11)
FN:46,(anonymous_12)
FN:47,(anonymous_13)
FN:47,(anonymous_14)
FN:52,(anonymous_15)
FN:62,(anonymous_16)
FNF:17
FNH:0
FNDA:0,(anonymous_0)
FNDA:0,(anonymous_1)
FNDA:0,(anonymous_2)
FNDA:0,(anonymous_3)
FNDA:0,(anonymous_4)
FNDA:0,(anonymous_5)
FNDA:0,(anonymous_6)
FNDA:0,(anonymous_7)
FNDA:0,(anonymous_8)
FNDA:0,(anonymous_9)
FNDA:0,(anonymous_10)
FNDA:0,(anonymous_11)
FNDA:0,(anonymous_12)
FNDA:0,(anonymous_13)
FNDA:0,(anonymous_14)
FNDA:0,(anonymous_15)
FNDA:0,(anonymous_16)
DA:4,0
DA:5,0
DA:7,0
DA:9,0
DA:10,0
DA:13,0
DA:14,0
DA:17,0
DA:18,0
DA:21,0
DA:22,0
DA:25,0
DA:27,0
DA:28,0
DA:29,0
DA:30,0
DA:34,0
DA:35,0
DA:36,0
DA:38,0
DA:41,0
DA:42,0
DA:46,0
DA:47,0
DA:50,0
DA:53,0
DA:62,0
LF:27
LH:0
BRF:0
BRH:0
end_of_record
TN:
SF:src\components\IdleTimeoutDebug.jsx
FN:8,(anonymous_0)
FN:20,(anonymous_1)
FNF:2
FNH:0
FNDA:0,(anonymous_0)
FNDA:0,(anonymous_1)
DA:8,0
DA:18,0
DA:20,0
DA:24,0
LF:4
LH:0
BRDA:37,0,0,0
BRDA:37,0,1,0
BRDA:38,1,0,0
BRDA:38,1,1,0
BRDA:43,2,0,0
BRDA:43,2,1,0
BRDA:44,3,0,0
BRDA:44,3,1,0
BRDA:49,4,0,0
BRDA:49,4,1,0
BRDA:50,5,0,0
BRDA:50,5,1,0
BRDA:76,6,0,0
BRDA:76,6,1,0
BRF:14
BRH:0
end_of_record
TN:
SF:src\components\IdleTimeoutTest.jsx
FN:9,(anonymous_0)
FN:34,(anonymous_1)
FN:35,(anonymous_2)
FN:36,(anonymous_3)
FN:48,(anonymous_4)
FN:52,(anonymous_5)
FN:53,(anonymous_6)
FN:59,(anonymous_7)
FN:67,(anonymous_8)
FN:76,(anonymous_9)
FN:85,(anonymous_10)
FN:189,(anonymous_11)
FN:189,(anonymous_12)
FN:202,(anonymous_13)
FN:202,(anonymous_14)
FN:214,(anonymous_15)
FN:214,(anonymous_16)
FN:299,(anonymous_17)
FNF:18
FNH:0
FNDA:0,(anonymous_0)
FNDA:0,(anonymous_1)
FNDA:0,(anonymous_2)
FNDA:0,(anonymous_3)
FNDA:0,(anonymous_4)
FNDA:0,(anonymous_5)
FNDA:0,(anonymous_6)
FNDA:0,(anonymous_7)
FNDA:0,(anonymous_8)
FNDA:0,(anonymous_9)
FNDA:0,(anonymous_10)
FNDA:0,(anonymous_11)
FNDA:0,(anonymous_12)
FNDA:0,(anonymous_13)
FNDA:0,(anonymous_14)
FNDA:0,(anonymous_15)
FNDA:0,(anonymous_16)
FNDA:0,(anonymous_17)
DA:9,0
DA:24,0
DA:26,0
DA:32,0
DA:34,0
DA:35,0
DA:36,0
DA:47,0
DA:48,0
DA:49,0
DA:52,0
DA:53,0
DA:54,0
DA:59,0
DA:60,0
DA:67,0
DA:68,0
DA:69,0
DA:76,0
DA:77,0
DA:78,0
DA:85,0
DA:86,0
DA:91,0
DA:98,0
DA:189,0
DA:202,0
DA:214,0
DA:300,0
LF:29
LH:0
BRDA:41,0,0,0
BRDA:41,0,1,0
BRDA:125,1,0,0
BRDA:125,1,1,0
BRDA:126,2,0,0
BRDA:126,2,1,0
BRDA:131,3,0,0
BRDA:131,3,1,0
BRDA:132,4,0,0
BRDA:132,4,1,0
BRDA:137,5,0,0
BRDA:137,5,1,0
BRDA:138,6,0,0
BRDA:138,6,1,0
BRDA:161,7,0,0
BRDA:161,7,1,0
BRDA:189,8,0,0
BRDA:189,8,1,0
BRDA:202,9,0,0
BRDA:202,9,1,0
BRDA:311,10,0,0
BRDA:311,10,1,0
BRF:22
BRH:0
end_of_record
TN:
SF:src\components\LoginForm.jsx
FN:6,(anonymous_0)
FN:25,(anonymous_1)
FN:44,(anonymous_2)
FN:54,(anonymous_3)
FN:69,(anonymous_4)
FN:166,(anonymous_5)
FN:205,(anonymous_6)
FN:220,(anonymous_7)
FNF:8
FNH:0
FNDA:0,(anonymous_0)
FNDA:0,(anonymous_1)
FNDA:0,(anonymous_2)
FNDA:0,(anonymous_3)
FNDA:0,(anonymous_4)
FNDA:0,(anonymous_5)
FNDA:0,(anonymous_6)
FNDA:0,(anonymous_7)
DA:6,0
DA:7,0
DA:10,0
DA:11,0
DA:15,0
DA:16,0
DA:19,0
DA:25,0
DA:26,0
DA:28,0
DA:29,0
DA:30,0
DA:37,0
DA:41,0
DA:44,0
DA:45,0
DA:49,0
DA:50,0
DA:51,0
DA:52,0
DA:54,0
DA:55,0
DA:60,0
DA:61,0
DA:62,0
DA:69,0
DA:70,0
DA:71,0
DA:73,0
DA:74,0
DA:75,0
DA:77,0
DA:80,0
DA:81,0
DA:83,0
DA:84,0
DA:85,0
DA:86,0
DA:87,0
DA:90,0
DA:91,0
DA:93,0
DA:94,0
DA:96,0
DA:97,0
DA:99,0
DA:101,0
DA:102,0
DA:105,0
DA:107,0
DA:108,0
DA:110,0
DA:112,0
DA:114,0
DA:115,0
DA:116,0
DA:118,0
DA:119,0
DA:122,0
DA:123,0
DA:126,0
DA:128,0
DA:129,0
DA:132,0
DA:135,0
DA:138,0
DA:166,0
DA:205,0
DA:221,0
DA:222,0
LF:70
LH:0
BRDA:10,0,0,0
BRDA:10,0,1,0
BRDA:10,1,0,0
BRDA:10,1,1,0
BRDA:15,2,0,0
BRDA:15,2,1,0
BRDA:15,3,0,0
BRDA:15,3,1,0
BRDA:29,4,0,0
BRDA:29,4,1,0
BRDA:29,5,0,0
BRDA:29,5,1,0
BRDA:60,6,0,0
BRDA:60,6,1,0
BRDA:61,7,0,0
BRDA:61,7,1,0
BRDA:83,8,0,0
BRDA:83,8,1,0
BRDA:101,9,0,0
BRDA:101,9,1,0
BRDA:112,10,0,0
BRDA:112,10,1,0
BRDA:114,11,0,0
BRDA:114,11,1,0
BRDA:116,12,0,0
BRDA:116,12,1,0
BRDA:122,13,0,0
BRDA:122,13,1,0
BRDA:128,14,0,0
BRDA:128,14,1,0
BRDA:159,15,0,0
BRDA:159,15,1,0
BRDA:170,16,0,0
BRDA:170,16,1,0
BRDA:181,17,0,0
BRDA:181,17,1,0
BRDA:190,18,0,0
BRDA:190,18,1,0
BRDA:191,19,0,0
BRDA:191,19,1,0
BRDA:207,20,0,0
BRDA:207,20,1,0
BRDA:209,21,0,0
BRDA:209,21,1,0
BRDA:225,22,0,0
BRDA:225,22,1,0
BRF:46
BRH:0
end_of_record
TN:
SF:src\components\ReduxTest.jsx
FN:3,(anonymous_0)
FN:65,(anonymous_1)
FN:83,(anonymous_2)
FNF:3
FNH:0
FNDA:0,(anonymous_0)
FNDA:0,(anonymous_1)
FNDA:0,(anonymous_2)
DA:3,0
DA:8,0
DA:9,0
DA:10,0
DA:11,0
DA:12,0
DA:15,0
DA:16,0
DA:17,0
DA:19,0
DA:20,0
DA:21,0
DA:22,0
DA:24,0
DA:25,0
DA:33,0
DA:66,0
DA:68,0
DA:69,0
DA:74,0
DA:75,0
DA:84,0
DA:85,0
DA:86,0
DA:87,0
LF:25
LH:0
BRDA:40,0,0,0
BRDA:40,0,1,0
BRDA:40,1,0,0
BRDA:40,1,1,0
BRDA:41,2,0,0
BRDA:41,2,1,0
BRDA:42,3,0,0
BRDA:42,3,1,0
BRDA:48,4,0,0
BRDA:48,4,1,0
BRDA:49,5,0,0
BRDA:49,5,1,0
BRDA:50,6,0,0
BRDA:50,6,1,0
BRDA:57,7,0,0
BRDA:57,7,1,0
BRDA:58,8,0,0
BRDA:58,8,1,0
BRDA:68,9,0,0
BRDA:68,9,1,0
BRDA:74,10,0,0
BRDA:74,10,1,0
BRDA:75,11,0,0
BRDA:75,11,1,0
BRF:24
BRH:0
end_of_record
TN:
SF:src\config\shellConfig.js
FNF:0
FNH:0
DA:13,0
DA:69,0
LF:2
LH:0
BRF:0
BRH:0
end_of_record
TN:
SF:src\utils\api.js
FN:29,(anonymous_0)
FN:30,(anonymous_1)
FN:46,(anonymous_2)
FN:47,(anonymous_3)
FNF:4
FNH:0
FNDA:0,(anonymous_0)
FNDA:0,(anonymous_1)
FNDA:0,(anonymous_2)
FNDA:0,(anonymous_3)
DA:5,0
DA:8,0
DA:13,0
DA:18,0
DA:23,0
DA:29,0
DA:30,0
DA:31,0
DA:32,0
DA:33,0
DA:37,0
DA:38,0
DA:39,0
DA:42,0
DA:45,0
DA:46,0
DA:48,0
DA:50,0
DA:52,0
DA:53,0
DA:56,0
DA:62,0
DA:63,0
DA:64,0
DA:65,0
LF:25
LH:0
BRDA:32,0,0,0
BRDA:32,0,1,0
BRDA:38,1,0,0
BRDA:38,1,1,0
BRDA:48,2,0,0
BRDA:48,2,1,0
BRDA:50,3,0,0
BRDA:50,3,1,0
BRF:8
BRH:0
end_of_record


TN:
SF:src\TaskManagement.jsx
FN:11,(anonymous_0)
FN:14,(anonymous_1)
FN:18,(anonymous_2)
FN:20,(anonymous_3)
FN:28,(anonymous_4)
FNF:5
FNH:0
FNDA:0,(anonymous_0)
FNDA:0,(anonymous_1)
FNDA:0,(anonymous_2)
FNDA:0,(anonymous_3)
FNDA:0,(anonymous_4)
DA:11,0
DA:12,0
DA:15,0
DA:19,0
DA:21,0
DA:28,0
DA:62,0
DA:64,0
DA:65,0
DA:80,0
LF:10
LH:0
BRDA:11,0,0,0
BRDA:11,1,0,0
BRDA:64,2,0,0
BRDA:64,2,1,0
BRDA:99,3,0,0
BRDA:99,3,1,0
BRDA:100,4,0,0
BRDA:100,4,1,0
BRDA:110,5,0,0
BRDA:110,5,1,0
BRDA:118,6,0,0
BRDA:118,6,1,0
BRDA:119,7,0,0
BRDA:119,7,1,0
BRF:14
BRH:0
end_of_record
TN:
SF:src\TaskManagementRedux.jsx
FN:9,(anonymous_0)
FN:12,(anonymous_1)
FN:16,(anonymous_2)
FN:18,(anonymous_3)
FN:26,(anonymous_4)
FN:58,(anonymous_5)
FN:58,(anonymous_6)
FN:59,(anonymous_7)
FN:59,(anonymous_8)
FN:60,(anonymous_9)
FN:62,(anonymous_10)
FN:62,(anonymous_11)
FN:63,(anonymous_12)
FN:79,(anonymous_13)
FN:85,(anonymous_14)
FN:129,(anonymous_15)
FN:140,(anonymous_16)
FN:145,(anonymous_17)
FN:150,(anonymous_18)
FN:166,(anonymous_19)
FN:174,(anonymous_20)
FN:178,(anonymous_21)
FN:182,(anonymous_22)
FN:232,(anonymous_23)
FN:244,(anonymous_24)
FN:278,(anonymous_25)
FNF:26
FNH:0
FNDA:0,(anonymous_0)
FNDA:0,(anonymous_1)
FNDA:0,(anonymous_2)
FNDA:0,(anonymous_3)
FNDA:0,(anonymous_4)
FNDA:0,(anonymous_5)
FNDA:0,(anonymous_6)
FNDA:0,(anonymous_7)
FNDA:0,(anonymous_8)
FNDA:0,(anonymous_9)
FNDA:0,(anonymous_10)
FNDA:0,(anonymous_11)
FNDA:0,(anonymous_12)
FNDA:0,(anonymous_13)
FNDA:0,(anonymous_14)
FNDA:0,(anonymous_15)
FNDA:0,(anonymous_16)
FNDA:0,(anonymous_17)
FNDA:0,(anonymous_18)
FNDA:0,(anonymous_19)
FNDA:0,(anonymous_20)
FNDA:0,(anonymous_21)
FNDA:0,(anonymous_22)
FNDA:0,(anonymous_23)
FNDA:0,(anonymous_24)
FNDA:0,(anonymous_25)
DA:9,0
DA:10,0
DA:13,0
DA:17,0
DA:19,0
DA:26,0
DA:32,0
DA:33,0
DA:34,0
DA:35,0
DA:36,0
DA:39,0
DA:40,0
DA:41,0
DA:43,0
DA:45,0
DA:47,0
DA:48,0
DA:49,0
DA:51,0
DA:58,0
DA:59,0
DA:60,0
DA:62,0
DA:63,0
DA:67,0
DA:68,0
DA:72,0
DA:73,0
DA:74,0
DA:75,0
DA:76,0
DA:79,0
DA:80,0
DA:81,0
DA:85,0
DA:86,0
DA:119,0
DA:120,0
DA:122,0
DA:123,0
DA:129,0
DA:130,0
DA:134,0
DA:135,0
DA:137,0
DA:140,0
DA:141,0
DA:142,0
DA:145,0
DA:146,0
DA:147,0
DA:150,0
DA:151,0
DA:153,0
DA:154,0
DA:158,0
DA:159,0
DA:162,0
DA:163,0
DA:166,0
DA:167,0
DA:168,0
DA:169,0
DA:174,0
DA:175,0
DA:178,0
DA:179,0
DA:182,0
DA:183,0
DA:186,0
DA:187,0
DA:196,0
DA:197,0
DA:207,0
DA:232,0
DA:244,0
DA:279,0
DA:280,0
LF:79
LH:0
BRDA:9,0,0,0
BRDA:9,1,0,0
BRDA:60,2,0,0
BRDA:60,2,1,0
BRDA:80,3,0,0
BRDA:80,3,1,0
BRDA:119,4,0,0
BRDA:119,4,1,0
BRDA:122,5,0,0
BRDA:122,5,1,0
BRDA:129,6,0,0
BRDA:129,6,1,0
BRDA:130,7,0,0
BRDA:130,7,1,0
BRDA:130,7,2,0
BRDA:134,8,0,0
BRDA:134,8,1,0
BRDA:135,9,0,0
BRDA:135,9,1,0
BRDA:137,10,0,0
BRDA:137,10,1,0
BRDA:137,10,2,0
BRDA:151,11,0,0
BRDA:151,11,1,0
BRDA:153,12,0,0
BRDA:153,12,1,0
BRDA:158,13,0,0
BRDA:158,13,1,0
BRDA:167,14,0,0
BRDA:167,14,1,0
BRDA:168,15,0,0
BRDA:168,15,1,0
BRDA:186,16,0,0
BRDA:186,16,1,0
BRDA:196,17,0,0
BRDA:196,17,1,0
BRDA:212,18,0,0
BRDA:212,18,1,0
BRDA:254,19,0,0
BRDA:254,19,1,0
BRDA:258,20,0,0
BRDA:258,20,1,0
BRDA:258,21,0,0
BRDA:258,21,1,0
BRDA:258,21,2,0
BRDA:274,22,0,0
BRDA:274,22,1,0
BRF:47
BRH:0
end_of_record
TN:
SF:src\bootstrap.jsx
FNF:0
FNH:0
DA:6,0
DA:7,0
DA:8,0
LF:3
LH:0
BRDA:6,0,0,0
BRDA:6,0,1,0
BRF:2
BRH:0
end_of_record
TN:
SF:src\index.jsx
FNF:0
FNH:0
DA:1,0
LF:1
LH:0
BRF:0
BRH:0
end_of_record
TN:
SF:src\test-utils.js
FN:13,(anonymous_0)
FN:25,(anonymous_1)
FN:35,(anonymous_2)
FN:38,(anonymous_3)
FN:44,(anonymous_4)
FN:58,(anonymous_5)
FN:68,(anonymous_6)
FN:69,(anonymous_7)
FN:78,(anonymous_8)
FN:81,(anonymous_9)
FN:82,(anonymous_10)
FN:86,(anonymous_11)
FN:91,(anonymous_12)
FN:96,(anonymous_13)
FN:97,(anonymous_14)
FN:101,(anonymous_15)
FN:105,(anonymous_16)
FN:109,(anonymous_17)
FNF:18
FNH:0
FNDA:0,(anonymous_0)
FNDA:0,(anonymous_1)
FNDA:0,(anonymous_2)
FNDA:0,(anonymous_3)
FNDA:0,(anonymous_4)
FNDA:0,(anonymous_5)
FNDA:0,(anonymous_6)
FNDA:0,(anonymous_7)
FNDA:0,(anonymous_8)
FNDA:0,(anonymous_9)
FNDA:0,(anonymous_10)
FNDA:0,(anonymous_11)
FNDA:0,(anonymous_12)
FNDA:0,(anonymous_13)
FNDA:0,(anonymous_14)
FNDA:0,(anonymous_15)
FNDA:0,(anonymous_16)
FNDA:0,(anonymous_17)
DA:13,0
DA:14,0
DA:25,0
DA:26,0
DA:35,0
DA:36,0
DA:37,0
DA:38,0
DA:44,0
DA:58,0
DA:68,0
DA:69,0
DA:70,0
DA:78,0
DA:81,0
DA:82,0
DA:86,0
DA:87,0
DA:91,0
DA:92,0
DA:96,0
DA:97,0
DA:101,0
DA:102,0
DA:105,0
DA:106,0
DA:109,0
DA:110,0
LF:28
LH:0
BRDA:13,0,0,0
BRDA:25,1,0,0
BRDA:35,2,0,0
BRDA:44,3,0,0
BRDA:58,4,0,0
BRDA:68,5,0,0
BRDA:78,6,0,0
BRDA:79,7,0,0
BRDA:79,7,1,0
BRF:9
BRH:0
end_of_record
TN:
SF:src\components\ErrorBoundary.jsx
FN:4,(anonymous_0)
FN:9,(anonymous_1)
FN:13,(anonymous_2)
FN:22,(anonymous_3)
FN:30,(anonymous_4)
FNF:5
FNH:0
FNDA:0,(anonymous_0)
FNDA:0,(anonymous_1)
FNDA:0,(anonymous_2)
FNDA:0,(anonymous_3)
FNDA:0,(anonymous_4)
DA:5,0
DA:6,0
DA:10,0
DA:14,0
DA:15,0
DA:17,0
DA:18,0
DA:23,0
DA:24,0
DA:30,0
DA:38,0
LF:11
LH:0
BRDA:17,0,0,0
BRDA:17,0,1,0
BRDA:23,1,0,0
BRDA:23,1,1,0
BRF:4
BRH:0
end_of_record
TN:
SF:src\components\Pagination.jsx
FN:4,(anonymous_0)
FN:15,(anonymous_1)
FN:77,(anonymous_2)
FN:93,(anonymous_3)
FN:101,(anonymous_4)
FN:108,(anonymous_5)
FN:121,(anonymous_6)
FNF:7
FNH:7
FNDA:27,(anonymous_0)
FNDA:27,(anonymous_1)
FNDA:3,(anonymous_2)
FNDA:1,(anonymous_3)
FNDA:133,(anonymous_4)
FNDA:2,(anonymous_5)
FNDA:1,(anonymous_6)
DA:4,1
DA:15,27
DA:16,27
DA:17,27
DA:19,27
DA:21,19
DA:22,81
DA:26,8
DA:27,8
DA:29,8
DA:30,5
DA:31,5
DA:32,5
DA:36,8
DA:37,31
DA:40,8
DA:41,6
DA:42,6
DA:44,6
DA:48,27
DA:51,27
DA:52,27
DA:53,27
DA:55,27
DA:56,3
DA:65,24
DA:77,3
DA:93,1
DA:102,133
DA:108,2
DA:121,1
LF:31
LH:31
BRDA:19,0,0,19
BRDA:19,0,1,8
BRDA:29,1,0,5
BRDA:29,1,1,3
BRDA:31,2,0,5
BRDA:31,2,1,0
BRDA:40,3,0,6
BRDA:40,3,1,2
BRDA:41,4,0,6
BRDA:41,4,1,0
BRDA:55,5,0,3
BRDA:55,5,1,24
BRDA:90,6,0,22
BRDA:90,6,1,2
BRDA:102,7,0,22
BRDA:102,7,1,111
BRDA:102,8,0,11
BRDA:102,8,1,122
BRDA:103,9,0,11
BRDA:103,9,1,122
BRDA:110,10,0,22
BRDA:110,10,1,100
BRDA:118,11,0,2
BRDA:118,11,1,22
BRF:24
BRH:22
end_of_record
TN:
SF:src\components\TaskItem.jsx
FN:6,(anonymous_0)
FN:16,(anonymous_1)
FN:131,(anonymous_2)
FN:155,(anonymous_3)
FN:163,(anonymous_4)
FNF:5
FNH:5
FNDA:72,(anonymous_0)
FNDA:21,(anonymous_1)
FNDA:17,(anonymous_2)
FNDA:1,(anonymous_3)
FNDA:1,(anonymous_4)
DA:6,1
DA:9,72
DA:16,1
DA:18,21
DA:19,3
DA:53,18
DA:132,17
DA:133,17
DA:134,17
DA:135,17
DA:136,17
DA:155,1
DA:163,1
DA:175,1
LF:14
LH:14
BRDA:6,0,0,0
BRDA:6,1,0,0
BRDA:18,2,0,3
BRDA:18,2,1,18
BRDA:57,3,0,18
BRDA:57,3,1,0
BRDA:62,4,0,18
BRDA:62,4,1,0
BRDA:68,5,0,18
BRDA:68,5,1,0
BRDA:73,6,0,18
BRDA:73,6,1,0
BRDA:79,7,0,18
BRDA:79,7,1,18
BRDA:81,8,0,18
BRDA:81,8,1,18
BRDA:81,8,2,0
BRDA:86,9,0,18
BRDA:86,9,1,18
BRDA:88,10,0,18
BRDA:88,10,1,18
BRDA:88,10,2,0
BRDA:94,11,0,0
BRDA:94,11,1,18
BRDA:94,12,0,18
BRDA:94,12,1,0
BRDA:94,12,2,0
BRDA:98,13,0,0
BRDA:98,13,1,18
BRDA:98,14,0,18
BRDA:98,14,1,0
BRDA:98,15,0,0
BRDA:98,15,1,0
BRDA:98,16,0,0
BRDA:98,16,1,0
BRDA:103,17,0,0
BRDA:103,17,1,18
BRDA:103,18,0,18
BRDA:103,18,1,0
BRDA:103,19,0,0
BRDA:103,19,1,0
BRDA:103,20,0,0
BRDA:103,20,1,0
BRDA:107,21,0,0
BRDA:107,21,1,18
BRDA:107,22,0,18
BRDA:107,22,1,0
BRDA:112,23,0,0
BRDA:112,23,1,18
BRDA:112,24,0,18
BRDA:112,24,1,0
BRDA:119,25,0,17
BRDA:119,25,1,1
BRDA:121,26,0,16
BRDA:121,26,1,1
BRDA:121,27,0,17
BRDA:121,27,1,17
BRDA:127,28,0,17
BRDA:127,28,1,17
BRDA:127,28,2,16
BRDA:132,29,0,0
BRDA:132,29,1,17
BRDA:136,30,0,17
BRDA:136,30,1,0
BRDA:147,31,0,18
BRDA:147,31,1,0
BRDA:148,32,0,18
BRDA:148,32,1,0
BRF:68
BRH:37
end_of_record
TN:
SF:src\components\TaskModal.jsx
FN:5,(anonymous_0)
FN:84,(anonymous_1)
FN:103,(anonymous_2)
FNF:3
FNH:2
FNDA:15,(anonymous_0)
FNDA:0,(anonymous_1)
FNDA:14,(anonymous_2)
DA:5,1
DA:13,15
DA:16,14
DA:85,0
DA:104,14
DA:105,14
DA:106,14
DA:107,14
DA:108,14
DA:109,14
DA:110,14
DA:165,1
LF:12
LH:11
BRDA:13,0,0,1
BRDA:13,0,1,14
BRDA:23,1,0,13
BRDA:23,1,1,1
BRDA:101,2,0,14
BRDA:101,2,1,13
BRDA:122,3,0,14
BRDA:122,3,1,13
BRDA:155,4,0,13
BRDA:155,4,1,1
BRF:10
BRH:10
end_of_record
TN:
SF:src\components\TaskTable.jsx
FN:5,(anonymous_0)
FN:31,(anonymous_1)
FNF:2
FNH:2
FNDA:32,(anonymous_0)
FNDA:184,(anonymous_1)
DA:5,2
DA:6,32
DA:7,4
DA:15,28
DA:32,184
DA:45,2
LF:6
LH:6
BRDA:6,0,0,4
BRDA:6,0,1,28
BRDA:6,1,0,32
BRDA:6,1,1,30
BRDA:33,2,0,184
BRDA:33,2,1,0
BRF:6
BRH:5
end_of_record
TN:
SF:src\components\UserAutocomplete.jsx
FN:6,(anonymous_0)
FN:34,(anonymous_1)
FN:35,(anonymous_2)
FN:68,(anonymous_3)
FN:72,(anonymous_4)
FN:89,(anonymous_5)
FN:95,(anonymous_6)
FN:97,(anonymous_7)
FN:108,(anonymous_8)
FN:119,(anonymous_9)
FN:133,(anonymous_10)
FN:134,(anonymous_11)
FN:137,(anonymous_12)
FN:158,(anonymous_13)
FN:166,(anonymous_14)
FN:170,(anonymous_15)
FN:172,(anonymous_16)
FN:179,(anonymous_17)
FN:186,(anonymous_18)
FN:229,(anonymous_19)
FN:233,(anonymous_20)
FN:238,(anonymous_21)
FN:243,(anonymous_22)
FNF:23
FNH:0
FNDA:0,(anonymous_0)
FNDA:0,(anonymous_1)
FNDA:0,(anonymous_2)
FNDA:0,(anonymous_3)
FNDA:0,(anonymous_4)
FNDA:0,(anonymous_5)
FNDA:0,(anonymous_6)
FNDA:0,(anonymous_7)
FNDA:0,(anonymous_8)
FNDA:0,(anonymous_9)
FNDA:0,(anonymous_10)
FNDA:0,(anonymous_11)
FNDA:0,(anonymous_12)
FNDA:0,(anonymous_13)
FNDA:0,(anonymous_14)
FNDA:0,(anonymous_15)
FNDA:0,(anonymous_16)
FNDA:0,(anonymous_17)
FNDA:0,(anonymous_18)
FNDA:0,(anonymous_19)
FNDA:0,(anonymous_20)
FNDA:0,(anonymous_21)
FNDA:0,(anonymous_22)
DA:6,0
DA:14,0
DA:15,0
DA:18,0
DA:19,0
DA:20,0
DA:21,0
DA:22,0
DA:23,0
DA:24,0
DA:25,0
DA:26,0
DA:27,0
DA:28,0
DA:31,0
DA:34,0
DA:35,0
DA:37,0
DA:38,0
DA:42,0
DA:43,0
DA:44,0
DA:47,0
DA:49,0
DA:50,0
DA:52,0
DA:53,0
DA:54,0
DA:55,0
DA:57,0
DA:58,0
DA:59,0
DA:60,0
DA:64,0
DA:68,0
DA:69,0
DA:71,0
DA:72,0
DA:73,0
DA:74,0
DA:75,0
DA:76,0
DA:79,0
DA:80,0
DA:82,0
DA:84,0
DA:85,0
DA:89,0
DA:90,0
DA:95,0
DA:96,0
DA:97,0
DA:98,0
DA:99,0
DA:100,0
DA:101,0
DA:108,0
DA:110,0
DA:111,0
DA:114,0
DA:116,0
DA:117,0
DA:119,0
DA:120,0
DA:121,0
DA:122,0
DA:123,0
DA:125,0
DA:129,0
DA:133,0
DA:134,0
DA:137,0
DA:139,0
DA:140,0
DA:143,0
DA:144,0
DA:145,0
DA:148,0
DA:149,0
DA:151,0
DA:152,0
DA:158,0
DA:159,0
DA:160,0
DA:161,0
DA:162,0
DA:163,0
DA:166,0
DA:167,0
DA:170,0
DA:172,0
DA:173,0
DA:174,0
DA:179,0
DA:180,0
DA:181,0
DA:182,0
DA:186,0
DA:187,0
DA:188,0
DA:189,0
DA:190,0
DA:193,0
DA:230,0
DA:234,0
DA:235,0
DA:236,0
DA:239,0
DA:240,0
DA:241,0
DA:244,0
DA:245,0
DA:246,0
LF:113
LH:0
BRDA:9,0,0,0
BRDA:10,1,0,0
BRDA:11,2,0,0
BRDA:15,3,0,0
BRDA:15,3,1,0
BRDA:15,4,0,0
BRDA:15,4,1,0
BRDA:15,4,2,0
BRDA:37,5,0,0
BRDA:37,5,1,0
BRDA:42,6,0,0
BRDA:42,6,1,0
BRDA:50,7,0,0
BRDA:50,7,1,0
BRDA:50,7,2,0
BRDA:71,8,0,0
BRDA:71,8,1,0
BRDA:71,9,0,0
BRDA:71,9,1,0
BRDA:74,10,0,0
BRDA:74,10,1,0
BRDA:75,11,0,0
BRDA:75,11,1,0
BRDA:82,12,0,0
BRDA:82,12,1,0
BRDA:96,13,0,0
BRDA:96,13,1,0
BRDA:96,14,0,0
BRDA:96,14,1,0
BRDA:96,14,2,0
BRDA:98,15,0,0
BRDA:98,15,1,0
BRDA:99,16,0,0
BRDA:99,16,1,0
BRDA:110,17,0,0
BRDA:110,17,1,0
BRDA:110,18,0,0
BRDA:110,18,1,0
BRDA:116,19,0,0
BRDA:116,19,1,0
BRDA:125,20,0,0
BRDA:125,20,1,0
BRDA:125,20,2,0
BRDA:139,21,0,0
BRDA:139,21,1,0
BRDA:148,22,0,0
BRDA:148,22,1,0
BRDA:151,23,0,0
BRDA:151,23,1,0
BRDA:160,24,0,0
BRDA:160,24,1,0
BRDA:173,25,0,0
BRDA:173,25,1,0
BRDA:180,26,0,0
BRDA:180,26,1,0
BRDA:209,27,0,0
BRDA:209,27,1,0
BRDA:216,28,0,0
BRDA:216,28,1,0
BRDA:218,29,0,0
BRDA:218,29,1,0
BRDA:223,30,0,0
BRDA:223,30,1,0
BRDA:228,31,0,0
BRDA:228,31,1,0
BRDA:232,32,0,0
BRDA:232,32,1,0
BRDA:252,33,0,0
BRDA:252,33,1,0
BRDA:260,34,0,0
BRDA:260,34,1,0
BRDA:261,35,0,0
BRDA:261,35,1,0
BRF:73
BRH:0
end_of_record
TN:
SF:src\config\taskAppConfig.js
FNF:0
FNH:0
DA:7,0
DA:13,0
DA:103,0
DA:131,0
LF:4
LH:0
BRF:0
BRH:0
end_of_record
TN:
SF:src\hooks\useApi.js
FN:11,(anonymous_0)
FN:17,(anonymous_1)
FN:26,(anonymous_2)
FN:28,(anonymous_3)
FN:34,(anonymous_4)
FN:68,(anonymous_5)
FN:72,(anonymous_6)
FN:76,(anonymous_7)
FN:94,(anonymous_8)
FN:98,(anonymous_9)
FNF:10
FNH:8
FNDA:1359068,(anonymous_0)
FNDA:906048,(anonymous_1)
FNDA:747130,(anonymous_2)
FNDA:2,(anonymous_3)
FNDA:906048,(anonymous_4)
FNDA:906047,(anonymous_5)
FNDA:1,(anonymous_6)
FNDA:1,(anonymous_7)
FNDA:0,(anonymous_8)
FNDA:0,(anonymous_9)
DA:11,1
DA:12,1359068
DA:13,1359068
DA:14,1359068
DA:15,1359068
DA:17,1359068
DA:18,906048
DA:19,158922
DA:20,158922
DA:21,3
DA:23,158919
DA:26,1359068
DA:27,747130
DA:28,4
DA:34,1359068
DA:35,906048
DA:36,906048
DA:37,906048
DA:40,906048
DA:41,906048
DA:43,906048
DA:44,3
DA:45,3
DA:46,3
DA:49,906045
DA:58,906044
DA:59,747130
DA:60,747130
DA:62,158915
DA:64,906048
DA:68,1359068
DA:69,906047
DA:72,1359068
DA:73,1
DA:76,1359068
DA:77,1
DA:80,1359068
DA:94,1
DA:95,0
DA:96,0
DA:98,0
DA:99,0
DA:100,0
DA:101,0
DA:103,0
DA:115,0
DA:116,0
DA:118,0
DA:119,0
DA:121,0
DA:125,0
LF:51
LH:38
BRDA:11,0,0,238380
BRDA:11,1,0,238380
BRDA:11,2,0,1359068
BRDA:18,3,0,747126
BRDA:18,3,1,158922
BRDA:20,4,0,3
BRDA:20,4,1,158919
BRDA:20,5,0,158922
BRDA:20,5,1,3
BRDA:27,6,0,747126
BRDA:27,6,1,4
BRDA:43,7,0,3
BRDA:43,7,1,906045
BRDA:94,8,0,0
BRDA:98,9,0,0
BRF:15
BRH:13
end_of_record
TN:
SF:src\hooks\useDebounce.js
FN:9,(anonymous_0)
FN:12,(anonymous_1)
FN:13,(anonymous_2)
FN:17,(anonymous_3)
FN:32,(anonymous_4)
FN:33,(anonymous_5)
FN:35,(anonymous_6)
FN:36,(anonymous_7)
FN:37,(anonymous_8)
FN:40,(anonymous_9)
FNF:10
FNH:10
FNDA:17,(anonymous_0)
FNDA:13,(anonymous_1)
FNDA:4,(anonymous_2)
FNDA:13,(anonymous_3)
FNDA:6,(anonymous_4)
FNDA:5,(anonymous_5)
FNDA:6,(anonymous_6)
FNDA:4,(anonymous_7)
FNDA:4,(anonymous_8)
FNDA:6,(anonymous_9)
DA:9,1
DA:10,17
DA:12,17
DA:13,13
DA:14,4
DA:17,13
DA:18,13
DA:22,17
DA:32,1
DA:33,6
DA:35,6
DA:36,6
DA:37,4
DA:40,6
DA:41,6
DA:45,6
LF:16
LH:16
BRDA:32,0,0,4
BRF:1
BRH:1
end_of_record
TN:
SF:src\hooks\useTaskManagement.js
FN:7,(anonymous_0)
FN:35,(anonymous_1)
FN:43,(anonymous_2)
FN:94,(anonymous_3)
FN:98,(anonymous_4)
FN:113,(anonymous_5)
FN:148,(anonymous_6)
FN:155,(anonymous_7)
FN:184,(anonymous_8)
FN:215,(anonymous_9)
FN:274,(anonymous_10)
FN:274,(anonymous_11)
FN:313,(anonymous_12)
FN:331,(anonymous_13)
FN:333,(anonymous_14)
FN:339,(anonymous_15)
FN:343,(anonymous_16)
FN:347,(anonymous_17)
FN:352,(anonymous_18)
FN:355,(anonymous_19)
FN:356,(anonymous_20)
FN:357,(anonymous_21)
FN:358,(anonymous_22)
FN:366,(anonymous_23)
FN:371,(anonymous_24)
FN:376,(anonymous_25)
FN:382,(anonymous_26)
FN:388,(anonymous_27)
FNF:28
FNH:0
FNDA:0,(anonymous_0)
FNDA:0,(anonymous_1)
FNDA:0,(anonymous_2)
FNDA:0,(anonymous_3)
FNDA:0,(anonymous_4)
FNDA:0,(anonymous_5)
FNDA:0,(anonymous_6)
FNDA:0,(anonymous_7)
FNDA:0,(anonymous_8)
FNDA:0,(anonymous_9)
FNDA:0,(anonymous_10)
FNDA:0,(anonymous_11)
FNDA:0,(anonymous_12)
FNDA:0,(anonymous_13)
FNDA:0,(anonymous_14)
FNDA:0,(anonymous_15)
FNDA:0,(anonymous_16)
FNDA:0,(anonymous_17)
FNDA:0,(anonymous_18)
FNDA:0,(anonymous_19)
FNDA:0,(anonymous_20)
FNDA:0,(anonymous_21)
FNDA:0,(anonymous_22)
FNDA:0,(anonymous_23)
FNDA:0,(anonymous_24)
FNDA:0,(anonymous_25)
FNDA:0,(anonymous_26)
FNDA:0,(anonymous_27)
DA:7,0
DA:8,0
DA:9,0
DA:10,0
DA:11,0
DA:12,0
DA:13,0
DA:14,0
DA:15,0
DA:16,0
DA:17,0
DA:20,0
DA:27,0
DA:28,0
DA:30,0
DA:31,0
DA:35,0
DA:36,0
DA:37,0
DA:39,0
DA:43,0
DA:44,0
DA:45,0
DA:46,0
DA:48,0
DA:50,0
DA:53,0
DA:54,0
DA:57,0
DA:58,0
DA:59,0
DA:60,0
DA:61,0
DA:62,0
DA:64,0
DA:68,0
DA:69,0
DA:70,0
DA:74,0
DA:75,0
DA:76,0
DA:79,0
DA:80,0
DA:83,0
DA:85,0
DA:86,0
DA:87,0
DA:89,0
DA:90,0
DA:94,0
DA:95,0
DA:98,0
DA:99,0
DA:100,0
DA:101,0
DA:110,0
DA:113,0
DA:114,0
DA:115,0
DA:118,0
DA:119,0
DA:120,0
DA:122,0
DA:123,0
DA:124,0
DA:125,0
DA:126,0
DA:127,0
DA:131,0
DA:132,0
DA:133,0
DA:136,0
DA:145,0
DA:148,0
DA:149,0
DA:150,0
DA:153,0
DA:154,0
DA:155,0
DA:156,0
DA:157,0
DA:159,0
DA:163,0
DA:164,0
DA:165,0
DA:167,0
DA:169,0
DA:172,0
DA:173,0
DA:174,0
DA:177,0
DA:178,0
DA:184,0
DA:185,0
DA:188,0
DA:189,0
DA:190,0
DA:192,0
DA:195,0
DA:196,0
DA:197,0
DA:199,0
DA:202,0
DA:203,0
DA:204,0
DA:205,0
DA:210,0
DA:211,0
DA:212,0
DA:215,0
DA:216,0
DA:220,0
DA:221,0
DA:224,0
DA:225,0
DA:228,0
DA:231,0
DA:232,0
DA:233,0
DA:235,0
DA:236,0
DA:237,0
DA:238,0
DA:240,0
DA:242,0
DA:246,0
DA:248,0
DA:249,0
DA:252,0
DA:254,0
DA:255,0
DA:256,0
DA:257,0
DA:259,0
DA:260,0
DA:261,0
DA:264,0
DA:269,0
DA:270,0
DA:272,0
DA:274,0
DA:276,0
DA:278,0
DA:283,0
DA:284,0
DA:286,0
DA:289,0
DA:290,0
DA:294,0
DA:303,0
DA:305,0
DA:306,0
DA:308,0
DA:311,0
DA:313,0
DA:314,0
DA:315,0
DA:317,0
DA:319,0
DA:320,0
DA:324,0
DA:325,0
DA:331,0
DA:332,0
DA:333,0
DA:339,0
DA:340,0
DA:343,0
DA:344,0
DA:347,0
DA:348,0
DA:352,0
DA:353,0
DA:355,0
DA:356,0
DA:357,0
DA:358,0
DA:363,0
DA:366,0
DA:367,0
DA:371,0
DA:372,0
DA:373,0
DA:376,0
DA:377,0
DA:378,0
DA:379,0
DA:382,0
DA:383,0
DA:384,0
DA:388,0
DA:389,0
DA:390,0
DA:394,0
LF:194
LH:0
BRDA:36,0,0,0
BRDA:36,0,1,0
BRDA:36,1,0,0
BRDA:36,1,1,0
BRDA:43,2,0,0
BRDA:43,3,0,0
BRDA:43,4,0,0
BRDA:45,5,0,0
BRDA:45,5,1,0
BRDA:53,6,0,0
BRDA:53,6,1,0
BRDA:57,7,0,0
BRDA:57,7,1,0
BRDA:61,8,0,0
BRDA:61,8,1,0
BRDA:69,9,0,0
BRDA:69,9,1,0
BRDA:75,10,0,0
BRDA:75,10,1,0
BRDA:75,10,2,0
BRDA:76,11,0,0
BRDA:76,11,1,0
BRDA:79,12,0,0
BRDA:79,12,1,0
BRDA:119,13,0,0
BRDA:119,13,1,0
BRDA:132,14,0,0
BRDA:132,14,1,0
BRDA:132,15,0,0
BRDA:132,15,1,0
BRDA:137,16,0,0
BRDA:137,16,1,0
BRDA:138,17,0,0
BRDA:138,17,1,0
BRDA:139,18,0,0
BRDA:139,18,1,0
BRDA:140,19,0,0
BRDA:140,19,1,0
BRDA:141,20,0,0
BRDA:141,20,1,0
BRDA:149,21,0,0
BRDA:149,21,1,0
BRDA:154,22,0,0
BRDA:154,22,1,0
BRDA:156,23,0,0
BRDA:156,23,1,0
BRDA:164,24,0,0
BRDA:164,24,1,0
BRDA:172,25,0,0
BRDA:172,25,1,0
BRDA:173,26,0,0
BRDA:173,26,1,0
BRDA:177,27,0,0
BRDA:177,27,1,0
BRDA:178,28,0,0
BRDA:178,28,1,0
BRDA:188,29,0,0
BRDA:188,29,1,0
BRDA:188,30,0,0
BRDA:188,30,1,0
BRDA:189,31,0,0
BRDA:189,31,1,0
BRDA:195,32,0,0
BRDA:195,32,1,0
BRDA:195,33,0,0
BRDA:195,33,1,0
BRDA:196,34,0,0
BRDA:196,34,1,0
BRDA:203,35,0,0
BRDA:203,35,1,0
BRDA:204,36,0,0
BRDA:204,36,1,0
BRDA:211,37,0,0
BRDA:211,37,1,0
BRDA:216,38,0,0
BRDA:216,38,1,0
BRDA:220,39,0,0
BRDA:220,39,1,0
BRDA:231,40,0,0
BRDA:231,40,1,0
BRDA:231,41,0,0
BRDA:231,41,1,0
BRDA:232,42,0,0
BRDA:232,42,1,0
BRDA:236,43,0,0
BRDA:236,43,1,0
BRDA:237,44,0,0
BRDA:237,44,1,0
BRDA:246,45,0,0
BRDA:246,45,1,0
BRDA:246,46,0,0
BRDA:246,46,1,0
BRDA:252,47,0,0
BRDA:252,47,1,0
BRDA:257,48,0,0
BRDA:257,48,1,0
BRDA:257,49,0,0
BRDA:257,49,1,0
BRDA:257,49,2,0
BRDA:269,50,0,0
BRDA:269,50,1,0
BRDA:269,51,0,0
BRDA:269,51,1,0
BRDA:270,52,0,0
BRDA:270,52,1,0
BRDA:276,53,0,0
BRDA:276,53,1,0
BRDA:276,54,0,0
BRDA:276,54,1,0
BRDA:276,54,2,0
BRDA:283,55,0,0
BRDA:283,55,1,0
BRDA:289,56,0,0
BRDA:289,56,1,0
BRDA:290,57,0,0
BRDA:290,57,1,0
BRDA:311,58,0,0
BRDA:311,58,1,0
BRDA:311,59,0,0
BRDA:311,59,1,0
BRDA:314,60,0,0
BRDA:314,60,1,0
BRDA:317,61,0,0
BRDA:317,61,1,0
BRDA:319,62,0,0
BRDA:319,62,1,0
BRDA:324,63,0,0
BRDA:324,63,1,0
BRDA:325,64,0,0
BRDA:325,64,1,0
BRDA:358,65,0,0
BRDA:358,65,1,0
BRDA:383,66,0,0
BRDA:383,66,1,0
BRDA:389,67,0,0
BRDA:389,67,1,0
BRF:136
BRH:0
end_of_record

TN:
SF:src\UserManagement.jsx
FN:7,(anonymous_0)
FNF:1
FNH:0
FNDA:0,(anonymous_0)
DA:7,0
DA:23,0
DA:25,0
DA:26,0
DA:36,0
LF:5
LH:0
BRDA:25,0,0,0
BRDA:25,0,1,0
BRF:2
BRH:0
end_of_record
TN:
SF:src\components\ErrorBoundary.jsx
FN:4,(anonymous_0)
FN:9,(anonymous_1)
FN:13,(anonymous_2)
FN:22,(anonymous_3)
FN:30,(anonymous_4)
FNF:5
FNH:0
FNDA:0,(anonymous_0)
FNDA:0,(anonymous_1)
FNDA:0,(anonymous_2)
FNDA:0,(anonymous_3)
FNDA:0,(anonymous_4)
DA:5,0
DA:6,0
DA:10,0
DA:14,0
DA:15,0
DA:17,0
DA:18,0
DA:23,0
DA:24,0
DA:30,0
DA:38,0
LF:11
LH:0
BRDA:17,0,0,0
BRDA:17,0,1,0
BRDA:23,1,0,0
BRDA:23,1,1,0
BRF:4
BRH:0
end_of_record
TN:
SF:src\components\UserItem.jsx
FN:5,(anonymous_0)
FN:15,(anonymous_1)
FN:82,(anonymous_2)
FNF:3
FNH:3
FNDA:36,(anonymous_0)
FNDA:12,(anonymous_1)
FNDA:1,(anonymous_2)
DA:5,1
DA:8,36
DA:15,1
DA:16,12
DA:82,1
DA:94,1
LF:6
LH:6
BRDA:5,0,0,0
BRDA:5,1,0,0
BRDA:22,2,0,10
BRDA:22,2,1,2
BRDA:22,3,0,12
BRDA:22,3,1,10
BRDA:23,4,0,1
BRDA:23,4,1,1
BRDA:23,5,0,2
BRDA:23,5,1,1
BRDA:27,6,0,10
BRDA:27,6,1,2
BRDA:27,7,0,12
BRDA:27,7,1,10
BRDA:27,8,0,2
BRDA:27,8,1,1
BRDA:32,9,0,10
BRDA:32,9,1,2
BRDA:32,10,0,12
BRDA:32,10,1,10
BRDA:33,11,0,2
BRDA:33,11,1,1
BRDA:37,12,0,12
BRDA:37,12,1,2
BRDA:42,13,0,12
BRDA:42,13,1,2
BRDA:50,14,0,12
BRDA:50,14,1,2
BRDA:55,15,0,12
BRDA:55,15,1,2
BRDA:61,16,0,12
BRDA:61,16,1,1
BRDA:63,17,0,12
BRDA:63,17,1,1
BRDA:63,17,2,1
BRDA:68,18,0,10
BRDA:68,18,1,2
BRDA:70,19,0,10
BRDA:70,19,1,2
BRDA:75,20,0,11
BRDA:75,20,1,1
BRDA:76,21,0,11
BRDA:76,21,1,1
BRF:43
BRH:41
end_of_record
TN:
SF:src\components\UserModal.jsx
FN:3,(anonymous_0)
FNF:1
FNH:1
FNDA:21,(anonymous_0)
DA:3,1
DA:11,21
DA:13,20
DA:159,1
LF:4
LH:4
BRDA:11,0,0,1
BRDA:11,0,1,20
BRDA:20,1,0,17
BRDA:20,1,1,3
BRDA:62,2,0,17
BRDA:62,2,1,3
BRDA:71,3,0,17
BRDA:71,3,1,3
BRDA:73,4,0,17
BRDA:73,4,1,3
BRDA:75,5,0,20
BRDA:75,5,1,3
BRDA:149,6,0,17
BRDA:149,6,1,3
BRF:14
BRH:14
end_of_record
TN:
SF:src\components\UserTable.jsx
FN:4,(anonymous_0)
FN:28,(anonymous_1)
FNF:2
FNH:2
FNDA:11,(anonymous_0)
FNDA:17,(anonymous_1)
DA:4,1
DA:5,11
DA:6,2
DA:14,9
DA:29,17
DA:41,1
LF:6
LH:6
BRDA:5,0,0,2
BRDA:5,0,1,9
BRDA:30,1,0,17
BRDA:30,1,1,2
BRF:4
BRH:4
end_of_record
TN:
SF:src\config\userAppConfig.js
FNF:0
FNH:0
DA:7,0
DA:13,0
DA:86,0
DA:110,0
LF:4
LH:0
BRF:0
BRH:0
end_of_record
TN:
SF:src\hooks\useUserManagement.js
FN:5,(anonymous_0)
FN:16,(anonymous_1)
FN:49,(anonymous_2)
FN:53,(anonymous_3)
FN:68,(anonymous_4)
FN:83,(anonymous_5)
FN:100,(anonymous_6)
FN:136,(anonymous_7)
FN:138,(anonymous_8)
FN:144,(anonymous_9)
FN:149,(anonymous_10)
FN:152,(anonymous_11)
FN:153,(anonymous_12)
FN:154,(anonymous_13)
FN:155,(anonymous_14)
FNF:15
FNH:0
FNDA:0,(anonymous_0)
FNDA:0,(anonymous_1)
FNDA:0,(anonymous_2)
FNDA:0,(anonymous_3)
FNDA:0,(anonymous_4)
FNDA:0,(anonymous_5)
FNDA:0,(anonymous_6)
FNDA:0,(anonymous_7)
FNDA:0,(anonymous_8)
FNDA:0,(anonymous_9)
FNDA:0,(anonymous_10)
FNDA:0,(anonymous_11)
FNDA:0,(anonymous_12)
FNDA:0,(anonymous_13)
FNDA:0,(anonymous_14)
DA:5,0
DA:6,0
DA:7,0
DA:8,0
DA:9,0
DA:10,0
DA:11,0
DA:12,0
DA:14,0
DA:16,0
DA:17,0
DA:18,0
DA:19,0
DA:21,0
DA:22,0
DA:23,0
DA:24,0
DA:25,0
DA:27,0
DA:30,0
DA:33,0
DA:34,0
DA:35,0
DA:36,0
DA:38,0
DA:39,0
DA:40,0
DA:41,0
DA:42,0
DA:45,0
DA:49,0
DA:50,0
DA:53,0
DA:54,0
DA:55,0
DA:56,0
DA:65,0
DA:68,0
DA:69,0
DA:70,0
DA:71,0
DA:80,0
DA:83,0
DA:84,0
DA:86,0
DA:87,0
DA:88,0
DA:89,0
DA:95,0
DA:96,0
DA:97,0
DA:100,0
DA:101,0
DA:105,0
DA:106,0
DA:109,0
DA:110,0
DA:113,0
DA:117,0
DA:119,0
DA:125,0
DA:126,0
DA:127,0
DA:129,0
DA:130,0
DA:132,0
DA:136,0
DA:137,0
DA:138,0
DA:144,0
DA:145,0
DA:149,0
DA:150,0
DA:152,0
DA:153,0
DA:154,0
DA:155,0
DA:159,0
LF:78
LH:0
BRDA:21,0,0,0
BRDA:21,0,1,0
BRDA:24,1,0,0
BRDA:24,1,1,0
BRDA:34,2,0,0
BRDA:34,2,1,0
BRDA:34,2,2,0
BRDA:35,3,0,0
BRDA:35,3,1,0
BRDA:41,4,0,0
BRDA:41,4,1,0
BRDA:72,5,0,0
BRDA:72,5,1,0
BRDA:73,6,0,0
BRDA:73,6,1,0
BRDA:74,7,0,0
BRDA:74,7,1,0
BRDA:75,8,0,0
BRDA:75,8,1,0
BRDA:77,9,0,0
BRDA:77,9,1,0
BRDA:78,10,0,0
BRDA:78,10,1,0
BRDA:87,11,0,0
BRDA:87,11,1,0
BRDA:88,12,0,0
BRDA:88,12,1,0
BRDA:96,13,0,0
BRDA:96,13,1,0
BRDA:101,14,0,0
BRDA:101,14,1,0
BRDA:105,15,0,0
BRDA:105,15,1,0
BRDA:113,16,0,0
BRDA:113,16,1,0
BRDA:117,17,0,0
BRDA:117,17,1,0
BRDA:126,18,0,0
BRDA:126,18,1,0
BRDA:127,19,0,0
BRDA:127,19,1,0
BRDA:140,20,0,0
BRDA:140,20,1,0
BRF:43
BRH:0
end_of_record

TN:
SF:src\Notifications.jsx
FN:7,(anonymous_0)
FNF:1
FNH:0
FNDA:0,(anonymous_0)
DA:7,0
DA:25,0
DA:27,0
DA:28,0
DA:38,0
LF:5
LH:0
BRDA:27,0,0,0
BRDA:27,0,1,0
BRF:2
BRH:0
end_of_record
TN:
SF:src\components\ErrorBoundary.jsx
FN:4,(anonymous_0)
FN:9,(anonymous_1)
FN:13,(anonymous_2)
FN:22,(anonymous_3)
FN:30,(anonymous_4)
FNF:5
FNH:0
FNDA:0,(anonymous_0)
FNDA:0,(anonymous_1)
FNDA:0,(anonymous_2)
FNDA:0,(anonymous_3)
FNDA:0,(anonymous_4)
DA:5,0
DA:6,0
DA:10,0
DA:14,0
DA:15,0
DA:17,0
DA:18,0
DA:23,0
DA:24,0
DA:30,0
DA:38,0
LF:11
LH:0
BRDA:17,0,0,0
BRDA:17,0,1,0
BRDA:23,1,0,0
BRDA:23,1,1,0
BRF:4
BRH:0
end_of_record
TN:
SF:src\components\NotificationItem.jsx
FN:5,(anonymous_0)
FN:15,(anonymous_1)
FN:27,(anonymous_2)
FN:37,(anonymous_3)
FN:109,(anonymous_4)
FN:118,(anonymous_5)
FN:127,(anonymous_6)
FNF:7
FNH:3
FNDA:30,(anonymous_0)
FNDA:11,(anonymous_1)
FNDA:10,(anonymous_2)
FNDA:0,(anonymous_3)
FNDA:0,(anonymous_4)
FNDA:0,(anonymous_5)
FNDA:0,(anonymous_6)
DA:5,1
DA:8,30
DA:15,1
DA:17,11
DA:18,1
DA:27,10
DA:28,10
DA:29,0
DA:30,0
DA:31,1
DA:32,8
DA:33,1
DA:37,10
DA:38,0
DA:39,0
DA:40,0
DA:41,0
DA:42,0
DA:43,0
DA:47,10
DA:109,0
DA:118,0
DA:127,0
DA:139,1
LF:24
LH:13
BRDA:5,0,0,0
BRDA:5,1,0,0
BRDA:17,2,0,1
BRDA:17,2,1,10
BRDA:28,3,0,0
BRDA:28,3,1,0
BRDA:28,3,2,1
BRDA:28,3,3,8
BRDA:28,3,4,1
BRDA:38,4,0,0
BRDA:38,4,1,0
BRDA:38,4,2,0
BRDA:38,4,3,0
BRDA:38,4,4,0
BRDA:54,5,0,10
BRDA:54,5,1,1
BRDA:59,6,0,10
BRDA:59,6,1,1
BRDA:63,7,0,10
BRDA:63,7,1,1
BRDA:68,8,0,10
BRDA:68,8,1,1
BRDA:76,9,0,10
BRDA:76,9,1,1
BRDA:81,10,0,10
BRDA:81,10,1,1
BRDA:87,11,0,10
BRDA:87,11,1,1
BRDA:89,12,0,10
BRDA:89,12,1,1
BRDA:89,12,2,1
BRDA:94,13,0,1
BRDA:94,13,1,9
BRDA:96,14,0,1
BRDA:96,14,1,9
BRDA:101,15,0,9
BRDA:101,15,1,1
BRDA:102,16,0,9
BRDA:102,16,1,1
BRDA:115,17,0,10
BRDA:115,17,1,9
BRF:41
BRH:32
end_of_record
TN:
SF:src\components\NotificationModal.jsx
FN:3,(anonymous_0)
FNF:1
FNH:1
FNDA:25,(anonymous_0)
DA:3,1
DA:11,25
DA:13,24
DA:113,1
LF:4
LH:4
BRDA:11,0,0,1
BRDA:11,0,1,24
BRDA:20,1,0,22
BRDA:20,1,1,2
BRDA:103,2,0,22
BRDA:103,2,1,2
BRF:6
BRH:6
end_of_record
TN:
SF:src\components\NotificationTable.jsx
FN:4,(anonymous_0)
FN:28,(anonymous_1)
FNF:2
FNH:2
FNDA:15,(anonymous_0)
FNDA:118,(anonymous_1)
DA:4,1
DA:5,15
DA:6,2
DA:14,13
DA:29,118
DA:43,1
LF:6
LH:6
BRDA:5,0,0,2
BRDA:5,0,1,13
BRDA:30,1,0,118
BRDA:30,1,1,2
BRF:4
BRH:4
end_of_record
TN:
SF:src\config\notificationAppConfig.js
FNF:0
FNH:0
DA:7,0
DA:13,0
DA:104,0
DA:133,0
LF:4
LH:0
BRF:0
BRH:0
end_of_record
TN:
SF:src\hooks\useNotificationManagement.js
FN:5,(anonymous_0)
FN:21,(anonymous_1)
FN:42,(anonymous_2)
FN:43,(anonymous_3)
FN:44,(anonymous_4)
FN:66,(anonymous_5)
FN:70,(anonymous_6)
FN:82,(anonymous_7)
FN:94,(anonymous_8)
FN:102,(anonymous_9)
FN:132,(anonymous_10)
FN:150,(anonymous_11)
FN:174,(anonymous_12)
FN:176,(anonymous_13)
FN:182,(anonymous_14)
FN:186,(anonymous_15)
FN:188,(anonymous_16)
FN:189,(anonymous_17)
FN:217,(anonymous_18)
FN:218,(anonymous_19)
FN:228,(anonymous_20)
FN:231,(anonymous_21)
FN:232,(anonymous_22)
FN:234,(anonymous_23)
FN:235,(anonymous_24)
FN:236,(anonymous_25)
FN:237,(anonymous_26)
FNF:27
FNH:0
FNDA:0,(anonymous_0)
FNDA:0,(anonymous_1)
FNDA:0,(anonymous_2)
FNDA:0,(anonymous_3)
FNDA:0,(anonymous_4)
FNDA:0,(anonymous_5)
FNDA:0,(anonymous_6)
FNDA:0,(anonymous_7)
FNDA:0,(anonymous_8)
FNDA:0,(anonymous_9)
FNDA:0,(anonymous_10)
FNDA:0,(anonymous_11)
FNDA:0,(anonymous_12)
FNDA:0,(anonymous_13)
FNDA:0,(anonymous_14)
FNDA:0,(anonymous_15)
FNDA:0,(anonymous_16)
FNDA:0,(anonymous_17)
FNDA:0,(anonymous_18)
FNDA:0,(anonymous_19)
FNDA:0,(anonymous_20)
FNDA:0,(anonymous_21)
FNDA:0,(anonymous_22)
FNDA:0,(anonymous_23)
FNDA:0,(anonymous_24)
FNDA:0,(anonymous_25)
FNDA:0,(anonymous_26)
DA:5,0
DA:6,0
DA:7,0
DA:8,0
DA:9,0
DA:10,0
DA:11,0
DA:12,0
DA:19,0
DA:21,0
DA:22,0
DA:23,0
DA:24,0
DA:26,0
DA:27,0
DA:28,0
DA:29,0
DA:30,0
DA:32,0
DA:35,0
DA:38,0
DA:39,0
DA:40,0
DA:42,0
DA:43,0
DA:44,0
DA:45,0
DA:46,0
DA:48,0
DA:50,0
DA:53,0
DA:55,0
DA:56,0
DA:57,0
DA:58,0
DA:59,0
DA:62,0
DA:66,0
DA:67,0
DA:70,0
DA:71,0
DA:72,0
DA:73,0
DA:79,0
DA:82,0
DA:83,0
DA:84,0
DA:85,0
DA:91,0
DA:94,0
DA:95,0
DA:96,0
DA:99,0
DA:100,0
DA:101,0
DA:102,0
DA:103,0
DA:104,0
DA:106,0
DA:109,0
DA:116,0
DA:117,0
DA:118,0
DA:120,0
DA:122,0
DA:123,0
DA:124,0
DA:128,0
DA:132,0
DA:133,0
DA:135,0
DA:136,0
DA:138,0
DA:139,0
DA:140,0
DA:145,0
DA:146,0
DA:147,0
DA:150,0
DA:151,0
DA:155,0
DA:156,0
DA:159,0
DA:160,0
DA:163,0
DA:164,0
DA:166,0
DA:168,0
DA:170,0
DA:174,0
DA:175,0
DA:176,0
DA:182,0
DA:183,0
DA:186,0
DA:187,0
DA:188,0
DA:189,0
DA:190,0
DA:191,0
DA:193,0
DA:195,0
DA:198,0
DA:199,0
DA:202,0
DA:207,0
DA:208,0
DA:209,0
DA:210,0
DA:212,0
DA:215,0
DA:217,0
DA:218,0
DA:219,0
DA:228,0
DA:229,0
DA:231,0
DA:232,0
DA:234,0
DA:235,0
DA:236,0
DA:237,0
DA:242,0
LF:123
LH:0
BRDA:26,0,0,0
BRDA:26,0,1,0
BRDA:29,1,0,0
BRDA:29,1,1,0
BRDA:39,2,0,0
BRDA:39,2,1,0
BRDA:39,2,2,0
BRDA:40,3,0,0
BRDA:40,3,1,0
BRDA:45,4,0,0
BRDA:45,4,1,0
BRDA:45,5,0,0
BRDA:45,5,1,0
BRDA:58,6,0,0
BRDA:58,6,1,0
BRDA:86,7,0,0
BRDA:86,7,1,0
BRDA:87,8,0,0
BRDA:87,8,1,0
BRDA:88,9,0,0
BRDA:88,9,1,0
BRDA:89,10,0,0
BRDA:89,10,1,0
BRDA:95,11,0,0
BRDA:95,11,1,0
BRDA:101,12,0,0
BRDA:101,12,1,0
BRDA:103,13,0,0
BRDA:103,13,1,0
BRDA:116,14,0,0
BRDA:116,14,1,0
BRDA:117,15,0,0
BRDA:117,15,1,0
BRDA:123,16,0,0
BRDA:123,16,1,0
BRDA:138,17,0,0
BRDA:138,17,1,0
BRDA:139,18,0,0
BRDA:139,18,1,0
BRDA:146,19,0,0
BRDA:146,19,1,0
BRDA:151,20,0,0
BRDA:151,20,1,0
BRDA:155,21,0,0
BRDA:155,21,1,0
BRDA:163,22,0,0
BRDA:163,22,1,0
BRDA:178,23,0,0
BRDA:178,23,1,0
BRDA:190,24,0,0
BRDA:190,24,1,0
BRDA:198,25,0,0
BRDA:198,25,1,0
BRDA:208,26,0,0
BRDA:208,26,1,0
BRDA:208,27,0,0
BRDA:208,27,1,0
BRDA:209,28,0,0
BRDA:209,28,1,0
BRDA:219,29,0,0
BRDA:219,29,1,0
BRF:61
BRH:0
end_of_record

