{"total": {"lines":{"total":1525,"covered":146,"skipped":0,"pct":9.57},"statements":{"total":1656,"covered":152,"skipped":0,"pct":9.17},"functions":{"total":518,"covered":43,"skipped":0,"pct":8.3},"branches":{"total":769,"covered":126,"skipped":0,"pct":16.38},"branchesTrue":{"total":0,"covered":0,"skipped":0,"pct":100}}
,"C:\\Projects\\learning\\nodejs\\Task Management System\\frontend\\shared-components\\src\\components\\Badge.jsx": {"lines":{"total":4,"covered":4,"skipped":0,"pct":100},"functions":{"total":1,"covered":1,"skipped":0,"pct":100},"statements":{"total":4,"covered":4,"skipped":0,"pct":100},"branches":{"total":6,"covered":6,"skipped":0,"pct":100}}
,"C:\\Projects\\learning\\nodejs\\Task Management System\\frontend\\shared-components\\src\\components\\Button.jsx": {"lines":{"total":4,"covered":4,"skipped":0,"pct":100},"functions":{"total":1,"covered":1,"skipped":0,"pct":100},"statements":{"total":4,"covered":4,"skipped":0,"pct":100},"branches":{"total":7,"covered":6,"skipped":0,"pct":85.71}}
,"C:\\Projects\\learning\\nodejs\\Task Management System\\frontend\\shared-components\\src\\components\\ErrorState.jsx": {"lines":{"total":29,"covered":29,"skipped":0,"pct":100},"functions":{"total":7,"covered":7,"skipped":0,"pct":100},"statements":{"total":29,"covered":29,"skipped":0,"pct":100},"branches":{"total":39,"covered":39,"skipped":0,"pct":100}}
,"C:\\Projects\\learning\\nodejs\\Task Management System\\frontend\\shared-components\\src\\components\\IdleTimeoutConfig.jsx": {"lines":{"total":32,"covered":0,"skipped":0,"pct":0},"functions":{"total":18,"covered":0,"skipped":0,"pct":0},"statements":{"total":36,"covered":0,"skipped":0,"pct":0},"branches":{"total":22,"covered":0,"skipped":0,"pct":0}}
,"C:\\Projects\\learning\\nodejs\\Task Management System\\frontend\\shared-components\\src\\components\\IdleTimeoutDebug.jsx": {"lines":{"total":23,"covered":0,"skipped":0,"pct":0},"functions":{"total":10,"covered":0,"skipped":0,"pct":0},"statements":{"total":24,"covered":0,"skipped":0,"pct":0},"branches":{"total":18,"covered":0,"skipped":0,"pct":0}}
,"C:\\Projects\\learning\\nodejs\\Task Management System\\frontend\\shared-components\\src\\components\\IdleTimeoutWarning.jsx": {"lines":{"total":4,"covered":0,"skipped":0,"pct":0},"functions":{"total":1,"covered":0,"skipped":0,"pct":0},"statements":{"total":5,"covered":0,"skipped":0,"pct":0},"branches":{"total":2,"covered":0,"skipped":0,"pct":0}}
,"C:\\Projects\\learning\\nodejs\\Task Management System\\frontend\\shared-components\\src\\components\\LoadingSkeleton.jsx": {"lines":{"total":23,"covered":23,"skipped":0,"pct":100},"functions":{"total":12,"covered":12,"skipped":0,"pct":100},"statements":{"total":23,"covered":23,"skipped":0,"pct":100},"branches":{"total":14,"covered":14,"skipped":0,"pct":100}}
,"C:\\Projects\\learning\\nodejs\\Task Management System\\frontend\\shared-components\\src\\components\\LoadingSpinner.jsx": {"lines":{"total":6,"covered":6,"skipped":0,"pct":100},"functions":{"total":1,"covered":1,"skipped":0,"pct":100},"statements":{"total":6,"covered":6,"skipped":0,"pct":100},"branches":{"total":11,"covered":11,"skipped":0,"pct":100}}
,"C:\\Projects\\learning\\nodejs\\Task Management System\\frontend\\shared-components\\src\\components\\Modal.jsx": {"lines":{"total":5,"covered":5,"skipped":0,"pct":100},"functions":{"total":1,"covered":1,"skipped":0,"pct":100},"statements":{"total":6,"covered":6,"skipped":0,"pct":100},"branches":{"total":8,"covered":8,"skipped":0,"pct":100}}
,"C:\\Projects\\learning\\nodejs\\Task Management System\\frontend\\shared-components\\src\\components\\PerformanceMonitor.jsx": {"lines":{"total":24,"covered":24,"skipped":0,"pct":100},"functions":{"total":9,"covered":9,"skipped":0,"pct":100},"statements":{"total":29,"covered":29,"skipped":0,"pct":100},"branches":{"total":7,"covered":7,"skipped":0,"pct":100}}
,"C:\\Projects\\learning\\nodejs\\Task Management System\\frontend\\shared-components\\src\\components\\SearchBar.jsx": {"lines":{"total":10,"covered":10,"skipped":0,"pct":100},"functions":{"total":3,"covered":3,"skipped":0,"pct":100},"statements":{"total":10,"covered":10,"skipped":0,"pct":100},"branches":{"total":11,"covered":10,"skipped":0,"pct":90.9}}
,"C:\\Projects\\learning\\nodejs\\Task Management System\\frontend\\shared-components\\src\\components\\Tooltip.jsx": {"lines":{"total":79,"covered":41,"skipped":0,"pct":51.89},"functions":{"total":10,"covered":8,"skipped":0,"pct":80},"statements":{"total":83,"covered":41,"skipped":0,"pct":49.39},"branches":{"total":55,"covered":25,"skipped":0,"pct":45.45}}
,"C:\\Projects\\learning\\nodejs\\Task Management System\\frontend\\shared-components\\src\\components\\TouchpadDebug.jsx": {"lines":{"total":22,"covered":0,"skipped":0,"pct":0},"functions":{"total":13,"covered":0,"skipped":0,"pct":0},"statements":{"total":23,"covered":0,"skipped":0,"pct":0},"branches":{"total":19,"covered":0,"skipped":0,"pct":0}}
,"C:\\Projects\\learning\\nodejs\\Task Management System\\frontend\\shared-components\\src\\config\\browserConfig.js": {"lines":{"total":40,"covered":0,"skipped":0,"pct":0},"functions":{"total":11,"covered":0,"skipped":0,"pct":0},"statements":{"total":43,"covered":0,"skipped":0,"pct":0},"branches":{"total":24,"covered":0,"skipped":0,"pct":0}}
,"C:\\Projects\\learning\\nodejs\\Task Management System\\frontend\\shared-components\\src\\config\\frontendConfig.js": {"lines":{"total":29,"covered":0,"skipped":0,"pct":0},"functions":{"total":5,"covered":0,"skipped":0,"pct":0},"statements":{"total":33,"covered":0,"skipped":0,"pct":0},"branches":{"total":26,"covered":0,"skipped":0,"pct":0}}
,"C:\\Projects\\learning\\nodejs\\Task Management System\\frontend\\shared-components\\src\\config\\idleTimeout.js": {"lines":{"total":11,"covered":0,"skipped":0,"pct":0},"functions":{"total":1,"covered":0,"skipped":0,"pct":0},"statements":{"total":11,"covered":0,"skipped":0,"pct":0},"branches":{"total":6,"covered":0,"skipped":0,"pct":0}}
,"C:\\Projects\\learning\\nodejs\\Task Management System\\frontend\\shared-components\\src\\config\\simpleConfig.js": {"lines":{"total":44,"covered":0,"skipped":0,"pct":0},"functions":{"total":6,"covered":0,"skipped":0,"pct":0},"statements":{"total":46,"covered":0,"skipped":0,"pct":0},"branches":{"total":42,"covered":0,"skipped":0,"pct":0}}
,"C:\\Projects\\learning\\nodejs\\Task Management System\\frontend\\shared-components\\src\\config\\webpackEnvPlugin.js": {"lines":{"total":4,"covered":0,"skipped":0,"pct":0},"functions":{"total":2,"covered":0,"skipped":0,"pct":0},"statements":{"total":4,"covered":0,"skipped":0,"pct":0},"branches":{"total":15,"covered":0,"skipped":0,"pct":0}}
,"C:\\Projects\\learning\\nodejs\\Task Management System\\frontend\\shared-components\\src\\constants\\index.js": {"lines":{"total":3,"covered":0,"skipped":0,"pct":0},"functions":{"total":0,"covered":0,"skipped":0,"pct":100},"statements":{"total":3,"covered":0,"skipped":0,"pct":0},"branches":{"total":0,"covered":0,"skipped":0,"pct":100}}
,"C:\\Projects\\learning\\nodejs\\Task Management System\\frontend\\shared-components\\src\\hooks\\useAuth.js": {"lines":{"total":32,"covered":0,"skipped":0,"pct":0},"functions":{"total":7,"covered":0,"skipped":0,"pct":0},"statements":{"total":33,"covered":0,"skipped":0,"pct":0},"branches":{"total":17,"covered":0,"skipped":0,"pct":0}}
,"C:\\Projects\\learning\\nodejs\\Task Management System\\frontend\\shared-components\\src\\hooks\\useGlobalErrorHandler.js": {"lines":{"total":57,"covered":0,"skipped":0,"pct":0},"functions":{"total":7,"covered":0,"skipped":0,"pct":0},"statements":{"total":57,"covered":0,"skipped":0,"pct":0},"branches":{"total":37,"covered":0,"skipped":0,"pct":0}}
,"C:\\Projects\\learning\\nodejs\\Task Management System\\frontend\\shared-components\\src\\hooks\\useRateLimit.js": {"lines":{"total":31,"covered":0,"skipped":0,"pct":0},"functions":{"total":8,"covered":0,"skipped":0,"pct":0},"statements":{"total":31,"covered":0,"skipped":0,"pct":0},"branches":{"total":2,"covered":0,"skipped":0,"pct":0}}
,"C:\\Projects\\learning\\nodejs\\Task Management System\\frontend\\shared-components\\src\\store\\index.js": {"lines":{"total":18,"covered":0,"skipped":0,"pct":0},"functions":{"total":1,"covered":0,"skipped":0,"pct":0},"statements":{"total":18,"covered":0,"skipped":0,"pct":0},"branches":{"total":2,"covered":0,"skipped":0,"pct":0}}
,"C:\\Projects\\learning\\nodejs\\Task Management System\\frontend\\shared-components\\src\\store\\simpleHooks.js": {"lines":{"total":55,"covered":0,"skipped":0,"pct":0},"functions":{"total":26,"covered":0,"skipped":0,"pct":0},"statements":{"total":59,"covered":0,"skipped":0,"pct":0},"branches":{"total":0,"covered":0,"skipped":0,"pct":100}}
,"C:\\Projects\\learning\\nodejs\\Task Management System\\frontend\\shared-components\\src\\store\\simpleStore.js": {"lines":{"total":53,"covered":0,"skipped":0,"pct":0},"functions":{"total":24,"covered":0,"skipped":0,"pct":0},"statements":{"total":57,"covered":0,"skipped":0,"pct":0},"branches":{"total":10,"covered":0,"skipped":0,"pct":0}}
,"C:\\Projects\\learning\\nodejs\\Task Management System\\frontend\\shared-components\\src\\store\\hooks\\useAppDispatch.js": {"lines":{"total":1,"covered":0,"skipped":0,"pct":0},"functions":{"total":1,"covered":0,"skipped":0,"pct":0},"statements":{"total":2,"covered":0,"skipped":0,"pct":0},"branches":{"total":0,"covered":0,"skipped":0,"pct":100}}
,"C:\\Projects\\learning\\nodejs\\Task Management System\\frontend\\shared-components\\src\\store\\hooks\\useAppSelector.js": {"lines":{"total":1,"covered":0,"skipped":0,"pct":0},"functions":{"total":1,"covered":0,"skipped":0,"pct":0},"statements":{"total":2,"covered":0,"skipped":0,"pct":0},"branches":{"total":0,"covered":0,"skipped":0,"pct":100}}
,"C:\\Projects\\learning\\nodejs\\Task Management System\\frontend\\shared-components\\src\\store\\hooks\\useAuth.js": {"lines":{"total":10,"covered":0,"skipped":0,"pct":0},"functions":{"total":7,"covered":0,"skipped":0,"pct":0},"statements":{"total":15,"covered":0,"skipped":0,"pct":0},"branches":{"total":0,"covered":0,"skipped":0,"pct":100}}
,"C:\\Projects\\learning\\nodejs\\Task Management System\\frontend\\shared-components\\src\\store\\hooks\\useIdleTimeout.js": {"lines":{"total":61,"covered":0,"skipped":0,"pct":0},"functions":{"total":18,"covered":0,"skipped":0,"pct":0},"statements":{"total":63,"covered":0,"skipped":0,"pct":0},"branches":{"total":16,"covered":0,"skipped":0,"pct":0}}
,"C:\\Projects\\learning\\nodejs\\Task Management System\\frontend\\shared-components\\src\\store\\hooks\\useNotifications.js": {"lines":{"total":14,"covered":0,"skipped":0,"pct":0},"functions":{"total":12,"covered":0,"skipped":0,"pct":0},"statements":{"total":25,"covered":0,"skipped":0,"pct":0},"branches":{"total":0,"covered":0,"skipped":0,"pct":100}}
,"C:\\Projects\\learning\\nodejs\\Task Management System\\frontend\\shared-components\\src\\store\\hooks\\useTasks.js": {"lines":{"total":13,"covered":0,"skipped":0,"pct":0},"functions":{"total":11,"covered":0,"skipped":0,"pct":0},"statements":{"total":23,"covered":0,"skipped":0,"pct":0},"branches":{"total":0,"covered":0,"skipped":0,"pct":100}}
,"C:\\Projects\\learning\\nodejs\\Task Management System\\frontend\\shared-components\\src\\store\\hooks\\useUI.js": {"lines":{"total":18,"covered":0,"skipped":0,"pct":0},"functions":{"total":16,"covered":0,"skipped":0,"pct":0},"statements":{"total":33,"covered":0,"skipped":0,"pct":0},"branches":{"total":0,"covered":0,"skipped":0,"pct":100}}
,"C:\\Projects\\learning\\nodejs\\Task Management System\\frontend\\shared-components\\src\\store\\middleware\\storageMiddleware.js": {"lines":{"total":12,"covered":0,"skipped":0,"pct":0},"functions":{"total":3,"covered":0,"skipped":0,"pct":0},"statements":{"total":14,"covered":0,"skipped":0,"pct":0},"branches":{"total":5,"covered":0,"skipped":0,"pct":0}}
,"C:\\Projects\\learning\\nodejs\\Task Management System\\frontend\\shared-components\\src\\store\\selectors\\authSelectors.js": {"lines":{"total":25,"covered":0,"skipped":0,"pct":0},"functions":{"total":13,"covered":0,"skipped":0,"pct":0},"statements":{"total":26,"covered":0,"skipped":0,"pct":0},"branches":{"total":6,"covered":0,"skipped":0,"pct":0}}
,"C:\\Projects\\learning\\nodejs\\Task Management System\\frontend\\shared-components\\src\\store\\selectors\\notificationSelectors.js": {"lines":{"total":48,"covered":0,"skipped":0,"pct":0},"functions":{"total":35,"covered":0,"skipped":0,"pct":0},"statements":{"total":67,"covered":0,"skipped":0,"pct":0},"branches":{"total":18,"covered":0,"skipped":0,"pct":0}}
,"C:\\Projects\\learning\\nodejs\\Task Management System\\frontend\\shared-components\\src\\store\\selectors\\taskSelectors.js": {"lines":{"total":44,"covered":0,"skipped":0,"pct":0},"functions":{"total":30,"covered":0,"skipped":0,"pct":0},"statements":{"total":61,"covered":0,"skipped":0,"pct":0},"branches":{"total":24,"covered":0,"skipped":0,"pct":0}}
,"C:\\Projects\\learning\\nodejs\\Task Management System\\frontend\\shared-components\\src\\store\\slices\\authSlice.js": {"lines":{"total":67,"covered":0,"skipped":0,"pct":0},"functions":{"total":18,"covered":0,"skipped":0,"pct":0},"statements":{"total":67,"covered":0,"skipped":0,"pct":0},"branches":{"total":8,"covered":0,"skipped":0,"pct":0}}
,"C:\\Projects\\learning\\nodejs\\Task Management System\\frontend\\shared-components\\src\\store\\slices\\idleTimeoutSlice.js": {"lines":{"total":47,"covered":0,"skipped":0,"pct":0},"functions":{"total":16,"covered":0,"skipped":0,"pct":0},"statements":{"total":47,"covered":0,"skipped":0,"pct":0},"branches":{"total":8,"covered":0,"skipped":0,"pct":0}}
,"C:\\Projects\\learning\\nodejs\\Task Management System\\frontend\\shared-components\\src\\store\\slices\\notificationsSlice.js": {"lines":{"total":91,"covered":0,"skipped":0,"pct":0},"functions":{"total":33,"covered":0,"skipped":0,"pct":0},"statements":{"total":95,"covered":0,"skipped":0,"pct":0},"branches":{"total":49,"covered":0,"skipped":0,"pct":0}}
,"C:\\Projects\\learning\\nodejs\\Task Management System\\frontend\\shared-components\\src\\store\\slices\\tasksSlice.js": {"lines":{"total":74,"covered":0,"skipped":0,"pct":0},"functions":{"total":29,"covered":0,"skipped":0,"pct":0},"statements":{"total":76,"covered":0,"skipped":0,"pct":0},"branches":{"total":29,"covered":0,"skipped":0,"pct":0}}
,"C:\\Projects\\learning\\nodejs\\Task Management System\\frontend\\shared-components\\src\\store\\slices\\uiSlice.js": {"lines":{"total":26,"covered":0,"skipped":0,"pct":0},"functions":{"total":16,"covered":0,"skipped":0,"pct":0},"statements":{"total":26,"covered":0,"skipped":0,"pct":0},"branches":{"total":6,"covered":0,"skipped":0,"pct":0}}
,"C:\\Projects\\learning\\nodejs\\Task Management System\\frontend\\shared-components\\src\\utils\\envConfig.js": {"lines":{"total":25,"covered":0,"skipped":0,"pct":0},"functions":{"total":10,"covered":0,"skipped":0,"pct":0},"statements":{"total":25,"covered":0,"skipped":0,"pct":0},"branches":{"total":23,"covered":0,"skipped":0,"pct":0}}
,"C:\\Projects\\learning\\nodejs\\Task Management System\\frontend\\shared-components\\src\\utils\\idleTimeout.js": {"lines":{"total":73,"covered":0,"skipped":0,"pct":0},"functions":{"total":19,"covered":0,"skipped":0,"pct":0},"statements":{"total":74,"covered":0,"skipped":0,"pct":0},"branches":{"total":40,"covered":0,"skipped":0,"pct":0}}
,"C:\\Projects\\learning\\nodejs\\Task Management System\\frontend\\shared-components\\src\\utils\\logout.js": {"lines":{"total":37,"covered":0,"skipped":0,"pct":0},"functions":{"total":4,"covered":0,"skipped":0,"pct":0},"statements":{"total":37,"covered":0,"skipped":0,"pct":0},"branches":{"total":19,"covered":0,"skipped":0,"pct":0}}
,"C:\\Projects\\learning\\nodejs\\Task Management System\\frontend\\shared-components\\src\\utils\\security.js": {"lines":{"total":68,"covered":0,"skipped":0,"pct":0},"functions":{"total":13,"covered":0,"skipped":0,"pct":0},"statements":{"total":69,"covered":0,"skipped":0,"pct":0},"branches":{"total":54,"covered":0,"skipped":0,"pct":0}}
,"C:\\Projects\\learning\\nodejs\\Task Management System\\frontend\\shared-components\\src\\utils\\storage.js": {"lines":{"total":19,"covered":0,"skipped":0,"pct":0},"functions":{"total":4,"covered":0,"skipped":0,"pct":0},"statements":{"total":23,"covered":0,"skipped":0,"pct":0},"branches":{"total":10,"covered":0,"skipped":0,"pct":0}}
,"C:\\Projects\\learning\\nodejs\\Task Management System\\frontend\\shared-components\\src\\utils\\unifiedApiClient.js": {"lines":{"total":109,"covered":0,"skipped":0,"pct":0},"functions":{"total":24,"covered":0,"skipped":0,"pct":0},"statements":{"total":109,"covered":0,"skipped":0,"pct":0},"branches":{"total":54,"covered":0,"skipped":0,"pct":0}}
}
