<?xml version="1.0" encoding="UTF-8"?>
<coverage generated="1761726748742" clover="3.2.0">
  <project timestamp="1761726748742" name="All files">
    <metrics statements="114" coveredstatements="21" conditionals="110" coveredconditionals="22" methods="27" coveredmethods="8" elements="251" coveredelements="51" complexity="0" loc="114" ncloc="114" packages="4" files="7" classes="7"/>
    <package name="src">
      <metrics statements="5" coveredstatements="0" conditionals="2" coveredconditionals="0" methods="1" coveredmethods="0"/>
      <file name="UserManagement.jsx" path="C:\Projects\learning\nodejs\Task Management System\frontend\microfrontends\user-app\src\UserManagement.jsx">
        <metrics statements="5" coveredstatements="0" conditionals="2" coveredconditionals="0" methods="1" coveredmethods="0"/>
        <line num="7" count="0" type="stmt"/>
        <line num="23" count="0" type="stmt"/>
        <line num="25" count="0" type="cond" truecount="0" falsecount="2"/>
        <line num="26" count="0" type="stmt"/>
        <line num="36" count="0" type="stmt"/>
      </file>
    </package>
    <package name="src.components">
      <metrics statements="27" coveredstatements="21" conditionals="65" coveredconditionals="22" methods="11" coveredmethods="8"/>
      <file name="ErrorBoundary.jsx" path="C:\Projects\learning\nodejs\Task Management System\frontend\microfrontends\user-app\src\components\ErrorBoundary.jsx">
        <metrics statements="11" coveredstatements="11" conditionals="4" coveredconditionals="4" methods="5" coveredmethods="5"/>
        <line num="5" count="16" type="stmt"/>
        <line num="6" count="15" type="stmt"/>
        <line num="10" count="16" type="stmt"/>
        <line num="14" count="8" type="stmt"/>
        <line num="15" count="8" type="stmt"/>
        <line num="17" count="8" type="cond" truecount="2" falsecount="0"/>
        <line num="18" count="7" type="stmt"/>
        <line num="23" count="34" type="cond" truecount="2" falsecount="0"/>
        <line num="24" count="17" type="stmt"/>
        <line num="30" count="1" type="stmt"/>
        <line num="38" count="17" type="stmt"/>
      </file>
      <file name="UserItem.jsx" path="C:\Projects\learning\nodejs\Task Management System\frontend\microfrontends\user-app\src\components\UserItem.jsx">
        <metrics statements="6" coveredstatements="0" conditionals="43" coveredconditionals="0" methods="3" coveredmethods="0"/>
        <line num="5" count="0" type="cond" truecount="0" falsecount="2"/>
        <line num="8" count="0" type="stmt"/>
        <line num="15" count="0" type="stmt"/>
        <line num="16" count="0" type="stmt"/>
        <line num="82" count="0" type="stmt"/>
        <line num="94" count="0" type="stmt"/>
      </file>
      <file name="UserModal.jsx" path="C:\Projects\learning\nodejs\Task Management System\frontend\microfrontends\user-app\src\components\UserModal.jsx">
        <metrics statements="4" coveredstatements="4" conditionals="14" coveredconditionals="14" methods="1" coveredmethods="1"/>
        <line num="3" count="1" type="stmt"/>
        <line num="11" count="21" type="cond" truecount="2" falsecount="0"/>
        <line num="13" count="20" type="stmt"/>
        <line num="159" count="1" type="stmt"/>
      </file>
      <file name="UserTable.jsx" path="C:\Projects\learning\nodejs\Task Management System\frontend\microfrontends\user-app\src\components\UserTable.jsx">
        <metrics statements="6" coveredstatements="6" conditionals="4" coveredconditionals="4" methods="2" coveredmethods="2"/>
        <line num="4" count="1" type="stmt"/>
        <line num="5" count="11" type="cond" truecount="2" falsecount="0"/>
        <line num="6" count="2" type="stmt"/>
        <line num="14" count="9" type="stmt"/>
        <line num="29" count="17" type="stmt"/>
        <line num="41" count="1" type="stmt"/>
      </file>
    </package>
    <package name="src.config">
      <metrics statements="4" coveredstatements="0" conditionals="0" coveredconditionals="0" methods="0" coveredmethods="0"/>
      <file name="userAppConfig.js" path="C:\Projects\learning\nodejs\Task Management System\frontend\microfrontends\user-app\src\config\userAppConfig.js">
        <metrics statements="4" coveredstatements="0" conditionals="0" coveredconditionals="0" methods="0" coveredmethods="0"/>
        <line num="7" count="0" type="stmt"/>
        <line num="13" count="0" type="stmt"/>
        <line num="86" count="0" type="stmt"/>
        <line num="110" count="0" type="stmt"/>
      </file>
    </package>
    <package name="src.hooks">
      <metrics statements="78" coveredstatements="0" conditionals="43" coveredconditionals="0" methods="15" coveredmethods="0"/>
      <file name="useUserManagement.js" path="C:\Projects\learning\nodejs\Task Management System\frontend\microfrontends\user-app\src\hooks\useUserManagement.js">
        <metrics statements="78" coveredstatements="0" conditionals="43" coveredconditionals="0" methods="15" coveredmethods="0"/>
        <line num="5" count="0" type="stmt"/>
        <line num="6" count="0" type="stmt"/>
        <line num="7" count="0" type="stmt"/>
        <line num="8" count="0" type="stmt"/>
        <line num="9" count="0" type="stmt"/>
        <line num="10" count="0" type="stmt"/>
        <line num="11" count="0" type="stmt"/>
        <line num="12" count="0" type="stmt"/>
        <line num="14" count="0" type="stmt"/>
        <line num="16" count="0" type="stmt"/>
        <line num="17" count="0" type="stmt"/>
        <line num="18" count="0" type="stmt"/>
        <line num="19" count="0" type="stmt"/>
        <line num="21" count="0" type="cond" truecount="0" falsecount="2"/>
        <line num="22" count="0" type="stmt"/>
        <line num="23" count="0" type="stmt"/>
        <line num="24" count="0" type="cond" truecount="0" falsecount="2"/>
        <line num="25" count="0" type="stmt"/>
        <line num="27" count="0" type="stmt"/>
        <line num="30" count="0" type="stmt"/>
        <line num="33" count="0" type="stmt"/>
        <line num="34" count="0" type="cond" truecount="0" falsecount="3"/>
        <line num="35" count="0" type="cond" truecount="0" falsecount="2"/>
        <line num="36" count="0" type="stmt"/>
        <line num="38" count="0" type="stmt"/>
        <line num="39" count="0" type="stmt"/>
        <line num="40" count="0" type="stmt"/>
        <line num="41" count="0" type="cond" truecount="0" falsecount="2"/>
        <line num="42" count="0" type="stmt"/>
        <line num="45" count="0" type="stmt"/>
        <line num="49" count="0" type="stmt"/>
        <line num="50" count="0" type="stmt"/>
        <line num="53" count="0" type="stmt"/>
        <line num="54" count="0" type="stmt"/>
        <line num="55" count="0" type="stmt"/>
        <line num="56" count="0" type="stmt"/>
        <line num="65" count="0" type="stmt"/>
        <line num="68" count="0" type="stmt"/>
        <line num="69" count="0" type="stmt"/>
        <line num="70" count="0" type="stmt"/>
        <line num="71" count="0" type="stmt"/>
        <line num="80" count="0" type="stmt"/>
        <line num="83" count="0" type="stmt"/>
        <line num="84" count="0" type="stmt"/>
        <line num="86" count="0" type="stmt"/>
        <line num="87" count="0" type="cond" truecount="0" falsecount="2"/>
        <line num="88" count="0" type="cond" truecount="0" falsecount="2"/>
        <line num="89" count="0" type="stmt"/>
        <line num="95" count="0" type="stmt"/>
        <line num="96" count="0" type="cond" truecount="0" falsecount="2"/>
        <line num="97" count="0" type="stmt"/>
        <line num="100" count="0" type="stmt"/>
        <line num="101" count="0" type="cond" truecount="0" falsecount="2"/>
        <line num="105" count="0" type="cond" truecount="0" falsecount="2"/>
        <line num="106" count="0" type="stmt"/>
        <line num="109" count="0" type="stmt"/>
        <line num="110" count="0" type="stmt"/>
        <line num="113" count="0" type="cond" truecount="0" falsecount="2"/>
        <line num="117" count="0" type="cond" truecount="0" falsecount="2"/>
        <line num="119" count="0" type="stmt"/>
        <line num="125" count="0" type="stmt"/>
        <line num="126" count="0" type="cond" truecount="0" falsecount="2"/>
        <line num="127" count="0" type="cond" truecount="0" falsecount="2"/>
        <line num="129" count="0" type="stmt"/>
        <line num="130" count="0" type="stmt"/>
        <line num="132" count="0" type="stmt"/>
        <line num="136" count="0" type="stmt"/>
        <line num="137" count="0" type="stmt"/>
        <line num="138" count="0" type="stmt"/>
        <line num="144" count="0" type="stmt"/>
        <line num="145" count="0" type="stmt"/>
        <line num="149" count="0" type="stmt"/>
        <line num="150" count="0" type="stmt"/>
        <line num="152" count="0" type="stmt"/>
        <line num="153" count="0" type="stmt"/>
        <line num="154" count="0" type="stmt"/>
        <line num="155" count="0" type="stmt"/>
        <line num="159" count="0" type="stmt"/>
      </file>
    </package>
  </project>
</coverage>
