{"C:\\Projects\\learning\\nodejs\\Task Management System\\frontend\\microfrontends\\user-app\\src\\UserManagement.jsx": {"path":"C:\\Projects\\learning\\nodejs\\Task Management System\\frontend\\microfrontends\\user-app\\src\\UserManagement.jsx","statementMap":{"0":{"start":{"line":7,"column":23},"end":{"line":79,"column":1}},"1":{"start":{"line":23,"column":6},"end":{"line":23,"column":25}},"2":{"start":{"line":25,"column":2},"end":{"line":34,"column":3}},"3":{"start":{"line":26,"column":4},"end":{"line":33,"column":6}},"4":{"start":{"line":36,"column":2},"end":{"line":78,"column":4}}},"fnMap":{"0":{"name":"(anonymous_0)","decl":{"start":{"line":7,"column":23},"end":{"line":7,"column":24}},"loc":{"start":{"line":7,"column":29},"end":{"line":79,"column":1}},"line":7}},"branchMap":{"0":{"loc":{"start":{"line":25,"column":2},"end":{"line":34,"column":3}},"type":"if","locations":[{"start":{"line":25,"column":2},"end":{"line":34,"column":3}},{"start":{},"end":{}}],"line":25}},"s":{"0":1,"1":18,"2":18,"3":2,"4":16},"f":{"0":18},"b":{"0":[2,16]},"_coverageSchema":"1a1c01bbd47fc00a2c39e90264f33305004495a9","hash":"818042d3868d5421eb81c1a14d6c9ada32497874"}
,"C:\\Projects\\learning\\nodejs\\Task Management System\\frontend\\microfrontends\\user-app\\src\\components\\ErrorBoundary.jsx": {"path":"C:\\Projects\\learning\\nodejs\\Task Management System\\frontend\\microfrontends\\user-app\\src\\components\\ErrorBoundary.jsx","statementMap":{"0":{"start":{"line":5,"column":4},"end":{"line":5,"column":17}},"1":{"start":{"line":6,"column":4},"end":{"line":6,"column":50}},"2":{"start":{"line":10,"column":4},"end":{"line":10,"column":37}},"3":{"start":{"line":14,"column":4},"end":{"line":14,"column":44}},"4":{"start":{"line":15,"column":4},"end":{"line":15,"column":44}},"5":{"start":{"line":17,"column":4},"end":{"line":19,"column":5}},"6":{"start":{"line":18,"column":6},"end":{"line":18,"column":66}},"7":{"start":{"line":23,"column":4},"end":{"line":36,"column":5}},"8":{"start":{"line":24,"column":6},"end":{"line":35,"column":8}},"9":{"start":{"line":30,"column":27},"end":{"line":30,"column":74}},"10":{"start":{"line":38,"column":4},"end":{"line":38,"column":31}}},"fnMap":{"0":{"name":"(anonymous_0)","decl":{"start":{"line":4,"column":2},"end":{"line":4,"column":3}},"loc":{"start":{"line":4,"column":21},"end":{"line":7,"column":3}},"line":4},"1":{"name":"(anonymous_1)","decl":{"start":{"line":9,"column":2},"end":{"line":9,"column":3}},"loc":{"start":{"line":9,"column":41},"end":{"line":11,"column":3}},"line":9},"2":{"name":"(anonymous_2)","decl":{"start":{"line":13,"column":2},"end":{"line":13,"column":3}},"loc":{"start":{"line":13,"column":38},"end":{"line":20,"column":3}},"line":13},"3":{"name":"(anonymous_3)","decl":{"start":{"line":22,"column":2},"end":{"line":22,"column":3}},"loc":{"start":{"line":22,"column":11},"end":{"line":39,"column":3}},"line":22},"4":{"name":"(anonymous_4)","decl":{"start":{"line":30,"column":21},"end":{"line":30,"column":22}},"loc":{"start":{"line":30,"column":27},"end":{"line":30,"column":74}},"line":30}},"branchMap":{"0":{"loc":{"start":{"line":17,"column":4},"end":{"line":19,"column":5}},"type":"if","locations":[{"start":{"line":17,"column":4},"end":{"line":19,"column":5}},{"start":{},"end":{}}],"line":17},"1":{"loc":{"start":{"line":23,"column":4},"end":{"line":36,"column":5}},"type":"if","locations":[{"start":{"line":23,"column":4},"end":{"line":36,"column":5}},{"start":{},"end":{}}],"line":23}},"s":{"0":16,"1":15,"2":16,"3":8,"4":8,"5":8,"6":7,"7":34,"8":17,"9":1,"10":17},"f":{"0":16,"1":16,"2":8,"3":34,"4":1},"b":{"0":[7,1],"1":[17,17]},"_coverageSchema":"1a1c01bbd47fc00a2c39e90264f33305004495a9","hash":"6c336bbdec974bd47e3f12bf98106804d4d777e6"}
,"C:\\Projects\\learning\\nodejs\\Task Management System\\frontend\\microfrontends\\user-app\\src\\components\\UserItem.jsx": {"path":"C:\\Projects\\learning\\nodejs\\Task Management System\\frontend\\microfrontends\\user-app\\src\\components\\UserItem.jsx","statementMap":{"0":{"start":{"line":5,"column":20},"end":{"line":13,"column":1}},"1":{"start":{"line":8,"column":2},"end":{"line":12,"column":4}},"2":{"start":{"line":15,"column":17},"end":{"line":92,"column":2}},"3":{"start":{"line":16,"column":2},"end":{"line":91,"column":4}},"4":{"start":{"line":82,"column":25},"end":{"line":82,"column":37}},"5":{"start":{"line":94,"column":0},"end":{"line":94,"column":34}}},"fnMap":{"0":{"name":"(anonymous_0)","decl":{"start":{"line":5,"column":20},"end":{"line":5,"column":21}},"loc":{"start":{"line":5,"column":85},"end":{"line":13,"column":1}},"line":5},"1":{"name":"(anonymous_1)","decl":{"start":{"line":15,"column":28},"end":{"line":15,"column":29}},"loc":{"start":{"line":15,"column":50},"end":{"line":92,"column":1}},"line":15},"2":{"name":"(anonymous_2)","decl":{"start":{"line":82,"column":19},"end":{"line":82,"column":20}},"loc":{"start":{"line":82,"column":25},"end":{"line":82,"column":37}},"line":82}},"branchMap":{"0":{"loc":{"start":{"line":5,"column":42},"end":{"line":5,"column":58}},"type":"default-arg","locations":[{"start":{"line":5,"column":53},"end":{"line":5,"column":58}}],"line":5},"1":{"loc":{"start":{"line":5,"column":60},"end":{"line":5,"column":78}},"type":"default-arg","locations":[{"start":{"line":5,"column":71},"end":{"line":5,"column":78}}],"line":5},"2":{"loc":{"start":{"line":22,"column":13},"end":{"line":23,"column":84}},"type":"cond-expr","locations":[{"start":{"line":22,"column":55},"end":{"line":22,"column":93}},{"start":{"line":23,"column":13},"end":{"line":23,"column":84}}],"line":22},"3":{"loc":{"start":{"line":22,"column":13},"end":{"line":22,"column":52}},"type":"binary-expr","locations":[{"start":{"line":22,"column":13},"end":{"line":22,"column":27}},{"start":{"line":22,"column":31},"end":{"line":22,"column":52}}],"line":22},"4":{"loc":{"start":{"line":23,"column":13},"end":{"line":23,"column":84}},"type":"cond-expr","locations":[{"start":{"line":23,"column":45},"end":{"line":23,"column":78}},{"start":{"line":23,"column":81},"end":{"line":23,"column":84}}],"line":23},"5":{"loc":{"start":{"line":23,"column":13},"end":{"line":23,"column":42}},"type":"binary-expr","locations":[{"start":{"line":23,"column":13},"end":{"line":23,"column":22}},{"start":{"line":23,"column":26},"end":{"line":23,"column":42}}],"line":23},"6":{"loc":{"start":{"line":27,"column":23},"end":{"line":27,"column":123}},"type":"cond-expr","locations":[{"start":{"line":27,"column":57},"end":{"line":27,"column":93}},{"start":{"line":27,"column":96},"end":{"line":27,"column":123}}],"line":27},"7":{"loc":{"start":{"line":27,"column":23},"end":{"line":27,"column":54}},"type":"binary-expr","locations":[{"start":{"line":27,"column":23},"end":{"line":27,"column":37}},{"start":{"line":27,"column":41},"end":{"line":27,"column":54}}],"line":27},"8":{"loc":{"start":{"line":27,"column":96},"end":{"line":27,"column":123}},"type":"binary-expr","locations":[{"start":{"line":27,"column":96},"end":{"line":27,"column":105}},{"start":{"line":27,"column":109},"end":{"line":27,"column":123}}],"line":27},"9":{"loc":{"start":{"line":32,"column":17},"end":{"line":33,"column":44}},"type":"cond-expr","locations":[{"start":{"line":32,"column":51},"end":{"line":32,"column":87}},{"start":{"line":33,"column":17},"end":{"line":33,"column":44}}],"line":32},"10":{"loc":{"start":{"line":32,"column":17},"end":{"line":32,"column":48}},"type":"binary-expr","locations":[{"start":{"line":32,"column":17},"end":{"line":32,"column":31}},{"start":{"line":32,"column":35},"end":{"line":32,"column":48}}],"line":32},"11":{"loc":{"start":{"line":33,"column":17},"end":{"line":33,"column":44}},"type":"binary-expr","locations":[{"start":{"line":33,"column":17},"end":{"line":33,"column":26}},{"start":{"line":33,"column":30},"end":{"line":33,"column":44}}],"line":33},"12":{"loc":{"start":{"line":37,"column":27},"end":{"line":37,"column":57}},"type":"binary-expr","locations":[{"start":{"line":37,"column":27},"end":{"line":37,"column":40}},{"start":{"line":37,"column":44},"end":{"line":37,"column":57}}],"line":37},"13":{"loc":{"start":{"line":42,"column":18},"end":{"line":42,"column":48}},"type":"binary-expr","locations":[{"start":{"line":42,"column":18},"end":{"line":42,"column":31}},{"start":{"line":42,"column":35},"end":{"line":42,"column":48}}],"line":42},"14":{"loc":{"start":{"line":50,"column":19},"end":{"line":50,"column":43}},"type":"binary-expr","locations":[{"start":{"line":50,"column":19},"end":{"line":50,"column":29}},{"start":{"line":50,"column":33},"end":{"line":50,"column":43}}],"line":50},"15":{"loc":{"start":{"line":55,"column":13},"end":{"line":55,"column":37}},"type":"binary-expr","locations":[{"start":{"line":55,"column":13},"end":{"line":55,"column":23}},{"start":{"line":55,"column":27},"end":{"line":55,"column":37}}],"line":55},"16":{"loc":{"start":{"line":61,"column":10},"end":{"line":61,"column":74}},"type":"binary-expr","locations":[{"start":{"line":61,"column":10},"end":{"line":61,"column":56}},{"start":{"line":61,"column":60},"end":{"line":61,"column":74}}],"line":61},"17":{"loc":{"start":{"line":63,"column":11},"end":{"line":63,"column":78}},"type":"binary-expr","locations":[{"start":{"line":63,"column":11},"end":{"line":63,"column":55}},{"start":{"line":63,"column":59},"end":{"line":63,"column":68}},{"start":{"line":63,"column":72},"end":{"line":63,"column":78}}],"line":63},"18":{"loc":{"start":{"line":68,"column":10},"end":{"line":68,"column":55}},"type":"cond-expr","locations":[{"start":{"line":68,"column":26},"end":{"line":68,"column":38}},{"start":{"line":68,"column":41},"end":{"line":68,"column":55}}],"line":68},"19":{"loc":{"start":{"line":70,"column":11},"end":{"line":70,"column":48}},"type":"cond-expr","locations":[{"start":{"line":70,"column":27},"end":{"line":70,"column":35}},{"start":{"line":70,"column":38},"end":{"line":70,"column":48}}],"line":70},"20":{"loc":{"start":{"line":75,"column":40},"end":{"line":75,"column":114}},"type":"cond-expr","locations":[{"start":{"line":75,"column":57},"end":{"line":75,"column":102}},{"start":{"line":75,"column":105},"end":{"line":75,"column":114}}],"line":75},"21":{"loc":{"start":{"line":76,"column":39},"end":{"line":76,"column":106}},"type":"cond-expr","locations":[{"start":{"line":76,"column":56},"end":{"line":76,"column":101}},{"start":{"line":76,"column":104},"end":{"line":76,"column":106}}],"line":76}},"s":{"0":1,"1":36,"2":1,"3":12,"4":1,"5":1},"f":{"0":36,"1":12,"2":1},"b":{"0":[0],"1":[0],"2":[10,2],"3":[12,10],"4":[1,1],"5":[2,1],"6":[10,2],"7":[12,10],"8":[2,1],"9":[10,2],"10":[12,10],"11":[2,1],"12":[12,2],"13":[12,2],"14":[12,2],"15":[12,2],"16":[12,1],"17":[12,1,1],"18":[10,2],"19":[10,2],"20":[11,1],"21":[11,1]},"_coverageSchema":"1a1c01bbd47fc00a2c39e90264f33305004495a9","hash":"d6c7278c1353d661c1c1867fc16b25ee480943f0"}
,"C:\\Projects\\learning\\nodejs\\Task Management System\\frontend\\microfrontends\\user-app\\src\\components\\UserModal.jsx": {"path":"C:\\Projects\\learning\\nodejs\\Task Management System\\frontend\\microfrontends\\user-app\\src\\components\\UserModal.jsx","statementMap":{"0":{"start":{"line":3,"column":18},"end":{"line":157,"column":2}},"1":{"start":{"line":11,"column":2},"end":{"line":11,"column":25}},"2":{"start":{"line":11,"column":13},"end":{"line":11,"column":25}},"3":{"start":{"line":13,"column":2},"end":{"line":156,"column":4}},"4":{"start":{"line":159,"column":0},"end":{"line":159,"column":36}}},"fnMap":{"0":{"name":"(anonymous_0)","decl":{"start":{"line":3,"column":29},"end":{"line":3,"column":30}},"loc":{"start":{"line":10,"column":6},"end":{"line":157,"column":1}},"line":10}},"branchMap":{"0":{"loc":{"start":{"line":11,"column":2},"end":{"line":11,"column":25}},"type":"if","locations":[{"start":{"line":11,"column":2},"end":{"line":11,"column":25}},{"start":{},"end":{}}],"line":11},"1":{"loc":{"start":{"line":20,"column":15},"end":{"line":20,"column":60}},"type":"cond-expr","locations":[{"start":{"line":20,"column":32},"end":{"line":20,"column":46}},{"start":{"line":20,"column":49},"end":{"line":20,"column":60}}],"line":20},"2":{"loc":{"start":{"line":62,"column":30},"end":{"line":62,"column":55}},"type":"cond-expr","locations":[{"start":{"line":62,"column":47},"end":{"line":62,"column":50}},{"start":{"line":62,"column":53},"end":{"line":62,"column":55}}],"line":62},"3":{"loc":{"start":{"line":71,"column":33},"end":{"line":71,"column":126}},"type":"cond-expr","locations":[{"start":{"line":71,"column":50},"end":{"line":71,"column":85}},{"start":{"line":71,"column":88},"end":{"line":71,"column":126}}],"line":71},"4":{"loc":{"start":{"line":73,"column":31},"end":{"line":73,"column":53}},"type":"cond-expr","locations":[{"start":{"line":73,"column":48},"end":{"line":73,"column":49}},{"start":{"line":73,"column":52},"end":{"line":73,"column":53}}],"line":73},"5":{"loc":{"start":{"line":75,"column":19},"end":{"line":77,"column":19}},"type":"binary-expr","locations":[{"start":{"line":75,"column":19},"end":{"line":75,"column":34}},{"start":{"line":76,"column":20},"end":{"line":76,"column":89}}],"line":75},"6":{"loc":{"start":{"line":149,"column":17},"end":{"line":149,"column":63}},"type":"cond-expr","locations":[{"start":{"line":149,"column":34},"end":{"line":149,"column":47}},{"start":{"line":149,"column":50},"end":{"line":149,"column":63}}],"line":149}},"s":{"0":1,"1":21,"2":1,"3":20,"4":1},"f":{"0":21},"b":{"0":[1,20],"1":[17,3],"2":[17,3],"3":[17,3],"4":[17,3],"5":[20,3],"6":[17,3]},"_coverageSchema":"1a1c01bbd47fc00a2c39e90264f33305004495a9","hash":"6db2834dccf6cb4cf0d947b440a1792d3891bb33"}
,"C:\\Projects\\learning\\nodejs\\Task Management System\\frontend\\microfrontends\\user-app\\src\\components\\UserTable.jsx": {"path":"C:\\Projects\\learning\\nodejs\\Task Management System\\frontend\\microfrontends\\user-app\\src\\components\\UserTable.jsx","statementMap":{"0":{"start":{"line":4,"column":18},"end":{"line":39,"column":2}},"1":{"start":{"line":5,"column":2},"end":{"line":12,"column":3}},"2":{"start":{"line":6,"column":4},"end":{"line":11,"column":6}},"3":{"start":{"line":14,"column":2},"end":{"line":38,"column":4}},"4":{"start":{"line":29,"column":12},"end":{"line":33,"column":14}},"5":{"start":{"line":41,"column":0},"end":{"line":41,"column":36}}},"fnMap":{"0":{"name":"(anonymous_0)","decl":{"start":{"line":4,"column":29},"end":{"line":4,"column":30}},"loc":{"start":{"line":4,"column":52},"end":{"line":39,"column":1}},"line":4},"1":{"name":"(anonymous_1)","decl":{"start":{"line":28,"column":21},"end":{"line":28,"column":22}},"loc":{"start":{"line":29,"column":12},"end":{"line":33,"column":14}},"line":29}},"branchMap":{"0":{"loc":{"start":{"line":5,"column":2},"end":{"line":12,"column":3}},"type":"if","locations":[{"start":{"line":5,"column":2},"end":{"line":12,"column":3}},{"start":{},"end":{}}],"line":5},"1":{"loc":{"start":{"line":30,"column":19},"end":{"line":30,"column":36}},"type":"binary-expr","locations":[{"start":{"line":30,"column":19},"end":{"line":30,"column":27}},{"start":{"line":30,"column":31},"end":{"line":30,"column":36}}],"line":30}},"s":{"0":1,"1":11,"2":2,"3":9,"4":17,"5":1},"f":{"0":11,"1":17},"b":{"0":[2,9],"1":[17,2]},"_coverageSchema":"1a1c01bbd47fc00a2c39e90264f33305004495a9","hash":"db1f8ca39dc4caadcf00f3c62ef54432fabbf26f"}
,"C:\\Projects\\learning\\nodejs\\Task Management System\\frontend\\microfrontends\\user-app\\src\\config\\userAppConfig.js": {"path":"C:\\Projects\\learning\\nodejs\\Task Management System\\frontend\\microfrontends\\user-app\\src\\config\\userAppConfig.js","statementMap":{"0":{"start":{"line":7,"column":46},"end":{"line":7,"column":88}},"1":{"start":{"line":13,"column":24},"end":{"line":80,"column":1}},"2":{"start":{"line":86,"column":26},"end":{"line":104,"column":1}},"3":{"start":{"line":110,"column":0},"end":{"line":118,"column":2}}},"fnMap":{},"branchMap":{},"s":{"0":1,"1":1,"2":1,"3":1},"f":{},"b":{},"_coverageSchema":"1a1c01bbd47fc00a2c39e90264f33305004495a9","hash":"3837753d3e20e40539a78d1c0604703d2495e4c3"}
,"C:\\Projects\\learning\\nodejs\\Task Management System\\frontend\\microfrontends\\user-app\\src\\hooks\\useUserManagement.js": {"path":"C:\\Projects\\learning\\nodejs\\Task Management System\\frontend\\microfrontends\\user-app\\src\\hooks\\useUserManagement.js","statementMap":{"0":{"start":{"line":5,"column":33},"end":{"line":178,"column":1}},"1":{"start":{"line":6,"column":28},"end":{"line":6,"column":40}},"2":{"start":{"line":7,"column":32},"end":{"line":7,"column":46}},"3":{"start":{"line":8,"column":36},"end":{"line":8,"column":55}},"4":{"start":{"line":9,"column":36},"end":{"line":9,"column":51}},"5":{"start":{"line":10,"column":40},"end":{"line":10,"column":54}},"6":{"start":{"line":11,"column":36},"end":{"line":11,"column":51}},"7":{"start":{"line":12,"column":34},"end":{"line":12,"column":71}},"8":{"start":{"line":14,"column":56},"end":{"line":14,"column":65}},"9":{"start":{"line":16,"column":21},"end":{"line":47,"column":49}},"10":{"start":{"line":17,"column":4},"end":{"line":46,"column":5}},"11":{"start":{"line":18,"column":6},"end":{"line":18,"column":23}},"12":{"start":{"line":19,"column":6},"end":{"line":19,"column":30}},"13":{"start":{"line":21,"column":6},"end":{"line":28,"column":7}},"14":{"start":{"line":22,"column":8},"end":{"line":22,"column":30}},"15":{"start":{"line":23,"column":8},"end":{"line":23,"column":26}},"16":{"start":{"line":24,"column":8},"end":{"line":26,"column":9}},"17":{"start":{"line":25,"column":10},"end":{"line":25,"column":58}},"18":{"start":{"line":27,"column":8},"end":{"line":27,"column":15}},"19":{"start":{"line":30,"column":23},"end":{"line":30,"column":88}},"20":{"start":{"line":33,"column":19},"end":{"line":33,"column":32}},"21":{"start":{"line":34,"column":24},"end":{"line":34,"column":48}},"22":{"start":{"line":35,"column":6},"end":{"line":35,"column":58}},"23":{"start":{"line":36,"column":6},"end":{"line":36,"column":32}},"24":{"start":{"line":38,"column":6},"end":{"line":38,"column":52}},"25":{"start":{"line":39,"column":6},"end":{"line":39,"column":28}},"26":{"start":{"line":40,"column":6},"end":{"line":40,"column":19}},"27":{"start":{"line":41,"column":6},"end":{"line":43,"column":7}},"28":{"start":{"line":42,"column":8},"end":{"line":42,"column":80}},"29":{"start":{"line":45,"column":6},"end":{"line":45,"column":24}},"30":{"start":{"line":49,"column":2},"end":{"line":51,"column":19}},"31":{"start":{"line":50,"column":4},"end":{"line":50,"column":17}},"32":{"start":{"line":53,"column":24},"end":{"line":66,"column":8}},"33":{"start":{"line":54,"column":4},"end":{"line":54,"column":24}},"34":{"start":{"line":55,"column":4},"end":{"line":55,"column":25}},"35":{"start":{"line":56,"column":4},"end":{"line":64,"column":7}},"36":{"start":{"line":65,"column":4},"end":{"line":65,"column":23}},"37":{"start":{"line":68,"column":25},"end":{"line":81,"column":8}},"38":{"start":{"line":69,"column":4},"end":{"line":69,"column":25}},"39":{"start":{"line":70,"column":4},"end":{"line":70,"column":25}},"40":{"start":{"line":71,"column":4},"end":{"line":79,"column":7}},"41":{"start":{"line":80,"column":4},"end":{"line":80,"column":23}},"42":{"start":{"line":83,"column":23},"end":{"line":134,"column":102}},"43":{"start":{"line":84,"column":4},"end":{"line":84,"column":23}},"44":{"start":{"line":86,"column":4},"end":{"line":133,"column":5}},"45":{"start":{"line":87,"column":6},"end":{"line":111,"column":7}},"46":{"start":{"line":88,"column":8},"end":{"line":108,"column":9}},"47":{"start":{"line":89,"column":26},"end":{"line":94,"column":11}},"48":{"start":{"line":95,"column":10},"end":{"line":95,"column":40}},"49":{"start":{"line":96,"column":10},"end":{"line":98,"column":11}},"50":{"start":{"line":97,"column":12},"end":{"line":97,"column":73}},"51":{"start":{"line":100,"column":10},"end":{"line":104,"column":13}},"52":{"start":{"line":101,"column":12},"end":{"line":103,"column":20}},"53":{"start":{"line":105,"column":10},"end":{"line":107,"column":11}},"54":{"start":{"line":106,"column":12},"end":{"line":106,"column":73}},"55":{"start":{"line":109,"column":8},"end":{"line":109,"column":28}},"56":{"start":{"line":110,"column":8},"end":{"line":110,"column":15}},"57":{"start":{"line":113,"column":18},"end":{"line":115,"column":62}},"58":{"start":{"line":117,"column":21},"end":{"line":117,"column":57}},"59":{"start":{"line":119,"column":23},"end":{"line":122,"column":8}},"60":{"start":{"line":125,"column":21},"end":{"line":125,"column":34}},"61":{"start":{"line":126,"column":6},"end":{"line":128,"column":7}},"62":{"start":{"line":127,"column":8},"end":{"line":127,"column":110}},"63":{"start":{"line":129,"column":6},"end":{"line":129,"column":19}},"64":{"start":{"line":130,"column":6},"end":{"line":130,"column":26}},"65":{"start":{"line":132,"column":6},"end":{"line":132,"column":49}},"66":{"start":{"line":136,"column":28},"end":{"line":142,"column":8}},"67":{"start":{"line":137,"column":43},"end":{"line":137,"column":51}},"68":{"start":{"line":138,"column":4},"end":{"line":141,"column":8}},"69":{"start":{"line":138,"column":25},"end":{"line":141,"column":5}},"70":{"start":{"line":144,"column":27},"end":{"line":146,"column":8}},"71":{"start":{"line":145,"column":4},"end":{"line":145,"column":24}},"72":{"start":{"line":149,"column":20},"end":{"line":157,"column":13}},"73":{"start":{"line":150,"column":4},"end":{"line":156,"column":6}},"74":{"start":{"line":152,"column":35},"end":{"line":152,"column":48}},"75":{"start":{"line":153,"column":37},"end":{"line":153,"column":51}},"76":{"start":{"line":154,"column":35},"end":{"line":154,"column":56}},"77":{"start":{"line":155,"column":39},"end":{"line":155,"column":64}},"78":{"start":{"line":159,"column":2},"end":{"line":177,"column":4}}},"fnMap":{"0":{"name":"(anonymous_0)","decl":{"start":{"line":5,"column":33},"end":{"line":5,"column":34}},"loc":{"start":{"line":5,"column":39},"end":{"line":178,"column":1}},"line":5},"1":{"name":"(anonymous_1)","decl":{"start":{"line":16,"column":33},"end":{"line":16,"column":34}},"loc":{"start":{"line":16,"column":45},"end":{"line":47,"column":3}},"line":16},"2":{"name":"(anonymous_2)","decl":{"start":{"line":49,"column":12},"end":{"line":49,"column":13}},"loc":{"start":{"line":49,"column":18},"end":{"line":51,"column":3}},"line":49},"3":{"name":"(anonymous_3)","decl":{"start":{"line":53,"column":36},"end":{"line":53,"column":37}},"loc":{"start":{"line":53,"column":42},"end":{"line":66,"column":3}},"line":53},"4":{"name":"(anonymous_4)","decl":{"start":{"line":68,"column":37},"end":{"line":68,"column":38}},"loc":{"start":{"line":68,"column":47},"end":{"line":81,"column":3}},"line":68},"5":{"name":"(anonymous_5)","decl":{"start":{"line":83,"column":35},"end":{"line":83,"column":36}},"loc":{"start":{"line":83,"column":48},"end":{"line":134,"column":3}},"line":83},"6":{"name":"(anonymous_6)","decl":{"start":{"line":100,"column":29},"end":{"line":100,"column":30}},"loc":{"start":{"line":101,"column":12},"end":{"line":103,"column":20}},"line":101},"7":{"name":"(anonymous_7)","decl":{"start":{"line":136,"column":40},"end":{"line":136,"column":41}},"loc":{"start":{"line":136,"column":47},"end":{"line":142,"column":3}},"line":136},"8":{"name":"(anonymous_8)","decl":{"start":{"line":138,"column":16},"end":{"line":138,"column":17}},"loc":{"start":{"line":138,"column":25},"end":{"line":141,"column":5}},"line":138},"9":{"name":"(anonymous_9)","decl":{"start":{"line":144,"column":39},"end":{"line":144,"column":40}},"loc":{"start":{"line":144,"column":45},"end":{"line":146,"column":3}},"line":144},"10":{"name":"(anonymous_10)","decl":{"start":{"line":149,"column":28},"end":{"line":149,"column":29}},"loc":{"start":{"line":149,"column":34},"end":{"line":157,"column":3}},"line":149},"11":{"name":"(anonymous_11)","decl":{"start":{"line":152,"column":27},"end":{"line":152,"column":28}},"loc":{"start":{"line":152,"column":35},"end":{"line":152,"column":48}},"line":152},"12":{"name":"(anonymous_12)","decl":{"start":{"line":153,"column":29},"end":{"line":153,"column":30}},"loc":{"start":{"line":153,"column":37},"end":{"line":153,"column":51}},"line":153},"13":{"name":"(anonymous_13)","decl":{"start":{"line":154,"column":27},"end":{"line":154,"column":28}},"loc":{"start":{"line":154,"column":35},"end":{"line":154,"column":56}},"line":154},"14":{"name":"(anonymous_14)","decl":{"start":{"line":155,"column":31},"end":{"line":155,"column":32}},"loc":{"start":{"line":155,"column":39},"end":{"line":155,"column":64}},"line":155}},"branchMap":{"0":{"loc":{"start":{"line":21,"column":6},"end":{"line":28,"column":7}},"type":"if","locations":[{"start":{"line":21,"column":6},"end":{"line":28,"column":7}},{"start":{},"end":{}}],"line":21},"1":{"loc":{"start":{"line":24,"column":8},"end":{"line":26,"column":9}},"type":"if","locations":[{"start":{"line":24,"column":8},"end":{"line":26,"column":9}},{"start":{},"end":{}}],"line":24},"2":{"loc":{"start":{"line":34,"column":24},"end":{"line":34,"column":48}},"type":"binary-expr","locations":[{"start":{"line":34,"column":24},"end":{"line":34,"column":34}},{"start":{"line":34,"column":38},"end":{"line":34,"column":42}},{"start":{"line":34,"column":46},"end":{"line":34,"column":48}}],"line":34},"3":{"loc":{"start":{"line":35,"column":15},"end":{"line":35,"column":56}},"type":"cond-expr","locations":[{"start":{"line":35,"column":42},"end":{"line":35,"column":51}},{"start":{"line":35,"column":54},"end":{"line":35,"column":56}}],"line":35},"4":{"loc":{"start":{"line":41,"column":6},"end":{"line":43,"column":7}},"type":"if","locations":[{"start":{"line":41,"column":6},"end":{"line":43,"column":7}},{"start":{},"end":{}}],"line":41},"5":{"loc":{"start":{"line":72,"column":16},"end":{"line":72,"column":35}},"type":"binary-expr","locations":[{"start":{"line":72,"column":16},"end":{"line":72,"column":29}},{"start":{"line":72,"column":33},"end":{"line":72,"column":35}}],"line":72},"6":{"loc":{"start":{"line":73,"column":13},"end":{"line":73,"column":29}},"type":"binary-expr","locations":[{"start":{"line":73,"column":13},"end":{"line":73,"column":23}},{"start":{"line":73,"column":27},"end":{"line":73,"column":29}}],"line":73},"7":{"loc":{"start":{"line":74,"column":17},"end":{"line":74,"column":37}},"type":"binary-expr","locations":[{"start":{"line":74,"column":17},"end":{"line":74,"column":31}},{"start":{"line":74,"column":35},"end":{"line":74,"column":37}}],"line":74},"8":{"loc":{"start":{"line":75,"column":16},"end":{"line":75,"column":35}},"type":"binary-expr","locations":[{"start":{"line":75,"column":16},"end":{"line":75,"column":29}},{"start":{"line":75,"column":33},"end":{"line":75,"column":35}}],"line":75},"9":{"loc":{"start":{"line":77,"column":12},"end":{"line":77,"column":31}},"type":"binary-expr","locations":[{"start":{"line":77,"column":12},"end":{"line":77,"column":21}},{"start":{"line":77,"column":25},"end":{"line":77,"column":31}}],"line":77},"10":{"loc":{"start":{"line":78,"column":16},"end":{"line":78,"column":66}},"type":"cond-expr","locations":[{"start":{"line":78,"column":46},"end":{"line":78,"column":59}},{"start":{"line":78,"column":62},"end":{"line":78,"column":66}}],"line":78},"11":{"loc":{"start":{"line":87,"column":6},"end":{"line":111,"column":7}},"type":"if","locations":[{"start":{"line":87,"column":6},"end":{"line":111,"column":7}},{"start":{},"end":{}}],"line":87},"12":{"loc":{"start":{"line":88,"column":8},"end":{"line":108,"column":9}},"type":"if","locations":[{"start":{"line":88,"column":8},"end":{"line":108,"column":9}},{"start":{"line":99,"column":15},"end":{"line":108,"column":9}}],"line":88},"13":{"loc":{"start":{"line":96,"column":10},"end":{"line":98,"column":11}},"type":"if","locations":[{"start":{"line":96,"column":10},"end":{"line":98,"column":11}},{"start":{},"end":{}}],"line":96},"14":{"loc":{"start":{"line":101,"column":12},"end":{"line":103,"column":20}},"type":"cond-expr","locations":[{"start":{"line":102,"column":16},"end":{"line":102,"column":92}},{"start":{"line":103,"column":16},"end":{"line":103,"column":20}}],"line":101},"15":{"loc":{"start":{"line":105,"column":10},"end":{"line":107,"column":11}},"type":"if","locations":[{"start":{"line":105,"column":10},"end":{"line":107,"column":11}},{"start":{},"end":{}}],"line":105},"16":{"loc":{"start":{"line":113,"column":18},"end":{"line":115,"column":62}},"type":"cond-expr","locations":[{"start":{"line":114,"column":10},"end":{"line":114,"column":51}},{"start":{"line":115,"column":10},"end":{"line":115,"column":62}}],"line":113},"17":{"loc":{"start":{"line":117,"column":21},"end":{"line":117,"column":57}},"type":"cond-expr","locations":[{"start":{"line":117,"column":43},"end":{"line":117,"column":49}},{"start":{"line":117,"column":52},"end":{"line":117,"column":57}}],"line":117},"18":{"loc":{"start":{"line":126,"column":6},"end":{"line":128,"column":7}},"type":"if","locations":[{"start":{"line":126,"column":6},"end":{"line":128,"column":7}},{"start":{},"end":{}}],"line":126},"19":{"loc":{"start":{"line":127,"column":27},"end":{"line":127,"column":108}},"type":"cond-expr","locations":[{"start":{"line":127,"column":49},"end":{"line":127,"column":77}},{"start":{"line":127,"column":80},"end":{"line":127,"column":108}}],"line":127},"20":{"loc":{"start":{"line":140,"column":14},"end":{"line":140,"column":51}},"type":"cond-expr","locations":[{"start":{"line":140,"column":36},"end":{"line":140,"column":43}},{"start":{"line":140,"column":46},"end":{"line":140,"column":51}}],"line":140}},"s":{"0":2,"1":67,"2":67,"3":67,"4":67,"5":67,"6":67,"7":67,"8":67,"9":67,"10":40,"11":40,"12":40,"13":40,"14":0,"15":0,"16":0,"17":0,"18":0,"19":40,"20":40,"21":40,"22":40,"23":40,"24":0,"25":0,"26":0,"27":0,"28":0,"29":40,"30":67,"31":40,"32":67,"33":4,"34":4,"35":4,"36":4,"37":67,"38":2,"39":2,"40":2,"41":2,"42":67,"43":0,"44":0,"45":0,"46":0,"47":0,"48":0,"49":0,"50":0,"51":0,"52":0,"53":0,"54":0,"55":0,"56":0,"57":0,"58":0,"59":0,"60":0,"61":0,"62":0,"63":0,"64":0,"65":0,"66":67,"67":6,"68":6,"69":6,"70":67,"71":2,"72":67,"73":13,"74":0,"75":0,"76":0,"77":0,"78":67},"f":{"0":67,"1":40,"2":40,"3":4,"4":2,"5":0,"6":0,"7":6,"8":6,"9":2,"10":13,"11":0,"12":0,"13":0,"14":0},"b":{"0":[0,40],"1":[0,0],"2":[40,0,0],"3":[40,0],"4":[0,0],"5":[2,0],"6":[2,0],"7":[2,0],"8":[2,0],"9":[2,0],"10":[2,0],"11":[0,0],"12":[0,0],"13":[0,0],"14":[0,0],"15":[0,0],"16":[0,0],"17":[0,0],"18":[0,0],"19":[0,0],"20":[2,4]},"_coverageSchema":"1a1c01bbd47fc00a2c39e90264f33305004495a9","hash":"f375c1c3e7d5832641ab20fb14008f4e6302e6ef"}
}
