{"total": {"lines":{"total":610,"covered":39,"skipped":0,"pct":6.39},"statements":{"total":639,"covered":44,"skipped":0,"pct":6.88},"functions":{"total":158,"covered":18,"skipped":0,"pct":11.39},"branches":{"total":382,"covered":0,"skipped":0,"pct":0},"branchesTrue":{"total":0,"covered":0,"skipped":0,"pct":100}}
,"C:\\Projects\\learning\\nodejs\\Task Management System\\frontend\\shell-app\\src\\App.jsx": {"lines":{"total":127,"covered":0,"skipped":0,"pct":0},"functions":{"total":16,"covered":0,"skipped":0,"pct":0},"statements":{"total":128,"covered":0,"skipped":0,"pct":0},"branches":{"total":120,"covered":0,"skipped":0,"pct":0}}
,"C:\\Projects\\learning\\nodejs\\Task Management System\\frontend\\shell-app\\src\\components\\AuthenticatedApp.jsx": {"lines":{"total":62,"covered":0,"skipped":0,"pct":0},"functions":{"total":31,"covered":0,"skipped":0,"pct":0},"statements":{"total":74,"covered":0,"skipped":0,"pct":0},"branches":{"total":44,"covered":0,"skipped":0,"pct":0}}
,"C:\\Projects\\learning\\nodejs\\Task Management System\\frontend\\shell-app\\src\\components\\Dashboard.jsx": {"lines":{"total":84,"covered":0,"skipped":0,"pct":0},"functions":{"total":28,"covered":0,"skipped":0,"pct":0},"statements":{"total":89,"covered":0,"skipped":0,"pct":0},"branches":{"total":58,"covered":0,"skipped":0,"pct":0}}
,"C:\\Projects\\learning\\nodejs\\Task Management System\\frontend\\shell-app\\src\\components\\ErrorTesting.jsx": {"lines":{"total":155,"covered":0,"skipped":0,"pct":0},"functions":{"total":31,"covered":0,"skipped":0,"pct":0},"statements":{"total":156,"covered":0,"skipped":0,"pct":0},"branches":{"total":46,"covered":0,"skipped":0,"pct":0}}
,"C:\\Projects\\learning\\nodejs\\Task Management System\\frontend\\shell-app\\src\\components\\FloatingMessageManager.jsx": {"lines":{"total":27,"covered":27,"skipped":0,"pct":100},"functions":{"total":17,"covered":17,"skipped":0,"pct":100},"statements":{"total":32,"covered":32,"skipped":0,"pct":100},"branches":{"total":0,"covered":0,"skipped":0,"pct":100}}
,"C:\\Projects\\learning\\nodejs\\Task Management System\\frontend\\shell-app\\src\\components\\IdleTimeoutDebug.jsx": {"lines":{"total":4,"covered":0,"skipped":0,"pct":0},"functions":{"total":2,"covered":0,"skipped":0,"pct":0},"statements":{"total":4,"covered":0,"skipped":0,"pct":0},"branches":{"total":14,"covered":0,"skipped":0,"pct":0}}
,"C:\\Projects\\learning\\nodejs\\Task Management System\\frontend\\shell-app\\src\\components\\IdleTimeoutTest.jsx": {"lines":{"total":29,"covered":0,"skipped":0,"pct":0},"functions":{"total":18,"covered":0,"skipped":0,"pct":0},"statements":{"total":33,"covered":0,"skipped":0,"pct":0},"branches":{"total":22,"covered":0,"skipped":0,"pct":0}}
,"C:\\Projects\\learning\\nodejs\\Task Management System\\frontend\\shell-app\\src\\components\\LoginForm.jsx": {"lines":{"total":70,"covered":0,"skipped":0,"pct":0},"functions":{"total":8,"covered":0,"skipped":0,"pct":0},"statements":{"total":71,"covered":0,"skipped":0,"pct":0},"branches":{"total":46,"covered":0,"skipped":0,"pct":0}}
,"C:\\Projects\\learning\\nodejs\\Task Management System\\frontend\\shell-app\\src\\components\\ReduxTest.jsx": {"lines":{"total":25,"covered":0,"skipped":0,"pct":0},"functions":{"total":3,"covered":0,"skipped":0,"pct":0},"statements":{"total":25,"covered":0,"skipped":0,"pct":0},"branches":{"total":24,"covered":0,"skipped":0,"pct":0}}
,"C:\\Projects\\learning\\nodejs\\Task Management System\\frontend\\shell-app\\src\\config\\shellConfig.js": {"lines":{"total":2,"covered":0,"skipped":0,"pct":0},"functions":{"total":0,"covered":0,"skipped":0,"pct":100},"statements":{"total":2,"covered":0,"skipped":0,"pct":0},"branches":{"total":0,"covered":0,"skipped":0,"pct":100}}
,"C:\\Projects\\learning\\nodejs\\Task Management System\\frontend\\shell-app\\src\\utils\\api.js": {"lines":{"total":25,"covered":12,"skipped":0,"pct":48},"functions":{"total":4,"covered":1,"skipped":0,"pct":25},"statements":{"total":25,"covered":12,"skipped":0,"pct":48},"branches":{"total":8,"covered":0,"skipped":0,"pct":0}}
}
