TN:
SF:src\App.jsx
FN:34,(anonymous_0)
FN:39,(anonymous_1)
FN:43,(anonymous_2)
FN:53,(anonymous_3)
FN:100,(anonymous_4)
FN:135,(anonymous_5)
FN:188,(anonymous_6)
FN:195,(anonymous_7)
FN:204,(anonymous_8)
FN:208,(anonymous_9)
FN:209,(anonymous_10)
FN:217,(anonymous_11)
FN:226,(anonymous_12)
FN:232,(anonymous_13)
FN:249,(anonymous_14)
FN:278,(anonymous_15)
FNF:16
FNH:0
FNDA:0,(anonymous_0)
FNDA:0,(anonymous_1)
FNDA:0,(anonymous_2)
FNDA:0,(anonymous_3)
FNDA:0,(anonymous_4)
FNDA:0,(anonymous_5)
FNDA:0,(anonymous_6)
FNDA:0,(anonymous_7)
FNDA:0,(anonymous_8)
FNDA:0,(anonymous_9)
FNDA:0,(anonymous_10)
FNDA:0,(anonymous_11)
FNDA:0,(anonymous_12)
FNDA:0,(anonymous_13)
FNDA:0,(anonymous_14)
FNDA:0,(anonymous_15)
DA:12,0
DA:13,0
DA:14,0
DA:15,0
DA:18,0
DA:25,0
DA:26,0
DA:27,0
DA:28,0
DA:31,0
DA:34,0
DA:35,0
DA:36,0
DA:39,0
DA:43,0
DA:44,0
DA:46,0
DA:51,0
DA:53,0
DA:55,0
DA:58,0
DA:60,0
DA:64,0
DA:66,0
DA:70,0
DA:72,0
DA:73,0
DA:74,0
DA:75,0
DA:76,0
DA:77,0
DA:78,0
DA:79,0
DA:81,0
DA:83,0
DA:84,0
DA:85,0
DA:86,0
DA:90,0
DA:91,0
DA:92,0
DA:93,0
DA:95,0
DA:96,0
DA:100,0
DA:104,0
DA:106,0
DA:109,0
DA:111,0
DA:112,0
DA:113,0
DA:114,0
DA:115,0
DA:116,0
DA:118,0
DA:123,0
DA:124,0
DA:127,0
DA:131,0
DA:132,0
DA:135,0
DA:136,0
DA:139,0
DA:140,0
DA:144,0
DA:145,0
DA:149,0
DA:151,0
DA:152,0
DA:153,0
DA:154,0
DA:155,0
DA:156,0
DA:157,0
DA:158,0
DA:160,0
DA:162,0
DA:163,0
DA:164,0
DA:165,0
DA:166,0
DA:167,0
DA:168,0
DA:169,0
DA:170,0
DA:171,0
DA:175,0
DA:176,0
DA:177,0
DA:178,0
DA:180,0
DA:181,0
DA:184,0
DA:188,0
DA:190,0
DA:191,0
DA:195,0
DA:197,0
DA:198,0
DA:204,0
DA:206,0
DA:207,0
DA:208,0
DA:209,0
DA:210,0
DA:213,0
DA:217,0
DA:219,0
DA:220,0
DA:221,0
DA:223,0
DA:226,0
DA:228,0
DA:229,0
DA:232,0
DA:234,0
DA:235,0
DA:238,0
DA:239,0
DA:249,0
DA:250,0
DA:278,0
DA:279,0
DA:281,0
DA:291,0
DA:292,0
DA:301,0
LF:127
LH:0
BRDA:44,0,0,0
BRDA:44,0,1,0
BRDA:44,1,0,0
BRDA:44,1,1,0
BRDA:58,2,0,0
BRDA:58,2,1,0
BRDA:58,3,0,0
BRDA:58,3,1,0
BRDA:58,3,2,0
BRDA:64,4,0,0
BRDA:64,4,1,0
BRDA:64,5,0,0
BRDA:64,5,1,0
BRDA:64,5,2,0
BRDA:72,6,0,0
BRDA:72,6,1,0
BRDA:73,7,0,0
BRDA:73,7,1,0
BRDA:75,8,0,0
BRDA:75,8,1,0
BRDA:77,9,0,0
BRDA:77,9,1,0
BRDA:77,10,0,0
BRDA:77,10,1,0
BRDA:78,11,0,0
BRDA:78,11,1,0
BRDA:83,12,0,0
BRDA:83,12,1,0
BRDA:83,13,0,0
BRDA:83,13,1,0
BRDA:85,14,0,0
BRDA:85,14,1,0
BRDA:85,15,0,0
BRDA:85,15,1,0
BRDA:91,16,0,0
BRDA:91,16,1,0
BRDA:104,17,0,0
BRDA:104,17,1,0
BRDA:104,18,0,0
BRDA:104,18,1,0
BRDA:104,18,2,0
BRDA:111,19,0,0
BRDA:111,19,1,0
BRDA:111,20,0,0
BRDA:111,20,1,0
BRDA:112,21,0,0
BRDA:112,21,1,0
BRDA:114,22,0,0
BRDA:114,22,1,0
BRDA:114,23,0,0
BRDA:114,23,1,0
BRDA:115,24,0,0
BRDA:115,24,1,0
BRDA:123,25,0,0
BRDA:123,25,1,0
BRDA:139,26,0,0
BRDA:139,26,1,0
BRDA:139,27,0,0
BRDA:139,27,1,0
BRDA:139,27,2,0
BRDA:144,28,0,0
BRDA:144,28,1,0
BRDA:144,29,0,0
BRDA:144,29,1,0
BRDA:144,29,2,0
BRDA:151,30,0,0
BRDA:151,30,1,0
BRDA:152,31,0,0
BRDA:152,31,1,0
BRDA:154,32,0,0
BRDA:154,32,1,0
BRDA:156,33,0,0
BRDA:156,33,1,0
BRDA:156,34,0,0
BRDA:156,34,1,0
BRDA:157,35,0,0
BRDA:157,35,1,0
BRDA:162,36,0,0
BRDA:162,36,1,0
BRDA:162,37,0,0
BRDA:162,37,1,0
BRDA:164,38,0,0
BRDA:164,38,1,0
BRDA:164,39,0,0
BRDA:164,39,1,0
BRDA:166,40,0,0
BRDA:166,40,1,0
BRDA:166,41,0,0
BRDA:166,41,1,0
BRDA:168,42,0,0
BRDA:168,42,1,0
BRDA:168,43,0,0
BRDA:168,43,1,0
BRDA:170,44,0,0
BRDA:170,44,1,0
BRDA:170,45,0,0
BRDA:170,45,1,0
BRDA:176,46,0,0
BRDA:176,46,1,0
BRDA:190,47,0,0
BRDA:190,47,1,0
BRDA:197,48,0,0
BRDA:197,48,1,0
BRDA:220,49,0,0
BRDA:220,49,1,0
BRDA:238,50,0,0
BRDA:238,50,1,0
BRDA:259,51,0,0
BRDA:259,51,1,0
BRDA:267,52,0,0
BRDA:267,52,1,0
BRDA:279,53,0,0
BRDA:279,53,1,0
BRDA:279,54,0,0
BRDA:279,54,1,0
BRDA:279,54,2,0
BRDA:285,55,0,0
BRDA:285,55,1,0
BRDA:291,56,0,0
BRDA:291,56,1,0
BRF:120
BRH:0
end_of_record
TN:
SF:src\components\AuthenticatedApp.jsx
FN:11,(anonymous_0)
FN:11,(anonymous_1)
FN:11,(anonymous_2)
FN:12,(anonymous_3)
FN:12,(anonymous_4)
FN:12,(anonymous_5)
FN:13,(anonymous_6)
FN:13,(anonymous_7)
FN:13,(anonymous_8)
FN:17,(anonymous_9)
FN:22,(anonymous_10)
FN:26,(anonymous_11)
FN:35,(anonymous_12)
FN:43,(anonymous_13)
FN:55,(anonymous_14)
FN:60,(anonymous_15)
FN:94,(anonymous_16)
FN:99,(anonymous_17)
FN:105,(anonymous_18)
FN:111,(anonymous_19)
FN:116,(anonymous_20)
FN:128,(anonymous_21)
FN:163,(anonymous_22)
FN:168,(anonymous_23)
FN:183,(anonymous_24)
FN:193,(anonymous_25)
FN:203,(anonymous_26)
FN:229,(anonymous_27)
FN:234,(anonymous_28)
FN:246,(anonymous_29)
FN:250,(anonymous_30)
FNF:31
FNH:0
FNDA:0,(anonymous_0)
FNDA:0,(anonymous_1)
FNDA:0,(anonymous_2)
FNDA:0,(anonymous_3)
FNDA:0,(anonymous_4)
FNDA:0,(anonymous_5)
FNDA:0,(anonymous_6)
FNDA:0,(anonymous_7)
FNDA:0,(anonymous_8)
FNDA:0,(anonymous_9)
FNDA:0,(anonymous_10)
FNDA:0,(anonymous_11)
FNDA:0,(anonymous_12)
FNDA:0,(anonymous_13)
FNDA:0,(anonymous_14)
FNDA:0,(anonymous_15)
FNDA:0,(anonymous_16)
FNDA:0,(anonymous_17)
FNDA:0,(anonymous_18)
FNDA:0,(anonymous_19)
FNDA:0,(anonymous_20)
FNDA:0,(anonymous_21)
FNDA:0,(anonymous_22)
FNDA:0,(anonymous_23)
FNDA:0,(anonymous_24)
FNDA:0,(anonymous_25)
FNDA:0,(anonymous_26)
FNDA:0,(anonymous_27)
FNDA:0,(anonymous_28)
FNDA:0,(anonymous_29)
FNDA:0,(anonymous_30)
DA:11,0
DA:12,0
DA:13,0
DA:18,0
DA:19,0
DA:23,0
DA:27,0
DA:28,0
DA:30,0
DA:31,0
DA:36,0
DA:37,0
DA:43,0
DA:51,0
DA:55,0
DA:56,0
DA:57,0
DA:60,0
DA:61,0
DA:64,0
DA:65,0
DA:69,0
DA:70,0
DA:71,0
DA:72,0
DA:77,0
DA:78,0
DA:79,0
DA:80,0
DA:85,0
DA:86,0
DA:87,0
DA:89,0
DA:92,0
DA:94,0
DA:95,0
DA:99,0
DA:100,0
DA:101,0
DA:105,0
DA:112,0
DA:113,0
DA:117,0
DA:118,0
DA:128,0
DA:129,0
DA:136,0
DA:164,0
DA:165,0
DA:169,0
DA:170,0
DA:183,0
DA:193,0
DA:203,0
DA:230,0
DA:231,0
DA:235,0
DA:236,0
DA:247,0
DA:251,0
DA:252,0
DA:254,0
LF:62
LH:0
BRDA:30,0,0,0
BRDA:30,0,1,0
BRDA:36,1,0,0
BRDA:36,1,1,0
BRDA:64,2,0,0
BRDA:64,2,1,0
BRDA:71,3,0,0
BRDA:71,3,1,0
BRDA:79,4,0,0
BRDA:79,4,1,0
BRDA:85,5,0,0
BRDA:85,5,1,0
BRDA:86,6,0,0
BRDA:86,6,1,0
BRDA:87,7,0,0
BRDA:87,7,1,0
BRDA:104,8,0,0
BRDA:104,8,1,0
BRDA:112,9,0,0
BRDA:112,9,1,0
BRDA:117,10,0,0
BRDA:117,10,1,0
BRDA:152,11,0,0
BRDA:152,11,1,0
BRDA:164,12,0,0
BRDA:164,12,1,0
BRDA:169,13,0,0
BRDA:169,13,1,0
BRDA:182,14,0,0
BRDA:182,14,1,0
BRDA:192,15,0,0
BRDA:192,15,1,0
BRDA:202,16,0,0
BRDA:202,16,1,0
BRDA:218,17,0,0
BRDA:218,17,1,0
BRDA:230,18,0,0
BRDA:230,18,1,0
BRDA:235,19,0,0
BRDA:235,19,1,0
BRDA:249,20,0,0
BRDA:249,20,1,0
BRDA:251,21,0,0
BRDA:251,21,1,0
BRF:44
BRH:0
end_of_record
TN:
SF:src\components\Dashboard.jsx
FN:33,(anonymous_0)
FN:58,(anonymous_1)
FN:62,(anonymous_2)
FN:74,(anonymous_3)
FN:78,(anonymous_4)
FN:82,(anonymous_5)
FN:96,(anonymous_6)
FN:97,(anonymous_7)
FN:98,(anonymous_8)
FN:99,(anonymous_9)
FN:105,(anonymous_10)
FN:106,(anonymous_11)
FN:107,(anonymous_12)
FN:108,(anonymous_13)
FN:114,(anonymous_14)
FN:120,(anonymous_15)
FN:125,(anonymous_16)
FN:143,(anonymous_17)
FN:163,(anonymous_18)
FN:183,(anonymous_19)
FN:214,(anonymous_20)
FN:233,(anonymous_21)
FN:292,(anonymous_22)
FN:295,(anonymous_23)
FN:346,(anonymous_24)
FN:528,(anonymous_25)
FN:529,(anonymous_26)
FN:600,(anonymous_27)
FNF:28
FNH:0
FNDA:0,(anonymous_0)
FNDA:0,(anonymous_1)
FNDA:0,(anonymous_2)
FNDA:0,(anonymous_3)
FNDA:0,(anonymous_4)
FNDA:0,(anonymous_5)
FNDA:0,(anonymous_6)
FNDA:0,(anonymous_7)
FNDA:0,(anonymous_8)
FNDA:0,(anonymous_9)
FNDA:0,(anonymous_10)
FNDA:0,(anonymous_11)
FNDA:0,(anonymous_12)
FNDA:0,(anonymous_13)
FNDA:0,(anonymous_14)
FNDA:0,(anonymous_15)
FNDA:0,(anonymous_16)
FNDA:0,(anonymous_17)
FNDA:0,(anonymous_18)
FNDA:0,(anonymous_19)
FNDA:0,(anonymous_20)
FNDA:0,(anonymous_21)
FNDA:0,(anonymous_22)
FNDA:0,(anonymous_23)
FNDA:0,(anonymous_24)
FNDA:0,(anonymous_25)
FNDA:0,(anonymous_26)
FNDA:0,(anonymous_27)
DA:21,0
DA:33,0
DA:34,0
DA:54,0
DA:55,0
DA:56,0
DA:58,0
DA:59,0
DA:62,0
DA:63,0
DA:64,0
DA:65,0
DA:67,0
DA:68,0
DA:69,0
DA:73,0
DA:75,0
DA:76,0
DA:79,0
DA:80,0
DA:83,0
DA:84,0
DA:88,0
DA:89,0
DA:90,0
DA:93,0
DA:94,0
DA:96,0
DA:97,0
DA:98,0
DA:100,0
DA:105,0
DA:106,0
DA:107,0
DA:108,0
DA:112,0
DA:114,0
DA:118,0
DA:120,0
DA:124,0
DA:125,0
DA:128,0
DA:136,0
DA:137,0
DA:139,0
DA:143,0
DA:144,0
DA:163,0
DA:183,0
DA:214,0
DA:233,0
DA:235,0
DA:236,0
DA:237,0
DA:238,0
DA:239,0
DA:240,0
DA:243,0
DA:264,0
DA:279,0
DA:293,0
DA:294,0
DA:295,0
DA:296,0
DA:297,0
DA:308,0
DA:334,0
DA:346,0
DA:347,0
DA:348,0
DA:365,0
DA:366,0
DA:375,0
DA:376,0
DA:386,0
DA:529,0
DA:530,0
DA:531,0
DA:535,0
DA:538,0
DA:540,0
DA:561,0
DA:563,0
DA:601,0
LF:84
LH:0
BRDA:67,0,0,0
BRDA:67,0,1,0
BRDA:88,1,0,0
BRDA:88,1,1,0
BRDA:88,1,2,0
BRDA:89,2,0,0
BRDA:89,2,1,0
BRDA:89,2,2,0
BRDA:90,3,0,0
BRDA:90,3,1,0
BRDA:90,3,2,0
BRDA:100,4,0,0
BRDA:100,4,1,0
BRDA:100,4,2,0
BRDA:100,4,3,0
BRDA:154,5,0,0
BRDA:154,5,1,0
BRDA:294,6,0,0
BRDA:294,6,1,0
BRDA:294,7,0,0
BRDA:294,7,1,0
BRDA:347,8,0,0
BRDA:347,8,1,0
BRDA:365,9,0,0
BRDA:365,9,1,0
BRDA:375,10,0,0
BRDA:375,10,1,0
BRDA:420,11,0,0
BRDA:420,11,1,0
BRDA:525,12,0,0
BRDA:525,12,1,0
BRDA:530,13,0,0
BRDA:530,13,1,0
BRDA:531,14,0,0
BRDA:531,14,1,0
BRDA:531,14,2,0
BRDA:538,15,0,0
BRDA:538,15,1,0
BRDA:567,16,0,0
BRDA:567,16,1,0
BRDA:571,17,0,0
BRDA:571,17,1,0
BRDA:580,18,0,0
BRDA:580,18,1,0
BRDA:586,19,0,0
BRDA:586,19,1,0
BRDA:594,20,0,0
BRDA:594,20,1,0
BRDA:601,21,0,0
BRDA:601,21,1,0
BRDA:605,22,0,0
BRDA:605,22,1,0
BRDA:607,23,0,0
BRDA:607,23,1,0
BRDA:607,24,0,0
BRDA:607,24,1,0
BRDA:617,25,0,0
BRDA:617,25,1,0
BRF:58
BRH:0
end_of_record
TN:
SF:src\components\ErrorTesting.jsx
FN:5,(anonymous_0)
FN:10,(anonymous_1)
FN:11,(anonymous_2)
FN:23,(anonymous_3)
FN:30,(anonymous_4)
FN:39,(anonymous_5)
FN:44,(anonymous_6)
FN:50,(anonymous_7)
FN:55,(anonymous_8)
FN:62,(anonymous_9)
FN:66,(anonymous_10)
FN:72,(anonymous_11)
FN:103,(anonymous_12)
FN:123,(anonymous_13)
FN:143,(anonymous_14)
FN:178,(anonymous_15)
FN:186,(anonymous_16)
FN:194,(anonymous_17)
FN:199,(anonymous_18)
FN:200,(anonymous_19)
FN:212,(anonymous_20)
FN:219,(anonymous_21)
FN:234,(anonymous_22)
FN:248,(anonymous_23)
FN:256,(anonymous_24)
FN:262,(anonymous_25)
FN:267,(anonymous_26)
FN:278,(anonymous_27)
FN:289,(anonymous_28)
FN:294,(anonymous_29)
FN:297,(anonymous_30)
FNF:31
FNH:0
FNDA:0,(anonymous_0)
FNDA:0,(anonymous_1)
FNDA:0,(anonymous_2)
FNDA:0,(anonymous_3)
FNDA:0,(anonymous_4)
FNDA:0,(anonymous_5)
FNDA:0,(anonymous_6)
FNDA:0,(anonymous_7)
FNDA:0,(anonymous_8)
FNDA:0,(anonymous_9)
FNDA:0,(anonymous_10)
FNDA:0,(anonymous_11)
FNDA:0,(anonymous_12)
FNDA:0,(anonymous_13)
FNDA:0,(anonymous_14)
FNDA:0,(anonymous_15)
FNDA:0,(anonymous_16)
FNDA:0,(anonymous_17)
FNDA:0,(anonymous_18)
FNDA:0,(anonymous_19)
FNDA:0,(anonymous_20)
FNDA:0,(anonymous_21)
FNDA:0,(anonymous_22)
FNDA:0,(anonymous_23)
FNDA:0,(anonymous_24)
FNDA:0,(anonymous_25)
FNDA:0,(anonymous_26)
FNDA:0,(anonymous_27)
FNDA:0,(anonymous_28)
FNDA:0,(anonymous_29)
FNDA:0,(anonymous_30)
DA:5,0
DA:6,0
DA:7,0
DA:10,0
DA:11,0
DA:12,0
DA:13,0
DA:14,0
DA:16,0
DA:17,0
DA:19,0
DA:23,0
DA:24,0
DA:25,0
DA:28,0
DA:30,0
DA:31,0
DA:32,0
DA:35,0
DA:39,0
DA:40,0
DA:44,0
DA:45,0
DA:46,0
DA:50,0
DA:51,0
DA:52,0
DA:55,0
DA:56,0
DA:57,0
DA:58,0
DA:62,0
DA:63,0
DA:64,0
DA:66,0
DA:67,0
DA:68,0
DA:72,0
DA:73,0
DA:76,0
DA:77,0
DA:85,0
DA:86,0
DA:88,0
DA:92,0
DA:93,0
DA:96,0
DA:97,0
DA:99,0
DA:103,0
DA:104,0
DA:105,0
DA:106,0
DA:109,0
DA:110,0
DA:111,0
DA:113,0
DA:114,0
DA:118,0
DA:119,0
DA:120,0
DA:123,0
DA:124,0
DA:125,0
DA:126,0
DA:129,0
DA:130,0
DA:131,0
DA:133,0
DA:134,0
DA:138,0
DA:139,0
DA:140,0
DA:143,0
DA:144,0
DA:145,0
DA:147,0
DA:149,0
DA:151,0
DA:152,0
DA:153,0
DA:154,0
DA:155,0
DA:157,0
DA:158,0
DA:163,0
DA:164,0
DA:166,0
DA:167,0
DA:168,0
DA:169,0
DA:170,0
DA:172,0
DA:173,0
DA:178,0
DA:179,0
DA:181,0
DA:182,0
DA:186,0
DA:187,0
DA:189,0
DA:190,0
DA:194,0
DA:195,0
DA:197,0
DA:199,0
DA:200,0
DA:201,0
DA:205,0
DA:206,0
DA:207,0
DA:212,0
DA:213,0
DA:216,0
DA:219,0
DA:220,0
DA:222,0
DA:224,0
DA:225,0
DA:227,0
DA:228,0
DA:229,0
DA:234,0
DA:235,0
DA:237,0
DA:239,0
DA:241,0
DA:242,0
DA:243,0
DA:248,0
DA:249,0
DA:252,0
DA:253,0
DA:256,0
DA:257,0
DA:262,0
DA:263,0
DA:264,0
DA:267,0
DA:268,0
DA:269,0
DA:273,0
DA:274,0
DA:275,0
DA:278,0
DA:279,0
DA:289,0
DA:290,0
DA:291,0
DA:294,0
DA:295,0
DA:296,0
DA:297,0
DA:300,0
DA:302,0
LF:155
LH:0
BRDA:16,0,0,0
BRDA:16,0,1,0
BRDA:109,1,0,0
BRDA:109,1,1,0
BRDA:129,2,0,0
BRDA:129,2,1,0
BRDA:153,3,0,0
BRDA:153,3,1,0
BRDA:168,4,0,0
BRDA:168,4,1,0
BRDA:181,5,0,0
BRDA:181,5,1,0
BRDA:189,6,0,0
BRDA:189,6,1,0
BRDA:206,7,0,0
BRDA:206,7,1,0
BRDA:228,8,0,0
BRDA:228,8,1,0
BRDA:242,9,0,0
BRDA:242,9,1,0
BRDA:333,10,0,0
BRDA:333,10,1,0
BRDA:334,11,0,0
BRDA:334,11,1,0
BRDA:339,12,0,0
BRDA:339,12,1,0
BRDA:340,13,0,0
BRDA:340,13,1,0
BRDA:345,14,0,0
BRDA:345,14,1,0
BRDA:346,15,0,0
BRDA:346,15,1,0
BRDA:358,16,0,0
BRDA:358,16,1,0
BRDA:359,17,0,0
BRDA:359,17,1,0
BRDA:364,18,0,0
BRDA:364,18,1,0
BRDA:365,19,0,0
BRDA:365,19,1,0
BRDA:370,20,0,0
BRDA:370,20,1,0
BRDA:371,21,0,0
BRDA:371,21,1,0
BRDA:575,22,0,0
BRDA:575,22,1,0
BRF:46
BRH:0
end_of_record
TN:
SF:src\components\FloatingMessageManager.jsx
FN:4,(anonymous_0)
FN:7,(anonymous_1)
FN:9,(anonymous_2)
FN:13,(anonymous_3)
FN:17,(anonymous_4)
FN:21,(anonymous_5)
FN:25,(anonymous_6)
FN:34,(anonymous_7)
FN:38,(anonymous_8)
FN:41,(anonymous_9)
FN:42,(anonymous_10)
FN:42,(anonymous_11)
FN:46,(anonymous_12)
FN:47,(anonymous_13)
FN:47,(anonymous_14)
FN:52,(anonymous_15)
FN:62,(anonymous_16)
FNF:17
FNH:17
FNDA:23,(anonymous_0)
FNDA:12,(anonymous_1)
FNDA:8,(anonymous_2)
FNDA:2,(anonymous_3)
FNDA:2,(anonymous_4)
FNDA:1,(anonymous_5)
FNDA:12,(anonymous_6)
FNDA:13,(anonymous_7)
FNDA:13,(anonymous_8)
FNDA:1,(anonymous_9)
FNDA:1,(anonymous_10)
FNDA:1,(anonymous_11)
FNDA:1,(anonymous_12)
FNDA:1,(anonymous_13)
FNDA:1,(anonymous_14)
FNDA:13,(anonymous_15)
FNDA:1,(anonymous_16)
DA:4,1
DA:5,23
DA:7,23
DA:9,12
DA:10,8
DA:13,12
DA:14,2
DA:17,12
DA:18,2
DA:21,12
DA:22,1
DA:25,12
DA:27,12
DA:28,12
DA:29,12
DA:30,12
DA:34,23
DA:35,13
DA:36,13
DA:38,13
DA:41,13
DA:42,1
DA:46,23
DA:47,1
DA:50,23
DA:53,13
DA:62,1
LF:27
LH:27
BRF:0
BRH:0
end_of_record
TN:
SF:src\components\IdleTimeoutDebug.jsx
FN:8,(anonymous_0)
FN:20,(anonymous_1)
FNF:2
FNH:0
FNDA:0,(anonymous_0)
FNDA:0,(anonymous_1)
DA:8,0
DA:18,0
DA:20,0
DA:24,0
LF:4
LH:0
BRDA:37,0,0,0
BRDA:37,0,1,0
BRDA:38,1,0,0
BRDA:38,1,1,0
BRDA:43,2,0,0
BRDA:43,2,1,0
BRDA:44,3,0,0
BRDA:44,3,1,0
BRDA:49,4,0,0
BRDA:49,4,1,0
BRDA:50,5,0,0
BRDA:50,5,1,0
BRDA:76,6,0,0
BRDA:76,6,1,0
BRF:14
BRH:0
end_of_record
TN:
SF:src\components\IdleTimeoutTest.jsx
FN:9,(anonymous_0)
FN:34,(anonymous_1)
FN:35,(anonymous_2)
FN:36,(anonymous_3)
FN:48,(anonymous_4)
FN:52,(anonymous_5)
FN:53,(anonymous_6)
FN:59,(anonymous_7)
FN:67,(anonymous_8)
FN:76,(anonymous_9)
FN:85,(anonymous_10)
FN:189,(anonymous_11)
FN:189,(anonymous_12)
FN:202,(anonymous_13)
FN:202,(anonymous_14)
FN:214,(anonymous_15)
FN:214,(anonymous_16)
FN:299,(anonymous_17)
FNF:18
FNH:0
FNDA:0,(anonymous_0)
FNDA:0,(anonymous_1)
FNDA:0,(anonymous_2)
FNDA:0,(anonymous_3)
FNDA:0,(anonymous_4)
FNDA:0,(anonymous_5)
FNDA:0,(anonymous_6)
FNDA:0,(anonymous_7)
FNDA:0,(anonymous_8)
FNDA:0,(anonymous_9)
FNDA:0,(anonymous_10)
FNDA:0,(anonymous_11)
FNDA:0,(anonymous_12)
FNDA:0,(anonymous_13)
FNDA:0,(anonymous_14)
FNDA:0,(anonymous_15)
FNDA:0,(anonymous_16)
FNDA:0,(anonymous_17)
DA:9,0
DA:24,0
DA:26,0
DA:32,0
DA:34,0
DA:35,0
DA:36,0
DA:47,0
DA:48,0
DA:49,0
DA:52,0
DA:53,0
DA:54,0
DA:59,0
DA:60,0
DA:67,0
DA:68,0
DA:69,0
DA:76,0
DA:77,0
DA:78,0
DA:85,0
DA:86,0
DA:91,0
DA:98,0
DA:189,0
DA:202,0
DA:214,0
DA:300,0
LF:29
LH:0
BRDA:41,0,0,0
BRDA:41,0,1,0
BRDA:125,1,0,0
BRDA:125,1,1,0
BRDA:126,2,0,0
BRDA:126,2,1,0
BRDA:131,3,0,0
BRDA:131,3,1,0
BRDA:132,4,0,0
BRDA:132,4,1,0
BRDA:137,5,0,0
BRDA:137,5,1,0
BRDA:138,6,0,0
BRDA:138,6,1,0
BRDA:161,7,0,0
BRDA:161,7,1,0
BRDA:189,8,0,0
BRDA:189,8,1,0
BRDA:202,9,0,0
BRDA:202,9,1,0
BRDA:311,10,0,0
BRDA:311,10,1,0
BRF:22
BRH:0
end_of_record
TN:
SF:src\components\LoginForm.jsx
FN:6,(anonymous_0)
FN:25,(anonymous_1)
FN:44,(anonymous_2)
FN:54,(anonymous_3)
FN:69,(anonymous_4)
FN:166,(anonymous_5)
FN:205,(anonymous_6)
FN:220,(anonymous_7)
FNF:8
FNH:0
FNDA:0,(anonymous_0)
FNDA:0,(anonymous_1)
FNDA:0,(anonymous_2)
FNDA:0,(anonymous_3)
FNDA:0,(anonymous_4)
FNDA:0,(anonymous_5)
FNDA:0,(anonymous_6)
FNDA:0,(anonymous_7)
DA:6,0
DA:7,0
DA:10,0
DA:11,0
DA:15,0
DA:16,0
DA:19,0
DA:25,0
DA:26,0
DA:28,0
DA:29,0
DA:30,0
DA:37,0
DA:41,0
DA:44,0
DA:45,0
DA:49,0
DA:50,0
DA:51,0
DA:52,0
DA:54,0
DA:55,0
DA:60,0
DA:61,0
DA:62,0
DA:69,0
DA:70,0
DA:71,0
DA:73,0
DA:74,0
DA:75,0
DA:77,0
DA:80,0
DA:81,0
DA:83,0
DA:84,0
DA:85,0
DA:86,0
DA:87,0
DA:90,0
DA:91,0
DA:93,0
DA:94,0
DA:96,0
DA:97,0
DA:99,0
DA:101,0
DA:102,0
DA:105,0
DA:107,0
DA:108,0
DA:110,0
DA:112,0
DA:114,0
DA:115,0
DA:116,0
DA:118,0
DA:119,0
DA:122,0
DA:123,0
DA:126,0
DA:128,0
DA:129,0
DA:132,0
DA:135,0
DA:138,0
DA:166,0
DA:205,0
DA:221,0
DA:222,0
LF:70
LH:0
BRDA:10,0,0,0
BRDA:10,0,1,0
BRDA:10,1,0,0
BRDA:10,1,1,0
BRDA:15,2,0,0
BRDA:15,2,1,0
BRDA:15,3,0,0
BRDA:15,3,1,0
BRDA:29,4,0,0
BRDA:29,4,1,0
BRDA:29,5,0,0
BRDA:29,5,1,0
BRDA:60,6,0,0
BRDA:60,6,1,0
BRDA:61,7,0,0
BRDA:61,7,1,0
BRDA:83,8,0,0
BRDA:83,8,1,0
BRDA:101,9,0,0
BRDA:101,9,1,0
BRDA:112,10,0,0
BRDA:112,10,1,0
BRDA:114,11,0,0
BRDA:114,11,1,0
BRDA:116,12,0,0
BRDA:116,12,1,0
BRDA:122,13,0,0
BRDA:122,13,1,0
BRDA:128,14,0,0
BRDA:128,14,1,0
BRDA:159,15,0,0
BRDA:159,15,1,0
BRDA:170,16,0,0
BRDA:170,16,1,0
BRDA:181,17,0,0
BRDA:181,17,1,0
BRDA:190,18,0,0
BRDA:190,18,1,0
BRDA:191,19,0,0
BRDA:191,19,1,0
BRDA:207,20,0,0
BRDA:207,20,1,0
BRDA:209,21,0,0
BRDA:209,21,1,0
BRDA:225,22,0,0
BRDA:225,22,1,0
BRF:46
BRH:0
end_of_record
TN:
SF:src\components\ReduxTest.jsx
FN:3,(anonymous_0)
FN:65,(anonymous_1)
FN:83,(anonymous_2)
FNF:3
FNH:0
FNDA:0,(anonymous_0)
FNDA:0,(anonymous_1)
FNDA:0,(anonymous_2)
DA:3,0
DA:8,0
DA:9,0
DA:10,0
DA:11,0
DA:12,0
DA:15,0
DA:16,0
DA:17,0
DA:19,0
DA:20,0
DA:21,0
DA:22,0
DA:24,0
DA:25,0
DA:33,0
DA:66,0
DA:68,0
DA:69,0
DA:74,0
DA:75,0
DA:84,0
DA:85,0
DA:86,0
DA:87,0
LF:25
LH:0
BRDA:40,0,0,0
BRDA:40,0,1,0
BRDA:40,1,0,0
BRDA:40,1,1,0
BRDA:41,2,0,0
BRDA:41,2,1,0
BRDA:42,3,0,0
BRDA:42,3,1,0
BRDA:48,4,0,0
BRDA:48,4,1,0
BRDA:49,5,0,0
BRDA:49,5,1,0
BRDA:50,6,0,0
BRDA:50,6,1,0
BRDA:57,7,0,0
BRDA:57,7,1,0
BRDA:58,8,0,0
BRDA:58,8,1,0
BRDA:68,9,0,0
BRDA:68,9,1,0
BRDA:74,10,0,0
BRDA:74,10,1,0
BRDA:75,11,0,0
BRDA:75,11,1,0
BRF:24
BRH:0
end_of_record
TN:
SF:src\config\shellConfig.js
FNF:0
FNH:0
DA:13,0
DA:69,0
LF:2
LH:0
BRF:0
BRH:0
end_of_record
TN:
SF:src\utils\api.js
FN:29,(anonymous_0)
FN:30,(anonymous_1)
FN:46,(anonymous_2)
FN:47,(anonymous_3)
FNF:4
FNH:1
FNDA:4,(anonymous_0)
FNDA:0,(anonymous_1)
FNDA:0,(anonymous_2)
FNDA:0,(anonymous_3)
DA:5,1
DA:8,1
DA:13,1
DA:18,1
DA:23,1
DA:29,1
DA:30,4
DA:31,0
DA:32,0
DA:33,0
DA:37,0
DA:38,0
DA:39,0
DA:42,0
DA:45,4
DA:46,0
DA:48,0
DA:50,0
DA:52,0
DA:53,0
DA:56,0
DA:62,1
DA:63,1
DA:64,1
DA:65,1
LF:25
LH:12
BRDA:32,0,0,0
BRDA:32,0,1,0
BRDA:38,1,0,0
BRDA:38,1,1,0
BRDA:48,2,0,0
BRDA:48,2,1,0
BRDA:50,3,0,0
BRDA:50,3,1,0
BRF:8
BRH:0
end_of_record
