{"C:\\Projects\\learning\\nodejs\\Task Management System\\frontend\\microfrontends\\task-app\\src\\TaskManagement.jsx": {"path":"C:\\Projects\\learning\\nodejs\\Task Management System\\frontend\\microfrontends\\task-app\\src\\TaskManagement.jsx","statementMap":{"0":{"start":{"line":11,"column":22},"end":{"line":26,"column":1}},"1":{"start":{"line":12,"column":2},"end":{"line":25,"column":8}},"2":{"start":{"line":15,"column":8},"end":{"line":15,"column":60}},"3":{"start":{"line":19,"column":6},"end":{"line":23,"column":12}},"4":{"start":{"line":21,"column":10},"end":{"line":21,"column":58}},"5":{"start":{"line":28,"column":23},"end":{"line":156,"column":1}},"6":{"start":{"line":62,"column":6},"end":{"line":62,"column":25}},"7":{"start":{"line":64,"column":2},"end":{"line":78,"column":3}},"8":{"start":{"line":65,"column":4},"end":{"line":77,"column":6}},"9":{"start":{"line":80,"column":2},"end":{"line":155,"column":4}}},"fnMap":{"0":{"name":"(anonymous_0)","decl":{"start":{"line":11,"column":22},"end":{"line":11,"column":23}},"loc":{"start":{"line":12,"column":2},"end":{"line":25,"column":8}},"line":12},"1":{"name":"(anonymous_1)","decl":{"start":{"line":14,"column":43},"end":{"line":14,"column":44}},"loc":{"start":{"line":15,"column":8},"end":{"line":15,"column":60}},"line":15},"2":{"name":"(anonymous_2)","decl":{"start":{"line":18,"column":38},"end":{"line":18,"column":39}},"loc":{"start":{"line":19,"column":6},"end":{"line":23,"column":12}},"line":19},"3":{"name":"(anonymous_3)","decl":{"start":{"line":20,"column":45},"end":{"line":20,"column":46}},"loc":{"start":{"line":21,"column":10},"end":{"line":21,"column":58}},"line":21},"4":{"name":"(anonymous_4)","decl":{"start":{"line":28,"column":23},"end":{"line":28,"column":24}},"loc":{"start":{"line":28,"column":29},"end":{"line":156,"column":1}},"line":28}},"branchMap":{"0":{"loc":{"start":{"line":11,"column":25},"end":{"line":11,"column":33}},"type":"default-arg","locations":[{"start":{"line":11,"column":32},"end":{"line":11,"column":33}}],"line":11},"1":{"loc":{"start":{"line":11,"column":35},"end":{"line":11,"column":46}},"type":"default-arg","locations":[{"start":{"line":11,"column":45},"end":{"line":11,"column":46}}],"line":11},"2":{"loc":{"start":{"line":64,"column":2},"end":{"line":78,"column":3}},"type":"if","locations":[{"start":{"line":64,"column":2},"end":{"line":78,"column":3}},{"start":{},"end":{}}],"line":64},"3":{"loc":{"start":{"line":99,"column":50},"end":{"line":99,"column":77}},"type":"cond-expr","locations":[{"start":{"line":99,"column":63},"end":{"line":99,"column":72}},{"start":{"line":99,"column":75},"end":{"line":99,"column":77}}],"line":99},"4":{"loc":{"start":{"line":100,"column":13},"end":{"line":100,"column":53}},"type":"cond-expr","locations":[{"start":{"line":100,"column":26},"end":{"line":100,"column":41}},{"start":{"line":100,"column":44},"end":{"line":100,"column":53}}],"line":100},"5":{"loc":{"start":{"line":110,"column":20},"end":{"line":110,"column":46}},"type":"binary-expr","locations":[{"start":{"line":110,"column":20},"end":{"line":110,"column":41}},{"start":{"line":110,"column":45},"end":{"line":110,"column":46}}],"line":110},"6":{"loc":{"start":{"line":118,"column":20},"end":{"line":118,"column":57}},"type":"binary-expr","locations":[{"start":{"line":118,"column":20},"end":{"line":118,"column":41}},{"start":{"line":118,"column":45},"end":{"line":118,"column":57}}],"line":118},"7":{"loc":{"start":{"line":119,"column":13},"end":{"line":123,"column":13}},"type":"binary-expr","locations":[{"start":{"line":119,"column":13},"end":{"line":119,"column":38}},{"start":{"line":120,"column":14},"end":{"line":122,"column":21}}],"line":119}},"s":{"0":1,"1":2,"2":10,"3":10,"4":50,"5":1,"6":18,"7":18,"8":2,"9":16},"f":{"0":2,"1":10,"2":10,"3":50,"4":18},"b":{"0":[0],"1":[0],"2":[2,16],"3":[1,15],"4":[1,15],"5":[16,0],"6":[16,0],"7":[16,0]},"_coverageSchema":"1a1c01bbd47fc00a2c39e90264f33305004495a9","hash":"aa98991d830e8eaee1de68354386093d7651bb2a"}
,"C:\\Projects\\learning\\nodejs\\Task Management System\\frontend\\microfrontends\\task-app\\src\\TaskManagementRedux.jsx": {"path":"C:\\Projects\\learning\\nodejs\\Task Management System\\frontend\\microfrontends\\task-app\\src\\TaskManagementRedux.jsx","statementMap":{"0":{"start":{"line":9,"column":22},"end":{"line":24,"column":1}},"1":{"start":{"line":10,"column":2},"end":{"line":23,"column":8}},"2":{"start":{"line":13,"column":8},"end":{"line":13,"column":60}},"3":{"start":{"line":17,"column":6},"end":{"line":21,"column":12}},"4":{"start":{"line":19,"column":10},"end":{"line":19,"column":58}},"5":{"start":{"line":26,"column":28},"end":{"line":286,"column":1}},"6":{"start":{"line":32,"column":2},"end":{"line":69,"column":3}},"7":{"start":{"line":33,"column":23},"end":{"line":33,"column":62}},"8":{"start":{"line":34,"column":4},"end":{"line":34,"column":35}},"9":{"start":{"line":35,"column":4},"end":{"line":35,"column":33}},"10":{"start":{"line":36,"column":4},"end":{"line":36,"column":29}},"11":{"start":{"line":39,"column":4},"end":{"line":39,"column":23}},"12":{"start":{"line":40,"column":4},"end":{"line":40,"column":21}},"13":{"start":{"line":41,"column":4},"end":{"line":41,"column":17}},"14":{"start":{"line":43,"column":4},"end":{"line":43,"column":54}},"15":{"start":{"line":45,"column":4},"end":{"line":45,"column":85}},"16":{"start":{"line":47,"column":40},"end":{"line":47,"column":58}},"17":{"start":{"line":48,"column":44},"end":{"line":48,"column":65}},"18":{"start":{"line":49,"column":40},"end":{"line":49,"column":60}},"19":{"start":{"line":51,"column":4},"end":{"line":65,"column":6}},"20":{"start":{"line":58,"column":25},"end":{"line":58,"column":63}},"21":{"start":{"line":58,"column":47},"end":{"line":58,"column":62}},"22":{"start":{"line":59,"column":35},"end":{"line":61,"column":7}},"23":{"start":{"line":60,"column":8},"end":{"line":60,"column":73}},"24":{"start":{"line":60,"column":25},"end":{"line":60,"column":72}},"25":{"start":{"line":62,"column":30},"end":{"line":64,"column":7}},"26":{"start":{"line":63,"column":8},"end":{"line":63,"column":47}},"27":{"start":{"line":63,"column":28},"end":{"line":63,"column":46}},"28":{"start":{"line":67,"column":4},"end":{"line":67,"column":68}},"29":{"start":{"line":68,"column":4},"end":{"line":68,"column":47}},"30":{"start":{"line":72,"column":36},"end":{"line":72,"column":57}},"31":{"start":{"line":73,"column":40},"end":{"line":73,"column":60}},"32":{"start":{"line":74,"column":38},"end":{"line":74,"column":56}},"33":{"start":{"line":75,"column":42},"end":{"line":75,"column":63}},"34":{"start":{"line":76,"column":46},"end":{"line":76,"column":67}},"35":{"start":{"line":79,"column":2},"end":{"line":126,"column":9}},"36":{"start":{"line":80,"column":4},"end":{"line":82,"column":5}},"37":{"start":{"line":81,"column":6},"end":{"line":81,"column":29}},"38":{"start":{"line":85,"column":4},"end":{"line":125,"column":13}},"39":{"start":{"line":86,"column":24},"end":{"line":117,"column":7}},"40":{"start":{"line":119,"column":6},"end":{"line":121,"column":7}},"41":{"start":{"line":120,"column":8},"end":{"line":120,"column":34}},"42":{"start":{"line":122,"column":6},"end":{"line":124,"column":7}},"43":{"start":{"line":123,"column":8},"end":{"line":123,"column":32}},"44":{"start":{"line":129,"column":24},"end":{"line":138,"column":10}},"45":{"start":{"line":130,"column":26},"end":{"line":132,"column":72}},"46":{"start":{"line":134,"column":26},"end":{"line":134,"column":80}},"47":{"start":{"line":135,"column":28},"end":{"line":135,"column":88}},"48":{"start":{"line":137,"column":4},"end":{"line":137,"column":61}},"49":{"start":{"line":140,"column":24},"end":{"line":143,"column":3}},"50":{"start":{"line":141,"column":4},"end":{"line":141,"column":25}},"51":{"start":{"line":142,"column":4},"end":{"line":142,"column":23}},"52":{"start":{"line":145,"column":25},"end":{"line":148,"column":3}},"53":{"start":{"line":146,"column":4},"end":{"line":146,"column":25}},"54":{"start":{"line":147,"column":4},"end":{"line":147,"column":23}},"55":{"start":{"line":150,"column":25},"end":{"line":164,"column":3}},"56":{"start":{"line":151,"column":4},"end":{"line":161,"column":5}},"57":{"start":{"line":153,"column":6},"end":{"line":155,"column":7}},"58":{"start":{"line":154,"column":8},"end":{"line":154,"column":62}},"59":{"start":{"line":158,"column":6},"end":{"line":160,"column":7}},"60":{"start":{"line":159,"column":8},"end":{"line":159,"column":55}},"61":{"start":{"line":162,"column":4},"end":{"line":162,"column":24}},"62":{"start":{"line":163,"column":4},"end":{"line":163,"column":25}},"63":{"start":{"line":166,"column":27},"end":{"line":172,"column":3}},"64":{"start":{"line":167,"column":4},"end":{"line":171,"column":5}},"65":{"start":{"line":168,"column":6},"end":{"line":170,"column":7}},"66":{"start":{"line":169,"column":8},"end":{"line":169,"column":33}},"67":{"start":{"line":174,"column":23},"end":{"line":176,"column":3}},"68":{"start":{"line":175,"column":4},"end":{"line":175,"column":24}},"69":{"start":{"line":178,"column":29},"end":{"line":180,"column":3}},"70":{"start":{"line":179,"column":4},"end":{"line":179,"column":28}},"71":{"start":{"line":182,"column":31},"end":{"line":184,"column":3}},"72":{"start":{"line":183,"column":4},"end":{"line":183,"column":32}},"73":{"start":{"line":186,"column":2},"end":{"line":194,"column":3}},"74":{"start":{"line":187,"column":4},"end":{"line":193,"column":6}},"75":{"start":{"line":196,"column":2},"end":{"line":205,"column":3}},"76":{"start":{"line":197,"column":4},"end":{"line":204,"column":6}},"77":{"start":{"line":207,"column":2},"end":{"line":285,"column":4}},"78":{"start":{"line":232,"column":33},"end":{"line":232,"column":67}},"79":{"start":{"line":244,"column":33},"end":{"line":244,"column":69}},"80":{"start":{"line":279,"column":12},"end":{"line":279,"column":32}},"81":{"start":{"line":280,"column":12},"end":{"line":280,"column":33}}},"fnMap":{"0":{"name":"(anonymous_0)","decl":{"start":{"line":9,"column":22},"end":{"line":9,"column":23}},"loc":{"start":{"line":10,"column":2},"end":{"line":23,"column":8}},"line":10},"1":{"name":"(anonymous_1)","decl":{"start":{"line":12,"column":43},"end":{"line":12,"column":44}},"loc":{"start":{"line":13,"column":8},"end":{"line":13,"column":60}},"line":13},"2":{"name":"(anonymous_2)","decl":{"start":{"line":16,"column":38},"end":{"line":16,"column":39}},"loc":{"start":{"line":17,"column":6},"end":{"line":21,"column":12}},"line":17},"3":{"name":"(anonymous_3)","decl":{"start":{"line":18,"column":45},"end":{"line":18,"column":46}},"loc":{"start":{"line":19,"column":10},"end":{"line":19,"column":58}},"line":19},"4":{"name":"(anonymous_4)","decl":{"start":{"line":26,"column":28},"end":{"line":26,"column":29}},"loc":{"start":{"line":26,"column":34},"end":{"line":286,"column":1}},"line":26},"5":{"name":"(anonymous_5)","decl":{"start":{"line":58,"column":15},"end":{"line":58,"column":16}},"loc":{"start":{"line":58,"column":25},"end":{"line":58,"column":63}},"line":58},"6":{"name":"(anonymous_6)","decl":{"start":{"line":58,"column":39},"end":{"line":58,"column":40}},"loc":{"start":{"line":58,"column":47},"end":{"line":58,"column":62}},"line":58},"7":{"name":"(anonymous_7)","decl":{"start":{"line":59,"column":18},"end":{"line":59,"column":19}},"loc":{"start":{"line":59,"column":35},"end":{"line":61,"column":7}},"line":59},"8":{"name":"(anonymous_8)","decl":{"start":{"line":59,"column":49},"end":{"line":59,"column":50}},"loc":{"start":{"line":60,"column":8},"end":{"line":60,"column":73}},"line":60},"9":{"name":"(anonymous_9)","decl":{"start":{"line":60,"column":17},"end":{"line":60,"column":18}},"loc":{"start":{"line":60,"column":25},"end":{"line":60,"column":72}},"line":60},"10":{"name":"(anonymous_10)","decl":{"start":{"line":62,"column":18},"end":{"line":62,"column":19}},"loc":{"start":{"line":62,"column":30},"end":{"line":64,"column":7}},"line":62},"11":{"name":"(anonymous_11)","decl":{"start":{"line":62,"column":44},"end":{"line":62,"column":45}},"loc":{"start":{"line":63,"column":8},"end":{"line":63,"column":47}},"line":63},"12":{"name":"(anonymous_12)","decl":{"start":{"line":63,"column":20},"end":{"line":63,"column":21}},"loc":{"start":{"line":63,"column":28},"end":{"line":63,"column":46}},"line":63},"13":{"name":"(anonymous_13)","decl":{"start":{"line":79,"column":12},"end":{"line":79,"column":13}},"loc":{"start":{"line":79,"column":18},"end":{"line":126,"column":3}},"line":79},"14":{"name":"(anonymous_14)","decl":{"start":{"line":85,"column":15},"end":{"line":85,"column":16}},"loc":{"start":{"line":85,"column":21},"end":{"line":125,"column":5}},"line":85},"15":{"name":"(anonymous_15)","decl":{"start":{"line":129,"column":44},"end":{"line":129,"column":45}},"loc":{"start":{"line":129,"column":52},"end":{"line":138,"column":3}},"line":129},"16":{"name":"(anonymous_16)","decl":{"start":{"line":140,"column":24},"end":{"line":140,"column":25}},"loc":{"start":{"line":140,"column":30},"end":{"line":143,"column":3}},"line":140},"17":{"name":"(anonymous_17)","decl":{"start":{"line":145,"column":25},"end":{"line":145,"column":26}},"loc":{"start":{"line":145,"column":35},"end":{"line":148,"column":3}},"line":145},"18":{"name":"(anonymous_18)","decl":{"start":{"line":150,"column":25},"end":{"line":150,"column":26}},"loc":{"start":{"line":150,"column":39},"end":{"line":164,"column":3}},"line":150},"19":{"name":"(anonymous_19)","decl":{"start":{"line":166,"column":27},"end":{"line":166,"column":28}},"loc":{"start":{"line":166,"column":39},"end":{"line":172,"column":3}},"line":166},"20":{"name":"(anonymous_20)","decl":{"start":{"line":174,"column":23},"end":{"line":174,"column":24}},"loc":{"start":{"line":174,"column":33},"end":{"line":176,"column":3}},"line":174},"21":{"name":"(anonymous_21)","decl":{"start":{"line":178,"column":29},"end":{"line":178,"column":30}},"loc":{"start":{"line":178,"column":41},"end":{"line":180,"column":3}},"line":178},"22":{"name":"(anonymous_22)","decl":{"start":{"line":182,"column":31},"end":{"line":182,"column":32}},"loc":{"start":{"line":182,"column":45},"end":{"line":184,"column":3}},"line":182},"23":{"name":"(anonymous_23)","decl":{"start":{"line":232,"column":26},"end":{"line":232,"column":27}},"loc":{"start":{"line":232,"column":33},"end":{"line":232,"column":67}},"line":232},"24":{"name":"(anonymous_24)","decl":{"start":{"line":244,"column":26},"end":{"line":244,"column":27}},"loc":{"start":{"line":244,"column":33},"end":{"line":244,"column":69}},"line":244},"25":{"name":"(anonymous_25)","decl":{"start":{"line":278,"column":19},"end":{"line":278,"column":20}},"loc":{"start":{"line":278,"column":25},"end":{"line":281,"column":11}},"line":278}},"branchMap":{"0":{"loc":{"start":{"line":9,"column":25},"end":{"line":9,"column":33}},"type":"default-arg","locations":[{"start":{"line":9,"column":32},"end":{"line":9,"column":33}}],"line":9},"1":{"loc":{"start":{"line":9,"column":35},"end":{"line":9,"column":46}},"type":"default-arg","locations":[{"start":{"line":9,"column":45},"end":{"line":9,"column":46}}],"line":9},"2":{"loc":{"start":{"line":60,"column":25},"end":{"line":60,"column":72}},"type":"cond-expr","locations":[{"start":{"line":60,"column":54},"end":{"line":60,"column":65}},{"start":{"line":60,"column":68},"end":{"line":60,"column":72}}],"line":60},"3":{"loc":{"start":{"line":80,"column":4},"end":{"line":82,"column":5}},"type":"if","locations":[{"start":{"line":80,"column":4},"end":{"line":82,"column":5}},{"start":{},"end":{}}],"line":80},"4":{"loc":{"start":{"line":119,"column":6},"end":{"line":121,"column":7}},"type":"if","locations":[{"start":{"line":119,"column":6},"end":{"line":121,"column":7}},{"start":{},"end":{}}],"line":119},"5":{"loc":{"start":{"line":122,"column":6},"end":{"line":124,"column":7}},"type":"if","locations":[{"start":{"line":122,"column":6},"end":{"line":124,"column":7}},{"start":{},"end":{}}],"line":122},"6":{"loc":{"start":{"line":129,"column":24},"end":{"line":138,"column":10}},"type":"binary-expr","locations":[{"start":{"line":129,"column":24},"end":{"line":138,"column":4}},{"start":{"line":138,"column":8},"end":{"line":138,"column":10}}],"line":129},"7":{"loc":{"start":{"line":130,"column":26},"end":{"line":132,"column":72}},"type":"binary-expr","locations":[{"start":{"line":130,"column":26},"end":{"line":130,"column":37}},{"start":{"line":131,"column":6},"end":{"line":131,"column":65}},{"start":{"line":132,"column":6},"end":{"line":132,"column":72}}],"line":130},"8":{"loc":{"start":{"line":134,"column":26},"end":{"line":134,"column":80}},"type":"binary-expr","locations":[{"start":{"line":134,"column":26},"end":{"line":134,"column":48}},{"start":{"line":134,"column":52},"end":{"line":134,"column":80}}],"line":134},"9":{"loc":{"start":{"line":135,"column":28},"end":{"line":135,"column":88}},"type":"binary-expr","locations":[{"start":{"line":135,"column":28},"end":{"line":135,"column":52}},{"start":{"line":135,"column":56},"end":{"line":135,"column":88}}],"line":135},"10":{"loc":{"start":{"line":137,"column":11},"end":{"line":137,"column":60}},"type":"binary-expr","locations":[{"start":{"line":137,"column":11},"end":{"line":137,"column":24}},{"start":{"line":137,"column":28},"end":{"line":137,"column":41}},{"start":{"line":137,"column":45},"end":{"line":137,"column":60}}],"line":137},"11":{"loc":{"start":{"line":151,"column":4},"end":{"line":161,"column":5}},"type":"if","locations":[{"start":{"line":151,"column":4},"end":{"line":161,"column":5}},{"start":{"line":156,"column":11},"end":{"line":161,"column":5}}],"line":151},"12":{"loc":{"start":{"line":153,"column":6},"end":{"line":155,"column":7}},"type":"if","locations":[{"start":{"line":153,"column":6},"end":{"line":155,"column":7}},{"start":{},"end":{}}],"line":153},"13":{"loc":{"start":{"line":158,"column":6},"end":{"line":160,"column":7}},"type":"if","locations":[{"start":{"line":158,"column":6},"end":{"line":160,"column":7}},{"start":{},"end":{}}],"line":158},"14":{"loc":{"start":{"line":167,"column":4},"end":{"line":171,"column":5}},"type":"if","locations":[{"start":{"line":167,"column":4},"end":{"line":171,"column":5}},{"start":{},"end":{}}],"line":167},"15":{"loc":{"start":{"line":168,"column":6},"end":{"line":170,"column":7}},"type":"if","locations":[{"start":{"line":168,"column":6},"end":{"line":170,"column":7}},{"start":{},"end":{}}],"line":168},"16":{"loc":{"start":{"line":186,"column":2},"end":{"line":194,"column":3}},"type":"if","locations":[{"start":{"line":186,"column":2},"end":{"line":194,"column":3}},{"start":{},"end":{}}],"line":186},"17":{"loc":{"start":{"line":196,"column":2},"end":{"line":205,"column":3}},"type":"if","locations":[{"start":{"line":196,"column":2},"end":{"line":205,"column":3}},{"start":{},"end":{}}],"line":196},"18":{"loc":{"start":{"line":212,"column":33},"end":{"line":212,"column":77}},"type":"cond-expr","locations":[{"start":{"line":212,"column":47},"end":{"line":212,"column":72}},{"start":{"line":212,"column":75},"end":{"line":212,"column":77}}],"line":212},"19":{"loc":{"start":{"line":254,"column":11},"end":{"line":270,"column":11}},"type":"cond-expr","locations":[{"start":{"line":255,"column":12},"end":{"line":263,"column":18}},{"start":{"line":265,"column":12},"end":{"line":269,"column":14}}],"line":254},"20":{"loc":{"start":{"line":258,"column":17},"end":{"line":260,"column":59}},"type":"cond-expr","locations":[{"start":{"line":259,"column":20},"end":{"line":259,"column":58}},{"start":{"line":260,"column":20},"end":{"line":260,"column":59}}],"line":258},"21":{"loc":{"start":{"line":258,"column":17},"end":{"line":258,"column":81}},"type":"binary-expr","locations":[{"start":{"line":258,"column":17},"end":{"line":258,"column":27}},{"start":{"line":258,"column":31},"end":{"line":258,"column":53}},{"start":{"line":258,"column":57},"end":{"line":258,"column":81}}],"line":258},"22":{"loc":{"start":{"line":274,"column":7},"end":{"line":283,"column":7}},"type":"binary-expr","locations":[{"start":{"line":274,"column":7},"end":{"line":274,"column":16}},{"start":{"line":275,"column":8},"end":{"line":282,"column":10}}],"line":274}},"s":{"0":1,"1":0,"2":0,"3":0,"4":0,"5":1,"6":12,"7":12,"8":12,"9":12,"10":12,"11":12,"12":12,"13":12,"14":12,"15":0,"16":0,"17":0,"18":0,"19":0,"20":0,"21":0,"22":0,"23":0,"24":0,"25":0,"26":0,"27":0,"28":0,"29":0,"30":12,"31":11,"32":11,"33":11,"34":11,"35":11,"36":1,"37":0,"38":1,"39":0,"40":0,"41":0,"42":0,"43":0,"44":11,"45":0,"46":0,"47":0,"48":0,"49":11,"50":0,"51":0,"52":11,"53":0,"54":0,"55":11,"56":0,"57":0,"58":0,"59":0,"60":0,"61":0,"62":0,"63":11,"64":0,"65":0,"66":0,"67":11,"68":0,"69":11,"70":0,"71":11,"72":0,"73":11,"74":0,"75":11,"76":1,"77":10,"78":0,"79":0,"80":0,"81":0},"f":{"0":0,"1":0,"2":0,"3":0,"4":12,"5":0,"6":0,"7":0,"8":0,"9":0,"10":0,"11":0,"12":0,"13":1,"14":0,"15":0,"16":0,"17":0,"18":0,"19":0,"20":0,"21":0,"22":0,"23":0,"24":0,"25":0},"b":{"0":[0],"1":[0],"2":[0,0],"3":[0,1],"4":[0,0],"5":[0,0],"6":[11,11],"7":[0,0,0],"8":[0,0],"9":[0,0],"10":[0,0,0],"11":[0,0],"12":[0,0],"13":[0,0],"14":[0,0],"15":[0,0],"16":[0,11],"17":[1,10],"18":[0,10],"19":[10,0],"20":[0,10],"21":[10,10,10],"22":[10,0]},"_coverageSchema":"1a1c01bbd47fc00a2c39e90264f33305004495a9","hash":"fd4742e002f54491ce217bcb121f5fdbae22054d"}
,"C:\\Projects\\learning\\nodejs\\Task Management System\\frontend\\microfrontends\\task-app\\src\\index.jsx": {"path":"C:\\Projects\\learning\\nodejs\\Task Management System\\frontend\\microfrontends\\task-app\\src\\index.jsx","statementMap":{"0":{"start":{"line":1,"column":0},"end":{"line":1,"column":22}}},"fnMap":{},"branchMap":{},"s":{"0":9},"f":{},"b":{},"_coverageSchema":"1a1c01bbd47fc00a2c39e90264f33305004495a9","hash":"738d7aa8045e90d4ff80c2f4032345a96c57e271"}
,"C:\\Projects\\learning\\nodejs\\Task Management System\\frontend\\microfrontends\\task-app\\src\\test-utils.js": {"path":"C:\\Projects\\learning\\nodejs\\Task Management System\\frontend\\microfrontends\\task-app\\src\\test-utils.js","statementMap":{"0":{"start":{"line":2,"column":30},"end":{"line":14,"column":2}},"1":{"start":{"line":2,"column":51},"end":{"line":14,"column":1}},"2":{"start":{"line":16,"column":30},"end":{"line":27,"column":2}},"3":{"start":{"line":16,"column":51},"end":{"line":27,"column":1}},"4":{"start":{"line":29,"column":33},"end":{"line":44,"column":2}},"5":{"start":{"line":29,"column":54},"end":{"line":44,"column":1}},"6":{"start":{"line":46,"column":36},"end":{"line":56,"column":2}},"7":{"start":{"line":46,"column":57},"end":{"line":56,"column":1}},"8":{"start":{"line":58,"column":35},"end":{"line":65,"column":2}},"9":{"start":{"line":58,"column":56},"end":{"line":65,"column":1}}},"fnMap":{"0":{"name":"(anonymous_0)","decl":{"start":{"line":2,"column":30},"end":{"line":2,"column":31}},"loc":{"start":{"line":2,"column":51},"end":{"line":14,"column":1}},"line":2},"1":{"name":"(anonymous_1)","decl":{"start":{"line":16,"column":30},"end":{"line":16,"column":31}},"loc":{"start":{"line":16,"column":51},"end":{"line":27,"column":1}},"line":16},"2":{"name":"(anonymous_2)","decl":{"start":{"line":29,"column":33},"end":{"line":29,"column":34}},"loc":{"start":{"line":29,"column":54},"end":{"line":44,"column":1}},"line":29},"3":{"name":"(anonymous_3)","decl":{"start":{"line":46,"column":36},"end":{"line":46,"column":37}},"loc":{"start":{"line":46,"column":57},"end":{"line":56,"column":1}},"line":46},"4":{"name":"(anonymous_4)","decl":{"start":{"line":58,"column":35},"end":{"line":58,"column":36}},"loc":{"start":{"line":58,"column":56},"end":{"line":65,"column":1}},"line":58}},"branchMap":{"0":{"loc":{"start":{"line":2,"column":31},"end":{"line":2,"column":45}},"type":"default-arg","locations":[{"start":{"line":2,"column":43},"end":{"line":2,"column":45}}],"line":2},"1":{"loc":{"start":{"line":16,"column":31},"end":{"line":16,"column":45}},"type":"default-arg","locations":[{"start":{"line":16,"column":43},"end":{"line":16,"column":45}}],"line":16},"2":{"loc":{"start":{"line":29,"column":34},"end":{"line":29,"column":48}},"type":"default-arg","locations":[{"start":{"line":29,"column":46},"end":{"line":29,"column":48}}],"line":29},"3":{"loc":{"start":{"line":46,"column":37},"end":{"line":46,"column":51}},"type":"default-arg","locations":[{"start":{"line":46,"column":49},"end":{"line":46,"column":51}}],"line":46},"4":{"loc":{"start":{"line":58,"column":36},"end":{"line":58,"column":50}},"type":"default-arg","locations":[{"start":{"line":58,"column":48},"end":{"line":58,"column":50}}],"line":58}},"s":{"0":1,"1":3,"2":1,"3":3,"4":1,"5":0,"6":1,"7":0,"8":1,"9":0},"f":{"0":3,"1":3,"2":0,"3":0,"4":0},"b":{"0":[1],"1":[1],"2":[0],"3":[0],"4":[0]},"_coverageSchema":"1a1c01bbd47fc00a2c39e90264f33305004495a9","hash":"4d7681e0bc36d97c5b05d6d6ed7d999796b3ef80"}
,"C:\\Projects\\learning\\nodejs\\Task Management System\\frontend\\microfrontends\\task-app\\src\\components\\ErrorBoundary.jsx": {"path":"C:\\Projects\\learning\\nodejs\\Task Management System\\frontend\\microfrontends\\task-app\\src\\components\\ErrorBoundary.jsx","statementMap":{"0":{"start":{"line":5,"column":4},"end":{"line":5,"column":17}},"1":{"start":{"line":6,"column":4},"end":{"line":6,"column":50}},"2":{"start":{"line":10,"column":4},"end":{"line":10,"column":37}},"3":{"start":{"line":14,"column":4},"end":{"line":14,"column":44}},"4":{"start":{"line":15,"column":4},"end":{"line":15,"column":44}},"5":{"start":{"line":17,"column":4},"end":{"line":20,"column":5}},"6":{"start":{"line":18,"column":27},"end":{"line":18,"column":97}},"7":{"start":{"line":19,"column":6},"end":{"line":19,"column":65}},"8":{"start":{"line":24,"column":4},"end":{"line":37,"column":5}},"9":{"start":{"line":25,"column":6},"end":{"line":36,"column":8}},"10":{"start":{"line":31,"column":27},"end":{"line":31,"column":74}},"11":{"start":{"line":39,"column":4},"end":{"line":39,"column":31}}},"fnMap":{"0":{"name":"(anonymous_0)","decl":{"start":{"line":4,"column":2},"end":{"line":4,"column":3}},"loc":{"start":{"line":4,"column":21},"end":{"line":7,"column":3}},"line":4},"1":{"name":"(anonymous_1)","decl":{"start":{"line":9,"column":2},"end":{"line":9,"column":3}},"loc":{"start":{"line":9,"column":41},"end":{"line":11,"column":3}},"line":9},"2":{"name":"(anonymous_2)","decl":{"start":{"line":13,"column":2},"end":{"line":13,"column":3}},"loc":{"start":{"line":13,"column":38},"end":{"line":21,"column":3}},"line":13},"3":{"name":"(anonymous_3)","decl":{"start":{"line":23,"column":2},"end":{"line":23,"column":3}},"loc":{"start":{"line":23,"column":11},"end":{"line":40,"column":3}},"line":23},"4":{"name":"(anonymous_4)","decl":{"start":{"line":31,"column":21},"end":{"line":31,"column":22}},"loc":{"start":{"line":31,"column":27},"end":{"line":31,"column":74}},"line":31}},"branchMap":{"0":{"loc":{"start":{"line":17,"column":4},"end":{"line":20,"column":5}},"type":"if","locations":[{"start":{"line":17,"column":4},"end":{"line":20,"column":5}},{"start":{},"end":{}}],"line":17},"1":{"loc":{"start":{"line":18,"column":27},"end":{"line":18,"column":97}},"type":"binary-expr","locations":[{"start":{"line":18,"column":27},"end":{"line":18,"column":41}},{"start":{"line":18,"column":46},"end":{"line":18,"column":77}},{"start":{"line":18,"column":82},"end":{"line":18,"column":97}}],"line":18},"2":{"loc":{"start":{"line":18,"column":46},"end":{"line":18,"column":77}},"type":"cond-expr","locations":[{"start":{"line":18,"column":63},"end":{"line":18,"column":69}},{"start":{"line":18,"column":72},"end":{"line":18,"column":77}}],"line":18},"3":{"loc":{"start":{"line":24,"column":4},"end":{"line":37,"column":5}},"type":"if","locations":[{"start":{"line":24,"column":4},"end":{"line":37,"column":5}},{"start":{},"end":{}}],"line":24}},"s":{"0":30,"1":29,"2":30,"3":15,"4":15,"5":15,"6":6,"7":6,"8":65,"9":32,"10":2,"11":33},"f":{"0":30,"1":30,"2":15,"3":65,"4":2},"b":{"0":[6,9],"1":[6,2,0],"2":[1,1],"3":[32,33]},"_coverageSchema":"1a1c01bbd47fc00a2c39e90264f33305004495a9","hash":"2a46c1251ba736cba9ab4717c5b19406b77ac76a"}
,"C:\\Projects\\learning\\nodejs\\Task Management System\\frontend\\microfrontends\\task-app\\src\\components\\Pagination.jsx": {"path":"C:\\Projects\\learning\\nodejs\\Task Management System\\frontend\\microfrontends\\task-app\\src\\components\\Pagination.jsx","statementMap":{"0":{"start":{"line":4,"column":19},"end":{"line":132,"column":1}},"1":{"start":{"line":15,"column":25},"end":{"line":49,"column":3}},"2":{"start":{"line":16,"column":18},"end":{"line":16,"column":20}},"3":{"start":{"line":17,"column":28},"end":{"line":17,"column":29}},"4":{"start":{"line":19,"column":4},"end":{"line":46,"column":5}},"5":{"start":{"line":21,"column":6},"end":{"line":23,"column":7}},"6":{"start":{"line":21,"column":19},"end":{"line":21,"column":20}},"7":{"start":{"line":22,"column":8},"end":{"line":22,"column":22}},"8":{"start":{"line":26,"column":20},"end":{"line":26,"column":48}},"9":{"start":{"line":27,"column":18},"end":{"line":27,"column":55}},"10":{"start":{"line":29,"column":6},"end":{"line":34,"column":7}},"11":{"start":{"line":30,"column":8},"end":{"line":30,"column":22}},"12":{"start":{"line":31,"column":8},"end":{"line":33,"column":9}},"13":{"start":{"line":32,"column":10},"end":{"line":32,"column":28}},"14":{"start":{"line":36,"column":6},"end":{"line":38,"column":7}},"15":{"start":{"line":36,"column":19},"end":{"line":36,"column":24}},"16":{"start":{"line":37,"column":8},"end":{"line":37,"column":22}},"17":{"start":{"line":40,"column":6},"end":{"line":45,"column":7}},"18":{"start":{"line":41,"column":8},"end":{"line":43,"column":9}},"19":{"start":{"line":42,"column":10},"end":{"line":42,"column":28}},"20":{"start":{"line":44,"column":8},"end":{"line":44,"column":31}},"21":{"start":{"line":48,"column":4},"end":{"line":48,"column":17}},"22":{"start":{"line":51,"column":22},"end":{"line":51,"column":38}},"23":{"start":{"line":52,"column":20},"end":{"line":52,"column":52}},"24":{"start":{"line":53,"column":18},"end":{"line":53,"column":62}},"25":{"start":{"line":55,"column":2},"end":{"line":63,"column":3}},"26":{"start":{"line":56,"column":4},"end":{"line":62,"column":6}},"27":{"start":{"line":65,"column":2},"end":{"line":131,"column":4}},"28":{"start":{"line":77,"column":29},"end":{"line":77,"column":71}},"29":{"start":{"line":93,"column":29},"end":{"line":93,"column":58}},"30":{"start":{"line":102,"column":12},"end":{"line":115,"column":17}},"31":{"start":{"line":108,"column":33},"end":{"line":108,"column":51}},"32":{"start":{"line":121,"column":29},"end":{"line":121,"column":58}}},"fnMap":{"0":{"name":"(anonymous_0)","decl":{"start":{"line":4,"column":19},"end":{"line":4,"column":20}},"loc":{"start":{"line":13,"column":6},"end":{"line":132,"column":1}},"line":13},"1":{"name":"(anonymous_1)","decl":{"start":{"line":15,"column":25},"end":{"line":15,"column":26}},"loc":{"start":{"line":15,"column":31},"end":{"line":49,"column":3}},"line":15},"2":{"name":"(anonymous_2)","decl":{"start":{"line":77,"column":22},"end":{"line":77,"column":23}},"loc":{"start":{"line":77,"column":29},"end":{"line":77,"column":71}},"line":77},"3":{"name":"(anonymous_3)","decl":{"start":{"line":93,"column":23},"end":{"line":93,"column":24}},"loc":{"start":{"line":93,"column":29},"end":{"line":93,"column":58}},"line":93},"4":{"name":"(anonymous_4)","decl":{"start":{"line":101,"column":27},"end":{"line":101,"column":28}},"loc":{"start":{"line":102,"column":12},"end":{"line":115,"column":17}},"line":102},"5":{"name":"(anonymous_5)","decl":{"start":{"line":108,"column":27},"end":{"line":108,"column":28}},"loc":{"start":{"line":108,"column":33},"end":{"line":108,"column":51}},"line":108},"6":{"name":"(anonymous_6)","decl":{"start":{"line":121,"column":23},"end":{"line":121,"column":24}},"loc":{"start":{"line":121,"column":29},"end":{"line":121,"column":58}},"line":121}},"branchMap":{"0":{"loc":{"start":{"line":19,"column":4},"end":{"line":46,"column":5}},"type":"if","locations":[{"start":{"line":19,"column":4},"end":{"line":46,"column":5}},{"start":{"line":24,"column":11},"end":{"line":46,"column":5}}],"line":19},"1":{"loc":{"start":{"line":29,"column":6},"end":{"line":34,"column":7}},"type":"if","locations":[{"start":{"line":29,"column":6},"end":{"line":34,"column":7}},{"start":{},"end":{}}],"line":29},"2":{"loc":{"start":{"line":31,"column":8},"end":{"line":33,"column":9}},"type":"if","locations":[{"start":{"line":31,"column":8},"end":{"line":33,"column":9}},{"start":{},"end":{}}],"line":31},"3":{"loc":{"start":{"line":40,"column":6},"end":{"line":45,"column":7}},"type":"if","locations":[{"start":{"line":40,"column":6},"end":{"line":45,"column":7}},{"start":{},"end":{}}],"line":40},"4":{"loc":{"start":{"line":41,"column":8},"end":{"line":43,"column":9}},"type":"if","locations":[{"start":{"line":41,"column":8},"end":{"line":43,"column":9}},{"start":{},"end":{}}],"line":41},"5":{"loc":{"start":{"line":55,"column":2},"end":{"line":63,"column":3}},"type":"if","locations":[{"start":{"line":55,"column":2},"end":{"line":63,"column":3}},{"start":{},"end":{}}],"line":55},"6":{"loc":{"start":{"line":90,"column":38},"end":{"line":90,"column":64}},"type":"cond-expr","locations":[{"start":{"line":90,"column":49},"end":{"line":90,"column":59}},{"start":{"line":90,"column":62},"end":{"line":90,"column":64}}],"line":90},"7":{"loc":{"start":{"line":102,"column":52},"end":{"line":102,"column":88}},"type":"cond-expr","locations":[{"start":{"line":102,"column":75},"end":{"line":102,"column":83}},{"start":{"line":102,"column":86},"end":{"line":102,"column":88}}],"line":102},"8":{"loc":{"start":{"line":102,"column":92},"end":{"line":102,"column":124}},"type":"cond-expr","locations":[{"start":{"line":102,"column":109},"end":{"line":102,"column":119}},{"start":{"line":102,"column":122},"end":{"line":102,"column":124}}],"line":102},"9":{"loc":{"start":{"line":103,"column":15},"end":{"line":114,"column":15}},"type":"cond-expr","locations":[{"start":{"line":104,"column":16},"end":{"line":104,"column":54}},{"start":{"line":106,"column":16},"end":{"line":113,"column":25}}],"line":103},"10":{"loc":{"start":{"line":110,"column":32},"end":{"line":110,"column":73}},"type":"cond-expr","locations":[{"start":{"line":110,"column":55},"end":{"line":110,"column":61}},{"start":{"line":110,"column":64},"end":{"line":110,"column":73}}],"line":110},"11":{"loc":{"start":{"line":118,"column":38},"end":{"line":118,"column":64}},"type":"cond-expr","locations":[{"start":{"line":118,"column":49},"end":{"line":118,"column":59}},{"start":{"line":118,"column":62},"end":{"line":118,"column":64}}],"line":118}},"s":{"0":1,"1":27,"2":27,"3":27,"4":27,"5":19,"6":19,"7":81,"8":8,"9":8,"10":8,"11":5,"12":5,"13":5,"14":8,"15":8,"16":31,"17":8,"18":6,"19":6,"20":6,"21":27,"22":27,"23":27,"24":27,"25":27,"26":3,"27":24,"28":3,"29":1,"30":133,"31":2,"32":1},"f":{"0":27,"1":27,"2":3,"3":1,"4":133,"5":2,"6":1},"b":{"0":[19,8],"1":[5,3],"2":[5,0],"3":[6,2],"4":[6,0],"5":[3,24],"6":[22,2],"7":[22,111],"8":[11,122],"9":[11,122],"10":[22,100],"11":[2,22]},"_coverageSchema":"1a1c01bbd47fc00a2c39e90264f33305004495a9","hash":"5124df0668440c400109f2de9be888ff4ed31c44"}
,"C:\\Projects\\learning\\nodejs\\Task Management System\\frontend\\microfrontends\\task-app\\src\\components\\TaskItem.jsx": {"path":"C:\\Projects\\learning\\nodejs\\Task Management System\\frontend\\microfrontends\\task-app\\src\\components\\TaskItem.jsx","statementMap":{"0":{"start":{"line":6,"column":20},"end":{"line":14,"column":1}},"1":{"start":{"line":9,"column":2},"end":{"line":13,"column":4}},"2":{"start":{"line":16,"column":17},"end":{"line":173,"column":2}},"3":{"start":{"line":18,"column":2},"end":{"line":51,"column":3}},"4":{"start":{"line":19,"column":4},"end":{"line":50,"column":6}},"5":{"start":{"line":53,"column":2},"end":{"line":172,"column":4}},"6":{"start":{"line":132,"column":33},"end":{"line":132,"column":103}},"7":{"start":{"line":133,"column":26},"end":{"line":133,"column":48}},"8":{"start":{"line":134,"column":36},"end":{"line":134,"column":87}},"9":{"start":{"line":135,"column":39},"end":{"line":135,"column":96}},"10":{"start":{"line":136,"column":14},"end":{"line":138,"column":16}},"11":{"start":{"line":155,"column":27},"end":{"line":155,"column":39}},"12":{"start":{"line":163,"column":27},"end":{"line":163,"column":45}},"13":{"start":{"line":175,"column":0},"end":{"line":175,"column":34}}},"fnMap":{"0":{"name":"(anonymous_0)","decl":{"start":{"line":6,"column":20},"end":{"line":6,"column":21}},"loc":{"start":{"line":6,"column":85},"end":{"line":14,"column":1}},"line":6},"1":{"name":"(anonymous_1)","decl":{"start":{"line":16,"column":28},"end":{"line":16,"column":29}},"loc":{"start":{"line":16,"column":60},"end":{"line":173,"column":1}},"line":16},"2":{"name":"(anonymous_2)","decl":{"start":{"line":131,"column":14},"end":{"line":131,"column":15}},"loc":{"start":{"line":131,"column":20},"end":{"line":139,"column":13}},"line":131},"3":{"name":"(anonymous_3)","decl":{"start":{"line":155,"column":21},"end":{"line":155,"column":22}},"loc":{"start":{"line":155,"column":27},"end":{"line":155,"column":39}},"line":155},"4":{"name":"(anonymous_4)","decl":{"start":{"line":163,"column":21},"end":{"line":163,"column":22}},"loc":{"start":{"line":163,"column":27},"end":{"line":163,"column":45}},"line":163}},"branchMap":{"0":{"loc":{"start":{"line":6,"column":42},"end":{"line":6,"column":58}},"type":"default-arg","locations":[{"start":{"line":6,"column":53},"end":{"line":6,"column":58}}],"line":6},"1":{"loc":{"start":{"line":6,"column":60},"end":{"line":6,"column":78}},"type":"default-arg","locations":[{"start":{"line":6,"column":71},"end":{"line":6,"column":78}}],"line":6},"2":{"loc":{"start":{"line":18,"column":2},"end":{"line":51,"column":3}},"type":"if","locations":[{"start":{"line":18,"column":2},"end":{"line":51,"column":3}},{"start":{},"end":{}}],"line":18},"3":{"loc":{"start":{"line":57,"column":19},"end":{"line":57,"column":48}},"type":"binary-expr","locations":[{"start":{"line":57,"column":19},"end":{"line":57,"column":29}},{"start":{"line":57,"column":33},"end":{"line":57,"column":48}}],"line":57},"4":{"loc":{"start":{"line":62,"column":13},"end":{"line":62,"column":42}},"type":"binary-expr","locations":[{"start":{"line":62,"column":13},"end":{"line":62,"column":23}},{"start":{"line":62,"column":27},"end":{"line":62,"column":42}}],"line":62},"5":{"loc":{"start":{"line":68,"column":19},"end":{"line":68,"column":55}},"type":"binary-expr","locations":[{"start":{"line":68,"column":19},"end":{"line":68,"column":35}},{"start":{"line":68,"column":39},"end":{"line":68,"column":55}}],"line":68},"6":{"loc":{"start":{"line":73,"column":13},"end":{"line":73,"column":49}},"type":"binary-expr","locations":[{"start":{"line":73,"column":13},"end":{"line":73,"column":29}},{"start":{"line":73,"column":33},"end":{"line":73,"column":49}}],"line":73},"7":{"loc":{"start":{"line":79,"column":10},"end":{"line":79,"column":85}},"type":"binary-expr","locations":[{"start":{"line":79,"column":10},"end":{"line":79,"column":67}},{"start":{"line":79,"column":71},"end":{"line":79,"column":85}}],"line":79},"8":{"loc":{"start":{"line":81,"column":11},"end":{"line":81,"column":92}},"type":"binary-expr","locations":[{"start":{"line":81,"column":11},"end":{"line":81,"column":66}},{"start":{"line":81,"column":70},"end":{"line":81,"column":83}},{"start":{"line":81,"column":87},"end":{"line":81,"column":92}}],"line":81},"9":{"loc":{"start":{"line":86,"column":10},"end":{"line":86,"column":83}},"type":"binary-expr","locations":[{"start":{"line":86,"column":10},"end":{"line":86,"column":63}},{"start":{"line":86,"column":67},"end":{"line":86,"column":83}}],"line":86},"10":{"loc":{"start":{"line":88,"column":11},"end":{"line":88,"column":90}},"type":"binary-expr","locations":[{"start":{"line":88,"column":11},"end":{"line":88,"column":62}},{"start":{"line":88,"column":66},"end":{"line":88,"column":77}},{"start":{"line":88,"column":81},"end":{"line":88,"column":90}}],"line":88},"11":{"loc":{"start":{"line":94,"column":13},"end":{"line":94,"column":151}},"type":"cond-expr","locations":[{"start":{"line":94,"column":101},"end":{"line":94,"column":145}},{"start":{"line":94,"column":148},"end":{"line":94,"column":151}}],"line":94},"12":{"loc":{"start":{"line":94,"column":13},"end":{"line":94,"column":98}},"type":"binary-expr","locations":[{"start":{"line":94,"column":13},"end":{"line":94,"column":32}},{"start":{"line":94,"column":36},"end":{"line":94,"column":60}},{"start":{"line":94,"column":64},"end":{"line":94,"column":98}}],"line":94},"13":{"loc":{"start":{"line":98,"column":23},"end":{"line":98,"column":178}},"type":"cond-expr","locations":[{"start":{"line":98,"column":73},"end":{"line":98,"column":161}},{"start":{"line":98,"column":164},"end":{"line":98,"column":178}}],"line":98},"14":{"loc":{"start":{"line":98,"column":23},"end":{"line":98,"column":70}},"type":"binary-expr","locations":[{"start":{"line":98,"column":23},"end":{"line":98,"column":42}},{"start":{"line":98,"column":46},"end":{"line":98,"column":70}}],"line":98},"15":{"loc":{"start":{"line":98,"column":76},"end":{"line":98,"column":116}},"type":"binary-expr","locations":[{"start":{"line":98,"column":76},"end":{"line":98,"column":110}},{"start":{"line":98,"column":114},"end":{"line":98,"column":116}}],"line":98},"16":{"loc":{"start":{"line":98,"column":120},"end":{"line":98,"column":159}},"type":"binary-expr","locations":[{"start":{"line":98,"column":120},"end":{"line":98,"column":153}},{"start":{"line":98,"column":157},"end":{"line":98,"column":159}}],"line":98},"17":{"loc":{"start":{"line":103,"column":17},"end":{"line":103,"column":172}},"type":"cond-expr","locations":[{"start":{"line":103,"column":67},"end":{"line":103,"column":155}},{"start":{"line":103,"column":158},"end":{"line":103,"column":172}}],"line":103},"18":{"loc":{"start":{"line":103,"column":17},"end":{"line":103,"column":64}},"type":"binary-expr","locations":[{"start":{"line":103,"column":17},"end":{"line":103,"column":36}},{"start":{"line":103,"column":40},"end":{"line":103,"column":64}}],"line":103},"19":{"loc":{"start":{"line":103,"column":70},"end":{"line":103,"column":110}},"type":"binary-expr","locations":[{"start":{"line":103,"column":70},"end":{"line":103,"column":104}},{"start":{"line":103,"column":108},"end":{"line":103,"column":110}}],"line":103},"20":{"loc":{"start":{"line":103,"column":114},"end":{"line":103,"column":153}},"type":"binary-expr","locations":[{"start":{"line":103,"column":114},"end":{"line":103,"column":147}},{"start":{"line":103,"column":151},"end":{"line":103,"column":153}}],"line":103},"21":{"loc":{"start":{"line":107,"column":23},"end":{"line":107,"column":116}},"type":"cond-expr","locations":[{"start":{"line":107,"column":73},"end":{"line":107,"column":103}},{"start":{"line":107,"column":106},"end":{"line":107,"column":116}}],"line":107},"22":{"loc":{"start":{"line":107,"column":23},"end":{"line":107,"column":70}},"type":"binary-expr","locations":[{"start":{"line":107,"column":23},"end":{"line":107,"column":42}},{"start":{"line":107,"column":46},"end":{"line":107,"column":70}}],"line":107},"23":{"loc":{"start":{"line":112,"column":17},"end":{"line":112,"column":110}},"type":"cond-expr","locations":[{"start":{"line":112,"column":67},"end":{"line":112,"column":97}},{"start":{"line":112,"column":100},"end":{"line":112,"column":110}}],"line":112},"24":{"loc":{"start":{"line":112,"column":17},"end":{"line":112,"column":64}},"type":"binary-expr","locations":[{"start":{"line":112,"column":17},"end":{"line":112,"column":36}},{"start":{"line":112,"column":40},"end":{"line":112,"column":64}}],"line":112},"25":{"loc":{"start":{"line":119,"column":9},"end":{"line":143,"column":9}},"type":"cond-expr","locations":[{"start":{"line":120,"column":10},"end":{"line":140,"column":16}},{"start":{"line":142,"column":10},"end":{"line":142,"column":57}}],"line":119},"26":{"loc":{"start":{"line":121,"column":44},"end":{"line":121,"column":139}},"type":"cond-expr","locations":[{"start":{"line":121,"column":113},"end":{"line":121,"column":134}},{"start":{"line":121,"column":137},"end":{"line":121,"column":139}}],"line":121},"27":{"loc":{"start":{"line":121,"column":44},"end":{"line":121,"column":110}},"type":"binary-expr","locations":[{"start":{"line":121,"column":44},"end":{"line":121,"column":79}},{"start":{"line":121,"column":83},"end":{"line":121,"column":110}}],"line":121},"28":{"loc":{"start":{"line":127,"column":13},"end":{"line":129,"column":13}},"type":"binary-expr","locations":[{"start":{"line":127,"column":13},"end":{"line":127,"column":48}},{"start":{"line":127,"column":52},"end":{"line":127,"column":79}},{"start":{"line":128,"column":14},"end":{"line":128,"column":63}}],"line":127},"29":{"loc":{"start":{"line":132,"column":33},"end":{"line":132,"column":103}},"type":"cond-expr","locations":[{"start":{"line":132,"column":51},"end":{"line":132,"column":76}},{"start":{"line":132,"column":79},"end":{"line":132,"column":103}}],"line":132},"30":{"loc":{"start":{"line":136,"column":21},"end":{"line":138,"column":15}},"type":"binary-expr","locations":[{"start":{"line":136,"column":21},"end":{"line":136,"column":37}},{"start":{"line":137,"column":16},"end":{"line":137,"column":73}}],"line":136},"31":{"loc":{"start":{"line":147,"column":41},"end":{"line":147,"column":115}},"type":"cond-expr","locations":[{"start":{"line":147,"column":58},"end":{"line":147,"column":103}},{"start":{"line":147,"column":106},"end":{"line":147,"column":115}}],"line":147},"32":{"loc":{"start":{"line":148,"column":43},"end":{"line":148,"column":110}},"type":"cond-expr","locations":[{"start":{"line":148,"column":60},"end":{"line":148,"column":105}},{"start":{"line":148,"column":108},"end":{"line":148,"column":110}}],"line":148}},"s":{"0":1,"1":124,"2":1,"3":34,"4":3,"5":31,"6":30,"7":30,"8":30,"9":30,"10":30,"11":1,"12":1,"13":1},"f":{"0":124,"1":34,"2":30,"3":1,"4":1},"b":{"0":[0],"1":[0],"2":[3,31],"3":[31,0],"4":[31,0],"5":[31,0],"6":[31,0],"7":[31,0],"8":[31,0,0],"9":[31,30],"10":[31,30,0],"11":[0,31],"12":[31,0,0],"13":[0,31],"14":[31,0],"15":[0,0],"16":[0,0],"17":[0,31],"18":[31,0],"19":[0,0],"20":[0,0],"21":[0,31],"22":[31,0],"23":[0,31],"24":[31,0],"25":[30,1],"26":[29,1],"27":[30,30],"28":[30,30,29],"29":[0,30],"30":[30,0],"31":[31,0],"32":[31,0]},"_coverageSchema":"1a1c01bbd47fc00a2c39e90264f33305004495a9","hash":"944e79f063903f0a19a82a9669aca8e17a7fb3d7"}
,"C:\\Projects\\learning\\nodejs\\Task Management System\\frontend\\microfrontends\\task-app\\src\\components\\TaskModal.jsx": {"path":"C:\\Projects\\learning\\nodejs\\Task Management System\\frontend\\microfrontends\\task-app\\src\\components\\TaskModal.jsx","statementMap":{"0":{"start":{"line":5,"column":18},"end":{"line":163,"column":2}},"1":{"start":{"line":13,"column":2},"end":{"line":13,"column":25}},"2":{"start":{"line":13,"column":13},"end":{"line":13,"column":25}},"3":{"start":{"line":16,"column":2},"end":{"line":162,"column":4}},"4":{"start":{"line":85,"column":22},"end":{"line":85,"column":87}},"5":{"start":{"line":104,"column":34},"end":{"line":104,"column":44}},"6":{"start":{"line":105,"column":35},"end":{"line":105,"column":52}},"7":{"start":{"line":106,"column":36},"end":{"line":106,"column":79}},"8":{"start":{"line":107,"column":34},"end":{"line":107,"column":72}},"9":{"start":{"line":108,"column":36},"end":{"line":108,"column":75}},"10":{"start":{"line":109,"column":38},"end":{"line":109,"column":79}},"11":{"start":{"line":110,"column":22},"end":{"line":110,"column":75}},"12":{"start":{"line":165,"column":0},"end":{"line":165,"column":36}}},"fnMap":{"0":{"name":"(anonymous_0)","decl":{"start":{"line":5,"column":29},"end":{"line":5,"column":30}},"loc":{"start":{"line":12,"column":6},"end":{"line":163,"column":1}},"line":12},"1":{"name":"(anonymous_1)","decl":{"start":{"line":84,"column":30},"end":{"line":84,"column":31}},"loc":{"start":{"line":84,"column":42},"end":{"line":86,"column":21}},"line":84},"2":{"name":"(anonymous_2)","decl":{"start":{"line":103,"column":26},"end":{"line":103,"column":27}},"loc":{"start":{"line":103,"column":32},"end":{"line":111,"column":21}},"line":103}},"branchMap":{"0":{"loc":{"start":{"line":13,"column":2},"end":{"line":13,"column":25}},"type":"if","locations":[{"start":{"line":13,"column":2},"end":{"line":13,"column":25}},{"start":{},"end":{}}],"line":13},"1":{"loc":{"start":{"line":23,"column":15},"end":{"line":23,"column":60}},"type":"cond-expr","locations":[{"start":{"line":23,"column":32},"end":{"line":23,"column":46}},{"start":{"line":23,"column":49},"end":{"line":23,"column":60}}],"line":23},"2":{"loc":{"start":{"line":101,"column":27},"end":{"line":101,"column":49}},"type":"binary-expr","locations":[{"start":{"line":101,"column":27},"end":{"line":101,"column":43}},{"start":{"line":101,"column":47},"end":{"line":101,"column":49}}],"line":101},"3":{"loc":{"start":{"line":122,"column":27},"end":{"line":122,"column":46}},"type":"binary-expr","locations":[{"start":{"line":122,"column":27},"end":{"line":122,"column":40}},{"start":{"line":122,"column":44},"end":{"line":122,"column":46}}],"line":122},"4":{"loc":{"start":{"line":155,"column":17},"end":{"line":155,"column":63}},"type":"cond-expr","locations":[{"start":{"line":155,"column":34},"end":{"line":155,"column":47}},{"start":{"line":155,"column":50},"end":{"line":155,"column":63}}],"line":155}},"s":{"0":1,"1":25,"2":1,"3":24,"4":7,"5":24,"6":24,"7":24,"8":24,"9":24,"10":24,"11":24,"12":1},"f":{"0":25,"1":7,"2":24},"b":{"0":[1,24],"1":[22,2],"2":[24,23],"3":[24,23],"4":[22,2]},"_coverageSchema":"1a1c01bbd47fc00a2c39e90264f33305004495a9","hash":"570ffa41369ddcd6a360a430ded89a05c7764a20"}
,"C:\\Projects\\learning\\nodejs\\Task Management System\\frontend\\microfrontends\\task-app\\src\\components\\TaskTable.jsx": {"path":"C:\\Projects\\learning\\nodejs\\Task Management System\\frontend\\microfrontends\\task-app\\src\\components\\TaskTable.jsx","statementMap":{"0":{"start":{"line":5,"column":18},"end":{"line":43,"column":2}},"1":{"start":{"line":6,"column":2},"end":{"line":13,"column":3}},"2":{"start":{"line":7,"column":4},"end":{"line":12,"column":6}},"3":{"start":{"line":15,"column":2},"end":{"line":42,"column":4}},"4":{"start":{"line":32,"column":12},"end":{"line":37,"column":14}},"5":{"start":{"line":45,"column":0},"end":{"line":45,"column":36}}},"fnMap":{"0":{"name":"(anonymous_0)","decl":{"start":{"line":5,"column":29},"end":{"line":5,"column":30}},"loc":{"start":{"line":5,"column":62},"end":{"line":43,"column":1}},"line":5},"1":{"name":"(anonymous_1)","decl":{"start":{"line":31,"column":21},"end":{"line":31,"column":22}},"loc":{"start":{"line":32,"column":12},"end":{"line":37,"column":14}},"line":32}},"branchMap":{"0":{"loc":{"start":{"line":6,"column":2},"end":{"line":13,"column":3}},"type":"if","locations":[{"start":{"line":6,"column":2},"end":{"line":13,"column":3}},{"start":{},"end":{}}],"line":6},"1":{"loc":{"start":{"line":6,"column":6},"end":{"line":6,"column":34}},"type":"binary-expr","locations":[{"start":{"line":6,"column":6},"end":{"line":6,"column":12}},{"start":{"line":6,"column":16},"end":{"line":6,"column":34}}],"line":6},"2":{"loc":{"start":{"line":33,"column":19},"end":{"line":33,"column":36}},"type":"binary-expr","locations":[{"start":{"line":33,"column":19},"end":{"line":33,"column":27}},{"start":{"line":33,"column":31},"end":{"line":33,"column":36}}],"line":33}},"s":{"0":1,"1":18,"2":3,"3":15,"4":138,"5":1},"f":{"0":18,"1":138},"b":{"0":[3,15],"1":[18,16],"2":[138,0]},"_coverageSchema":"1a1c01bbd47fc00a2c39e90264f33305004495a9","hash":"61177be805d3a2462287a2b98ddfbddabc53c431"}
,"C:\\Projects\\learning\\nodejs\\Task Management System\\frontend\\microfrontends\\task-app\\src\\components\\UserAutocomplete.jsx": {"path":"C:\\Projects\\learning\\nodejs\\Task Management System\\frontend\\microfrontends\\task-app\\src\\components\\UserAutocomplete.jsx","statementMap":{"0":{"start":{"line":6,"column":25},"end":{"line":278,"column":1}},"1":{"start":{"line":14,"column":28},"end":{"line":14,"column":44}},"2":{"start":{"line":15,"column":23},"end":{"line":15,"column":100}},"3":{"start":{"line":18,"column":28},"end":{"line":18,"column":50}},"4":{"start":{"line":19,"column":44},"end":{"line":19,"column":66}},"5":{"start":{"line":20,"column":30},"end":{"line":20,"column":45}},"6":{"start":{"line":21,"column":38},"end":{"line":21,"column":50}},"7":{"start":{"line":22,"column":32},"end":{"line":22,"column":60}},"8":{"start":{"line":23,"column":42},"end":{"line":23,"column":56}},"9":{"start":{"line":24,"column":40},"end":{"line":24,"column":55}},"10":{"start":{"line":25,"column":46},"end":{"line":25,"column":61}},"11":{"start":{"line":26,"column":19},"end":{"line":26,"column":31}},"12":{"start":{"line":27,"column":22},"end":{"line":27,"column":34}},"13":{"start":{"line":28,"column":26},"end":{"line":28,"column":39}},"14":{"start":{"line":31,"column":30},"end":{"line":31,"column":58}},"15":{"start":{"line":34,"column":2},"end":{"line":65,"column":26}},"16":{"start":{"line":35,"column":23},"end":{"line":62,"column":5}},"17":{"start":{"line":37,"column":6},"end":{"line":39,"column":7}},"18":{"start":{"line":38,"column":8},"end":{"line":38,"column":15}},"19":{"start":{"line":42,"column":6},"end":{"line":45,"column":7}},"20":{"start":{"line":43,"column":8},"end":{"line":43,"column":39}},"21":{"start":{"line":44,"column":8},"end":{"line":44,"column":15}},"22":{"start":{"line":47,"column":6},"end":{"line":61,"column":7}},"23":{"start":{"line":49,"column":25},"end":{"line":49,"column":54}},"24":{"start":{"line":50,"column":26},"end":{"line":50,"column":58}},"25":{"start":{"line":52,"column":8},"end":{"line":52,"column":28}},"26":{"start":{"line":53,"column":8},"end":{"line":53,"column":36}},"27":{"start":{"line":54,"column":8},"end":{"line":54,"column":26}},"28":{"start":{"line":55,"column":8},"end":{"line":55,"column":39}},"29":{"start":{"line":57,"column":8},"end":{"line":57,"column":54}},"30":{"start":{"line":58,"column":8},"end":{"line":58,"column":21}},"31":{"start":{"line":59,"column":8},"end":{"line":59,"column":29}},"32":{"start":{"line":60,"column":8},"end":{"line":60,"column":26}},"33":{"start":{"line":64,"column":4},"end":{"line":64,"column":17}},"34":{"start":{"line":68,"column":2},"end":{"line":92,"column":21}},"35":{"start":{"line":69,"column":4},"end":{"line":69,"column":28}},"36":{"start":{"line":71,"column":4},"end":{"line":86,"column":5}},"37":{"start":{"line":72,"column":19},"end":{"line":72,"column":51}},"38":{"start":{"line":72,"column":35},"end":{"line":72,"column":50}},"39":{"start":{"line":73,"column":6},"end":{"line":73,"column":28}},"40":{"start":{"line":74,"column":6},"end":{"line":81,"column":7}},"41":{"start":{"line":75,"column":28},"end":{"line":75,"column":88}},"42":{"start":{"line":76,"column":8},"end":{"line":76,"column":35}},"43":{"start":{"line":79,"column":8},"end":{"line":79,"column":43}},"44":{"start":{"line":80,"column":8},"end":{"line":80,"column":71}},"45":{"start":{"line":82,"column":11},"end":{"line":86,"column":5}},"46":{"start":{"line":84,"column":6},"end":{"line":84,"column":28}},"47":{"start":{"line":85,"column":6},"end":{"line":85,"column":24}},"48":{"start":{"line":89,"column":4},"end":{"line":91,"column":12}},"49":{"start":{"line":90,"column":6},"end":{"line":90,"column":31}},"50":{"start":{"line":95,"column":2},"end":{"line":105,"column":42}},"51":{"start":{"line":96,"column":4},"end":{"line":104,"column":5}},"52":{"start":{"line":97,"column":19},"end":{"line":97,"column":58}},"53":{"start":{"line":97,"column":42},"end":{"line":97,"column":57}},"54":{"start":{"line":98,"column":6},"end":{"line":103,"column":7}},"55":{"start":{"line":99,"column":28},"end":{"line":99,"column":88}},"56":{"start":{"line":100,"column":8},"end":{"line":100,"column":35}},"57":{"start":{"line":101,"column":8},"end":{"line":101,"column":30}},"58":{"start":{"line":108,"column":2},"end":{"line":135,"column":57}},"59":{"start":{"line":110,"column":4},"end":{"line":112,"column":5}},"60":{"start":{"line":111,"column":6},"end":{"line":111,"column":13}},"61":{"start":{"line":114,"column":4},"end":{"line":114,"column":25}},"62":{"start":{"line":116,"column":4},"end":{"line":130,"column":5}},"63":{"start":{"line":117,"column":6},"end":{"line":117,"column":30}},"64":{"start":{"line":119,"column":23},"end":{"line":128,"column":8}},"65":{"start":{"line":120,"column":25},"end":{"line":120,"column":82}},"66":{"start":{"line":121,"column":25},"end":{"line":121,"column":52}},"67":{"start":{"line":122,"column":22},"end":{"line":122,"column":46}},"68":{"start":{"line":123,"column":23},"end":{"line":123,"column":56}},"69":{"start":{"line":125,"column":8},"end":{"line":127,"column":38}},"70":{"start":{"line":129,"column":6},"end":{"line":129,"column":33}},"71":{"start":{"line":133,"column":18},"end":{"line":133,"column":62}},"72":{"start":{"line":133,"column":35},"end":{"line":133,"column":56}},"73":{"start":{"line":134,"column":4},"end":{"line":134,"column":37}},"74":{"start":{"line":134,"column":17},"end":{"line":134,"column":36}},"75":{"start":{"line":137,"column":28},"end":{"line":155,"column":3}},"76":{"start":{"line":139,"column":4},"end":{"line":141,"column":5}},"77":{"start":{"line":140,"column":6},"end":{"line":140,"column":13}},"78":{"start":{"line":143,"column":26},"end":{"line":143,"column":40}},"79":{"start":{"line":144,"column":4},"end":{"line":144,"column":33}},"80":{"start":{"line":145,"column":4},"end":{"line":145,"column":20}},"81":{"start":{"line":148,"column":4},"end":{"line":154,"column":5}},"82":{"start":{"line":149,"column":6},"end":{"line":149,"column":28}},"83":{"start":{"line":151,"column":6},"end":{"line":153,"column":7}},"84":{"start":{"line":152,"column":8},"end":{"line":152,"column":21}},"85":{"start":{"line":158,"column":27},"end":{"line":164,"column":3}},"86":{"start":{"line":159,"column":4},"end":{"line":159,"column":26}},"87":{"start":{"line":160,"column":24},"end":{"line":160,"column":84}},"88":{"start":{"line":161,"column":4},"end":{"line":161,"column":31}},"89":{"start":{"line":162,"column":4},"end":{"line":162,"column":21}},"90":{"start":{"line":163,"column":4},"end":{"line":163,"column":23}},"91":{"start":{"line":166,"column":27},"end":{"line":168,"column":3}},"92":{"start":{"line":167,"column":4},"end":{"line":167,"column":20}},"93":{"start":{"line":170,"column":26},"end":{"line":177,"column":3}},"94":{"start":{"line":172,"column":4},"end":{"line":176,"column":12}},"95":{"start":{"line":173,"column":6},"end":{"line":175,"column":7}},"96":{"start":{"line":174,"column":8},"end":{"line":174,"column":25}},"97":{"start":{"line":179,"column":24},"end":{"line":184,"column":3}},"98":{"start":{"line":180,"column":4},"end":{"line":183,"column":5}},"99":{"start":{"line":181,"column":6},"end":{"line":181,"column":23}},"100":{"start":{"line":182,"column":6},"end":{"line":182,"column":31}},"101":{"start":{"line":186,"column":25},"end":{"line":191,"column":3}},"102":{"start":{"line":187,"column":4},"end":{"line":187,"column":26}},"103":{"start":{"line":188,"column":4},"end":{"line":188,"column":22}},"104":{"start":{"line":189,"column":4},"end":{"line":189,"column":17}},"105":{"start":{"line":190,"column":4},"end":{"line":190,"column":30}},"106":{"start":{"line":193,"column":2},"end":{"line":277,"column":4}},"107":{"start":{"line":230,"column":14},"end":{"line":266,"column":20}},"108":{"start":{"line":234,"column":18},"end":{"line":234,"column":37}},"109":{"start":{"line":235,"column":18},"end":{"line":235,"column":38}},"110":{"start":{"line":236,"column":18},"end":{"line":236,"column":41}},"111":{"start":{"line":239,"column":18},"end":{"line":239,"column":37}},"112":{"start":{"line":240,"column":18},"end":{"line":240,"column":38}},"113":{"start":{"line":241,"column":18},"end":{"line":241,"column":41}},"114":{"start":{"line":244,"column":18},"end":{"line":244,"column":37}},"115":{"start":{"line":245,"column":18},"end":{"line":245,"column":38}},"116":{"start":{"line":246,"column":18},"end":{"line":246,"column":41}}},"fnMap":{"0":{"name":"(anonymous_0)","decl":{"start":{"line":6,"column":25},"end":{"line":6,"column":26}},"loc":{"start":{"line":12,"column":6},"end":{"line":278,"column":1}},"line":12},"1":{"name":"(anonymous_1)","decl":{"start":{"line":34,"column":12},"end":{"line":34,"column":13}},"loc":{"start":{"line":34,"column":18},"end":{"line":65,"column":3}},"line":34},"2":{"name":"(anonymous_2)","decl":{"start":{"line":35,"column":23},"end":{"line":35,"column":24}},"loc":{"start":{"line":35,"column":35},"end":{"line":62,"column":5}},"line":35},"3":{"name":"(anonymous_3)","decl":{"start":{"line":68,"column":12},"end":{"line":68,"column":13}},"loc":{"start":{"line":68,"column":18},"end":{"line":92,"column":3}},"line":68},"4":{"name":"(anonymous_4)","decl":{"start":{"line":72,"column":30},"end":{"line":72,"column":31}},"loc":{"start":{"line":72,"column":35},"end":{"line":72,"column":50}},"line":72},"5":{"name":"(anonymous_5)","decl":{"start":{"line":89,"column":15},"end":{"line":89,"column":16}},"loc":{"start":{"line":89,"column":21},"end":{"line":91,"column":5}},"line":89},"6":{"name":"(anonymous_6)","decl":{"start":{"line":95,"column":12},"end":{"line":95,"column":13}},"loc":{"start":{"line":95,"column":18},"end":{"line":105,"column":3}},"line":95},"7":{"name":"(anonymous_7)","decl":{"start":{"line":97,"column":37},"end":{"line":97,"column":38}},"loc":{"start":{"line":97,"column":42},"end":{"line":97,"column":57}},"line":97},"8":{"name":"(anonymous_8)","decl":{"start":{"line":108,"column":12},"end":{"line":108,"column":13}},"loc":{"start":{"line":108,"column":18},"end":{"line":135,"column":3}},"line":108},"9":{"name":"(anonymous_9)","decl":{"start":{"line":119,"column":36},"end":{"line":119,"column":37}},"loc":{"start":{"line":119,"column":44},"end":{"line":128,"column":7}},"line":119},"10":{"name":"(anonymous_10)","decl":{"start":{"line":133,"column":29},"end":{"line":133,"column":30}},"loc":{"start":{"line":133,"column":35},"end":{"line":133,"column":56}},"line":133},"11":{"name":"(anonymous_11)","decl":{"start":{"line":134,"column":11},"end":{"line":134,"column":12}},"loc":{"start":{"line":134,"column":17},"end":{"line":134,"column":36}},"line":134},"12":{"name":"(anonymous_12)","decl":{"start":{"line":137,"column":28},"end":{"line":137,"column":29}},"loc":{"start":{"line":137,"column":35},"end":{"line":155,"column":3}},"line":137},"13":{"name":"(anonymous_13)","decl":{"start":{"line":158,"column":27},"end":{"line":158,"column":28}},"loc":{"start":{"line":158,"column":37},"end":{"line":164,"column":3}},"line":158},"14":{"name":"(anonymous_14)","decl":{"start":{"line":166,"column":27},"end":{"line":166,"column":28}},"loc":{"start":{"line":166,"column":33},"end":{"line":168,"column":3}},"line":166},"15":{"name":"(anonymous_15)","decl":{"start":{"line":170,"column":26},"end":{"line":170,"column":27}},"loc":{"start":{"line":170,"column":33},"end":{"line":177,"column":3}},"line":170},"16":{"name":"(anonymous_16)","decl":{"start":{"line":172,"column":15},"end":{"line":172,"column":16}},"loc":{"start":{"line":172,"column":21},"end":{"line":176,"column":5}},"line":172},"17":{"name":"(anonymous_17)","decl":{"start":{"line":179,"column":24},"end":{"line":179,"column":25}},"loc":{"start":{"line":179,"column":31},"end":{"line":184,"column":3}},"line":179},"18":{"name":"(anonymous_18)","decl":{"start":{"line":186,"column":25},"end":{"line":186,"column":26}},"loc":{"start":{"line":186,"column":31},"end":{"line":191,"column":3}},"line":186},"19":{"name":"(anonymous_19)","decl":{"start":{"line":229,"column":30},"end":{"line":229,"column":31}},"loc":{"start":{"line":230,"column":14},"end":{"line":266,"column":20}},"line":230},"20":{"name":"(anonymous_20)","decl":{"start":{"line":233,"column":29},"end":{"line":233,"column":30}},"loc":{"start":{"line":233,"column":36},"end":{"line":237,"column":17}},"line":233},"21":{"name":"(anonymous_21)","decl":{"start":{"line":238,"column":25},"end":{"line":238,"column":26}},"loc":{"start":{"line":238,"column":32},"end":{"line":242,"column":17}},"line":238},"22":{"name":"(anonymous_22)","decl":{"start":{"line":243,"column":30},"end":{"line":243,"column":31}},"loc":{"start":{"line":243,"column":37},"end":{"line":247,"column":17}},"line":243}},"branchMap":{"0":{"loc":{"start":{"line":9,"column":2},"end":{"line":9,"column":32}},"type":"default-arg","locations":[{"start":{"line":9,"column":16},"end":{"line":9,"column":32}}],"line":9},"1":{"loc":{"start":{"line":10,"column":2},"end":{"line":10,"column":16}},"type":"default-arg","locations":[{"start":{"line":10,"column":14},"end":{"line":10,"column":16}}],"line":10},"2":{"loc":{"start":{"line":11,"column":2},"end":{"line":11,"column":18}},"type":"default-arg","locations":[{"start":{"line":11,"column":13},"end":{"line":11,"column":18}}],"line":11},"3":{"loc":{"start":{"line":15,"column":23},"end":{"line":15,"column":100}},"type":"cond-expr","locations":[{"start":{"line":15,"column":44},"end":{"line":15,"column":94}},{"start":{"line":15,"column":98},"end":{"line":15,"column":100}}],"line":15},"4":{"loc":{"start":{"line":15,"column":44},"end":{"line":15,"column":94}},"type":"binary-expr","locations":[{"start":{"line":15,"column":44},"end":{"line":15,"column":67}},{"start":{"line":15,"column":71},"end":{"line":15,"column":88}},{"start":{"line":15,"column":92},"end":{"line":15,"column":94}}],"line":15},"5":{"loc":{"start":{"line":37,"column":6},"end":{"line":39,"column":7}},"type":"if","locations":[{"start":{"line":37,"column":6},"end":{"line":39,"column":7}},{"start":{},"end":{}}],"line":37},"6":{"loc":{"start":{"line":42,"column":6},"end":{"line":45,"column":7}},"type":"if","locations":[{"start":{"line":42,"column":6},"end":{"line":45,"column":7}},{"start":{},"end":{}}],"line":42},"7":{"loc":{"start":{"line":50,"column":26},"end":{"line":50,"column":58}},"type":"binary-expr","locations":[{"start":{"line":50,"column":26},"end":{"line":50,"column":40}},{"start":{"line":50,"column":44},"end":{"line":50,"column":52}},{"start":{"line":50,"column":56},"end":{"line":50,"column":58}}],"line":50},"8":{"loc":{"start":{"line":71,"column":4},"end":{"line":86,"column":5}},"type":"if","locations":[{"start":{"line":71,"column":4},"end":{"line":86,"column":5}},{"start":{"line":82,"column":11},"end":{"line":86,"column":5}}],"line":71},"9":{"loc":{"start":{"line":71,"column":8},"end":{"line":71,"column":33}},"type":"binary-expr","locations":[{"start":{"line":71,"column":8},"end":{"line":71,"column":13}},{"start":{"line":71,"column":17},"end":{"line":71,"column":33}}],"line":71},"10":{"loc":{"start":{"line":74,"column":6},"end":{"line":81,"column":7}},"type":"if","locations":[{"start":{"line":74,"column":6},"end":{"line":81,"column":7}},{"start":{"line":77,"column":13},"end":{"line":81,"column":7}}],"line":74},"11":{"loc":{"start":{"line":75,"column":28},"end":{"line":75,"column":88}},"type":"binary-expr","locations":[{"start":{"line":75,"column":28},"end":{"line":75,"column":71}},{"start":{"line":75,"column":75},"end":{"line":75,"column":88}}],"line":75},"12":{"loc":{"start":{"line":82,"column":11},"end":{"line":86,"column":5}},"type":"if","locations":[{"start":{"line":82,"column":11},"end":{"line":86,"column":5}},{"start":{},"end":{}}],"line":82},"13":{"loc":{"start":{"line":96,"column":4},"end":{"line":104,"column":5}},"type":"if","locations":[{"start":{"line":96,"column":4},"end":{"line":104,"column":5}},{"start":{},"end":{}}],"line":96},"14":{"loc":{"start":{"line":96,"column":8},"end":{"line":96,"column":57}},"type":"binary-expr","locations":[{"start":{"line":96,"column":8},"end":{"line":96,"column":13}},{"start":{"line":96,"column":17},"end":{"line":96,"column":40}},{"start":{"line":96,"column":44},"end":{"line":96,"column":57}}],"line":96},"15":{"loc":{"start":{"line":98,"column":6},"end":{"line":103,"column":7}},"type":"if","locations":[{"start":{"line":98,"column":6},"end":{"line":103,"column":7}},{"start":{"line":102,"column":13},"end":{"line":103,"column":7}}],"line":98},"16":{"loc":{"start":{"line":99,"column":28},"end":{"line":99,"column":88}},"type":"binary-expr","locations":[{"start":{"line":99,"column":28},"end":{"line":99,"column":71}},{"start":{"line":99,"column":75},"end":{"line":99,"column":88}}],"line":99},"17":{"loc":{"start":{"line":110,"column":4},"end":{"line":112,"column":5}},"type":"if","locations":[{"start":{"line":110,"column":4},"end":{"line":112,"column":5}},{"start":{},"end":{}}],"line":110},"18":{"loc":{"start":{"line":110,"column":8},"end":{"line":110,"column":31}},"type":"binary-expr","locations":[{"start":{"line":110,"column":8},"end":{"line":110,"column":20}},{"start":{"line":110,"column":24},"end":{"line":110,"column":31}}],"line":110},"19":{"loc":{"start":{"line":116,"column":4},"end":{"line":130,"column":5}},"type":"if","locations":[{"start":{"line":116,"column":4},"end":{"line":130,"column":5}},{"start":{"line":118,"column":11},"end":{"line":130,"column":5}}],"line":116},"20":{"loc":{"start":{"line":125,"column":15},"end":{"line":127,"column":37}},"type":"binary-expr","locations":[{"start":{"line":125,"column":15},"end":{"line":125,"column":40}},{"start":{"line":126,"column":15},"end":{"line":126,"column":40}},{"start":{"line":127,"column":15},"end":{"line":127,"column":37}}],"line":125},"21":{"loc":{"start":{"line":139,"column":4},"end":{"line":141,"column":5}},"type":"if","locations":[{"start":{"line":139,"column":4},"end":{"line":141,"column":5}},{"start":{},"end":{}}],"line":139},"22":{"loc":{"start":{"line":148,"column":4},"end":{"line":154,"column":5}},"type":"if","locations":[{"start":{"line":148,"column":4},"end":{"line":154,"column":5}},{"start":{},"end":{}}],"line":148},"23":{"loc":{"start":{"line":151,"column":6},"end":{"line":153,"column":7}},"type":"if","locations":[{"start":{"line":151,"column":6},"end":{"line":153,"column":7}},{"start":{},"end":{}}],"line":151},"24":{"loc":{"start":{"line":160,"column":24},"end":{"line":160,"column":84}},"type":"binary-expr","locations":[{"start":{"line":160,"column":24},"end":{"line":160,"column":67}},{"start":{"line":160,"column":71},"end":{"line":160,"column":84}}],"line":160},"25":{"loc":{"start":{"line":173,"column":6},"end":{"line":175,"column":7}},"type":"if","locations":[{"start":{"line":173,"column":6},"end":{"line":175,"column":7}},{"start":{},"end":{}}],"line":173},"26":{"loc":{"start":{"line":180,"column":4},"end":{"line":183,"column":5}},"type":"if","locations":[{"start":{"line":180,"column":4},"end":{"line":183,"column":5}},{"start":{},"end":{}}],"line":180},"27":{"loc":{"start":{"line":209,"column":9},"end":{"line":213,"column":9}},"type":"binary-expr","locations":[{"start":{"line":209,"column":9},"end":{"line":209,"column":20}},{"start":{"line":210,"column":10},"end":{"line":212,"column":17}}],"line":209},"28":{"loc":{"start":{"line":216,"column":7},"end":{"line":275,"column":7}},"type":"binary-expr","locations":[{"start":{"line":216,"column":7},"end":{"line":216,"column":13}},{"start":{"line":217,"column":8},"end":{"line":274,"column":14}}],"line":216},"29":{"loc":{"start":{"line":218,"column":11},"end":{"line":273,"column":11}},"type":"cond-expr","locations":[{"start":{"line":219,"column":12},"end":{"line":222,"column":18}},{"start":{"line":223,"column":14},"end":{"line":273,"column":11}}],"line":218},"30":{"loc":{"start":{"line":223,"column":14},"end":{"line":273,"column":11}},"type":"cond-expr","locations":[{"start":{"line":224,"column":12},"end":{"line":227,"column":18}},{"start":{"line":228,"column":14},"end":{"line":273,"column":11}}],"line":223},"31":{"loc":{"start":{"line":228,"column":14},"end":{"line":273,"column":11}},"type":"cond-expr","locations":[{"start":{"line":229,"column":12},"end":{"line":267,"column":14}},{"start":{"line":269,"column":12},"end":{"line":272,"column":18}}],"line":228},"32":{"loc":{"start":{"line":232,"column":44},"end":{"line":232,"column":92}},"type":"cond-expr","locations":[{"start":{"line":232,"column":77},"end":{"line":232,"column":87}},{"start":{"line":232,"column":90},"end":{"line":232,"column":92}}],"line":232},"33":{"loc":{"start":{"line":252,"column":21},"end":{"line":252,"column":81}},"type":"binary-expr","locations":[{"start":{"line":252,"column":21},"end":{"line":252,"column":64}},{"start":{"line":252,"column":68},"end":{"line":252,"column":81}}],"line":252},"34":{"loc":{"start":{"line":260,"column":44},"end":{"line":262,"column":49}},"type":"cond-expr","locations":[{"start":{"line":260,"column":68},"end":{"line":260,"column":79}},{"start":{"line":261,"column":35},"end":{"line":262,"column":49}}],"line":260},"35":{"loc":{"start":{"line":261,"column":35},"end":{"line":262,"column":49}},"type":"cond-expr","locations":[{"start":{"line":261,"column":63},"end":{"line":261,"column":85}},{"start":{"line":262,"column":35},"end":{"line":262,"column":49}}],"line":261}},"s":{"0":1,"1":226,"2":226,"3":226,"4":226,"5":226,"6":226,"7":226,"8":226,"9":226,"10":226,"11":226,"12":226,"13":226,"14":226,"15":226,"16":32,"17":32,"18":0,"19":32,"20":0,"21":0,"22":32,"23":32,"24":32,"25":32,"26":32,"27":32,"28":32,"29":0,"30":0,"31":0,"32":0,"33":32,"34":226,"35":58,"36":58,"37":2,"38":2,"39":2,"40":2,"41":2,"42":2,"43":0,"44":0,"45":56,"46":52,"47":52,"48":58,"49":58,"50":226,"51":175,"52":0,"53":0,"54":0,"55":0,"56":0,"57":0,"58":226,"59":93,"60":3,"61":90,"62":90,"63":78,"64":12,"65":36,"66":36,"67":36,"68":36,"69":36,"70":12,"71":90,"72":19,"73":90,"74":90,"75":226,"76":16,"77":5,"78":11,"79":11,"80":11,"81":11,"82":0,"83":0,"84":0,"85":226,"86":2,"87":2,"88":2,"89":2,"90":2,"91":226,"92":21,"93":226,"94":1,"95":1,"96":1,"97":226,"98":18,"99":0,"100":0,"101":226,"102":0,"103":0,"104":0,"105":0,"106":226,"107":55,"108":2,"109":2,"110":2,"111":0,"112":0,"113":0,"114":0,"115":0,"116":0},"f":{"0":226,"1":32,"2":32,"3":58,"4":2,"5":58,"6":175,"7":0,"8":93,"9":36,"10":19,"11":90,"12":16,"13":2,"14":21,"15":1,"16":1,"17":18,"18":0,"19":55,"20":2,"21":0,"22":0},"b":{"0":[224],"1":[224],"2":[220],"3":[0,226],"4":[0,0,0],"5":[0,32],"6":[0,32],"7":[32,0,0],"8":[2,56],"9":[58,6],"10":[2,0],"11":[2,0],"12":[52,4],"13":[0,175],"14":[175,13,0],"15":[0,0],"16":[0,0],"17":[3,90],"18":[93,4],"19":[78,12],"20":[36,10,10],"21":[5,11],"22":[0,11],"23":[0,0],"24":[2,0],"25":[1,0],"26":[0,18],"27":[226,171],"28":[226,108],"29":[2,106],"30":[87,19],"31":[19,0],"32":[0,55],"33":[55,0],"34":[17,38],"35":[19,19]},"_coverageSchema":"1a1c01bbd47fc00a2c39e90264f33305004495a9","hash":"7c010d7838c2ad60527ff00fb61cbab067014d29"}
,"C:\\Projects\\learning\\nodejs\\Task Management System\\frontend\\microfrontends\\task-app\\src\\config\\taskAppConfig.js": {"path":"C:\\Projects\\learning\\nodejs\\Task Management System\\frontend\\microfrontends\\task-app\\src\\config\\taskAppConfig.js","statementMap":{"0":{"start":{"line":7,"column":46},"end":{"line":7,"column":88}},"1":{"start":{"line":13,"column":24},"end":{"line":97,"column":1}},"2":{"start":{"line":103,"column":26},"end":{"line":125,"column":1}},"3":{"start":{"line":131,"column":0},"end":{"line":139,"column":2}}},"fnMap":{},"branchMap":{},"s":{"0":1,"1":1,"2":1,"3":1},"f":{},"b":{},"_coverageSchema":"1a1c01bbd47fc00a2c39e90264f33305004495a9","hash":"3abf85680bfbbdfd653d1295966573cb90b54f8a"}
,"C:\\Projects\\learning\\nodejs\\Task Management System\\frontend\\microfrontends\\task-app\\src\\hooks\\useApi.js": {"path":"C:\\Projects\\learning\\nodejs\\Task Management System\\frontend\\microfrontends\\task-app\\src\\hooks\\useApi.js","statementMap":{"0":{"start":{"line":11,"column":22},"end":{"line":94,"column":1}},"1":{"start":{"line":12,"column":26},"end":{"line":12,"column":40}},"2":{"start":{"line":13,"column":32},"end":{"line":13,"column":46}},"3":{"start":{"line":14,"column":28},"end":{"line":14,"column":42}},"4":{"start":{"line":15,"column":19},"end":{"line":15,"column":36}},"5":{"start":{"line":17,"column":24},"end":{"line":24,"column":33}},"6":{"start":{"line":18,"column":4},"end":{"line":18,"column":34}},"7":{"start":{"line":18,"column":22},"end":{"line":18,"column":34}},"8":{"start":{"line":19,"column":19},"end":{"line":19,"column":44}},"9":{"start":{"line":20,"column":4},"end":{"line":22,"column":5}},"10":{"start":{"line":21,"column":6},"end":{"line":21,"column":25}},"11":{"start":{"line":23,"column":4},"end":{"line":23,"column":16}},"12":{"start":{"line":26,"column":24},"end":{"line":32,"column":19}},"13":{"start":{"line":27,"column":4},"end":{"line":27,"column":29}},"14":{"start":{"line":27,"column":22},"end":{"line":27,"column":29}},"15":{"start":{"line":28,"column":4},"end":{"line":31,"column":7}},"16":{"start":{"line":34,"column":20},"end":{"line":73,"column":38}},"17":{"start":{"line":35,"column":4},"end":{"line":65,"column":5}},"18":{"start":{"line":36,"column":6},"end":{"line":36,"column":23}},"19":{"start":{"line":37,"column":6},"end":{"line":37,"column":21}},"20":{"start":{"line":40,"column":23},"end":{"line":40,"column":58}},"21":{"start":{"line":41,"column":25},"end":{"line":41,"column":48}},"22":{"start":{"line":43,"column":6},"end":{"line":47,"column":7}},"23":{"start":{"line":44,"column":8},"end":{"line":44,"column":28}},"24":{"start":{"line":45,"column":8},"end":{"line":45,"column":26}},"25":{"start":{"line":46,"column":8},"end":{"line":46,"column":15}},"26":{"start":{"line":49,"column":23},"end":{"line":56,"column":8}},"27":{"start":{"line":58,"column":21},"end":{"line":58,"column":34}},"28":{"start":{"line":59,"column":6},"end":{"line":59,"column":22}},"29":{"start":{"line":60,"column":6},"end":{"line":60,"column":38}},"30":{"start":{"line":62,"column":6},"end":{"line":62,"column":28}},"31":{"start":{"line":64,"column":6},"end":{"line":64,"column":24}},"32":{"start":{"line":67,"column":4},"end":{"line":72,"column":5}},"33":{"start":{"line":68,"column":6},"end":{"line":68,"column":37}},"34":{"start":{"line":71,"column":6},"end":{"line":71,"column":34}},"35":{"start":{"line":75,"column":2},"end":{"line":77,"column":18}},"36":{"start":{"line":76,"column":4},"end":{"line":76,"column":16}},"37":{"start":{"line":79,"column":18},"end":{"line":81,"column":17}},"38":{"start":{"line":80,"column":4},"end":{"line":80,"column":16}},"39":{"start":{"line":83,"column":21},"end":{"line":85,"column":8}},"40":{"start":{"line":84,"column":4},"end":{"line":84,"column":29}},"41":{"start":{"line":87,"column":2},"end":{"line":93,"column":4}},"42":{"start":{"line":101,"column":30},"end":{"line":137,"column":1}},"43":{"start":{"line":102,"column":32},"end":{"line":102,"column":47}},"44":{"start":{"line":103,"column":28},"end":{"line":103,"column":42}},"45":{"start":{"line":105,"column":17},"end":{"line":130,"column":27}},"46":{"start":{"line":106,"column":4},"end":{"line":129,"column":5}},"47":{"start":{"line":107,"column":6},"end":{"line":107,"column":23}},"48":{"start":{"line":108,"column":6},"end":{"line":108,"column":21}},"49":{"start":{"line":110,"column":23},"end":{"line":120,"column":8}},"50":{"start":{"line":122,"column":21},"end":{"line":122,"column":34}},"51":{"start":{"line":123,"column":6},"end":{"line":123,"column":20}},"52":{"start":{"line":125,"column":6},"end":{"line":125,"column":28}},"53":{"start":{"line":126,"column":6},"end":{"line":126,"column":16}},"54":{"start":{"line":128,"column":6},"end":{"line":128,"column":24}},"55":{"start":{"line":132,"column":2},"end":{"line":136,"column":4}}},"fnMap":{"0":{"name":"(anonymous_0)","decl":{"start":{"line":11,"column":22},"end":{"line":11,"column":23}},"loc":{"start":{"line":11,"column":88},"end":{"line":94,"column":1}},"line":11},"1":{"name":"(anonymous_1)","decl":{"start":{"line":17,"column":36},"end":{"line":17,"column":37}},"loc":{"start":{"line":17,"column":45},"end":{"line":24,"column":3}},"line":17},"2":{"name":"(anonymous_2)","decl":{"start":{"line":26,"column":36},"end":{"line":26,"column":37}},"loc":{"start":{"line":26,"column":51},"end":{"line":32,"column":3}},"line":26},"3":{"name":"(anonymous_3)","decl":{"start":{"line":34,"column":32},"end":{"line":34,"column":33}},"loc":{"start":{"line":34,"column":44},"end":{"line":66,"column":3}},"line":34},"4":{"name":"(anonymous_4)","decl":{"start":{"line":66,"column":1
[...]
lumn":21},"end":{"line":70,"column":35}},"51":{"start":{"line":71,"column":24},"end":{"line":71,"column":61}},"52":{"start":{"line":73,"column":2},"end":{"line":73,"column":44}},"53":{"start":{"line":73,"column":26},"end":{"line":73,"column":44}},"54":{"start":{"line":74,"column":2},"end":{"line":74,"column":83}},"55":{"start":{"line":74,"column":28},"end":{"line":74,"column":83}},"56":{"start":{"line":75,"column":2},"end":{"line":75,"column":84}},"57":{"start":{"line":75,"column":29},"end":{"line":75,"column":84}},"58":{"start":{"line":76,"column":2},"end":{"line":76,"column":86}},"59":{"start":{"line":76,"column":31},"end":{"line":76,"column":86}},"60":{"start":{"line":77,"column":2},"end":{"line":77,"column":91}},"61":{"start":{"line":77,"column":32},"end":{"line":77,"column":91}},"62":{"start":{"line":78,"column":2},"end":{"line":78,"column":61}}},"fnMap":{"0":{"name":"(anonymous_0)","decl":{"start":{"line":2,"column":26},"end":{"line":2,"column":27}},"loc":{"start":{"line":2,"column":36},"end":{"line":10,"column":1}},"line":2},"1":{"name":"(anonymous_1)","decl":{"start":{"line":12,"column":30},"end":{"line":12,"column":31}},"loc":{"start":{"line":12,"column":40},"end":{"line":22,"column":1}},"line":12},"2":{"name":"(anonymous_2)","decl":{"start":{"line":24,"column":28},"end":{"line":24,"column":29}},"loc":{"start":{"line":24,"column":38},"end":{"line":27,"column":1}},"line":24},"3":{"name":"(anonymous_3)","decl":{"start":{"line":29,"column":27},"end":{"line":29,"column":28}},"loc":{"start":{"line":29,"column":37},"end":{"line":34,"column":1}},"line":29},"4":{"name":"(anonymous_4)","decl":{"start":{"line":36,"column":23},"end":{"line":36,"column":24}},"loc":{"start":{"line":36,"column":39},"end":{"line":40,"column":1}},"line":36},"5":{"name":"(anonymous_5)","decl":{"start":{"line":42,"column":31},"end":{"line":42,"column":32}},"loc":{"start":{"line":42,"column":44},"end":{"line":49,"column":1}},"line":42},"6":{"name":"(anonymous_6)","decl":{"start":{"line":51,"column":34},"end":{"line":51,"column":35}},"loc":{"start":{"line":51,"column":44},"end":{"line":60,"column":1}},"line":51},"7":{"name":"(anonymous_7)","decl":{"start":{"line":62,"column":25},"end":{"line":62,"column":26}},"loc":{"start":{"line":62,"column":38},"end":{"line":65,"column":1}},"line":62},"8":{"name":"(anonymous_8)","decl":{"start":{"line":67,"column":31},"end":{"line":67,"column":32}},"loc":{"start":{"line":67,"column":41},"end":{"line":79,"column":1}},"line":67}},"branchMap":{"0":{"loc":{"start":{"line":3,"column":2},"end":{"line":3,"column":23}},"type":"if","locations":[{"start":{"line":3,"column":2},"end":{"line":3,"column":23}},{"start":{},"end":{}}],"line":3},"1":{"loc":{"start":{"line":13,"column":2},"end":{"line":13,"column":23}},"type":"if","locations":[{"start":{"line":13,"column":2},"end":{"line":13,"column":23}},{"start":{},"end":{}}],"line":13},"2":{"loc":{"start":{"line":25,"column":2},"end":{"line":25,"column":26}},"type":"if","locations":[{"start":{"line":25,"column":2},"end":{"line":25,"column":26}},{"start":{},"end":{}}],"line":25},"3":{"loc":{"start":{"line":30,"column":2},"end":{"line":30,"column":26}},"type":"if","locations":[{"start":{"line":30,"column":2},"end":{"line":30,"column":26}},{"start":{},"end":{}}],"line":30},"4":{"loc":{"start":{"line":43,"column":2},"end":{"line":43,"column":28}},"type":"if","locations":[{"start":{"line":43,"column":2},"end":{"line":43,"column":28}},{"start":{},"end":{}}],"line":43},"5":{"loc":{"start":{"line":52,"column":2},"end":{"line":52,"column":23}},"type":"if","locations":[{"start":{"line":52,"column":2},"end":{"line":52,"column":23}},{"start":{},"end":{}}],"line":52},"6":{"loc":{"start":{"line":63,"column":2},"end":{"line":63,"column":29}},"type":"if","locations":[{"start":{"line":63,"column":2},"end":{"line":63,"column":29}},{"start":{},"end":{}}],"line":63},"7":{"loc":{"start":{"line":68,"column":2},"end":{"line":68,"column":23}},"type":"if","locations":[{"start":{"line":68,"column":2},"end":{"line":68,"column":23}},{"start":{},"end":{}}],"line":68},"8":{"loc":{"start":{"line":73,"column":2},"end":{"line":73,"column":44}},"type":"if","locations":[{"start":{"line":73,"column":2},"end":{"line":73,"column":44}},{"start":{},"end":{}}],"line":73},"9":{"loc":{"start":{"line":74,"column":2},"end":{"line":74,"column":83}},"type":"if","locations":[{"start":{"line":74,"column":2},"end":{"line":74,"column":83}},{"start":{},"end":{}}],"line":74},"10":{"loc":{"start":{"line":75,"column":2},"end":{"line":75,"column":84}},"type":"if","locations":[{"start":{"line":75,"column":2},"end":{"line":75,"column":84}},{"start":{},"end":{}}],"line":75},"11":{"loc":{"start":{"line":76,"column":2},"end":{"line":76,"column":86}},"type":"if","locations":[{"start":{"line":76,"column":2},"end":{"line":76,"column":86}},{"start":{},"end":{}}],"line":76},"12":{"loc":{"start":{"line":77,"column":2},"end":{"line":77,"column":91}},"type":"if","locations":[{"start":{"line":77,"column":2},"end":{"line":77,"column":91}},{"start":{},"end":{}}],"line":77}},"s":{"0":1,"1":5,"2":3,"3":2,"4":2,"5":1,"6":4,"7":3,"8":1,"9":1,"10":1,"11":5,"12":3,"13":2,"14":1,"15":6,"16":3,"17":3,"18":3,"19":3,"20":1,"21":3,"22":3,"23":3,"24":1,"25":6,"26":3,"27":3,"28":3,"29":3,"30":3,"31":3,"32":1,"33":0,"34":0,"35":0,"36":0,"37":0,"38":0,"39":0,"40":0,"41":0,"42":1,"43":0,"44":0,"45":0,"46":1,"47":0,"48":0,"49":0,"50":0,"51":0,"52":0,"53":0,"54":0,"55":0,"56":0,"57":0,"58":0,"59":0,"60":0,"61":0,"62":0},"f":{"0":5,"1":4,"2":5,"3":6,"4":3,"5":6,"6":0,"7":0,"8":0},"b":{"0":[3,2],"1":[3,1],"2":[3,2],"3":[3,3],"4":[3,3],"5":[0,0],"6":[0,0],"7":[0,0],"8":[0,0],"9":[0,0],"10":[0,0],"11":[0,0],"12":[0,0]},"_coverageSchema":"1a1c01bbd47fc00a2c39e90264f33305004495a9","hash":"f97d53a17dfd097fba60b657759c7cc57180e9bd"}
,"C:\\Projects\\learning\\nodejs\\Task Management System\\frontend\\microfrontends\\task-app\\src\\utils\\validationUtils.js": {"path":"C:\\Projects\\learning\\nodejs\\Task Management System\\frontend\\microfrontends\\task-app\\src\\utils\\validationUtils.js","statementMap":{"0":{"start":{"line":2,"column":32},"end":{"line":69,"column":1}},"1":{"start":{"line":3,"column":17},"end":{"line":3,"column":19}},"2":{"start":{"line":4,"column":16},"end":{"line":4,"column":20}},"3":{"start":{"line":7,"column":2},"end":{"line":13,"column":3}},"4":{"start":{"line":8,"column":4},"end":{"line":8,"column":39}},"5":{"start":{"line":9,"column":4},"end":{"line":9,"column":20}},"6":{"start":{"line":10,"column":9},"end":{"line":13,"column":3}},"7":{"start":{"line":11,"column":4},"end":{"line":11,"column":60}},"8":{"start":{"line":12,"column":4},"end":{"line":12,"column":20}},"9":{"start":{"line":16,"column":2},"end":{"line":22,"column":3}},"10":{"start":{"line":17,"column":4},"end":{"line":17,"column":51}},"11":{"start":{"line":18,"column":4},"end":{"line":18,"column":20}},"12":{"start":{"line":19,"column":9},"end":{"line":22,"column":3}},"13":{"start":{"line":20,"column":4},"end":{"line":20,"column":72}},"14":{"start":{"line":21,"column":4},"end":{"line":21,"column":20}},"15":{"start":{"line":25,"column":26},"end":{"line":25,"column":61}},"16":{"start":{"line":26,"column":2},"end":{"line":29,"column":3}},"17":{"start":{"line":27,"column":4},"end":{"line":27,"column":75}},"18":{"start":{"line":28,"column":4},"end":{"line":28,"column":20}},"19":{"start":{"line":32,"column":24},"end":{"line":32,"column":76}},"20":{"start":{"line":33,"column":2},"end":{"line":36,"column":3}},"21":{"start":{"line":34,"column":4},"end":{"line":34,"column":88}},"22":{"start":{"line":35,"column":4},"end":{"line":35,"column":20}},"23":{"start":{"line":39,"column":2},"end":{"line":45,"column":3}},"24":{"start":{"line":40,"column":23},"end":{"line":40,"column":51}},"25":{"start":{"line":41,"column":4},"end":{"line":44,"column":5}},"26":{"start":{"line":42,"column":6},"end":{"line":42,"column":70}},"27":{"start":{"line":43,"column":6},"end":{"line":43,"column":22}},"28":{"start":{"line":48,"column":2},"end":{"line":54,"column":3}},"29":{"start":{"line":49,"column":17},"end":{"line":49,"column":43}},"30":{"start":{"line":50,"column":4},"end":{"line":53,"column":5}},"31":{"start":{"line":51,"column":6},"end":{"line":51,"column":55}},"32":{"start":{"line":52,"column":6},"end":{"line":52,"column":22}},"33":{"start":{"line":57,"column":2},"end":{"line":63,"column":3}},"34":{"start":{"line":58,"column":17},"end":{"line":58,"column":64}},"35":{"start":{"line":58,"column":53},"end":{"line":58,"column":63}},"36":{"start":{"line":59,"column":4},"end":{"line":62,"column":5}},"37":{"start":{"line":59,"column":25},"end":{"line":59,"column":41}},"38":{"start":{"line":60,"column":6},"end":{"line":60,"column":55}},"39":{"start":{"line":61,"column":6},"end":{"line":61,"column":22}},"40":{"start":{"line":65,"column":2},"end":{"line":68,"column":4}},"41":{"start":{"line":71,"column":32},"end":{"line":123,"column":1}},"42":{"start":{"line":72,"column":17},"end":{"line":72,"column":19}},"43":{"start":{"line":73,"column":16},"end":{"line":73,"column":20}},"44":{"start":{"line":76,"column":2},"end":{"line":82,"column":3}},"45":{"start":{"line":77,"column":4},"end":{"line":77,"column":45}},"46":{"start":{"line":78,"column":4},"end":{"line":78,"column":20}},"47":{"start":{"line":79,"column":9},"end":{"line":82,"column":3}},"48":{"start":{"line":80,"column":4},"end":{"line":80,"column":63}},"49":{"start":{"line":81,"column":4},"end":{"line":81,"column":20}},"50":{"start":{"line":85,"column":2},"end":{"line":94,"column":3}},"51":{"start":{"line":86,"column":4},"end":{"line":86,"column":39}},"52":{"start":{"line":87,"column":4},"end":{"line":87,"column":20}},"53":{"start":{"line":89,"column":23},"end":{"line":89,"column":51}},"54":{"start":{"line":90,"column":4},"end":{"line":93,"column":5}},"55":{"start":{"line":91,"column":6},"end":{"line":91,"column":59}},"56":{"start":{"line":92,"column":6},"end":{"line":92,"column":22}},"57":{"start":{"line":97,"column":2},"end":{"line":105,"column":3}},"58":{"start":{"line":98,"column":4},"end":{"line":104,"column":5}},"59":{"start":{"line":99,"column":6},"end":{"line":99,"column":47}},"60":{"start":{"line":100,"column":6},"end":{"line":100,"column":22}},"61":{"start":{"line":101,"column":11},"end":{"line":104,"column":5}},"62":{"start":{"line":102,"column":6},"end":{"line":102,"column":65}},"63":{"start":{"line":103,"column":6},"end":{"line":103,"column":22}},"64":{"start":{"line":108,"column":2},"end":{"line":111,"column":3}},"65":{"start":{"line":109,"column":4},"end":{"line":109,"column":48}},"66":{"start":{"line":110,"column":4},"end":{"line":110,"column":20}},"67":{"start":{"line":114,"column":2},"end":{"line":117,"column":3}},"68":{"start":{"line":115,"column":4},"end":{"line":115,"column":46}},"69":{"start":{"line":116,"column":4},"end":{"line":116,"column":20}},"70":{"start":{"line":119,"column":2},"end":{"line":122,"column":4}}},"fnMap":{"0":{"name":"(anonymous_0)","decl":{"start":{"line":2,"column":32},"end":{"line":2,"column":33}},"loc":{"start":{"line":2,"column":46},"end":{"line":69,"column":1}},"line":2},"1":{"name":"(anonymous_1)","decl":{"start":{"line":58,"column":46},"end":{"line":58,"column":47}},"loc":{"start":{"line":58,"column":53},"end":{"line":58,"column":63}},"line":58},"2":{"name":"(anonymous_2)","decl":{"start":{"line":59,"column":18},"end":{"line":59,"column":19}},"loc":{"start":{"line":59,"column":25},"end":{"line":59,"column":41}},"line":59},"3":{"name":"(anonymous_3)","decl":{"start":{"line":71,"column":32},"end":{"line":71,"column":33}},"loc":{"start":{"line":71,"column":46},"end":{"line":123,"column":1}},"line":71}},"branchMap":{"0":{"loc":{"start":{"line":7,"column":2},"end":{"line":13,"column":3}},"type":"if","locations":[{"start":{"line":7,"column":2},"end":{"line":13,"column":3}},{"start":{"line":10,"column":9},"end":{"line":13,"column":3}}],"line":7},"1":{"loc":{"start":{"line":7,"column":6},"end":{"line":7,"column":53}},"type":"binary-expr","locations":[{"start":{"line":7,"column":6},"end":{"line":7,"column":21}},{"start":{"line":7,"column":25},"end":{"line":7,"column":53}}],"line":7},"2":{"loc":{"start":{"line":10,"column":9},"end":{"line":13,"column":3}},"type":"if","locations":[{"start":{"line":10,"column":9},"end":{"line":13,"column":3}},{"start":{},"end":{}}],"line":10},"3":{"loc":{"start":{"line":16,"column":2},"end":{"line":22,"column":3}},"type":"if","locations":[{"start":{"line":16,"column":2},"end":{"line":22,"column":3}},{"start":{"line":19,"column":9},"end":{"line":22,"column":3}}],"line":16},"4":{"loc":{"start":{"line":16,"column":6},"end":{"line":16,"column":65}},"type":"binary-expr","locations":[{"start":{"line":16,"column":6},"end":{"line":16,"column":27}},{"start":{"line":16,"column":31},"end":{"line":16,"column":65}}],"line":16},"5":{"loc":{"start":{"line":19,"column":9},"end":{"line":22,"column":3}},"type":"if","locations":[{"start":{"line":19,"column":9},"end":{"line":22,"column":3}},{"start":{},"end":{}}],"line":19},"6":{"loc":{"start":{"line":26,"column":2},"end":{"line":29,"column":3}},"type":"if","locations":[{"start":{"line":26,"column":2},"end":{"line":29,"column":3}},{"start":{},"end":{}}],"line":26},"7":{"loc":{"start":{"line":26,"column":6},"end":{"line":26,"column":72}},"type":"binary-expr","locations":[{"start":{"line":26,"column":6},"end":{"line":26,"column":24}},{"start":{"line":26,"column":28},"end":{"line":26,"column":72}}],"line":26},"8":{"loc":{"start":{"line":33,"column":2},"end":{"line":36,"column":3}},"type":"if","locations":[{"start":{"line":33,"column":2},"end":{"line":36,"column":3}},{"start":{},"end":{}}],"line":33},"9":{"loc":{"start":{"line":33,"column":6},"end":{"line":33,"column":66}},"type":"binary-expr","locations":[{"start":{"line":33,"column":6},"end":{"line":33,"column":22}},{"start":{"line":33,"column":26},"end":{"line":33,"column":66}}],"line":33},"10":{"loc":{"start":{"line":39,"column":2},"end":{"line":45,"column":3}},"type":"if","locations":[{"start":{"line":39,"column":2},"end":{"line":45,"column":3}},{"start":{},"end":{}}],"line":39},"11":{"loc":{"start":{"line":39,"column":6},"end":{"line":39,"column":62}},"type":"binary-expr","locations":[{"start":{"line":39,"column":6},"end":{"line":39,"column":25}},{"start":{"line":39,"column":29},"end":{"line":39,"column":62}}],"line":39},"12":{"loc":{"start":{"line":41,"column":4},"end":{"line":44,"column":5}},"type":"if","locations":[{"start":{"line":41,"column":4},"end":{"line":44,"column":5}},{"start":{},"end":{}}],"line":41},"13":{"loc":{"start":{"line":48,"column":2},"end":{"line":54,"column":3}},"type":"if","locations":[{"start":{"line":48,"column":2},"end":{"line":54,"column":3}},{"start":{},"end":{}}],"line":48},"14":{"loc":{"start":{"line":48,"column":6},"end":{"line":48,"column":56}},"type":"binary-expr","locations":[{"start":{"line":48,"column":6},"end":{"line":48,"column":22}},{"start":{"line":48,"column":26},"end":{"line":48,"column":56}}],"line":48},"15":{"loc":{"start":{"line":50,"column":4},"end":{"line":53,"column":5}},"type":"if","locations":[{"start":{"line":50,"column":4},"end":{"line":53,"column":5}},{"start":{},"end":{}}],"line":50},"16":{"loc":{"start":{"line":57,"column":2},"end":{"line":63,"column":3}},"type":"if","locations":[{"start":{"line":57,"column":2},"end":{"line":63,"column":3}},{"start":{},"end":{}}],"line":57},"17":{"loc":{"start":{"line":57,"column":6},"end":{"line":57,"column":50}},"type":"binary-expr","locations":[{"start":{"line":57,"column":6},"end":{"line":57,"column":19}},{"start":{"line":57,"column":23},"end":{"line":57,"column":50}}],"line":57},"18":{"loc":{"start":{"line":59,"column":4},"end":{"line":62,"column":5}},"type":"if","locations":[{"start":{"line":59,"column":4},"end":{"line":62,"column":5}},{"start":{},"end":{}}],"line":59},"19":{"loc":{"start":{"line":76,"column":2},"end":{"line":82,"column":3}},"type":"if","locations":[{"start":{"line":76,"column":2},"end":{"line":82,"column":3}},{"start":{"line":79,"column":9},"end":{"line":82,"column":3}}],"line":76},"20":{"loc":{"start":{"line":76,"column":6},"end":{"line":76,"column":59}},"type":"binary-expr","locations":[{"start":{"line":76,"column":6},"end":{"line":76,"column":24}},{"start":{"line":76,"column":28},"end":{"line":76,"column":59}}],"line":76},"21":{"loc":{"start":{"line":79,"column":9},"end":{"line":82,"column":3}},"type":"if","locations":[{"start":{"line":79,"column":9},"end":{"line":82,"column":3}},{"start":{},"end":{}}],"line":79},"22":{"loc":{"start":{"line":85,"column":2},"end":{"line":94,"column":3}},"type":"if","locations":[{"start":{"line":85,"column":2},"end":{"line":94,"column":3}},{"start":{"line":88,"column":9},"end":{"line":94,"column":3}}],"line":85},"23":{"loc":{"start":{"line":85,"column":6},"end":{"line":85,"column":53}},"type":"binary-expr","locations":[{"start":{"line":85,"column":6},"end":{"line":85,"column":21}},{"start":{"line":85,"column":25},"end":{"line":85,"column":53}}],"line":85},"24":{"loc":{"start":{"line":90,"column":4},"end":{"line":93,"column":5}},"type":"if","locations":[{"start":{"line":90,"column":4},"end":{"line":93,"column":5}},{"start":{},"end":{}}],"line":90},"25":{"loc":{"start":{"line":97,"column":2},"end":{"line":105,"column":3}},"type":"if","locations":[{"start":{"line":97,"column":2},"end":{"line":105,"column":3}},{"start":{},"end":{}}],"line":97},"26":{"loc":{"start":{"line":98,"column":4},"end":{"line":104,"column":5}},"type":"if","locations":[{"start":{"line":98,"column":4},"end":{"line":104,"column":5}},{"start":{"line":101,"column":11},"end":{"line":104,"column":5}}],"line":98},"27":{"loc":{"start":{"line":98,"column":8},"end":{"line":98,"column":61}},"type":"binary-expr","locations":[{"start":{"line":98,"column":8},"end":{"line":98,"column":26}},{"start":{"line":98,"column":30},"end":{"line":98,"column":61}}],"line":98},"28":{"loc":{"start":{"line":101,"column":11},"end":{"line":104,"column":5}},"type":"if","locations":[{"start":{"line":101,"column":11},"end":{"line":104,"column":5}},{"start":{},"end":{}}],"line":101},"29":{"loc":{"start":{"line":108,"column":2},"end":{"line":111,"column":3}},"type":"if","locations":[{"start":{"line":108,"column":2},"end":{"line":111,"column":3}},{"start":{},"end":{}}],"line":108},"30":{"loc":{"start":{"line":108,"column":6},"end":{"line":108,"column":61}},"type":"binary-expr","locations":[{"start":{"line":108,"column":6},"end":{"line":108,"column":25}},{"start":{"line":108,"column":29},"end":{"line":108,"column":61}}],"line":108},"31":{"loc":{"start":{"line":114,"column":2},"end":{"line":117,"column":3}},"type":"if","locations":[{"start":{"line":114,"column":2},"end":{"line":117,"column":3}},{"start":{},"end":{}}],"line":114},"32":{"loc":{"start":{"line":114,"column":6},"end":{"line":114,"column":59}},"type":"binary-expr","locations":[{"start":{"line":114,"column":6},"end":{"line":114,"column":24}},{"start":{"line":114,"column":28},"end":{"line":114,"column":59}}],"line":114}},"s":{"0":1,"1":47,"2":47,"3":47,"4":5,"5":5,"6":42,"7":1,"8":1,"9":47,"10":5,"11":5,"12":42,"13":1,"14":1,"15":47,"16":47,"17":3,"18":3,"19":47,"20":47,"21":3,"22":3,"23":47,"24":22,"25":22,"26":2,"27":2,"28":47,"29":32,"30":32,"31":7,"32":7,"33":47,"34":32,"35":73,"36":32,"37":65,"38":7,"39":7,"40":47,"41":1,"42":28,"43":28,"44":28,"45":5,"46":5,"47":23,"48":1,"49":1,"50":28,"51":5,"52":5,"53":23,"54":23,"55":7,"56":7,"57":28,"58":25,"59":3,"60":3,"61":22,"62":2,"63":2,"64":28,"65":5,"66":5,"67":28,"68":5,"69":5,"70":28},"f":{"0":47,"1":73,"2":65,"3":28},"b":{"0":[5,42],"1":[47,43],"2":[1,41],"3":[5,42],"4":[47,43],"5":[1,41],"6":[3,44],"7":[47,46],"8":[3,44],"9":[47,46],"10":[22,25],"11":[47,22],"12":[2,20],"13":[32,15],"14":[47,32],"15":[7,25],"16":[32,15],"17":[47,32],"18":[7,25],"19":[5,23],"20":[28,24],"21":[1,22],"22":[5,23],"23":[28,24],"24":[7,16],"25":[25,3],"26":[3,22],"27":[25,23],"28":[2,20],"29":[5,23],"30":[28,24],"31":[5,23],"32":[28,24]},"_coverageSchema":"1a1c01bbd47fc00a2c39e90264f33305004495a9","hash":"06cc390993a13cba35c920408478dc23482386eb"}
}
