TN:
SF:src\TaskManagement.jsx
FN:11,(anonymous_0)
FN:14,(anonymous_1)
FN:18,(anonymous_2)
FN:20,(anonymous_3)
FN:28,(anonymous_4)
FNF:5
FNH:0
FNDA:0,(anonymous_0)
FNDA:0,(anonymous_1)
FNDA:0,(anonymous_2)
FNDA:0,(anonymous_3)
FNDA:0,(anonymous_4)
DA:11,0
DA:12,0
DA:15,0
DA:19,0
DA:21,0
DA:28,0
DA:62,0
DA:64,0
DA:65,0
DA:80,0
LF:10
LH:0
BRDA:11,0,0,0
BRDA:11,1,0,0
BRDA:64,2,0,0
BRDA:64,2,1,0
BRDA:99,3,0,0
BRDA:99,3,1,0
BRDA:100,4,0,0
BRDA:100,4,1,0
BRDA:110,5,0,0
BRDA:110,5,1,0
BRDA:118,6,0,0
BRDA:118,6,1,0
BRDA:119,7,0,0
BRDA:119,7,1,0
BRF:14
BRH:0
end_of_record
TN:
SF:src\TaskManagementRedux.jsx
FN:9,(anonymous_0)
FN:12,(anonymous_1)
FN:16,(anonymous_2)
FN:18,(anonymous_3)
FN:26,(anonymous_4)
FN:58,(anonymous_5)
FN:58,(anonymous_6)
FN:59,(anonymous_7)
FN:59,(anonymous_8)
FN:60,(anonymous_9)
FN:62,(anonymous_10)
FN:62,(anonymous_11)
FN:63,(anonymous_12)
FN:79,(anonymous_13)
FN:85,(anonymous_14)
FN:129,(anonymous_15)
FN:140,(anonymous_16)
FN:145,(anonymous_17)
FN:150,(anonymous_18)
FN:166,(anonymous_19)
FN:174,(anonymous_20)
FN:178,(anonymous_21)
FN:182,(anonymous_22)
FN:232,(anonymous_23)
FN:244,(anonymous_24)
FN:278,(anonymous_25)
FNF:26
FNH:0
FNDA:0,(anonymous_0)
FNDA:0,(anonymous_1)
FNDA:0,(anonymous_2)
FNDA:0,(anonymous_3)
FNDA:0,(anonymous_4)
FNDA:0,(anonymous_5)
FNDA:0,(anonymous_6)
FNDA:0,(anonymous_7)
FNDA:0,(anonymous_8)
FNDA:0,(anonymous_9)
FNDA:0,(anonymous_10)
FNDA:0,(anonymous_11)
FNDA:0,(anonymous_12)
FNDA:0,(anonymous_13)
FNDA:0,(anonymous_14)
FNDA:0,(anonymous_15)
FNDA:0,(anonymous_16)
FNDA:0,(anonymous_17)
FNDA:0,(anonymous_18)
FNDA:0,(anonymous_19)
FNDA:0,(anonymous_20)
FNDA:0,(anonymous_21)
FNDA:0,(anonymous_22)
FNDA:0,(anonymous_23)
FNDA:0,(anonymous_24)
FNDA:0,(anonymous_25)
DA:9,0
DA:10,0
DA:13,0
DA:17,0
DA:19,0
DA:26,0
DA:32,0
DA:33,0
DA:34,0
DA:35,0
DA:36,0
DA:39,0
DA:40,0
DA:41,0
DA:43,0
DA:45,0
DA:47,0
DA:48,0
DA:49,0
DA:51,0
DA:58,0
DA:59,0
DA:60,0
DA:62,0
DA:63,0
DA:67,0
DA:68,0
DA:72,0
DA:73,0
DA:74,0
DA:75,0
DA:76,0
DA:79,0
DA:80,0
DA:81,0
DA:85,0
DA:86,0
DA:119,0
DA:120,0
DA:122,0
DA:123,0
DA:129,0
DA:130,0
DA:134,0
DA:135,0
DA:137,0
DA:140,0
DA:141,0
DA:142,0
DA:145,0
DA:146,0
DA:147,0
DA:150,0
DA:151,0
DA:153,0
DA:154,0
DA:158,0
DA:159,0
DA:162,0
DA:163,0
DA:166,0
DA:167,0
DA:168,0
DA:169,0
DA:174,0
DA:175,0
DA:178,0
DA:179,0
DA:182,0
DA:183,0
DA:186,0
DA:187,0
DA:196,0
DA:197,0
DA:207,0
DA:232,0
DA:244,0
DA:279,0
DA:280,0
LF:79
LH:0
BRDA:9,0,0,0
BRDA:9,1,0,0
BRDA:60,2,0,0
BRDA:60,2,1,0
BRDA:80,3,0,0
BRDA:80,3,1,0
BRDA:119,4,0,0
BRDA:119,4,1,0
BRDA:122,5,0,0
BRDA:122,5,1,0
BRDA:129,6,0,0
BRDA:129,6,1,0
BRDA:130,7,0,0
BRDA:130,7,1,0
BRDA:130,7,2,0
BRDA:134,8,0,0
BRDA:134,8,1,0
BRDA:135,9,0,0
BRDA:135,9,1,0
BRDA:137,10,0,0
BRDA:137,10,1,0
BRDA:137,10,2,0
BRDA:151,11,0,0
BRDA:151,11,1,0
BRDA:153,12,0,0
BRDA:153,12,1,0
BRDA:158,13,0,0
BRDA:158,13,1,0
BRDA:167,14,0,0
BRDA:167,14,1,0
BRDA:168,15,0,0
BRDA:168,15,1,0
BRDA:186,16,0,0
BRDA:186,16,1,0
BRDA:196,17,0,0
BRDA:196,17,1,0
BRDA:212,18,0,0
BRDA:212,18,1,0
BRDA:254,19,0,0
BRDA:254,19,1,0
BRDA:258,20,0,0
BRDA:258,20,1,0
BRDA:258,21,0,0
BRDA:258,21,1,0
BRDA:258,21,2,0
BRDA:274,22,0,0
BRDA:274,22,1,0
BRF:47
BRH:0
end_of_record
TN:
SF:src\bootstrap.jsx
FNF:0
FNH:0
DA:6,0
DA:7,0
DA:8,0
LF:3
LH:0
BRDA:6,0,0,0
BRDA:6,0,1,0
BRF:2
BRH:0
end_of_record
TN:
SF:src\index.jsx
FNF:0
FNH:0
DA:1,0
LF:1
LH:0
BRF:0
BRH:0
end_of_record
TN:
SF:src\test-utils.js
FN:13,(anonymous_0)
FN:25,(anonymous_1)
FN:35,(anonymous_2)
FN:38,(anonymous_3)
FN:44,(anonymous_4)
FN:58,(anonymous_5)
FN:68,(anonymous_6)
FN:69,(anonymous_7)
FN:78,(anonymous_8)
FN:81,(anonymous_9)
FN:82,(anonymous_10)
FN:86,(anonymous_11)
FN:91,(anonymous_12)
FN:96,(anonymous_13)
FN:97,(anonymous_14)
FN:101,(anonymous_15)
FN:105,(anonymous_16)
FN:109,(anonymous_17)
FNF:18
FNH:0
FNDA:0,(anonymous_0)
FNDA:0,(anonymous_1)
FNDA:0,(anonymous_2)
FNDA:0,(anonymous_3)
FNDA:0,(anonymous_4)
FNDA:0,(anonymous_5)
FNDA:0,(anonymous_6)
FNDA:0,(anonymous_7)
FNDA:0,(anonymous_8)
FNDA:0,(anonymous_9)
FNDA:0,(anonymous_10)
FNDA:0,(anonymous_11)
FNDA:0,(anonymous_12)
FNDA:0,(anonymous_13)
FNDA:0,(anonymous_14)
FNDA:0,(anonymous_15)
FNDA:0,(anonymous_16)
FNDA:0,(anonymous_17)
DA:13,0
DA:14,0
DA:25,0
DA:26,0
DA:35,0
DA:36,0
DA:37,0
DA:38,0
DA:44,0
DA:58,0
DA:68,0
DA:69,0
DA:70,0
DA:78,0
DA:81,0
DA:82,0
DA:86,0
DA:87,0
DA:91,0
DA:92,0
DA:96,0
DA:97,0
DA:101,0
DA:102,0
DA:105,0
DA:106,0
DA:109,0
DA:110,0
LF:28
LH:0
BRDA:13,0,0,0
BRDA:25,1,0,0
BRDA:35,2,0,0
BRDA:44,3,0,0
BRDA:58,4,0,0
BRDA:68,5,0,0
BRDA:78,6,0,0
BRDA:79,7,0,0
BRDA:79,7,1,0
BRF:9
BRH:0
end_of_record
TN:
SF:src\components\ErrorBoundary.jsx
FN:4,(anonymous_0)
FN:9,(anonymous_1)
FN:13,(anonymous_2)
FN:22,(anonymous_3)
FN:30,(anonymous_4)
FNF:5
FNH:0
FNDA:0,(anonymous_0)
FNDA:0,(anonymous_1)
FNDA:0,(anonymous_2)
FNDA:0,(anonymous_3)
FNDA:0,(anonymous_4)
DA:5,0
DA:6,0
DA:10,0
DA:14,0
DA:15,0
DA:17,0
DA:18,0
DA:23,0
DA:24,0
DA:30,0
DA:38,0
LF:11
LH:0
BRDA:17,0,0,0
BRDA:17,0,1,0
BRDA:23,1,0,0
BRDA:23,1,1,0
BRF:4
BRH:0
end_of_record
TN:
SF:src\components\Pagination.jsx
FN:4,(anonymous_0)
FN:15,(anonymous_1)
FN:77,(anonymous_2)
FN:93,(anonymous_3)
FN:101,(anonymous_4)
FN:108,(anonymous_5)
FN:121,(anonymous_6)
FNF:7
FNH:0
FNDA:0,(anonymous_0)
FNDA:0,(anonymous_1)
FNDA:0,(anonymous_2)
FNDA:0,(anonymous_3)
FNDA:0,(anonymous_4)
FNDA:0,(anonymous_5)
FNDA:0,(anonymous_6)
DA:4,0
DA:15,0
DA:16,0
DA:17,0
DA:19,0
DA:21,0
DA:22,0
DA:26,0
DA:27,0
DA:29,0
DA:30,0
DA:31,0
DA:32,0
DA:36,0
DA:37,0
DA:40,0
DA:41,0
DA:42,0
DA:44,0
DA:48,0
DA:51,0
DA:52,0
DA:53,0
DA:55,0
DA:56,0
DA:65,0
DA:77,0
DA:93,0
DA:102,0
DA:108,0
DA:121,0
LF:31
LH:0
BRDA:19,0,0,0
BRDA:19,0,1,0
BRDA:29,1,0,0
BRDA:29,1,1,0
BRDA:31,2,0,0
BRDA:31,2,1,0
BRDA:40,3,0,0
BRDA:40,3,1,0
BRDA:41,4,0,0
BRDA:41,4,1,0
BRDA:55,5,0,0
BRDA:55,5,1,0
BRDA:90,6,0,0
BRDA:90,6,1,0
BRDA:102,7,0,0
BRDA:102,7,1,0
BRDA:102,8,0,0
BRDA:102,8,1,0
BRDA:103,9,0,0
BRDA:103,9,1,0
BRDA:110,10,0,0
BRDA:110,10,1,0
BRDA:118,11,0,0
BRDA:118,11,1,0
BRF:24
BRH:0
end_of_record
TN:
SF:src\components\TaskItem.jsx
FN:6,(anonymous_0)
FN:16,(anonymous_1)
FN:131,(anonymous_2)
FN:155,(anonymous_3)
FN:163,(anonymous_4)
FNF:5
FNH:0
FNDA:0,(anonymous_0)
FNDA:0,(anonymous_1)
FNDA:0,(anonymous_2)
FNDA:0,(anonymous_3)
FNDA:0,(anonymous_4)
DA:6,0
DA:9,0
DA:16,0
DA:18,0
DA:19,0
DA:53,0
DA:132,0
DA:133,0
DA:134,0
DA:135,0
DA:136,0
DA:155,0
DA:163,0
DA:175,0
LF:14
LH:0
BRDA:6,0,0,0
BRDA:6,1,0,0
BRDA:18,2,0,0
BRDA:18,2,1,0
BRDA:57,3,0,0
BRDA:57,3,1,0
BRDA:62,4,0,0
BRDA:62,4,1,0
BRDA:68,5,0,0
BRDA:68,5,1,0
BRDA:73,6,0,0
BRDA:73,6,1,0
BRDA:79,7,0,0
BRDA:79,7,1,0
BRDA:81,8,0,0
BRDA:81,8,1,0
BRDA:81,8,2,0
BRDA:86,9,0,0
BRDA:86,9,1,0
BRDA:88,10,0,0
BRDA:88,10,1,0
BRDA:88,10,2,0
BRDA:94,11,0,0
BRDA:94,11,1,0
BRDA:94,12,0,0
BRDA:94,12,1,0
BRDA:94,12,2,0
BRDA:98,13,0,0
BRDA:98,13,1,0
BRDA:98,14,0,0
BRDA:98,14,1,0
BRDA:98,15,0,0
BRDA:98,15,1,0
BRDA:98,16,0,0
BRDA:98,16,1,0
BRDA:103,17,0,0
BRDA:103,17,1,0
BRDA:103,18,0,0
BRDA:103,18,1,0
BRDA:103,19,0,0
BRDA:103,19,1,0
BRDA:103,20,0,0
BRDA:103,20,1,0
BRDA:107,21,0,0
BRDA:107,21,1,0
BRDA:107,22,0,0
BRDA:107,22,1,0
BRDA:112,23,0,0
BRDA:112,23,1,0
BRDA:112,24,0,0
BRDA:112,24,1,0
BRDA:119,25,0,0
BRDA:119,25,1,0
BRDA:121,26,0,0
BRDA:121,26,1,0
BRDA:121,27,0,0
BRDA:121,27,1,0
BRDA:127,28,0,0
BRDA:127,28,1,0
BRDA:127,28,2,0
BRDA:132,29,0,0
BRDA:132,29,1,0
BRDA:136,30,0,0
BRDA:136,30,1,0
BRDA:147,31,0,0
BRDA:147,31,1,0
BRDA:148,32,0,0
BRDA:148,32,1,0
BRF:68
BRH:0
end_of_record
TN:
SF:src\components\TaskModal.jsx
FN:5,(anonymous_0)
FN:84,(anonymous_1)
FN:103,(anonymous_2)
FNF:3
FNH:0
FNDA:0,(anonymous_0)
FNDA:0,(anonymous_1)
FNDA:0,(anonymous_2)
DA:5,0
DA:13,0
DA:16,0
DA:85,0
DA:104,0
DA:105,0
DA:106,0
DA:107,0
DA:108,0
DA:109,0
DA:110,0
DA:165,0
LF:12
LH:0
BRDA:13,0,0,0
BRDA:13,0,1,0
BRDA:23,1,0,0
BRDA:23,1,1,0
BRDA:101,2,0,0
BRDA:101,2,1,0
BRDA:122,3,0,0
BRDA:122,3,1,0
BRDA:155,4,0,0
BRDA:155,4,1,0
BRF:10
BRH:0
end_of_record
TN:
SF:src\components\TaskTable.jsx
FN:5,(anonymous_0)
FN:31,(anonymous_1)
FNF:2
FNH:0
FNDA:0,(anonymous_0)
FNDA:0,(anonymous_1)
DA:5,0
DA:6,0
DA:7,0
DA:15,0
DA:32,0
DA:45,0
LF:6
LH:0
BRDA:6,0,0,0
BRDA:6,0,1,0
BRDA:6,1,0,0
BRDA:6,1,1,0
BRDA:33,2,0,0
BRDA:33,2,1,0
BRF:6
BRH:0
end_of_record
TN:
SF:src\components\UserAutocomplete.jsx
FN:6,(anonymous_0)
FN:34,(anonymous_1)
FN:35,(anonymous_2)
FN:68,(anonymous_3)
FN:72,(anonymous_4)
FN:89,(anonymous_5)
FN:95,(anonymous_6)
FN:97,(anonymous_7)
FN:108,(anonymous_8)
FN:119,(anonymous_9)
FN:133,(anonymous_10)
FN:134,(anonymous_11)
FN:137,(anonymous_12)
FN:158,(anonymous_13)
FN:166,(anonymous_14)
FN:170,(anonymous_15)
FN:172,(anonymous_16)
FN:179,(anonymous_17)
FN:186,(anonymous_18)
FN:229,(anonymous_19)
FN:233,(anonymous_20)
FN:238,(anonymous_21)
FN:243,(anonymous_22)
FNF:23
FNH:0
FNDA:0,(anonymous_0)
FNDA:0,(anonymous_1)
FNDA:0,(anonymous_2)
FNDA:0,(anonymous_3)
FNDA:0,(anonymous_4)
FNDA:0,(anonymous_5)
FNDA:0,(anonymous_6)
FNDA:0,(anonymous_7)
FNDA:0,(anonymous_8)
FNDA:0,(anonymous_9)
FNDA:0,(anonymous_10)
FNDA:0,(anonymous_11)
FNDA:0,(anonymous_12)
FNDA:0,(anonymous_13)
FNDA:0,(anonymous_14)
FNDA:0,(anonymous_15)
FNDA:0,(anonymous_16)
FNDA:0,(anonymous_17)
FNDA:0,(anonymous_18)
FNDA:0,(anonymous_19)
FNDA:0,(anonymous_20)
FNDA:0,(anonymous_21)
FNDA:0,(anonymous_22)
DA:6,0
DA:14,0
DA:15,0
DA:18,0
DA:19,0
DA:20,0
DA:21,0
DA:22,0
DA:23,0
DA:24,0
DA:25,0
DA:26,0
DA:27,0
DA:28,0
DA:31,0
DA:34,0
DA:35,0
DA:37,0
DA:38,0
DA:42,0
DA:43,0
DA:44,0
DA:47,0
DA:49,0
DA:50,0
DA:52,0
DA:53,0
DA:54,0
DA:55,0
DA:57,0
DA:58,0
DA:59,0
DA:60,0
DA:64,0
DA:68,0
DA:69,0
DA:71,0
DA:72,0
DA:73,0
DA:74,0
DA:75,0
DA:76,0
DA:79,0
DA:80,0
DA:82,0
DA:84,0
DA:85,0
DA:89,0
DA:90,0
DA:95,0
DA:96,0
DA:97,0
DA:98,0
DA:99,0
DA:100,0
DA:101,0
DA:108,0
DA:110,0
DA:111,0
DA:114,0
DA:116,0
DA:117,0
DA:119,0
DA:120,0
DA:121,0
DA:122,0
DA:123,0
DA:125,0
DA:129,0
DA:133,0
DA:134,0
DA:137,0
DA:139,0
DA:140,0
DA:143,0
DA:144,0
DA:145,0
DA:148,0
DA:149,0
DA:151,0
DA:152,0
DA:158,0
DA:159,0
DA:160,0
DA:161,0
DA:162,0
DA:163,0
DA:166,0
DA:167,0
DA:170,0
DA:172,0
DA:173,0
DA:174,0
DA:179,0
DA:180,0
DA:181,0
DA:182,0
DA:186,0
DA:187,0
DA:188,0
DA:189,0
DA:190,0
DA:193,0
DA:230,0
DA:234,0
DA:235,0
DA:236,0
DA:239,0
DA:240,0
DA:241,0
DA:244,0
DA:245,0
DA:246,0
LF:113
LH:0
BRDA:9,0,0,0
BRDA:10,1,0,0
BRDA:11,2,0,0
BRDA:15,3,0,0
BRDA:15,3,1,0
BRDA:15,4,0,0
BRDA:15,4,1,0
BRDA:15,4,2,0
BRDA:37,5,0,0
BRDA:37,5,1,0
BRDA:42,6,0,0
BRDA:42,6,1,0
BRDA:50,7,0,0
BRDA:50,7,1,0
BRDA:50,7,2,0
BRDA:71,8,0,0
BRDA:71,8,1,0
BRDA:71,9,0,0
BRDA:71,9,1,0
BRDA:74,10,0,0
BRDA:74,10,1,0
BRDA:75,11,0,0
BRDA:75,11,1,0
BRDA:82,12,0,0
BRDA:82,12,1,0
BRDA:96,13,0,0
BRDA:96,13,1,0
BRDA:96,14,0,0
BRDA:96,14,1,0
BRDA:96,14,2,0
BRDA:98,15,0,0
BRDA:98,15,1,0
BRDA:99,16,0,0
BRDA:99,16,1,0
BRDA:110,17,0,0
BRDA:110,17,1,0
BRDA:110,18,0,0
BRDA:110,18,1,0
BRDA:116,19,0,0
BRDA:116,19,1,0
BRDA:125,20,0,0
BRDA:125,20,1,0
BRDA:125,20,2,0
BRDA:139,21,0,0
BRDA:139,21,1,0
BRDA:148,22,0,0
BRDA:148,22,1,0
BRDA:151,23,0,0
BRDA:151,23,1,0
BRDA:160,24,0,0
BRDA:160,24,1,0
BRDA:173,25,0,0
BRDA:173,25,1,0
BRDA:180,26,0,0
BRDA:180,26,1,0
BRDA:209,27,0,0
BRDA:209,27,1,0
BRDA:216,28,0,0
BRDA:216,28,1,0
BRDA:218,29,0,0
BRDA:218,29,1,0
BRDA:223,30,0,0
BRDA:223,30,1,0
BRDA:228,31,0,0
BRDA:228,31,1,0
BRDA:232,32,0,0
BRDA:232,32,1,0
BRDA:252,33,0,0
BRDA:252,33,1,0
BRDA:260,34,0,0
BRDA:260,34,1,0
BRDA:261,35,0,0
BRDA:261,35,1,0
BRF:73
BRH:0
end_of_record
TN:
SF:src\config\taskAppConfig.js
FNF:0
FNH:0
DA:7,0
DA:13,0
DA:103,0
DA:131,0
LF:4
LH:0
BRF:0
BRH:0
end_of_record
TN:
SF:src\hooks\useApi.js
FN:11,(anonymous_0)
FN:17,(anonymous_1)
FN:26,(anonymous_2)
FN:34,(anonymous_3)
FN:68,(anonymous_4)
FN:72,(anonymous_5)
FN:76,(anonymous_6)
FN:94,(anonymous_7)
FN:98,(anonymous_8)
FNF:9
FNH:8
FNDA:23,(anonymous_0)
FNDA:12,(anonymous_1)
FNDA:10,(anonymous_2)
FNDA:12,(anonymous_3)
FNDA:11,(anonymous_4)
FNDA:1,(anonymous_5)
FNDA:0,(anonymous_6)
FNDA:8,(anonymous_7)
FNDA:4,(anonymous_8)
DA:11,1
DA:12,23
DA:13,23
DA:14,23
DA:15,23
DA:17,23
DA:18,12
DA:19,10
DA:20,10
DA:21,1
DA:23,9
DA:26,23
DA:27,10
DA:28,8
DA:34,23
DA:35,12
DA:36,12
DA:37,12
DA:40,12
DA:41,12
DA:43,12
DA:44,1
DA:45,1
DA:46,1
DA:49,11
DA:58,10
DA:59,10
DA:60,10
DA:62,1
DA:64,12
DA:68,23
DA:69,11
DA:72,23
DA:73,1
DA:76,23
DA:77,0
DA:80,23
DA:94,1
DA:95,8
DA:96,8
DA:98,8
DA:99,4
DA:100,4
DA:101,4
DA:103,4
DA:115,3
DA:116,3
DA:118,1
DA:119,1
DA:121,4
DA:125,8
LF:51
LH:50
BRDA:11,0,0,13
BRDA:11,1,0,15
BRDA:11,2,0,19
BRDA:18,3,0,2
BRDA:18,3,1,10
BRDA:20,4,0,1
BRDA:20,4,1,9
BRDA:20,5,0,10
BRDA:20,5,1,1
BRDA:27,6,0,2
BRDA:27,6,1,8
BRDA:43,7,0,1
BRDA:43,7,1,11
BRDA:94,8,0,6
BRDA:98,9,0,3
BRF:15
BRH:15
end_of_record
TN:
SF:src\hooks\useDebounce.js
FN:9,(anonymous_0)
FN:12,(anonymous_1)
FN:13,(anonymous_2)
FN:17,(anonymous_3)
FN:32,(anonymous_4)
FN:33,(anonymous_5)
FN:35,(anonymous_6)
FN:36,(anonymous_7)
FN:37,(anonymous_8)
FN:40,(anonymous_9)
FNF:10
FNH:0
FNDA:0,(anonymous_0)
FNDA:0,(anonymous_1)
FNDA:0,(anonymous_2)
FNDA:0,(anonymous_3)
FNDA:0,(anonymous_4)
FNDA:0,(anonymous_5)
FNDA:0,(anonymous_6)
FNDA:0,(anonymous_7)
FNDA:0,(anonymous_8)
FNDA:0,(anonymous_9)
DA:9,0
DA:10,0
DA:12,0
DA:13,0
DA:14,0
DA:17,0
DA:18,0
DA:22,0
DA:32,0
DA:33,0
DA:35,0
DA:36,0
DA:37,0
DA:40,0
DA:41,0
DA:45,0
LF:16
LH:0
BRDA:32,0,0,0
BRF:1
BRH:0
end_of_record
TN:
SF:src\hooks\useTaskManagement.js
FN:7,(anonymous_0)
FN:35,(anonymous_1)
FN:43,(anonymous_2)
FN:94,(anonymous_3)
FN:98,(anonymous_4)
FN:113,(anonymous_5)
FN:148,(anonymous_6)
FN:155,(anonymous_7)
FN:184,(anonymous_8)
FN:215,(anonymous_9)
FN:274,(anonymous_10)
FN:274,(anonymous_11)
FN:313,(anonymous_12)
FN:331,(anonymous_13)
FN:333,(anonymous_14)
FN:339,(anonymous_15)
FN:343,(anonymous_16)
FN:347,(anonymous_17)
FN:352,(anonymous_18)
FN:355,(anonymous_19)
FN:356,(anonymous_20)
FN:357,(anonymous_21)
FN:358,(anonymous_22)
FN:366,(anonymous_23)
FN:371,(anonymous_24)
FN:376,(anonymous_25)
FN:382,(anonymous_26)
FN:388,(anonymous_27)
FNF:28
FNH:0
FNDA:0,(anonymous_0)
FNDA:0,(anonymous_1)
FNDA:0,(anonymous_2)
FNDA:0,(anonymous_3)
FNDA:0,(anonymous_4)
FNDA:0,(anonymous_5)
FNDA:0,(anonymous_6)
FNDA:0,(anonymous_7)
FNDA:0,(anonymous_8)
FNDA:0,(anonymous_9)
FNDA:0,(anonymous_10)
FNDA:0,(anonymous_11)
FNDA:0,(anonymous_12)
FNDA:0,(anonymous_13)
FNDA:0,(anonymous_14)
FNDA:0,(anonymous_15)
FNDA:0,(anonymous_16)
FNDA:0,(anonymous_17)
FNDA:0,(anonymous_18)
FNDA:0,(anonymous_19)
FNDA:0,(anonymous_20)
FNDA:0,(anonymous_21)
FNDA:0,(anonymous_22)
FNDA:0,(anonymous_23)
FNDA:0,(anonymous_24)
FNDA:0,(anonymous_25)
FNDA:0,(anonymous_26)
FNDA:0,(anonymous_27)
DA:7,0
DA:8,0
DA:9,0
DA:10,0
DA:11,0
DA:12,0
DA:13,0
DA:14,0
DA:15,0
DA:16,0
DA:17,0
DA:20,0
DA:27,0
DA:28,0
DA:30,0
DA:31,0
DA:35,0
DA:36,0
DA:37,0
DA:39,0
DA:43,0
DA:44,0
DA:45,0
DA:46,0
DA:48,0
DA:50,0
DA:53,0
DA:54,0
DA:57,0
DA:58,0
DA:59,0
DA:60,0
DA:61,0
DA:62,0
DA:64,0
DA:68,0
DA:69,0
DA:70,0
DA:74,0
DA:75,0
DA:76,0
DA:79,0
DA:80,0
DA:83,0
DA:85,0
DA:86,0
DA:87,0
DA:89,0
DA:90,0
DA:94,0
DA:95,0
DA:98,0
DA:99,0
DA:100,0
DA:101,0
DA:110,0
DA:113,0
DA:114,0
DA:115,0
DA:118,0
DA:119,0
DA:120,0
DA:122,0
DA:123,0
DA:124,0
DA:125,0
DA:126,0
DA:127,0
DA:131,0
DA:132,0
DA:133,0
DA:136,0
DA:145,0
DA:148,0
DA:149,0
DA:150,0
DA:153,0
DA:154,0
DA:155,0
DA:156,0
DA:157,0
DA:159,0
DA:163,0
DA:164,0
DA:165,0
DA:167,0
DA:169,0
DA:172,0
DA:173,0
DA:174,0
DA:177,0
DA:178,0
DA:184,0
DA:185,0
DA:188,0
DA:189,0
DA:190,0
DA:192,0
DA:195,0
DA:196,0
DA:197,0
DA:199,0
DA:202,0
DA:203,0
DA:204,0
DA:205,0
DA:210,0
DA:211,0
DA:212,0
DA:215,0
DA:216,0
DA:220,0
DA:221,0
DA:224,0
DA:225,0
DA:228,0
DA:231,0
DA:232,0
DA:233,0
DA:235,0
DA:236,0
DA:237,0
DA:238,0
DA:240,0
DA:242,0
DA:246,0
DA:248,0
DA:249,0
DA:252,0
DA:254,0
DA:255,0
DA:256,0
DA:257,0
DA:259,0
DA:260,0
DA:261,0
DA:264,0
DA:269,0
DA:270,0
DA:272,0
DA:274,0
DA:276,0
DA:278,0
DA:283,0
DA:284,0
DA:286,0
DA:289,0
DA:290,0
DA:294,0
DA:303,0
DA:305,0
DA:306,0
DA:308,0
DA:311,0
DA:313,0
DA:314,0
DA:315,0
DA:317,0
DA:319,0
DA:320,0
DA:324,0
DA:325,0
DA:331,0
DA:332,0
DA:333,0
DA:339,0
DA:340,0
DA:343,0
DA:344,0
DA:347,0
DA:348,0
DA:352,0
DA:353,0
DA:355,0
DA:356,0
DA:357,0
DA:358,0
DA:363,0
DA:366,0
DA:367,0
DA:371,0
DA:372,0
DA:373,0
DA:376,0
DA:377,0
DA:378,0
DA:379,0
DA:382,0
DA:383,0
DA:384,0
DA:388,0
DA:389,0
DA:390,0
DA:394,0
LF:194
LH:0
BRDA:36,0,0,0
BRDA:36,0,1,0
BRDA:36,1,0,0
BRDA:36,1,1,0
BRDA:43,2,0,0
BRDA:43,3,0,0
BRDA:43,4,0,0
BRDA:45,5,0,0
BRDA:45,5,1,0
BRDA:53,6,0,0
BRDA:53,6,1,0
BRDA:57,7,0,0
BRDA:57,7,1,0
BRDA:61,8,0,0
BRDA:61,8,1,0
BRDA:69,9,0,0
BRDA:69,9,1,0
BRDA:75,10,0,0
BRDA:75,10,1,0
BRDA:75,10,2,0
BRDA:76,11,0,0
BRDA:76,11,1,0
BRDA:79,12,0,0
BRDA:79,12,1,0
BRDA:119,13,0,0
BRDA:119,13,1,0
BRDA:132,14,0,0
BRDA:132,14,1,0
BRDA:132,15,0,0
BRDA:132,15,1,0
BRDA:137,16,0,0
BRDA:137,16,1,0
BRDA:138,17,0,0
BRDA:138,17,1,0
BRDA:139,18,0,0
BRDA:139,18,1,0
BRDA:140,19,0,0
BRDA:140,19,1,0
BRDA:141,20,0,0
BRDA:141,20,1,0
BRDA:149,21,0,0
BRDA:149,21,1,0
BRDA:154,22,0,0
BRDA:154,22,1,0
BRDA:156,23,0,0
BRDA:156,23,1,0
BRDA:164,24,0,0
BRDA:164,24,1,0
BRDA:172,25,0,0
BRDA:172,25,1,0
BRDA:173,26,0,0
BRDA:173,26,1,0
BRDA:177,27,0,0
BRDA:177,27,1,0
BRDA:178,28,0,0
BRDA:178,28,1,0
BRDA:188,29,0,0
BRDA:188,29,1,0
BRDA:188,30,0,0
BRDA:188,30,1,0
BRDA:189,31,0,0
BRDA:189,31,1,0
BRDA:195,32,0,0
BRDA:195,32,1,0
BRDA:195,33,0,0
BRDA:195,33,1,0
BRDA:196,34,0,0
BRDA:196,34,1,0
BRDA:203,35,0,0
BRDA:203,35,1,0
BRDA:204,36,0,0
BRDA:204,36,1,0
BRDA:211,37,0,0
BRDA:211,37,1,0
BRDA:216,38,0,0
BRDA:216,38,1,0
BRDA:220,39,0,0
BRDA:220,39,1,0
BRDA:231,40,0,0
BRDA:231,40,1,0
BRDA:231,41,0,0
BRDA:231,41,1,0
BRDA:232,42,0,0
BRDA:232,42,1,0
BRDA:236,43,0,0
BRDA:236,43,1,0
BRDA:237,44,0,0
BRDA:237,44,1,0
BRDA:246,45,0,0
BRDA:246,45,1,0
BRDA:246,46,0,0
BRDA:246,46,1,0
BRDA:252,47,0,0
BRDA:252,47,1,0
BRDA:257,48,0,0
BRDA:257,48,1,0
BRDA:257,49,0,0
BRDA:257,49,1,0
BRDA:257,49,2,0
BRDA:269,50,0,0
BRDA:269,50,1,0
BRDA:269,51,0,0
BRDA:269,51,1,0
BRDA:270,52,0,0
BRDA:270,52,1,0
BRDA:276,53,0,0
BRDA:276,53,1,0
BRDA:276,54,0,0
BRDA:276,54,1,0
BRDA:276,54,2,0
BRDA:283,55,0,0
BRDA:283,55,1,0
BRDA:289,56,0,0
BRDA:289,56,1,0
BRDA:290,57,0,0
BRDA:290,57,1,0
BRDA:311,58,0,0
BRDA:311,58,1,0
BRDA:311,59,0,0
BRDA:311,59,1,0
BRDA:314,60,0,0
BRDA:314,60,1,0
BRDA:317,61,0,0
BRDA:317,61,1,0
BRDA:319,62,0,0
BRDA:319,62,1,0
BRDA:324,63,0,0
BRDA:324,63,1,0
BRDA:325,64,0,0
BRDA:325,64,1,0
BRDA:358,65,0,0
BRDA:358,65,1,0
BRDA:383,66,0,0
BRDA:383,66,1,0
BRDA:389,67,0,0
BRDA:389,67,1,0
BRF:136
BRH:0
end_of_record
TN:
SF:src\utils\validationUtils.js
FN:2,(anonymous_0)
FN:58,(anonymous_1)
FN:59,(anonymous_2)
FN:71,(anonymous_3)
FNF:4
FNH:0
FNDA:0,(anonymous_0)
FNDA:0,(anonymous_1)
FNDA:0,(anonymous_2)
FNDA:0,(anonymous_3)
DA:2,0
DA:3,0
DA:4,0
DA:7,0
DA:8,0
DA:9,0
DA:10,0
DA:11,0
DA:12,0
DA:16,0
DA:17,0
DA:18,0
DA:19,0
DA:20,0
DA:21,0
DA:25,0
DA:26,0
DA:27,0
DA:28,0
DA:32,0
DA:33,0
DA:34,0
DA:35,0
DA:39,0
DA:40,0
DA:41,0
DA:42,0
DA:43,0
DA:48,0
DA:49,0
DA:50,0
DA:51,0
DA:52,0
DA:57,0
DA:58,0
DA:59,0
DA:60,0
DA:61,0
DA:65,0
DA:71,0
DA:72,0
DA:73,0
DA:76,0
DA:77,0
DA:78,0
DA:79,0
DA:80,0
DA:81,0
DA:85,0
DA:86,0
DA:87,0
DA:89,0
DA:90,0
DA:91,0
DA:92,0
DA:97,0
DA:98,0
DA:99,0
DA:100,0
DA:101,0
DA:102,0
DA:103,0
DA:108,0
DA:109,0
DA:110,0
DA:114,0
DA:115,0
DA:116,0
DA:119,0
LF:69
LH:0
BRDA:7,0,0,0
BRDA:7,0,1,0
BRDA:7,1,0,0
BRDA:7,1,1,0
BRDA:10,2,0,0
BRDA:10,2,1,0
BRDA:16,3,0,0
BRDA:16,3,1,0
BRDA:16,4,0,0
BRDA:16,4,1,0
BRDA:19,5,0,0
BRDA:19,5,1,0
BRDA:26,6,0,0
BRDA:26,6,1,0
BRDA:26,7,0,0
BRDA:26,7,1,0
BRDA:33,8,0,0
BRDA:33,8,1,0
BRDA:33,9,0,0
BRDA:33,9,1,0
BRDA:39,10,0,0
BRDA:39,10,1,0
BRDA:39,11,0,0
BRDA:39,11,1,0
BRDA:41,12,0,0
BRDA:41,12,1,0
BRDA:48,13,0,0
BRDA:48,13,1,0
BRDA:48,14,0,0
BRDA:48,14,1,0
BRDA:50,15,0,0
BRDA:50,15,1,0
BRDA:57,16,0,0
BRDA:57,16,1,0
BRDA:57,17,0,0
BRDA:57,17,1,0
BRDA:59,18,0,0
BRDA:59,18,1,0
BRDA:76,19,0,0
BRDA:76,19,1,0
BRDA:76,20,0,0
BRDA:76,20,1,0
BRDA:79,21,0,0
BRDA:79,21,1,0
BRDA:85,22,0,0
BRDA:85,22,1,0
BRDA:85,23,0,0
BRDA:85,23,1,0
BRDA:90,24,0,0
BRDA:90,24,1,0
BRDA:97,25,0,0
BRDA:97,25,1,0
BRDA:98,26,0,0
BRDA:98,26,1,0
BRDA:98,27,0,0
BRDA:98,27,1,0
BRDA:101,28,0,0
BRDA:101,28,1,0
BRDA:108,29,0,0
BRDA:108,29,1,0
BRDA:108,30,0,0
BRDA:108,30,1,0
BRDA:114,31,0,0
BRDA:114,31,1,0
BRDA:114,32,0,0
BRDA:114,32,1,0
BRF:66
BRH:0
end_of_record
