TN:
SF:src\TaskManagement.jsx
FN:11,(anonymous_0)
FN:14,(anonymous_1)
FN:18,(anonymous_2)
FN:20,(anonymous_3)
FN:28,(anonymous_4)
FNF:5
FNH:5
FNDA:2,(anonymous_0)
FNDA:10,(anonymous_1)
FNDA:10,(anonymous_2)
FNDA:50,(anonymous_3)
FNDA:18,(anonymous_4)
DA:11,1
DA:12,2
DA:15,10
DA:19,10
DA:21,50
DA:28,1
DA:62,18
DA:64,18
DA:65,2
DA:80,16
LF:10
LH:10
BRDA:11,0,0,0
BRDA:11,1,0,0
BRDA:64,2,0,2
BRDA:64,2,1,16
BRDA:99,3,0,1
BRDA:99,3,1,15
BRDA:100,4,0,1
BRDA:100,4,1,15
BRDA:110,5,0,16
BRDA:110,5,1,0
BRDA:118,6,0,16
BRDA:118,6,1,0
BRDA:119,7,0,16
BRDA:119,7,1,0
BRF:14
BRH:9
end_of_record
TN:
SF:src\TaskManagementRedux.jsx
FN:9,(anonymous_0)
FN:12,(anonymous_1)
FN:16,(anonymous_2)
FN:18,(anonymous_3)
FN:26,(anonymous_4)
FN:58,(anonymous_5)
FN:58,(anonymous_6)
FN:59,(anonymous_7)
FN:59,(anonymous_8)
FN:60,(anonymous_9)
FN:62,(anonymous_10)
FN:62,(anonymous_11)
FN:63,(anonymous_12)
FN:79,(anonymous_13)
FN:85,(anonymous_14)
FN:129,(anonymous_15)
FN:140,(anonymous_16)
FN:145,(anonymous_17)
FN:150,(anonymous_18)
FN:166,(anonymous_19)
FN:174,(anonymous_20)
FN:178,(anonymous_21)
FN:182,(anonymous_22)
FN:232,(anonymous_23)
FN:244,(anonymous_24)
FN:278,(anonymous_25)
FNF:26
FNH:2
FNDA:0,(anonymous_0)
FNDA:0,(anonymous_1)
FNDA:0,(anonymous_2)
FNDA:0,(anonymous_3)
FNDA:12,(anonymous_4)
FNDA:0,(anonymous_5)
FNDA:0,(anonymous_6)
FNDA:0,(anonymous_7)
FNDA:0,(anonymous_8)
FNDA:0,(anonymous_9)
FNDA:0,(anonymous_10)
FNDA:0,(anonymous_11)
FNDA:0,(anonymous_12)
FNDA:1,(anonymous_13)
FNDA:0,(anonymous_14)
FNDA:0,(anonymous_15)
FNDA:0,(anonymous_16)
FNDA:0,(anonymous_17)
FNDA:0,(anonymous_18)
FNDA:0,(anonymous_19)
FNDA:0,(anonymous_20)
FNDA:0,(anonymous_21)
FNDA:0,(anonymous_22)
FNDA:0,(anonymous_23)
FNDA:0,(anonymous_24)
FNDA:0,(anonymous_25)
DA:9,1
DA:10,0
DA:13,0
DA:17,0
DA:19,0
DA:26,1
DA:32,12
DA:33,12
DA:34,12
DA:35,12
DA:36,12
DA:39,12
DA:40,12
DA:41,12
DA:43,12
DA:45,0
DA:47,0
DA:48,0
DA:49,0
DA:51,0
DA:58,0
DA:59,0
DA:60,0
DA:62,0
DA:63,0
DA:67,0
DA:68,0
DA:72,12
DA:73,11
DA:74,11
DA:75,11
DA:76,11
DA:79,11
DA:80,1
DA:81,0
DA:85,1
DA:86,0
DA:119,0
DA:120,0
DA:122,0
DA:123,0
DA:129,11
DA:130,0
DA:134,0
DA:135,0
DA:137,0
DA:140,11
DA:141,0
DA:142,0
DA:145,11
DA:146,0
DA:147,0
DA:150,11
DA:151,0
DA:153,0
DA:154,0
DA:158,0
DA:159,0
DA:162,0
DA:163,0
DA:166,11
DA:167,0
DA:168,0
DA:169,0
DA:174,11
DA:175,0
DA:178,11
DA:179,0
DA:182,11
DA:183,0
DA:186,11
DA:187,0
DA:196,11
DA:197,1
DA:207,10
DA:232,0
DA:244,0
DA:279,0
DA:280,0
LF:79
LH:31
BRDA:9,0,0,0
BRDA:9,1,0,0
BRDA:60,2,0,0
BRDA:60,2,1,0
BRDA:80,3,0,0
BRDA:80,3,1,1
BRDA:119,4,0,0
BRDA:119,4,1,0
BRDA:122,5,0,0
BRDA:122,5,1,0
BRDA:129,6,0,11
BRDA:129,6,1,11
BRDA:130,7,0,0
BRDA:130,7,1,0
BRDA:130,7,2,0
BRDA:134,8,0,0
BRDA:134,8,1,0
BRDA:135,9,0,0
BRDA:135,9,1,0
BRDA:137,10,0,0
BRDA:137,10,1,0
BRDA:137,10,2,0
BRDA:151,11,0,0
BRDA:151,11,1,0
BRDA:153,12,0,0
BRDA:153,12,1,0
BRDA:158,13,0,0
BRDA:158,13,1,0
BRDA:167,14,0,0
BRDA:167,14,1,0
BRDA:168,15,0,0
BRDA:168,15,1,0
BRDA:186,16,0,0
BRDA:186,16,1,11
BRDA:196,17,0,1
BRDA:196,17,1,10
BRDA:212,18,0,0
BRDA:212,18,1,10
BRDA:254,19,0,10
BRDA:254,19,1,0
BRDA:258,20,0,0
BRDA:258,20,1,10
BRDA:258,21,0,10
BRDA:258,21,1,10
BRDA:258,21,2,10
BRDA:274,22,0,10
BRDA:274,22,1,0
BRF:47
BRH:13
end_of_record
TN:
SF:src\index.jsx
FNF:0
FNH:0
DA:1,9
LF:1
LH:1
BRF:0
BRH:0
end_of_record
TN:
SF:src\test-utils.js
FN:2,(anonymous_0)
FN:16,(anonymous_1)
FN:29,(anonymous_2)
FN:46,(anonymous_3)
FN:58,(anonymous_4)
FNF:5
FNH:2
FNDA:3,(anonymous_0)
FNDA:3,(anonymous_1)
FNDA:0,(anonymous_2)
FNDA:0,(anonymous_3)
FNDA:0,(anonymous_4)
DA:2,3
DA:16,3
DA:29,1
DA:46,1
DA:58,1
LF:5
LH:5
BRDA:2,0,0,1
BRDA:16,1,0,1
BRDA:29,2,0,0
BRDA:46,3,0,0
BRDA:58,4,0,0
BRF:5
BRH:2
end_of_record
TN:
SF:src\components\ErrorBoundary.jsx
FN:4,(anonymous_0)
FN:9,(anonymous_1)
FN:13,(anonymous_2)
FN:23,(anonymous_3)
FN:31,(anonymous_4)
FNF:5
FNH:5
FNDA:30,(anonymous_0)
FNDA:30,(anonymous_1)
FNDA:15,(anonymous_2)
FNDA:65,(anonymous_3)
FNDA:2,(anonymous_4)
DA:5,30
DA:6,29
DA:10,30
DA:14,15
DA:15,15
DA:17,15
DA:18,6
DA:19,6
DA:24,65
DA:25,32
DA:31,2
DA:39,33
LF:12
LH:12
BRDA:17,0,0,6
BRDA:17,0,1,9
BRDA:18,1,0,6
BRDA:18,1,1,2
BRDA:18,1,2,0
BRDA:18,2,0,1
BRDA:18,2,1,1
BRDA:24,3,0,32
BRDA:24,3,1,33
BRF:9
BRH:8
end_of_record
TN:
SF:src\components\Pagination.jsx
FN:4,(anonymous_0)
FN:15,(anonymous_1)
FN:77,(anonymous_2)
FN:93,(anonymous_3)
FN:101,(anonymous_4)
FN:108,(anonymous_5)
FN:121,(anonymous_6)
FNF:7
FNH:7
FNDA:27,(anonymous_0)
FNDA:27,(anonymous_1)
FNDA:3,(anonymous_2)
FNDA:1,(anonymous_3)
FNDA:133,(anonymous_4)
FNDA:2,(anonymous_5)
FNDA:1,(anonymous_6)
DA:4,1
DA:15,27
DA:16,27
DA:17,27
DA:19,27
DA:21,19
DA:22,81
DA:26,8
DA:27,8
DA:29,8
DA:30,5
DA:31,5
DA:32,5
DA:36,8
DA:37,31
DA:40,8
DA:41,6
DA:42,6
DA:44,6
DA:48,27
DA:51,27
DA:52,27
DA:53,27
DA:55,27
DA:56,3
DA:65,24
DA:77,3
DA:93,1
DA:102,133
DA:108,2
DA:121,1
LF:31
LH:31
BRDA:19,0,0,19
BRDA:19,0,1,8
BRDA:29,1,0,5
BRDA:29,1,1,3
BRDA:31,2,0,5
BRDA:31,2,1,0
BRDA:40,3,0,6
BRDA:40,3,1,2
BRDA:41,4,0,6
BRDA:41,4,1,0
BRDA:55,5,0,3
BRDA:55,5,1,24
BRDA:90,6,0,22
BRDA:90,6,1,2
BRDA:102,7,0,22
BRDA:102,7,1,111
BRDA:102,8,0,11
BRDA:102,8,1,122
BRDA:103,9,0,11
BRDA:103,9,1,122
BRDA:110,10,0,22
BRDA:110,10,1,100
BRDA:118,11,0,2
BRDA:118,11,1,22
BRF:24
BRH:22
end_of_record
TN:
SF:src\components\TaskItem.jsx
FN:6,(anonymous_0)
FN:16,(anonymous_1)
FN:131,(anonymous_2)
FN:155,(anonymous_3)
FN:163,(anonymous_4)
FNF:5
FNH:5
FNDA:124,(anonymous_0)
FNDA:34,(anonymous_1)
FNDA:30,(anonymous_2)
FNDA:1,(anonymous_3)
FNDA:1,(anonymous_4)
DA:6,1
DA:9,124
DA:16,1
DA:18,34
DA:19,3
DA:53,31
DA:132,30
DA:133,30
DA:134,30
DA:135,30
DA:136,30
DA:155,1
DA:163,1
DA:175,1
LF:14
LH:14
BRDA:6,0,0,0
BRDA:6,1,0,0
BRDA:18,2,0,3
BRDA:18,2,1,31
BRDA:57,3,0,31
BRDA:57,3,1,0
BRDA:62,4,0,31
BRDA:62,4,1,0
BRDA:68,5,0,31
BRDA:68,5,1,0
BRDA:73,6,0,31
BRDA:73,6,1,0
BRDA:79,7,0,31
BRDA:79,7,1,0
BRDA:81,8,0,31
BRDA:81,8,1,0
BRDA:81,8,2,0
BRDA:86,9,0,31
BRDA:86,9,1,30
BRDA:88,10,0,31
BRDA:88,10,1,30
BRDA:88,10,2,0
BRDA:94,11,0,0
BRDA:94,11,1,31
BRDA:94,12,0,31
BRDA:94,12,1,0
BRDA:94,12,2,0
BRDA:98,13,0,0
BRDA:98,13,1,31
BRDA:98,14,0,31
BRDA:98,14,1,0
BRDA:98,15,0,0
BRDA:98,15,1,0
BRDA:98,16,0,0
BRDA:98,16,1,0
BRDA:103,17,0,0
BRDA:103,17,1,31
BRDA:103,18,0,31
BRDA:103,18,1,0
BRDA:103,19,0,0
BRDA:103,19,1,0
BRDA:103,20,0,0
BRDA:103,20,1,0
BRDA:107,21,0,0
BRDA:107,21,1,31
BRDA:107,22,0,31
BRDA:107,22,1,0
BRDA:112,23,0,0
BRDA:112,23,1,31
BRDA:112,24,0,31
BRDA:112,24,1,0
BRDA:119,25,0,30
BRDA:119,25,1,1
BRDA:121,26,0,29
BRDA:121,26,1,1
BRDA:121,27,0,30
BRDA:121,27,1,30
BRDA:127,28,0,30
BRDA:127,28,1,30
BRDA:127,28,2,29
BRDA:132,29,0,0
BRDA:132,29,1,30
BRDA:136,30,0,30
BRDA:136,30,1,0
BRDA:147,31,0,31
BRDA:147,31,1,0
BRDA:148,32,0,31
BRDA:148,32,1,0
BRF:68
BRH:35
end_of_record
TN:
SF:src\components\TaskModal.jsx
FN:5,(anonymous_0)
FN:84,(anonymous_1)
FN:103,(anonymous_2)
FNF:3
FNH:3
FNDA:25,(anonymous_0)
FNDA:7,(anonymous_1)
FNDA:24,(anonymous_2)
DA:5,1
DA:13,25
DA:16,24
DA:85,7
DA:104,24
DA:105,24
DA:106,24
DA:107,24
DA:108,24
DA:109,24
DA:110,24
DA:165,1
LF:12
LH:12
BRDA:13,0,0,1
BRDA:13,0,1,24
BRDA:23,1,0,22
BRDA:23,1,1,2
BRDA:101,2,0,24
BRDA:101,2,1,23
BRDA:122,3,0,24
BRDA:122,3,1,23
BRDA:155,4,0,22
BRDA:155,4,1,2
BRF:10
BRH:10
end_of_record
TN:
SF:src\components\TaskTable.jsx
FN:5,(anonymous_0)
FN:31,(anonymous_1)
FNF:2
FNH:2
FNDA:18,(anonymous_0)
FNDA:138,(anonymous_1)
DA:5,1
DA:6,18
DA:7,3
DA:15,15
DA:32,138
DA:45,1
LF:6
LH:6
BRDA:6,0,0,3
BRDA:6,0,1,15
BRDA:6,1,0,18
BRDA:6,1,1,16
BRDA:33,2,0,138
BRDA:33,2,1,0
BRF:6
BRH:5
end_of_record
TN:
SF:src\components\UserAutocomplete.jsx
FN:6,(anonymous_0)
FN:34,(anonymous_1)
FN:35,(anonymous_2)
FN:68,(anonymous_3)
FN:72,(anonymous_4)
FN:89,(anonymous_5)
FN:95,(anonymous_6)
FN:97,(anonymous_7)
FN:108,(anonymous_8)
FN:119,(anonymous_9)
FN:133,(anonymous_10)
FN:134,(anonymous_11)
FN:137,(anonymous_12)
FN:158,(anonymous_13)
FN:166,(anonymous_14)
FN:170,(anonymous_15)
FN:172,(anonymous_16)
FN:179,(anonymous_17)
FN:186,(anonymous_18)
FN:229,(anonymous_19)
FN:233,(anonymous_20)
FN:238,(anonymous_21)
FN:243,(anonymous_22)
FNF:23
FNH:19
FNDA:226,(anonymous_0)
FNDA:32,(anonymous_1)
FNDA:32,(anonymous_2)
FNDA:58,(anonymous_3)
FNDA:2,(anonymous_4)
FNDA:58,(anonymous_5)
FNDA:175,(anonymous_6)
FNDA:0,(anonymous_7)
FNDA:93,(anonymous_8)
FNDA:36,(anonymous_9)
FNDA:19,(anonymous_10)
FNDA:90,(anonymous_11)
FNDA:16,(anonymous_12)
FNDA:2,(anonymous_13)
FNDA:21,(anonymous_14)
FNDA:1,(anonymous_15)
FNDA:1,(anonymous_16)
FNDA:18,(anonymous_17)
FNDA:0,(anonymous_18)
FNDA:55,(anonymous_19)
FNDA:2,(anonymous_20)
FNDA:0,(anonymous_21)
FNDA:0,(anonymous_22)
DA:6,1
DA:14,226
DA:15,226
DA:18,226
DA:19,226
DA:20,226
DA:21,226
DA:22,226
DA:23,226
DA:24,226
DA:25,226
DA:26,226
DA:27,226
DA:28,226
DA:31,226
DA:34,226
DA:35,32
DA:37,32
DA:38,0
DA:42,32
DA:43,0
DA:44,0
DA:47,32
DA:49,32
DA:50,32
DA:52,32
DA:53,32
DA:54,32
DA:55,32
DA:57,0
DA:58,0
DA:59,0
DA:60,0
DA:64,32
DA:68,226
DA:69,58
DA:71,58
DA:72,2
DA:73,2
DA:74,2
DA:75,2
DA:76,2
DA:79,0
DA:80,0
DA:82,56
DA:84,52
DA:85,52
DA:89,58
DA:90,58
DA:95,226
DA:96,175
DA:97,0
DA:98,0
DA:99,0
DA:100,0
DA:101,0
DA:108,226
DA:110,93
DA:111,3
DA:114,90
DA:116,90
DA:117,78
DA:119,12
DA:120,36
DA:121,36
DA:122,36
DA:123,36
DA:125,36
DA:129,12
DA:133,90
DA:134,90
DA:137,226
DA:139,16
DA:140,5
DA:143,11
DA:144,11
DA:145,11
DA:148,11
DA:149,0
DA:151,0
DA:152,0
DA:158,226
DA:159,2
DA:160,2
DA:161,2
DA:162,2
DA:163,2
DA:166,226
DA:167,21
DA:170,226
DA:172,1
DA:173,1
DA:174,1
DA:179,226
DA:180,18
DA:181,0
DA:182,0
DA:186,226
DA:187,0
DA:188,0
DA:189,0
DA:190,0
DA:193,226
DA:230,55
DA:234,2
DA:235,2
DA:236,2
DA:239,0
DA:240,0
DA:241,0
DA:244,0
DA:245,0
DA:246,0
LF:113
LH:84
BRDA:9,0,0,224
BRDA:10,1,0,224
BRDA:11,2,0,220
BRDA:15,3,0,0
BRDA:15,3,1,226
BRDA:15,4,0,0
BRDA:15,4,1,0
BRDA:15,4,2,0
BRDA:37,5,0,0
BRDA:37,5,1,32
BRDA:42,6,0,0
BRDA:42,6,1,32
BRDA:50,7,0,32
BRDA:50,7,1,0
BRDA:50,7,2,0
BRDA:71,8,0,2
BRDA:71,8,1,56
BRDA:71,9,0,58
BRDA:71,9,1,6
BRDA:74,10,0,2
BRDA:74,10,1,0
BRDA:75,11,0,2
BRDA:75,11,1,0
BRDA:82,12,0,52
BRDA:82,12,1,4
BRDA:96,13,0,0
BRDA:96,13,1,175
BRDA:96,14,0,175
BRDA:96,14,1,13
BRDA:96,14,2,0
BRDA:98,15,0,0
BRDA:98,15,1,0
BRDA:99,16,0,0
BRDA:99,16,1,0
BRDA:110,17,0,3
BRDA:110,17,1,90
BRDA:110,18,0,93
BRDA:110,18,1,4
BRDA:116,19,0,78
BRDA:116,19,1,12
BRDA:125,20,0,36
BRDA:125,20,1,10
BRDA:125,20,2,10
BRDA:139,21,0,5
BRDA:139,21,1,11
BRDA:148,22,0,0
BRDA:148,22,1,11
BRDA:151,23,0,0
BRDA:151,23,1,0
BRDA:160,24,0,2
BRDA:160,24,1,0
BRDA:173,25,0,1
BRDA:173,25,1,0
BRDA:180,26,0,0
BRDA:180,26,1,18
BRDA:209,27,0,226
BRDA:209,27,1,171
BRDA:216,28,0,226
BRDA:216,28,1,108
BRDA:218,29,0,2
BRDA:218,29,1,106
BRDA:223,30,0,87
BRDA:223,30,1,19
BRDA:228,31,0,19
BRDA:228,31,1,0
BRDA:232,32,0,0
BRDA:232,32,1,55
BRDA:252,33,0,55
BRDA:252,33,1,0
BRDA:260,34,0,17
BRDA:260,34,1,38
BRDA:261,35,0,19
BRDA:261,35,1,19
BRF:73
BRH:48
end_of_record
TN:
SF:src\config\taskAppConfig.js
FNF:0
FNH:0
DA:7,1
DA:13,1
DA:103,1
DA:131,1
LF:4
LH:4
BRF:0
BRH:0
end_of_record
TN:
SF:src\hooks\useApi.js
FN:11,(anonymous_0)
FN:17,(anonymous_1)
FN:26,(anonymous_2)
FN:34,(anonymous_3)
FN:66,(anonymous_4)
FN:75,(anonymous_5)
FN:79,(anonymous_6)
FN:83,(anonymous_7)
FN:101,(anonymous_8)
FN:105,(anonymous_9)
FNF:10
FNH:9
FNDA:56,(anonymous_0)
FNDA:25,(anonymous_1)
FNDA:22,(anonymous_2)
FNDA:26,(anonymous_3)
FNDA:56,(anonymous_4)
FNDA:25,(anonymous_5)
FNDA:1,(anonymous_6)
FNDA:0,(anonymous_7)
FNDA:23,(anonymous_8)
FNDA:13,(anonymous_9)
DA:11,1
DA:12,56
DA:13,56
DA:14,56
DA:15,56
DA:17,56
DA:18,25
DA:19,21
DA:20,21
DA:21,1
DA:23,20
DA:26,56
DA:27,22
DA:28,18
DA:34,56
DA:35,26
DA:36,26
DA:37,26
DA:40,26
DA:41,25
DA:43,25
DA:44,1
DA:45,1
DA:46,1
DA:49,24
DA:58,22
DA:59,22
DA:60,22
DA:62,3
DA:64,26
DA:67,56
DA:68,56
DA:71,2
DA:75,56
DA:76,25
DA:79,56
DA:80,1
DA:83,56
DA:84,0
DA:87,56
DA:101,1
DA:102,23
DA:103,23
DA:105,23
DA:106,13
DA:107,13
DA:108,13
DA:110,13
DA:122,10
DA:123,10
DA:125,3
DA:126,3
DA:128,13
DA:132,23
LF:54
LH:53
BRDA:11,0,0,29
BRDA:11,1,0,40
BRDA:11,2,0,48
BRDA:18,3,0,4
BRDA:18,3,1,21
BRDA:20,4,0,1
BRDA:20,4,1,20
BRDA:20,5,0,21
BRDA:20,5,1,1
BRDA:27,6,0,4
BRDA:27,6,1,18
BRDA:43,7,0,1
BRDA:43,7,1,24
BRDA:101,8,0,21
BRDA:105,9,0,12
BRF:15
BRH:15
end_of_record
TN:
SF:src\hooks\useDebounce.js
FN:9,(anonymous_0)
FN:12,(anonymous_1)
FN:13,(anonymous_2)
FN:17,(anonymous_3)
FN:32,(anonymous_4)
FN:33,(anonymous_5)
FN:35,(anonymous_6)
FN:36,(anonymous_7)
FN:37,(anonymous_8)
FN:40,(anonymous_9)
FNF:10
FNH:10
FNDA:144,(anonymous_0)
FNDA:58,(anonymous_1)
FNDA:4,(anonymous_2)
FNDA:58,(anonymous_3)
FNDA:6,(anonymous_4)
FNDA:5,(anonymous_5)
FNDA:6,(anonymous_6)
FNDA:4,(anonymous_7)
FNDA:4,(anonymous_8)
FNDA:6,(anonymous_9)
DA:9,2
DA:10,144
DA:12,144
DA:13,58
DA:14,4
DA:17,58
DA:18,58
DA:22,144
DA:32,2
DA:33,6
DA:35,6
DA:36,6
DA:37,4
DA:40,6
DA:41,6
DA:45,6
LF:16
LH:16
BRDA:32,0,0,4
BRF:1
BRH:1
end_of_record
TN:
SF:src\hooks\useTaskManagement.js
FN:7,(anonymous_0)
FN:35,(anonymous_1)
FN:43,(anonymous_2)
FN:94,(anonymous_3)
FN:98,(anonymous_4)
FN:113,(anonymous_5)
FN:148,(anonymous_6)
FN:155,(anonymous_7)
FN:184,(anonymous_8)
FN:215,(anonymous_9)
FN:274,(anonymous_10)
FN:274,(anonymous_11)
FN:313,(anonymous_12)
FN:331,(anonymous_13)
FN:333,(anonymous_14)
FN:339,(anonymous_15)
FN:343,(anonymous_16)
FN:347,(anonymous_17)
FN:352,(anonymous_18)
FN:355,(anonymous_19)
FN:356,(anonymous_20)
FN:357,(anonymous_21)
FN:358,(anonymous_22)
FN:366,(anonymous_23)
FN:371,(anonymous_24)
FN:376,(anonymous_25)
FN:382,(anonymous_26)
FN:388,(anonymous_27)
FNF:28
FNH:19
FNDA:127,(anonymous_0)
FNDA:45,(anonymous_1)
FNDA:48,(anonymous_2)
FNDA:43,(anonymous_3)
FNDA:8,(anonymous_4)
FNDA:1,(anonymous_5)
FNDA:3,(anonymous_6)
FNDA:0,(anonymous_7)
FNDA:6,(anonymous_8)
FNDA:0,(anonymous_9)
FNDA:0,(anonymous_10)
FNDA:0,(anonymous_11)
FNDA:0,(anonymous_12)
FNDA:23,(anonymous_13)
FNDA:23,(anonymous_14)
FNDA:1,(anonymous_15)
FNDA:2,(anonymous_16)
FNDA:1,(anonymous_17)
FNDA:90,(anonymous_18)
FNDA:0,(anonymous_19)
FNDA:0,(anonymous_20)
FNDA:0,(anonymous_21)
FNDA:0,(anonymous_22)
FNDA:1,(anonymous_23)
FNDA:1,(anonymous_24)
FNDA:1,(anonymous_25)
FNDA:2,(anonymous_26)
FNDA:2,(anonymous_27)
DA:7,1
DA:8,127
DA:9,127
DA:10,127
DA:11,127
DA:12,127
DA:13,127
DA:14,127
DA:15,127
DA:16,127
DA:17,127
DA:20,127
DA:27,127
DA:28,127
DA:30,127
DA:31,127
DA:35,127
DA:36,45
DA:37,2
DA:39,43
DA:43,127
DA:44,48
DA:45,48
DA:46,1
DA:48,47
DA:50,48
DA:53,48
DA:54,48
DA:57,48
DA:58,0
DA:59,0
DA:60,0
DA:61,0
DA:62,0
DA:64,0
DA:68,0
DA:69,0
DA:70,0
DA:74,0
DA:75,0
DA:76,0
DA:79,0
DA:80,0
DA:83,0
DA:85,48
DA:86,48
DA:87,48
DA:89,48
DA:90,48
DA:94,127
DA:95,43
DA:98,127
DA:99,8
DA:100,8
DA:101,8
DA:110,8
DA:113,127
DA:114,1
DA:115,1
DA:118,1
DA:119,1
DA:120,1
DA:122,1
DA:123,1
DA:124,1
DA:125,1
DA:126,1
DA:127,1
DA:131,1
DA:132,1
DA:133,1
DA:136,1
DA:145,1
DA:148,127
DA:149,3
DA:150,1
DA:153,2
DA:154,2
DA:155,0
DA:156,0
DA:157,0
DA:159,0
DA:163,0
DA:164,0
DA:165,0
DA:167,0
DA:169,2
DA:172,2
DA:173,0
DA:174,0
DA:177,2
DA:178,2
DA:184,127
DA:185,6
DA:188,6
DA:189,3
DA:190,3
DA:192,3
DA:195,3
DA:196,2
DA:197,2
DA:199,2
DA:202,1
DA:203,1
DA:204,0
DA:205,0
DA:210,0
DA:211,0
DA:212,0
DA:215,0
DA:216,0
DA:220,0
DA:221,0
DA:224,0
DA:225,0
DA:228,0
DA:231,0
DA:232,0
DA:233,0
DA:235,0
DA:236,0
DA:237,0
DA:238,0
DA:240,0
DA:242,0
DA:246,0
DA:248,0
DA:249,0
DA:252,0
DA:254,0
DA:255,0
DA:256,0
DA:257,0
DA:259,0
DA:260,0
DA:261,0
DA:264,0
DA:269,0
DA:270,0
DA:272,0
DA:274,0
DA:276,0
DA:278,0
DA:283,0
DA:284,0
DA:286,0
DA:289,0
DA:290,0
DA:294,0
DA:303,0
DA:305,0
DA:306,0
DA:308,1
DA:311,1
DA:313,0
DA:314,0
DA:315,0
DA:317,1
DA:319,0
DA:320,0
DA:324,1
DA:325,1
DA:331,127
DA:332,23
DA:333,23
DA:339,127
DA:340,1
DA:343,127
DA:344,2
DA:347,127
DA:348,1
DA:352,127
DA:353,90
DA:355,0
DA:356,0
DA:357,0
DA:358,0
DA:363,127
DA:366,127
DA:367,1
DA:371,127
DA:372,1
DA:373,1
DA:376,127
DA:377,1
DA:378,1
DA:379,1
DA:382,127
DA:383,2
DA:384,0
DA:388,127
DA:389,2
DA:390,0
DA:394,127
LF:194
LH:110
BRDA:36,0,0,2
BRDA:36,0,1,43
BRDA:36,1,0,45
BRDA:36,1,1,2
BRDA:43,2,0,45
BRDA:43,3,0,46
BRDA:43,4,0,46
BRDA:45,5,0,1
BRDA:45,5,1,47
BRDA:53,6,0,48
BRDA:53,6,1,0
BRDA:57,7,0,0
BRDA:57,7,1,0
BRDA:61,8,0,0
BRDA:61,8,1,0
BRDA:69,9,0,0
BRDA:69,9,1,0
BRDA:75,10,0,0
BRDA:75,10,1,0
BRDA:75,10,2,0
BRDA:76,11,0,0
BRDA:76,11,1,0
BRDA:79,12,0,0
BRDA:79,12,1,0
BRDA:119,13,0,1
BRDA:119,13,1,0
BRDA:132,14,0,1
BRDA:132,14,1,0
BRDA:132,15,0,1
BRDA:132,15,1,1
BRDA:137,16,0,1
BRDA:137,16,1,0
BRDA:138,17,0,1
BRDA:138,17,1,0
BRDA:139,18,0,1
BRDA:139,18,1,0
BRDA:140,19,0,1
BRDA:140,19,1,0
BRDA:141,20,0,1
BRDA:141,20,1,0
BRDA:149,21,0,1
BRDA:149,21,1,2
BRDA:154,22,0,0
BRDA:154,22,1,0
BRDA:156,23,0,0
BRDA:156,23,1,0
BRDA:164,24,0,0
BRDA:164,24,1,0
BRDA:172,25,0,0
BRDA:172,25,1,2
BRDA:173,26,0,0
BRDA:173,26,1,0
BRDA:177,27,0,2
BRDA:177,27,1,0
BRDA:178,28,0,2
BRDA:178,28,1,0
BRDA:188,29,0,3
BRDA:188,29,1,3
BRDA:188,30,0,6
BRDA:188,30,1,4
BRDA:189,31,0,3
BRDA:189,31,1,0
BRDA:195,32,0,2
BRDA:195,32,1,1
BRDA:195,33,0,3
BRDA:195,33,1,2
BRDA:196,34,0,2
BRDA:196,34,1,0
BRDA:203,35,0,0
BRDA:203,35,1,0
BRDA:204,36,0,0
BRDA:204,36,1,0
BRDA:211,37,0,0
BRDA:211,37,1,0
BRDA:216,38,0,0
BRDA:216,38,1,0
BRDA:220,39,0,0
BRDA:220,39,1,0
BRDA:231,40,0,0
BRDA:231,40,1,0
BRDA:231,41,0,0
BRDA:231,41,1,0
BRDA:232,42,0,0
BRDA:232,42,1,0
BRDA:236,43,0,0
BRDA:236,43,1,0
BRDA:237,44,0,0
BRDA:237,44,1,0
BRDA:246,45,0,0
BRDA:246,45,1,0
BRDA:246,46,0,0
BRDA:246,46,1,0
BRDA:252,47,0,0
BRDA:252,47,1,0
BRDA:257,48,0,0
BRDA:257,48,1,0
BRDA:257,49,0,0
BRDA:257,49,1,0
BRDA:257,49,2,0
BRDA:269,50,0,0
BRDA:269,50,1,0
BRDA:269,51,0,0
BRDA:269,51,1,0
BRDA:270,52,0,0
BRDA:270,52,1,0
BRDA:276,53,0,0
BRDA:276,53,1,0
BRDA:276,54,0,0
BRDA:276,54,1,0
BRDA:276,54,2,0
BRDA:283,55,0,0
BRDA:283,55,1,0
BRDA:289,56,0,0
BRDA:289,56,1,0
BRDA:290,57,0,0
BRDA:290,57,1,0
BRDA:311,58,0,0
BRDA:311,58,1,1
BRDA:311,59,0,1
BRDA:311,59,1,0
BRDA:314,60,0,0
BRDA:314,60,1,0
BRDA:317,61,0,0
BRDA:317,61,1,1
BRDA:319,62,0,0
BRDA:319,62,1,0
BRDA:324,63,0,1
BRDA:324,63,1,0
BRDA:325,64,0,1
BRDA:325,64,1,0
BRDA:358,65,0,0
BRDA:358,65,1,0
BRDA:383,66,0,0
BRDA:383,66,1,2
BRDA:389,67,0,0
BRDA:389,67,1,2
BRF:136
BRH:41
end_of_record
TN:
SF:src\utils\dateUtils.js
FN:2,(anonymous_0)
FN:12,(anonymous_1)
FN:24,(anonymous_2)
FN:29,(anonymous_3)
FN:36,(anonymous_4)
FN:42,(anonymous_5)
FN:51,(anonymous_6)
FN:62,(anonymous_7)
FN:67,(anonymous_8)
FNF:9
FNH:6
FNDA:5,(anonymous_0)
FNDA:4,(anonymous_1)
FNDA:5,(anonymous_2)
FNDA:6,(anonymous_3)
FNDA:3,(anonymous_4)
FNDA:6,(anonymous_5)
FNDA:0,(anonymous_6)
FNDA:0,(anonymous_7)
FNDA:0,(anonymous_8)
DA:2,1
DA:3,5
DA:4,2
DA:5,2
DA:12,1
DA:13,4
DA:14,1
DA:15,1
DA:24,1
DA:25,5
DA:26,2
DA:29,1
DA:30,6
DA:31,3
DA:32,3
DA:33,3
DA:36,1
DA:37,3
DA:38,3
DA:39,3
DA:42,1
DA:43,6
DA:44,3
DA:45,3
DA:46,3
DA:47,3
DA:48,3
DA:51,1
DA:52,0
DA:53,0
DA:54,0
DA:55,0
DA:56,0
DA:57,0
DA:58,0
DA:59,0
DA:62,1
DA:63,0
DA:64,0
DA:67,1
DA:68,0
DA:69,0
DA:70,0
DA:71,0
DA:73,0
DA:74,0
DA:75,0
DA:76,0
DA:77,0
DA:78,0
LF:50
LH:30
BRDA:3,0,0,3
BRDA:3,0,1,2
BRDA:13,1,0,3
BRDA:13,1,1,1
BRDA:25,2,0,3
BRDA:25,2,1,2
BRDA:30,3,0,3
BRDA:30,3,1,3
BRDA:43,4,0,3
BRDA:43,4,1,3
BRDA:52,5,0,0
BRDA:52,5,1,0
BRDA:63,6,0,0
BRDA:63,6,1,0
BRDA:68,7,0,0
BRDA:68,7,1,0
BRDA:73,8,0,0
BRDA:73,8,1,0
BRDA:74,9,0,0
BRDA:74,9,1,0
BRDA:75,10,0,0
BRDA:75,10,1,0
BRDA:76,11,0,0
BRDA:76,11,1,0
BRDA:77,12,0,0
BRDA:77,12,1,0
BRF:26
BRH:10
end_of_record
TN:
SF:src\utils\validationUtils.js
FN:2,(anonymous_0)
FN:58,(anonymous_1)
FN:59,(anonymous_2)
FN:71,(anonymous_3)
FNF:4
FNH:4
FNDA:47,(anonymous_0)
FNDA:73,(anonymous_1)
FNDA:65,(anonymous_2)
FNDA:28,(anonymous_3)
DA:2,1
DA:3,47
DA:4,47
DA:7,47
DA:8,5
DA:9,5
DA:10,42
DA:11,1
DA:12,1
DA:16,47
DA:17,5
DA:18,5
DA:19,42
DA:20,1
DA:21,1
DA:25,47
DA:26,47
DA:27,3
DA:28,3
DA:32,47
DA:33,47
DA:34,3
DA:35,3
DA:39,47
DA:40,22
DA:41,22
DA:42,2
DA:43,2
DA:48,47
DA:49,32
DA:50,32
DA:51,7
DA:52,7
DA:57,47
DA:58,73
DA:59,65
DA:60,7
DA:61,7
DA:65,47
DA:71,1
DA:72,28
DA:73,28
DA:76,28
DA:77,5
DA:78,5
DA:79,23
DA:80,1
DA:81,1
DA:85,28
DA:86,5
DA:87,5
DA:89,23
DA:90,23
DA:91,7
DA:92,7
DA:97,28
DA:98,25
DA:99,3
DA:100,3
DA:101,22
DA:102,2
DA:103,2
DA:108,28
DA:109,5
DA:110,5
DA:114,28
DA:115,5
DA:116,5
DA:119,28
LF:69
LH:69
BRDA:7,0,0,5
BRDA:7,0,1,42
BRDA:7,1,0,47
BRDA:7,1,1,43
BRDA:10,2,0,1
BRDA:10,2,1,41
BRDA:16,3,0,5
BRDA:16,3,1,42
BRDA:16,4,0,47
BRDA:16,4,1,43
BRDA:19,5,0,1
BRDA:19,5,1,41
BRDA:26,6,0,3
BRDA:26,6,1,44
BRDA:26,7,0,47
BRDA:26,7,1,46
BRDA:33,8,0,3
BRDA:33,8,1,44
BRDA:33,9,0,47
BRDA:33,9,1,46
BRDA:39,10,0,22
BRDA:39,10,1,25
BRDA:39,11,0,47
BRDA:39,11,1,22
BRDA:41,12,0,2
BRDA:41,12,1,20
BRDA:48,13,0,32
BRDA:48,13,1,15
BRDA:48,14,0,47
BRDA:48,14,1,32
BRDA:50,15,0,7
BRDA:50,15,1,25
BRDA:57,16,0,32
BRDA:57,16,1,15
BRDA:57,17,0,47
BRDA:57,17,1,32
BRDA:59,18,0,7
BRDA:59,18,1,25
BRDA:76,19,0,5
BRDA:76,19,1,23
BRDA:76,20,0,28
BRDA:76,20,1,24
BRDA:79,21,0,1
BRDA:79,21,1,22
BRDA:85,22,0,5
BRDA:85,22,1,23
BRDA:85,23,0,28
BRDA:85,23,1,24
BRDA:90,24,0,7
BRDA:90,24,1,16
BRDA:97,25,0,25
BRDA:97,25,1,3
BRDA:98,26,0,3
BRDA:98,26,1,22
BRDA:98,27,0,25
BRDA:98,27,1,23
BRDA:101,28,0,2
BRDA:101,28,1,20
BRDA:108,29,0,5
BRDA:108,29,1,23
BRDA:108,30,0,28
BRDA:108,30,1,24
BRDA:114,31,0,5
BRDA:114,31,1,23
BRDA:114,32,0,28
BRDA:114,32,1,24
BRF:66
BRH:66
end_of_record
