{"C:\\Projects\\learning\\nodejs\\Task Management System\\frontend\\microfrontends\\notification-app\\src\\Notifications.jsx": {"path":"C:\\Projects\\learning\\nodejs\\Task Management System\\frontend\\microfrontends\\notification-app\\src\\Notifications.jsx","statementMap":{"0":{"start":{"line":7,"column":22},"end":{"line":83,"column":1}},"1":{"start":{"line":25,"column":6},"end":{"line":25,"column":33}},"2":{"start":{"line":27,"column":2},"end":{"line":36,"column":3}},"3":{"start":{"line":28,"column":4},"end":{"line":35,"column":6}},"4":{"start":{"line":38,"column":2},"end":{"line":82,"column":4}}},"fnMap":{"0":{"name":"(anonymous_0)","decl":{"start":{"line":7,"column":22},"end":{"line":7,"column":23}},"loc":{"start":{"line":7,"column":28},"end":{"line":83,"column":1}},"line":7}},"branchMap":{"0":{"loc":{"start":{"line":27,"column":2},"end":{"line":36,"column":3}},"type":"if","locations":[{"start":{"line":27,"column":2},"end":{"line":36,"column":3}},{"start":{},"end":{}}],"line":27}},"s":{"0":1,"1":23,"2":23,"3":2,"4":21},"f":{"0":23},"b":{"0":[2,21]},"_coverageSchema":"1a1c01bbd47fc00a2c39e90264f33305004495a9","hash":"568b6178098e7b06ca43a0eef80763e8fe98a6d9"}
,"C:\\Projects\\learning\\nodejs\\Task Management System\\frontend\\microfrontends\\notification-app\\src\\components\\ErrorBoundary.jsx": {"path":"C:\\Projects\\learning\\nodejs\\Task Management System\\frontend\\microfrontends\\notification-app\\src\\components\\ErrorBoundary.jsx","statementMap":{"0":{"start":{"line":5,"column":4},"end":{"line":5,"column":17}},"1":{"start":{"line":6,"column":4},"end":{"line":6,"column":50}},"2":{"start":{"line":10,"column":4},"end":{"line":10,"column":37}},"3":{"start":{"line":14,"column":4},"end":{"line":14,"column":52}},"4":{"start":{"line":15,"column":4},"end":{"line":15,"column":44}},"5":{"start":{"line":17,"column":4},"end":{"line":19,"column":5}},"6":{"start":{"line":18,"column":6},"end":{"line":18,"column":74}},"7":{"start":{"line":23,"column":4},"end":{"line":36,"column":5}},"8":{"start":{"line":24,"column":6},"end":{"line":35,"column":8}},"9":{"start":{"line":30,"column":27},"end":{"line":30,"column":74}},"10":{"start":{"line":38,"column":4},"end":{"line":38,"column":31}}},"fnMap":{"0":{"name":"(anonymous_0)","decl":{"start":{"line":4,"column":2},"end":{"line":4,"column":3}},"loc":{"start":{"line":4,"column":21},"end":{"line":7,"column":3}},"line":4},"1":{"name":"(anonymous_1)","decl":{"start":{"line":9,"column":2},"end":{"line":9,"column":3}},"loc":{"start":{"line":9,"column":41},"end":{"line":11,"column":3}},"line":9},"2":{"name":"(anonymous_2)","decl":{"start":{"line":13,"column":2},"end":{"line":13,"column":3}},"loc":{"start":{"line":13,"column":38},"end":{"line":20,"column":3}},"line":13},"3":{"name":"(anonymous_3)","decl":{"start":{"line":22,"column":2},"end":{"line":22,"column":3}},"loc":{"start":{"line":22,"column":11},"end":{"line":39,"column":3}},"line":22},"4":{"name":"(anonymous_4)","decl":{"start":{"line":30,"column":21},"end":{"line":30,"column":22}},"loc":{"start":{"line":30,"column":27},"end":{"line":30,"column":74}},"line":30}},"branchMap":{"0":{"loc":{"start":{"line":17,"column":4},"end":{"line":19,"column":5}},"type":"if","locations":[{"start":{"line":17,"column":4},"end":{"line":19,"column":5}},{"start":{},"end":{}}],"line":17},"1":{"loc":{"start":{"line":23,"column":4},"end":{"line":36,"column":5}},"type":"if","locations":[{"start":{"line":23,"column":4},"end":{"line":36,"column":5}},{"start":{},"end":{}}],"line":23}},"s":{"0":18,"1":17,"2":18,"3":8,"4":8,"5":8,"6":8,"7":39,"8":18,"9":2,"10":21},"f":{"0":18,"1":18,"2":8,"3":39,"4":2},"b":{"0":[8,0],"1":[18,21]},"_coverageSchema":"1a1c01bbd47fc00a2c39e90264f33305004495a9","hash":"c88c6211adfb6fa0469424a48d1a12a8994f0698"}
,"C:\\Projects\\learning\\nodejs\\Task Management System\\frontend\\microfrontends\\notification-app\\src\\components\\NotificationItem.jsx": {"path":"C:\\Projects\\learning\\nodejs\\Task Management System\\frontend\\microfrontends\\notification-app\\src\\components\\NotificationItem.jsx","statementMap":{"0":{"start":{"line":5,"column":20},"end":{"line":13,"column":1}},"1":{"start":{"line":8,"column":2},"end":{"line":12,"column":4}},"2":{"start":{"line":15,"column":25},"end":{"line":137,"column":2}},"3":{"start":{"line":17,"column":2},"end":{"line":25,"column":3}},"4":{"start":{"line":18,"column":4},"end":{"line":24,"column":6}},"5":{"start":{"line":27,"column":22},"end":{"line":35,"column":3}},"6":{"start":{"line":28,"column":4},"end":{"line":34,"column":5}},"7":{"start":{"line":29,"column":22},"end":{"line":29,"column":64}},"8":{"start":{"line":30,"column":20},"end":{"line":30,"column":67}},"9":{"start":{"line":31,"column":22},"end":{"line":31,"column":72}},"10":{"start":{"line":32,"column":19},"end":{"line":32,"column":57}},"11":{"start":{"line":33,"column":15},"end":{"line":33,"column":51}},"12":{"start":{"line":37,"column":23},"end":{"line":45,"column":3}},"13":{"start":{"line":38,"column":4},"end":{"line":44,"column":5}},"14":{"start":{"line":39,"column":22},"end":{"line":39,"column":42}},"15":{"start":{"line":40,"column":20},"end":{"line":40,"column":39}},"16":{"start":{"line":41,"column":22},"end":{"line":41,"column":52}},"17":{"start":{"line":42,"column":19},"end":{"line":42,"column":36}},"18":{"start":{"line":43,"column":15},"end":{"line":43,"column":37}},"19":{"start":{"line":47,"column":2},"end":{"line":136,"column":4}},"20":{"start":{"line":109,"column":27},"end":{"line":109,"column":47}},"21":{"start":{"line":118,"column":29},"end":{"line":118,"column":59}},"22":{"start":{"line":127,"column":27},"end":{"line":127,"column":53}},"23":{"start":{"line":139,"column":0},"end":{"line":139,"column":50}}},"fnMap":{"0":{"name":"(anonymous_0)","decl":{"start":{"line":5,"column":20},"end":{"line":5,"column":21}},"loc":{"start":{"line":5,"column":85},"end":{"line":13,"column":1}},"line":5},"1":{"name":"(anonymous_1)","decl":{"start":{"line":15,"column":36},"end":{"line":15,"column":37}},"loc":{"start":{"line":15,"column":90},"end":{"line":137,"column":1}},"line":15},"2":{"name":"(anonymous_2)","decl":{"start":{"line":27,"column":22},"end":{"line":27,"column":23}},"loc":{"start":{"line":27,"column":32},"end":{"line":35,"column":3}},"line":27},"3":{"name":"(anonymous_3)","decl":{"start":{"line":37,"column":23},"end":{"line":37,"column":24}},"loc":{"start":{"line":37,"column":33},"end":{"line":45,"column":3}},"line":37},"4":{"name":"(anonymous_4)","decl":{"start":{"line":109,"column":21},"end":{"line":109,"column":22}},"loc":{"start":{"line":109,"column":27},"end":{"line":109,"column":47}},"line":109},"5":{"name":"(anonymous_5)","decl":{"start":{"line":118,"column":23},"end":{"line":118,"column":24}},"loc":{"start":{"line":118,"column":29},"end":{"line":118,"column":59}},"line":118},"6":{"name":"(anonymous_6)","decl":{"start":{"line":127,"column":21},"end":{"line":127,"column":22}},"loc":{"start":{"line":127,"column":27},"end":{"line":127,"column":53}},"line":127}},"branchMap":{"0":{"loc":{"start":{"line":5,"column":42},"end":{"line":5,"column":58}},"type":"default-arg","locations":[{"start":{"line":5,"column":53},"end":{"line":5,"column":58}}],"line":5},"1":{"loc":{"start":{"line":5,"column":60},"end":{"line":5,"column":78}},"type":"default-arg","locations":[{"start":{"line":5,"column":71},"end":{"line":5,"column":78}}],"line":5},"2":{"loc":{"start":{"line":17,"column":2},"end":{"line":25,"column":3}},"type":"if","locations":[{"start":{"line":17,"column":2},"end":{"line":25,"column":3}},{"start":{},"end":{}}],"line":17},"3":{"loc":{"start":{"line":28,"column":4},"end":{"line":34,"column":5}},"type":"switch","locations":[{"start":{"line":29,"column":6},"end":{"line":29,"column":64}},{"start":{"line":30,"column":6},"end":{"line":30,"column":67}},{"start":{"line":31,"column":6},"end":{"line":31,"column":72}},{"start":{"line":32,"column":6},"end":{"line":32,"column":57}},{"start":{"line":33,"column":6},"end":{"line":33,"column":51}}],"line":28},"4":{"loc":{"start":{"line":38,"column":4},"end":{"line":44,"column":5}},"type":"switch","locations":[{"start":{"line":39,"column":6},"end":{"line":39,"column":42}},{"start":{"line":40,"column":6},"end":{"line":40,"column":39}},{"start":{"line":41,"column":6},"end":{"line":41,"column":52}},{"start":{"line":42,"column":6},"end":{"line":42,"column":36}},{"start":{"line":43,"column":6},"end":{"line":43,"column":37}}],"line":38},"5":{"loc":{"start":{"line":54,"column":23},"end":{"line":54,"column":68}},"type":"binary-expr","locations":[{"start":{"line":54,"column":23},"end":{"line":54,"column":41}},{"start":{"line":54,"column":45},"end":{"line":54,"column":68}}],"line":54},"6":{"loc":{"start":{"line":59,"column":17},"end":{"line":59,"column":62}},"type":"binary-expr","locations":[{"start":{"line":59,"column":17},"end":{"line":59,"column":35}},{"start":{"line":59,"column":39},"end":{"line":59,"column":62}}],"line":59},"7":{"loc":{"start":{"line":63,"column":23},"end":{"line":63,"column":50}},"type":"binary-expr","locations":[{"start":{"line":63,"column":23},"end":{"line":63,"column":40}},{"start":{"line":63,"column":44},"end":{"line":63,"column":50}}],"line":63},"8":{"loc":{"start":{"line":68,"column":17},"end":{"line":68,"column":44}},"type":"binary-expr","locations":[{"start":{"line":68,"column":17},"end":{"line":68,"column":34}},{"start":{"line":68,"column":38},"end":{"line":68,"column":44}}],"line":68},"9":{"loc":{"start":{"line":76,"column":19},"end":{"line":76,"column":55}},"type":"binary-expr","locations":[{"start":{"line":76,"column":19},"end":{"line":76,"column":39}},{"start":{"line":76,"column":43},"end":{"line":76,"column":55}}],"line":76},"10":{"loc":{"start":{"line":81,"column":13},"end":{"line":81,"column":49}},"type":"binary-expr","locations":[{"start":{"line":81,"column":13},"end":{"line":81,"column":33}},{"start":{"line":81,"column":37},"end":{"line":81,"column":49}}],"line":81},"11":{"loc":{"start":{"line":87,"column":10},"end":{"line":87,"column":85}},"type":"binary-expr","locations":[{"start":{"line":87,"column":10},"end":{"line":87,"column":72}},{"start":{"line":87,"column":76},"end":{"line":87,"column":85}}],"line":87},"12":{"loc":{"start":{"line":89,"column":11},"end":{"line":89,"column":102}},"type":"binary-expr","locations":[{"start":{"line":89,"column":11},"end":{"line":89,"column":71}},{"start":{"line":89,"column":75},"end":{"line":89,"column":92}},{"start":{"line":89,"column":96},"end":{"line":89,"column":102}}],"line":89},"13":{"loc":{"start":{"line":94,"column":10},"end":{"line":94,"column":69}},"type":"cond-expr","locations":[{"start":{"line":94,"column":32},"end":{"line":94,"column":44}},{"start":{"line":94,"column":47},"end":{"line":94,"column":69}}],"line":94},"14":{"loc":{"start":{"line":96,"column":11},"end":{"line":96,"column":50}},"type":"cond-expr","locations":[{"start":{"line":96,"column":33},"end":{"line":96,"column":39}},{"start":{"line":96,"column":42},"end":{"line":96,"column":50}}],"line":96},"15":{"loc":{"start":{"line":101,"column":40},"end":{"line":101,"column":130}},"type":"cond-expr","locations":[{"start":{"line":101,"column":65},"end":{"line":101,"column":118}},{"start":{"line":101,"column":121},"end":{"line":101,"column":130}}],"line":101},"16":{"loc":{"start":{"line":102,"column":39},"end":{"line":102,"column":122}},"type":"cond-expr","locations":[{"start":{"line":102,"column":64},"end":{"line":102,"column":117}},{"start":{"line":102,"column":120},"end":{"line":102,"column":122}}],"line":102},"17":{"loc":{"start":{"line":115,"column":11},"end":{"line":124,"column":11}},"type":"binary-expr","locations":[{"start":{"line":115,"column":11},"end":{"line":115,"column":31}},{"start":{"line":116,"column":12},"end":{"line":123,"column":21}}],"line":115}},"s":{"0":1,"1":30,"2":1,"3":11,"4":1,"5":10,"6":10,"7":0,"8":0,"9":1,"10":8,"11":1,"12":10,"13":0,"14":0,"15":0,"16":0,"17":0,"18":0,"19":10,"20":0,"21":1,"22":1,"23":1},"f":{"0":30,"1":11,"2":10,"3":0,"4":0,"5":1,"6":1},"b":{"0":[0],"1":[0],"2":[1,10],"3":[0,0,1,8,1],"4":[0,0,0,0,0],"5":[10,1],"6":[10,1],"7":[10,1],"8":[10,1],"9":[10,1],"10":[10,1],"11":[10,1],"12":[10,1,1],"13":[1,9],"14":[1,9],"15":[9,1],"16":[9,1],"17":[10,9]},"_coverageSchema":"1a1c01bbd47fc00a2c39e90264f33305004495a9","hash":"455ad17991f76db6ecce07eb8285718f0098be0f"}
,"C:\\Projects\\learning\\nodejs\\Task Management System\\frontend\\microfrontends\\notification-app\\src\\components\\NotificationModal.jsx": {"path":"C:\\Projects\\learning\\nodejs\\Task Management System\\frontend\\microfrontends\\notification-app\\src\\components\\NotificationModal.jsx","statementMap":{"0":{"start":{"line":3,"column":26},"end":{"line":112,"column":2}},"1":{"start":{"line":11,"column":2},"end":{"line":11,"column":25}},"2":{"start":{"line":11,"column":13},"end":{"line":11,"column":25}},"3":{"start":{"line":13,"column":2},"end":{"line":111,"column":4}},"4":{"start":{"line":114,"column":0},"end":{"line":114,"column":52}}},"fnMap":{"0":{"name":"(anonymous_0)","decl":{"start":{"line":3,"column":37},"end":{"line":3,"column":38}},"loc":{"start":{"line":10,"column":6},"end":{"line":112,"column":1}},"line":10}},"branchMap":{"0":{"loc":{"start":{"line":11,"column":2},"end":{"line":11,"column":25}},"type":"if","locations":[{"start":{"line":11,"column":2},"end":{"line":11,"column":25}},{"start":{},"end":{}}],"line":11},"1":{"loc":{"start":{"line":20,"column":15},"end":{"line":20,"column":76}},"type":"cond-expr","locations":[{"start":{"line":20,"column":32},"end":{"line":20,"column":54}},{"start":{"line":20,"column":57},"end":{"line":20,"column":76}}],"line":20},"2":{"loc":{"start":{"line":104,"column":17},"end":{"line":104,"column":79}},"type":"cond-expr","locations":[{"start":{"line":104,"column":34},"end":{"line":104,"column":55}},{"start":{"line":104,"column":58},"end":{"line":104,"column":79}}],"line":104}},"s":{"0":1,"1":29,"2":1,"3":28,"4":1},"f":{"0":29},"b":{"0":[1,28],"1":[26,2],"2":[26,2]},"_coverageSchema":"1a1c01bbd47fc00a2c39e90264f33305004495a9","hash":"7a0229cc69c243abf691e35b89cfd030e92351ce"}
,"C:\\Projects\\learning\\nodejs\\Task Management System\\frontend\\microfrontends\\notification-app\\src\\components\\NotificationTable.jsx": {"path":"C:\\Projects\\learning\\nodejs\\Task Management System\\frontend\\microfrontends\\notification-app\\src\\components\\NotificationTable.jsx","statementMap":{"0":{"start":{"line":4,"column":26},"end":{"line":41,"column":2}},"1":{"start":{"line":5,"column":2},"end":{"line":12,"column":3}},"2":{"start":{"line":6,"column":4},"end":{"line":11,"column":6}},"3":{"start":{"line":14,"column":2},"end":{"line":40,"column":4}},"4":{"start":{"line":29,"column":12},"end":{"line":35,"column":14}},"5":{"start":{"line":43,"column":0},"end":{"line":43,"column":52}}},"fnMap":{"0":{"name":"(anonymous_0)","decl":{"start":{"line":4,"column":37},"end":{"line":4,"column":38}},"loc":{"start":{"line":4,"column":92},"end":{"line":41,"column":1}},"line":4},"1":{"name":"(anonymous_1)","decl":{"start":{"line":28,"column":29},"end":{"line":28,"column":30}},"loc":{"start":{"line":29,"column":12},"end":{"line":35,"column":14}},"line":29}},"branchMap":{"0":{"loc":{"start":{"line":5,"column":2},"end":{"line":12,"column":3}},"type":"if","locations":[{"start":{"line":5,"column":2},"end":{"line":12,"column":3}},{"start":{},"end":{}}],"line":5},"1":{"loc":{"start":{"line":30,"column":19},"end":{"line":30,"column":44}},"type":"binary-expr","locations":[{"start":{"line":30,"column":19},"end":{"line":30,"column":35}},{"start":{"line":30,"column":39},"end":{"line":30,"column":44}}],"line":30}},"s":{"0":1,"1":15,"2":2,"3":13,"4":118,"5":1},"f":{"0":15,"1":118},"b":{"0":[2,13],"1":[118,2]},"_coverageSchema":"1a1c01bbd47fc00a2c39e90264f33305004495a9","hash":"3a9c243e09610d1d81c9653f60b2e59981793041"}
,"C:\\Projects\\learning\\nodejs\\Task Management System\\frontend\\microfrontends\\notification-app\\src\\config\\notificationAppConfig.js": {"path":"C:\\Projects\\learning\\nodejs\\Task Management System\\frontend\\microfrontends\\notification-app\\src\\config\\notificationAppConfig.js","statementMap":{"0":{"start":{"line":7,"column":54},"end":{"line":7,"column":96}},"1":{"start":{"line":13,"column":32},"end":{"line":98,"column":1}},"2":{"start":{"line":104,"column":34},"end":{"line":127,"column":1}},"3":{"start":{"line":133,"column":0},"end":{"line":141,"column":2}}},"fnMap":{},"branchMap":{},"s":{"0":0,"1":0,"2":0,"3":0},"f":{},"b":{}}
,"C:\\Projects\\learning\\nodejs\\Task Management System\\frontend\\microfrontends\\notification-app\\src\\hooks\\useNotificationManagement.js": {"path":"C:\\Projects\\learning\\nodejs\\Task Management System\\frontend\\microfrontends\\notification-app\\src\\hooks\\useNotificationManagement.js","statementMap":{"0":{"start":{"line":5,"column":41},"end":{"line":263,"column":1}},"1":{"start":{"line":6,"column":44},"end":{"line":6,"column":56}},"2":{"start":{"line":7,"column":32},"end":{"line":7,"column":46}},"3":{"start":{"line":8,"column":36},"end":{"line":8,"column":55}},"4":{"start":{"line":9,"column":36},"end":{"line":9,"column":51}},"5":{"start":{"line":10,"column":56},"end":{"line":10,"column":70}},"6":{"start":{"line":11,"column":36},"end":{"line":11,"column":51}},"7":{"start":{"line":12,"column":34},"end":{"line":17,"column":4}},"8":{"start":{"line":19,"column":56},"end":{"line":19,"column":65}},"9":{"start":{"line":21,"column":29},"end":{"line":64,"column":49}},"10":{"start":{"line":22,"column":4},"end":{"line":63,"column":5}},"11":{"start":{"line":23,"column":6},"end":{"line":23,"column":23}},"12":{"start":{"line":24,"column":6},"end":{"line":24,"column":30}},"13":{"start":{"line":26,"column":6},"end":{"line":33,"column":7}},"14":{"start":{"line":27,"column":8},"end":{"line":27,"column":30}},"15":{"start":{"line":28,"column":8},"end":{"line":28,"column":26}},"16":{"start":{"line":29,"column":8},"end":{"line":31,"column":9}},"17":{"start":{"line":30,"column":10},"end":{"line":30,"column":66}},"18":{"start":{"line":32,"column":8},"end":{"line":32,"column":15}},"19":{"start":{"line":35,"column":23},"end":{"line":35,"column":96}},"20":{"start":{"line":38,"column":19},"end":{"line":38,"column":32}},"21":{"start":{"line":39,"column":32},"end":{"line":39,"column":64}},"22":{"start":{"line":40,"column":34},"end":{"line":40,"column":91}},"23":{"start":{"line":42,"column":6},"end":{"line":51,"column":9}},"24":{"start":{"line":43,"column":23},"end":{"line":49,"column":10}},"25":{"start":{"line":44,"column":36},"end":{"line":44,"column":97}},"26":{"start":{"line":44,"column":64},"end":{"line":44,"column":96}},"27":{"start":{"line":45,"column":10},"end":{"line":47,"column":11}},"28":{"start":{"line":46,"column":12},"end":{"line":46,"column":79}},"29":{"start":{"line":48,"column":10},"end":{"line":48,"column":36}},"30":{"start":{"line":50,"column":8},"end":{"line":50,"column":22}},"31":{"start":{"line":53,"column":6},"end":{"line":53,"column":32}},"32":{"start":{"line":55,"column":6},"end":{"line":55,"column":60}},"33":{"start":{"line":56,"column":6},"end":{"line":56,"column":28}},"34":{"start":{"line":57,"column":6},"end":{"line":57,"column":27}},"35":{"start":{"line":58,"column":6},"end":{"line":60,"column":7}},"36":{"start":{"line":59,"column":8},"end":{"line":59,"column":88}},"37":{"start":{"line":62,"column":6},"end":{"line":62,"column":24}},"38":{"start":{"line":66,"column":2},"end":{"line":68,"column":27}},"39":{"start":{"line":67,"column":4},"end":{"line":67,"column":25}},"40":{"start":{"line":70,"column":32},"end":{"line":80,"column":8}},"41":{"start":{"line":71,"column":4},"end":{"line":71,"column":24}},"42":{"start":{"line":72,"column":4},"end":{"line":72,"column":33}},"43":{"start":{"line":73,"column":4},"end":{"line":78,"column":7}},"44":{"start":{"line":79,"column":4},"end":{"line":79,"column":23}},"45":{"start":{"line":82,"column":33},"end":{"line":92,"column":8}},"46":{"start":{"line":83,"column":4},"end":{"line":83,"column":25}},"47":{"start":{"line":84,"column":4},"end":{"line":84,"column":41}},"48":{"start":{"line":85,"column":4},"end":{"line":90,"column":7}},"49":{"start":{"line":91,"column":4},"end":{"line":91,"column":23}},"50":{"start":{"line":94,"column":35},"end":{"line":130,"column":41}},"51":{"start":{"line":95,"column":4},"end":{"line":97,"column":5}},"52":{"start":{"line":96,"column":6},"end":{"line":96,"column":13}},"53":{"start":{"line":99,"column":4},"end":{"line":129,"column":5}},"54":{"start":{"line":100,"column":20},"end":{"line":100,"column":51}},"55":{"start":{"line":101,"column":6},"end":{"line":107,"column":7}},"56":{"start":{"line":102,"column":8},"end":{"line":102,"column":100}},"57":{"start":{"line":102,"column":62},"end":{"line":102,"column":97}},"58":{"start":{"line":103,"column":8},"end":{"line":105,"column":9}},"59":{"start":{"line":104,"column":10},"end":{"line":104,"column":79}},"60":{"start":{"line":106,"column":8},"end":{"line":106,"column":15}},"61":{"start":{"line":109,"column":23},"end":{"line":114,"column":8}},"62":{"start":{"line":116,"column":6},"end":{"line":126,"column":7}},"63":{"start":{"line":117,"column":8},"end":{"line":119,"column":9}},"64":{"start":{"line":118,"column":10},"end":{"line":118,"column":67}},"65":{"start":{"line":120,"column":8},"end":{"line":120,"column":29}},"66":{"start":{"line":122,"column":8},"end":{"line":122,"column":55}},"67":{"start":{"line":123,"column":8},"end":{"line":125,"column":9}},"68":{"start":{"line":124,"column":10},"end":{"line":124,"column":60}},"69":{"start":{"line":128,"column":6},"end":{"line":128,"column":59}},"70":{"start":{"line":132,"column":23},"end":{"line":172,"column":63}},"71":{"start":{"line":133,"column":4},"end":{"line":133,"column":23}},"72":{"start":{"line":135,"column":4},"end":{"line":171,"column":5}},"73":{"start":{"line":136,"column":20},"end":{"line":136,"column":51}},"74":{"start":{"line":138,"column":6},"end":{"line":161,"column":7}},"75":{"start":{"line":139,"column":8},"end":{"line":158,"column":9}},"76":{"start":{"line":140,"column":34},"end":{"line":144,"column":11}},"77":{"start":{"line":145,"column":10},"end":{"line":145,"column":64}},"78":{"start":{"line":146,"column":10},"end":{"line":148,"column":11}},"79":{"start":{"line":147,"column":12},"end":{"line":147,"column":81}},"80":{"start":{"line":150,"column":10},"end":{"line":154,"column":13}},"81":{"start":{"line":151,"column":12},"end":{"line":153,"column":28}},"82":{"start":{"line":155,"column":10},"end":{"line":157,"column":11}},"83":{"start":{"line":156,"column":12},"end":{"line":156,"column":81}},"84":{"start":{"line":159,"column":8},"end":{"line":159,"column":28}},"85":{"start":{"line":160,"column":8},"end":{"line":160,"column":15}},"86":{"start":{"line":163,"column":6},"end":{"line":167,"column":7}},"87":{"start":{"line":164,"column":8},"end":{"line":164,"column":179}},"88":{"start":{"line":166,"column":8},"end":{"line":166,"column":169}},"89":{"start":{"line":168,"column":6},"end":{"line":168,"column":26}},"90":{"start":{"line":170,"column":6},"end":{"line":170,"column":57}},"91":{"start":{"line":174,"column":28},"end":{"line":180,"column":8}},"92":{"start":{"line":175,"column":43},"end":{"line":175,"column":51}},"93":{"start":{"line":176,"column":4},"end":{"line":179,"column":8}},"94":{"start":{"line":176,"column":25},"end":{"line":179,"column":5}},"95":{"start":{"line":182,"column":27},"end":{"line":184,"column":8}},"96":{"start":{"line":183,"column":4},"end":{"line":183,"column":24}},"97":{"start":{"line":186,"column":21},"end":{"line":225,"column":69}},"98":{"start":{"line":187,"column":4},"end":{"line":224,"column":5}},"99":{"start":{"line":188,"column":6},"end":{"line":196,"column":9}},"100":{"start":{"line":189,"column":24},"end":{"line":194,"column":10}},"101":{"start":{"line":190,"column":10},"end":{"line":192,"column":11}},"102":{"start":{"line":191,"column":12},"end":{"line":191,"column":53}},"103":{"start":{"line":193,"column":10},"end":{"line":193,"column":30}},"104":{"start":{"line":195,"column":8},"end":{"line":195,"column":23}},"105":{"start":{"line":198,"column":6},"end":{"line":200,"column":7}},"106":{"start":{"line":199,"column":8},"end":{"line":199,"column":15}},"107":{"start":{"line":202,"column":23},"end":{"line":204,"column":8}},"108":{"start":{"line":207,"column":21},"end":{"line":207,"column":34}},"109":{"start":{"line":208,"column":6},"end":{"line":213,"column":7}},"110":{"start":{"line":209,"column":8},"end":{"line":211,"column":9}},"111":{"start":{"line":210,"column":10},"end":{"line":210,"column":61}},"112":{"start":{"line":212,"column":8},"end":{"line":212,"column":29}},"113":{"start":{"line":215,"column":6},"end":{"line":215,"column":66}},"114":{"start":{"line":217,"column":6},"end":{"line":223,"column":8}},"115":{"start":{"line":218,"column":8},"end":{"line":222,"column":9}},"116":{"start":{"line":219,"column":10},"end":{"line":221,"column":26}},"117":{"start":{"line":228,"column":28},"end":{"line":240,"column":21}},"118":{"start":{"line":229,"column":4},"end":{"line":239,"column":6}},"119":{"start":{"line":231,"column":51},"end":{"line":231,"column":71}},"120":{"start":{"line":232,"column":49},"end":{"line":232,"column":68}},"121":{"start":{"line":234,"column":40},"end":{"line":234,"column":57}},"122":{"start":{"line":235,"column":43},"end":{"line":235,"column":63}},"123":{"start":{"line":236,"column":43},"end":{"line":236,"column":63}},"124":{"start":{"line":237,"column":41},"end":{"line":237,"column":59}},"125":{"start":{"line":242,"column":2},"end":{"line":262,"column":4}}},"fnMap":{"0":{"name":"(anonymous_0)","decl":{"start":{"line":5,"column":41},"end":{"line":5,"column":42}},"loc":{"start":{"line":5,"column":47},"end":{"line":263,"column":1}},"line":5},"1":{"name":"(anonymous_1)","decl":{"start":{"line":21,"column":41},"end":{"line":21,"column":42}},"loc":{"start":{"line":21,"column":53},"end":{"line":64,"column":3}},"line":21},"2":{"name":"(anonymous_2)","decl":{"start":{"line":42,"column":23},"end":{"line":42,"column":24}},"loc":{"start":{"line":42,"column":44},"end":{"line":51,"column":7}},"line":42},"3":{"name":"(anonymous_3)","decl":{"start":{"line":43,"column":47},"end":{"line":43,"column":48}},"loc":{"start":{"line":43,"column":69},"end":{"line":49,"column":9}},"line":43},"4":{"name":"(anonymous_4)","decl":{"start":{"line":44,"column":59},"end":{"line":44,"column":60}},"loc":{"start":{"line":44,"column":64},"end":{"line":44,"column":96}},"line":44},"5":{"name":"(anonymous_5)","decl":{"start":{"line":66,"column":12},"end":{"line":66,"column":13}},"loc":{"start":{"line":66,"column":18},"end":{"line":68,"column":3}},"line":66},"6":{"name":"(anonymous_6)","decl":{"start":{"line":70,"column":44},"end":{"line":70,"column":45}},"loc":{"start":{"line":70,"column":50},"end":{"line":80,"column":3}},"line":70},"7":{"name":"(anonymous_7)","decl":{"start":{"line":82,"column":45},"end":{"line":82,"column":46}},"loc":{"start":{"line":82,"column":63},"end":{"line":92,"column":3}},"line":82},"8":{"name":"(anonymous_8)","decl":{"start":{"line":94,"column":47},"end":{"line":94,"column":48}},"loc":{"start":{"line":94,"column":73},"end":{"line":130,"column":3}},"line":94},"9":{"name":"(anonymous_9)","decl":{"start":{"line":102,"column":46},"end":{"line":102,"column":47}},"loc":{"start":{"line":102,"column":62},"end":{"line":102,"column":97}},"line":102},"10":{"name":"(anonymous_10)","decl":{"start":{"line":132,"column":35},"end":{"line":132,"column":36}},"loc":{"start":{"line":132,"column":48},"end":{"line":172,"column":3}},"line":132},"11":{"name":"(anonymous_11)","decl":{"start":{"line":150,"column":45},"end":{"line":150,"column":46}},"loc":{"start":{"line":151,"column":12},"end":{"line":153,"column":28}},"line":151},"12":{"name":"(anonymous_12)","decl":{"start":{"line":174,"column":40},"end":{"line":174,"column":41}},"loc":{"start":{"line":174,"column":47},"end":{"line":180,"column":3}},"line":174},"13":{"name":"(anonymous_13)","decl":{"start":{"line":176,"column":16},"end":{"line":176,"column":17}},"loc":{"start":{"line":176,"column":25},"end":{"line":179,"column":5}},"line":176},"14":{"name":"(anonymous_14)","decl":{"start":{"line":182,"column":39},"end":{"line":182,"column":40}},"loc":{"start":{"line":182,"column":45},"end":{"line":184,"column":3}},"line":182},"15":{"name":"(anonymous_15)","decl":{"start":{"line":186,"column":33},"end":{"line":186,"column":34}},"loc":{"start":{"line":186,"column":59},"end":{"line":225,"column":3}},"line":186},"16":{"name":"(anonymous_16)","decl":{"start":{"line":188,"column":23},"end":{"line":188,"column":24}},"loc":{"start":{"line":188,"column":44},"end":{"line":196,"column":7}},"line":188},"17":{"name":"(anonymous_17)","decl":{"start":{"line":189,"column":46},"end":{"line":189,"column":47}},"loc":{"start":{"line":189,"column":62},"end":{"line":194,"column":9}},"line":189},"18":{"name":"(anonymous_18)","decl":{"start":{"line":217,"column":23},"end":{"line":217,"column":24}},"loc":{"start":{"line":218,"column":8},"end":{"line":222,"column":9}},"line":218},"19":{"name":"(anonymous_19)","decl":{"start":{"line":218,"column":30},"end":{"line":218,"column":31}},"loc":{"start":{"line":219,"column":10},"end":{"line":221,"column":26}},"line":219},"20":{"name":"(anonymous_20)","decl":{"start":{"line":228,"column":36},"end":{"line":228,"column":37}},"loc":{"start":{"line":228,"column":42},"end":{"line":240,"column":3}},"line":228},"21":{"name":"(anonymous_21)","decl":{"start":{"line":231,"column":35},"end":{"line":231,"column":36}},"loc":{"start":{"line":231,"column":51},"end":{"line":231,"column":71}},"line":231},"22":{"name":"(anonymous_22)","decl":{"start":{"line":232,"column":33},"end":{"line":232,"column":34}},"loc":{"start":{"line":232,"column":49},"end":{"line":232,"column":68}},"line":232},"23":{"name":"(anonymous_23)","decl":{"start":{"line":234,"column":35},"end":{"line":234,"column":36}},"loc":{"start":{"line":234,"column":40},"end":{"line":234,"column":57}},"line":234},"24":{"name":"(anonymous_24)","decl":{"start":{"line":235,"column":38},"end":{"line":235,"column":39}},"loc":{"start":{"line":235,"column":43},"end":{"line":235,"column":63}},"line":235},"25":{"name":"(anonymous_25)","decl":{"start":{"line":236,"column":38},"end":{"line":236,"column":39}},"loc":{"start":{"line":236,"column":43},"end":{"line":236,"column":63}},"line":236},"26":{"name":"(anonymous_26)","decl":{"start":{"line":237,"column":36},"end":{"line":237,"column":37}},"loc":{"start":{"line":237,"column":41},"end":{"line":237,"column":59}},"line":237}},"branchMap":{"0":{"loc":{"start":{"line":26,"column":6},"end":{"line":33,"column":7}},"type":"if","locations":[{"start":{"line":26,"column":6},"end":{"line":33,"column":7}},{"start":{},"end":{}}],"line":26},"1":{"loc":{"start":{"line":29,"column":8},"end":{"line":31,"column":9}},"type":"if","locations":[{"start":{"line":29,"column":8},"end":{"line":31,"column":9}},{"start":{},"end":{}}],"line":29},"2":{"loc":{"start":{"line":39,"column":32},"end":{"line":39,"column":64}},"type":"binary-expr","locations":[{"start":{"line":39,"column":32},"end":{"line":39,"column":50}},{"start":{"line":39,"column":54},"end":{"line":39,"column":58}},{"start":{"line":39,"column":62},"end":{"line":39,"column":64}}],"line":39},"3":{"loc":{"start":{"line":40,"column":34},"end":{"line":40,"column":91}},"type":"cond-expr","locations":[{"start":{"line":40,"column":69},"end":{"line":40,"column":86}},{"start":{"line":40,"column":89},"end":{"line":40,"column":91}}],"line":40},"4":{"loc":{"start":{"line":45,"column":10},"end":{"line":47,"column":11}},"type":"if","locations":[{"start":{"line":45,"column":10},"end":{"line":47,"column":11}},{"start":{},"end":{}}],"line":45},"5":{"loc":{"start":{"line":45,"column":14},"end":{"line":45,"column":89}},"type":"binary-expr","locations":[{"start":{"line":45,"column":14},"end":{"line":45,"column":31}},{"start":{"line":45,"column":35},"end":{"line":45,"column":89}}],"line":45},"6":{"loc":{"start":{"line":58,"column":6},"end":{"line":60,"column":7}},"type":"if","locations":[{"start":{"line":58,"column":6},"end":{"line":60,"column":7}},{"start":{},"end":{}}],"line":58},"7":{"loc":{"start":{"line":86,"column":13},"end":{"line":86,"column":37}},"type":"binary-expr","locations":[{"start":{"line":86,"column":13},"end":{"line":86,"column":31}},{"start":{"line":86,"column":35},"end":{"line":86,"column":37}}],"line":86},"8":{"loc":{"start":{"line":87,"column":15},"end":{"line":87,"column":41}},"type":"binary-expr","locations":[{"start":{"line":87,"column":15},"end":{"line":87,"column":35}},{"start":{"line":87,"column":39},"end":{"line":87,"column":41}}],"line":87},"9":{"loc":{"start":{"line":88,"column":12},"end":{"line":88,"column":39}},"type":"binary-expr","locations":[{"start":{"line":88,"column":12},"end":{"line":88,"column":29}},{"start":{"line":88,"column":33},"end":{"line":88,"column":39}}],"line":88},"10":{"loc":{"start":{"line":89,"column":14},"end":{"line":89,"column":42}},"type":"binary-expr","locations":[{"start":{"line":89,"column":14},"end":{"line":89,"column":33}},{"start":{"line":89,"column":37},"end":{"line":89,"column":42}}],"line":89},"11":{"loc":{"start":{"line":95,"column":4},"end":{"line":97,"column":5}},"type":"if","locations":[{"start":{"line":95,"column":4},"end":{"line":97,"column":5}},{"start":{},"end":{}}],"line":95},"12":{"loc":{"start":{"line":101,"column":6},"end":{"line":107,"column":7}},"type":"if","locations":[{"start":{"line":101,"column":6},"end":{"line":107,"column":7}},{"start":{},"end":{}}],"line":101},"13":{"loc":{"start":{"line":103,"column":8},"end":{"line":105,"column":9}},"type":"if","locations":[{"start":{"line":103,"column":8},"end":{"line":105,"column":9}},{"start":{},"end":{}}],"line":103},"14":{"loc":{"start":{"line":116,"column":6},"end":{"line":126,"column":7}},"type":"if","locations":[{"start":{"line":116,"column":6},"end":{"line":126,"column":7}},{"start":{"line":121,"column":13},"end":{"line":126,"column":7}}],"line":116},"15":{"loc":{"start":{"line":117,"column":8},"end":{"line":119,"column":9}},"type":"if","locations":[{"start":{"line":117,"column":8},"end":{"line":119,"column":9}},{"start":{},"end":{}}],"line":117},"16":{"loc":{"start":{"line":123,"column":8},"end":{"line":125,"column":9}},"type":"if","locations":[{"start":{"line":123,"column":8},"end":{"line":125,"column":9}},{"start":{},"end":{}}],"line":123},"17":{"loc":{"start":{"line":138,"column":6},"end":{"line":161,"column":7}},"type":"if","locations":[{"start":{"line":138,"column":6},"end":{"line":161,"column":7}},{"start":{},"end":{}}],"line":138},"18":{"loc":{"start":{"line":139,"column":8},"end":{"line":158,"column":9}},"type":"if","locations":[{"start":{"line":139,"column":8},"end":{"line":158,"column":9}},{"start":{"line":149,"column":15},"end":{"line":158,"column":9}}],"line":139},"19":{"loc":{"start":{"line":146,"column":10},"end":{"line":148,"column":11}},"type":"if","locations":[{"start":{"line":146,"column":10},"end":{"line":148,"column":11}},{"start":{},"end":{}}],"line":146},"20":{"loc":{"start":{"line":151,"column":12},"end":{"line":153,"column":28}},"type":"cond-expr","locations":[{"start":{"line":152,"column":16},"end":{"line":152,"column":48}},{"start":{"line":153,"column":16},"end":{"line":153,"column":28}}],"line":151},"21":{"loc":{"start":{"line":155,"column":10},"end":{"line":157,"column":11}},"type":"if","locations":[{"start":{"line":155,"column":10},"end":{"line":157,"column":11}},{"start":{},"end":{}}],"line":155},"22":{"loc":{"start":{"line":163,"column":6},"end":{"line":167,"column":7}},"type":"if","locations":[{"start":{"line":163,"column":6},"end":{"line":167,"column":7}},{"start":{"line":165,"column":13},"end":{"line":167,"column":7}}],"line":163},"23":{"loc":{"start":{"line":178,"column":14},"end":{"line":178,"column":51}},"type":"cond-expr","locations":[{"start":{"line":178,"column":36},"end":{"line":178,"column":43}},{"start":{"line":178,"column":46},"end":{"line":178,"column":51}}],"line":178},"24":{"loc":{"start":{"line":190,"column":10},"end":{"line":192,"column":11}},"type":"if","locations":[{"start":{"line":190,"column":10},"end":{"line":192,"column":11}},{"start":{},"end":{}}],"line":190},"25":{"loc":{"start":{"line":198,"column":6},"end":{"line":200,"column":7}},"type":"if","locations":[{"start":{"line":198,"column":6},"end":{"line":200,"column":7}},{"start":{},"end":{}}],"line":198},"26":{"loc":{"start":{"line":208,"column":6},"end":{"line":213,"column":7}},"type":"if","locations":[{"start":{"line":208,"column":6},"end":{"line":213,"column":7}},{"start":{},"end":{}}],"line":208},"27":{"loc":{"start":{"line":208,"column":10},"end":{"line":208,"column":68}},"type":"binary-expr","locations":[{"start":{"line":208,"column":10},"end":{"line":208,"column":29}},{"start":{"line":208,"column":33},"end":{"line":208,"column":68}}],"line":208},"28":{"loc":{"start":{"line":209,"column":8},"end":{"line":211,"column":9}},"type":"if","locations":[{"start":{"line":209,"column":8},"end":{"line":211,"column":9}},{"start":{},"end":{}}],"line":209},"29":{"loc":{"start":{"line":219,"column":10},"end":{"line":221,"column":26}},"type":"cond-expr","locations":[{"start":{"line":220,"column":14},"end":{"line":220,"column":48}},{"start":{"line":221,"column":14},"end":{"line":221,"column":26}}],"line":219}},"s":{"0":1,"1":0,"2":0,"3":0,"4":0,"5":0,"6":0,"7":0,"8":0,"9":0,"10":0,"11":0,"12":0,"13":0,"14":0,"15":0,"16":0,"17":0,"18":0,"19":0,"20":0,"21":0,"22":0,"23":0,"24":0,"25":0,"26":0,"27":0,"28":0,"29":0,"30":0,"31":0,"32":0,"33":0,"34":0,"35":0,"36":0,"37":0,"38":0,"39":0,"40":0,"41":0,"42":0,"43":0,"44":0,"45":0,"46":0,"47":0,"48":0,"49":0,"50":0,"51":0,"52":0,"53":0,"54":0,"55":0,"56":0,"57":0,"58":0,"59":0,"60":0,"61":0,"62":0,"63":0,"64":0,"65":0,"66":0,"67":0,"68":0,"69":0,"70":0,"71":0,"72":0,"73":0,"74":0,"75":0,"76":0,"77":0,"78":0,"79":0,"80":0,"81":0,"82":0,"83":0,"84":0,"85":0,"86":0,"87":0,"88":0,"89":0,"90":0,"91":0,"92":0,"93":0,"94":0,"95":0,"96":0,"97":0,"98":0,"99":0,"100":0,"101":0,"102":0,"103":0,"104":0,"105":0,"106":0,"107":0,"108":0,"109":0,"110":0,"111":0,"112":0,"113":0,"114":0,"115":0,"116":0,"117":0,"118":0,"119":0,"120":0,"121":0,"122":0,"123":0,"124":0,"125":0},"f":{"0":0,"1":0,"2":0,"3":0,"4":0,"5":0,"6":0,"7":0,"8":0,"9":0,"10":0,"11":0,"12":0,"13":0,"14":0,"15":0,"16":0,"17":0,"18":0,"19":0,"20":0,"21":0,"22":0,"23":0,"24":0,"25":0,"26":0},"b":{"0":[0,0],"1":[0,0],"2":[0,0,0],"3":[0,0],"4":[0,0],"5":[0,0],"6":[0,0],"7":[0,0],"8":[0,0],"9":[0,0],"10":[0,0],"11":[0,0],"12":[0,0],"13":[0,0],"14":[0,0],"15":[0,0],"16":[0,0],"17":[0,0],"18":[0,0],"19":[0,0],"20":[0,0],"21":[0,0],"22":[0,0],"23":[0,0],"24":[0,0],"25":[0,0],"26":[0,0],"27":[0,0],"28":[0,0],"29":[0,0]},"_coverageSchema":"1a1c01bbd47fc00a2c39e90264f33305004495a9","hash":"50f98240d21e9b12c95592f84b5a3b836df50b58"}
}
