TN:
SF:src\Notifications.jsx
FN:7,(anonymous_0)
FNF:1
FNH:1
FNDA:23,(anonymous_0)
DA:7,1
DA:25,23
DA:27,23
DA:28,2
DA:38,21
LF:5
LH:5
BRDA:27,0,0,2
BRDA:27,0,1,21
BRF:2
BRH:2
end_of_record
TN:
SF:src\components\ErrorBoundary.jsx
FN:4,(anonymous_0)
FN:9,(anonymous_1)
FN:13,(anonymous_2)
FN:22,(anonymous_3)
FN:30,(anonymous_4)
FNF:5
FNH:5
FNDA:18,(anonymous_0)
FNDA:18,(anonymous_1)
FNDA:8,(anonymous_2)
FNDA:39,(anonymous_3)
FNDA:2,(anonymous_4)
DA:5,18
DA:6,17
DA:10,18
DA:14,8
DA:15,8
DA:17,8
DA:18,8
DA:23,39
DA:24,18
DA:30,2
DA:38,21
LF:11
LH:11
BRDA:17,0,0,8
BRDA:17,0,1,0
BRDA:23,1,0,18
BRDA:23,1,1,21
BRF:4
BRH:3
end_of_record
TN:
SF:src\components\NotificationItem.jsx
FN:5,(anonymous_0)
FN:15,(anonymous_1)
FN:27,(anonymous_2)
FN:37,(anonymous_3)
FN:109,(anonymous_4)
FN:118,(anonymous_5)
FN:127,(anonymous_6)
FNF:7
FNH:5
FNDA:30,(anonymous_0)
FNDA:11,(anonymous_1)
FNDA:10,(anonymous_2)
FNDA:0,(anonymous_3)
FNDA:0,(anonymous_4)
FNDA:1,(anonymous_5)
FNDA:1,(anonymous_6)
DA:5,1
DA:8,30
DA:15,1
DA:17,11
DA:18,1
DA:27,10
DA:28,10
DA:29,0
DA:30,0
DA:31,1
DA:32,8
DA:33,1
DA:37,10
DA:38,0
DA:39,0
DA:40,0
DA:41,0
DA:42,0
DA:43,0
DA:47,10
DA:109,0
DA:118,1
DA:127,1
DA:139,1
LF:24
LH:15
BRDA:5,0,0,0
BRDA:5,1,0,0
BRDA:17,2,0,1
BRDA:17,2,1,10
BRDA:28,3,0,0
BRDA:28,3,1,0
BRDA:28,3,2,1
BRDA:28,3,3,8
BRDA:28,3,4,1
BRDA:38,4,0,0
BRDA:38,4,1,0
BRDA:38,4,2,0
BRDA:38,4,3,0
BRDA:38,4,4,0
BRDA:54,5,0,10
BRDA:54,5,1,1
BRDA:59,6,0,10
BRDA:59,6,1,1
BRDA:63,7,0,10
BRDA:63,7,1,1
BRDA:68,8,0,10
BRDA:68,8,1,1
BRDA:76,9,0,10
BRDA:76,9,1,1
BRDA:81,10,0,10
BRDA:81,10,1,1
BRDA:87,11,0,10
BRDA:87,11,1,1
BRDA:89,12,0,10
BRDA:89,12,1,1
BRDA:89,12,2,1
BRDA:94,13,0,1
BRDA:94,13,1,9
BRDA:96,14,0,1
BRDA:96,14,1,9
BRDA:101,15,0,9
BRDA:101,15,1,1
BRDA:102,16,0,9
BRDA:102,16,1,1
BRDA:115,17,0,10
BRDA:115,17,1,9
BRF:41
BRH:32
end_of_record
TN:
SF:src\components\NotificationModal.jsx
FN:3,(anonymous_0)
FNF:1
FNH:1
FNDA:29,(anonymous_0)
DA:3,1
DA:11,29
DA:13,28
DA:114,1
LF:4
LH:4
BRDA:11,0,0,1
BRDA:11,0,1,28
BRDA:20,1,0,26
BRDA:20,1,1,2
BRDA:104,2,0,26
BRDA:104,2,1,2
BRF:6
BRH:6
end_of_record
TN:
SF:src\components\NotificationTable.jsx
FN:4,(anonymous_0)
FN:28,(anonymous_1)
FNF:2
FNH:2
FNDA:15,(anonymous_0)
FNDA:118,(anonymous_1)
DA:4,1
DA:5,15
DA:6,2
DA:14,13
DA:29,118
DA:43,1
LF:6
LH:6
BRDA:5,0,0,2
BRDA:5,0,1,13
BRDA:30,1,0,118
BRDA:30,1,1,2
BRF:4
BRH:4
end_of_record
TN:
SF:src\config\notificationAppConfig.js
FNF:0
FNH:0
DA:7,0
DA:13,0
DA:104,0
DA:133,0
LF:4
LH:0
BRF:0
BRH:0
end_of_record
TN:
SF:src\hooks\useNotificationManagement.js
FN:5,(anonymous_0)
FN:21,(anonymous_1)
FN:42,(anonymous_2)
FN:43,(anonymous_3)
FN:44,(anonymous_4)
FN:66,(anonymous_5)
FN:70,(anonymous_6)
FN:82,(anonymous_7)
FN:94,(anonymous_8)
FN:102,(anonymous_9)
FN:132,(anonymous_10)
FN:150,(anonymous_11)
FN:174,(anonymous_12)
FN:176,(anonymous_13)
FN:182,(anonymous_14)
FN:186,(anonymous_15)
FN:188,(anonymous_16)
FN:189,(anonymous_17)
FN:217,(anonymous_18)
FN:218,(anonymous_19)
FN:228,(anonymous_20)
FN:231,(anonymous_21)
FN:232,(anonymous_22)
FN:234,(anonymous_23)
FN:235,(anonymous_24)
FN:236,(anonymous_25)
FN:237,(anonymous_26)
FNF:27
FNH:0
FNDA:0,(anonymous_0)
FNDA:0,(anonymous_1)
FNDA:0,(anonymous_2)
FNDA:0,(anonymous_3)
FNDA:0,(anonymous_4)
FNDA:0,(anonymous_5)
FNDA:0,(anonymous_6)
FNDA:0,(anonymous_7)
FNDA:0,(anonymous_8)
FNDA:0,(anonymous_9)
FNDA:0,(anonymous_10)
FNDA:0,(anonymous_11)
FNDA:0,(anonymous_12)
FNDA:0,(anonymous_13)
FNDA:0,(anonymous_14)
FNDA:0,(anonymous_15)
FNDA:0,(anonymous_16)
FNDA:0,(anonymous_17)
FNDA:0,(anonymous_18)
FNDA:0,(anonymous_19)
FNDA:0,(anonymous_20)
FNDA:0,(anonymous_21)
FNDA:0,(anonymous_22)
FNDA:0,(anonymous_23)
FNDA:0,(anonymous_24)
FNDA:0,(anonymous_25)
FNDA:0,(anonymous_26)
DA:5,1
DA:6,0
DA:7,0
DA:8,0
DA:9,0
DA:10,0
DA:11,0
DA:12,0
DA:19,0
DA:21,0
DA:22,0
DA:23,0
DA:24,0
DA:26,0
DA:27,0
DA:28,0
DA:29,0
DA:30,0
DA:32,0
DA:35,0
DA:38,0
DA:39,0
DA:40,0
DA:42,0
DA:43,0
DA:44,0
DA:45,0
DA:46,0
DA:48,0
DA:50,0
DA:53,0
DA:55,0
DA:56,0
DA:57,0
DA:58,0
DA:59,0
DA:62,0
DA:66,0
DA:67,0
DA:70,0
DA:71,0
DA:72,0
DA:73,0
DA:79,0
DA:82,0
DA:83,0
DA:84,0
DA:85,0
DA:91,0
DA:94,0
DA:95,0
DA:96,0
DA:99,0
DA:100,0
DA:101,0
DA:102,0
DA:103,0
DA:104,0
DA:106,0
DA:109,0
DA:116,0
DA:117,0
DA:118,0
DA:120,0
DA:122,0
DA:123,0
DA:124,0
DA:128,0
DA:132,0
DA:133,0
DA:135,0
DA:136,0
DA:138,0
DA:139,0
DA:140,0
DA:145,0
DA:146,0
DA:147,0
DA:150,0
DA:151,0
DA:155,0
DA:156,0
DA:159,0
DA:160,0
DA:163,0
DA:164,0
DA:166,0
DA:168,0
DA:170,0
DA:174,0
DA:175,0
DA:176,0
DA:182,0
DA:183,0
DA:186,0
DA:187,0
DA:188,0
DA:189,0
DA:190,0
DA:191,0
DA:193,0
DA:195,0
DA:198,0
DA:199,0
DA:202,0
DA:207,0
DA:208,0
DA:209,0
DA:210,0
DA:212,0
DA:215,0
DA:217,0
DA:218,0
DA:219,0
DA:228,0
DA:229,0
DA:231,0
DA:232,0
DA:234,0
DA:235,0
DA:236,0
DA:237,0
DA:242,0
LF:123
LH:1
BRDA:26,0,0,0
BRDA:26,0,1,0
BRDA:29,1,0,0
BRDA:29,1,1,0
BRDA:39,2,0,0
BRDA:39,2,1,0
BRDA:39,2,2,0
BRDA:40,3,0,0
BRDA:40,3,1,0
BRDA:45,4,0,0
BRDA:45,4,1,0
BRDA:45,5,0,0
BRDA:45,5,1,0
BRDA:58,6,0,0
BRDA:58,6,1,0
BRDA:86,7,0,0
BRDA:86,7,1,0
BRDA:87,8,0,0
BRDA:87,8,1,0
BRDA:88,9,0,0
BRDA:88,9,1,0
BRDA:89,10,0,0
BRDA:89,10,1,0
BRDA:95,11,0,0
BRDA:95,11,1,0
BRDA:101,12,0,0
BRDA:101,12,1,0
BRDA:103,13,0,0
BRDA:103,13,1,0
BRDA:116,14,0,0
BRDA:116,14,1,0
BRDA:117,15,0,0
BRDA:117,15,1,0
BRDA:123,16,0,0
BRDA:123,16,1,0
BRDA:138,17,0,0
BRDA:138,17,1,0
BRDA:139,18,0,0
BRDA:139,18,1,0
BRDA:146,19,0,0
BRDA:146,19,1,0
BRDA:151,20,0,0
BRDA:151,20,1,0
BRDA:155,21,0,0
BRDA:155,21,1,0
BRDA:163,22,0,0
BRDA:163,22,1,0
BRDA:178,23,0,0
BRDA:178,23,1,0
BRDA:190,24,0,0
BRDA:190,24,1,0
BRDA:198,25,0,0
BRDA:198,25,1,0
BRDA:208,26,0,0
BRDA:208,26,1,0
BRDA:208,27,0,0
BRDA:208,27,1,0
BRDA:209,28,0,0
BRDA:209,28,1,0
BRDA:219,29,0,0
BRDA:219,29,1,0
BRF:61
BRH:0
end_of_record
